ARM GAS  C:\Users\glenn\AppData\Local\Temp\cc7ZkeGk.s 			page 1


   1              		.syntax unified
   2              		.cpu cortex-m3
   3              		.fpu softvfp
   4              		.eabi_attribute 20, 1
   5              		.eabi_attribute 21, 1
   6              		.eabi_attribute 23, 3
   7              		.eabi_attribute 24, 1
   8              		.eabi_attribute 25, 1
   9              		.eabi_attribute 26, 1
  10              		.eabi_attribute 30, 6
  11              		.eabi_attribute 34, 1
  12              		.eabi_attribute 18, 4
  13              		.thumb
  14              		.file	"cymetadata.c"
  15              		.text
  16              	.Ltext0:
  17              		.cfi_sections	.debug_frame
  18              		.global	cy_meta_configecc
  19              		.section	.cyconfigecc,"a",%progbits
  20              		.align	2
  21              		.type	cy_meta_configecc, %object
  22              		.size	cy_meta_configecc, 1
  23              	cy_meta_configecc:
  24 0000 00       		.space	1
  25              		.global	cy_meta_custnvl
  26 0001 000000   		.section	.cycustnvl,"a",%progbits
  27              		.align	2
  28              		.type	cy_meta_custnvl, %object
  29              		.size	cy_meta_custnvl, 4
  30              	cy_meta_custnvl:
  31 0000 28       		.byte	40
  32 0001 00       		.byte	0
  33 0002 C0       		.byte	-64
  34 0003 05       		.byte	5
  35              		.global	cy_meta_wonvl
  36              		.section	.cywolatch,"a",%progbits
  37              		.align	2
  38              		.type	cy_meta_wonvl, %object
  39              		.size	cy_meta_wonvl, 4
  40              	cy_meta_wonvl:
  41 0000 BC       		.byte	-68
  42 0001 90       		.byte	-112
  43 0002 AC       		.byte	-84
  44 0003 AF       		.byte	-81
  45              		.global	cy_eeprom
  46              		.section	.cyeeprom,"a",%progbits
  47              		.align	2
  48              		.type	cy_eeprom, %object
  49              		.size	cy_eeprom, 2048
  50              	cy_eeprom:
  51 0000 01       		.byte	1
  52 0001 01       		.byte	1
  53 0002 C0       		.byte	-64
  54 0003 00       		.byte	0
  55 0004 00       		.byte	0
  56 0005 00       		.byte	0
  57 0006 00       		.byte	0
ARM GAS  C:\Users\glenn\AppData\Local\Temp\cc7ZkeGk.s 			page 2


  58 0007 00       		.byte	0
  59 0008 00       		.byte	0
  60 0009 00       		.byte	0
  61 000a 00       		.byte	0
  62 000b 00       		.byte	0
  63 000c 00       		.byte	0
  64 000d 00       		.byte	0
  65 000e 00       		.byte	0
  66 000f 00       		.byte	0
  67 0010 1F       		.byte	31
  68 0011 00       		.byte	0
  69 0012 C0       		.byte	-64
  70 0013 00       		.byte	0
  71 0014 00       		.byte	0
  72 0015 00       		.byte	0
  73 0016 00       		.byte	0
  74 0017 00       		.byte	0
  75 0018 00       		.byte	0
  76 0019 00       		.byte	0
  77 001a 00       		.byte	0
  78 001b 00       		.byte	0
  79 001c 00       		.byte	0
  80 001d 00       		.byte	0
  81 001e 00       		.byte	0
  82 001f 00       		.byte	0
  83 0020 00       		.byte	0
  84 0021 00       		.byte	0
  85 0022 00       		.byte	0
  86 0023 00       		.byte	0
  87 0024 00       		.byte	0
  88 0025 00       		.byte	0
  89 0026 00       		.byte	0
  90 0027 00       		.byte	0
  91 0028 00       		.byte	0
  92 0029 00       		.byte	0
  93 002a 00       		.byte	0
  94 002b 00       		.byte	0
  95 002c 00       		.byte	0
  96 002d 00       		.byte	0
  97 002e 00       		.byte	0
  98 002f 00       		.byte	0
  99 0030 00       		.byte	0
 100 0031 00       		.byte	0
 101 0032 00       		.byte	0
 102 0033 00       		.byte	0
 103 0034 00       		.byte	0
 104 0035 00       		.byte	0
 105 0036 00       		.byte	0
 106 0037 00       		.byte	0
 107 0038 00       		.byte	0
 108 0039 00       		.byte	0
 109 003a 00       		.byte	0
 110 003b 00       		.byte	0
 111 003c 00       		.byte	0
 112 003d 00       		.byte	0
 113 003e 00       		.byte	0
 114 003f 00       		.byte	0
ARM GAS  C:\Users\glenn\AppData\Local\Temp\cc7ZkeGk.s 			page 3


 115 0040 00       		.byte	0
 116 0041 00       		.byte	0
 117 0042 00       		.byte	0
 118 0043 00       		.byte	0
 119 0044 00       		.byte	0
 120 0045 00       		.byte	0
 121 0046 00       		.byte	0
 122 0047 00       		.byte	0
 123 0048 00       		.byte	0
 124 0049 00       		.byte	0
 125 004a 00       		.byte	0
 126 004b 00       		.byte	0
 127 004c 00       		.byte	0
 128 004d 00       		.byte	0
 129 004e 00       		.byte	0
 130 004f 00       		.byte	0
 131 0050 00       		.byte	0
 132 0051 00       		.byte	0
 133 0052 00       		.byte	0
 134 0053 00       		.byte	0
 135 0054 00       		.byte	0
 136 0055 00       		.byte	0
 137 0056 00       		.byte	0
 138 0057 00       		.byte	0
 139 0058 00       		.byte	0
 140 0059 00       		.byte	0
 141 005a 00       		.byte	0
 142 005b 00       		.byte	0
 143 005c 00       		.byte	0
 144 005d 00       		.byte	0
 145 005e 00       		.byte	0
 146 005f 00       		.byte	0
 147 0060 00       		.byte	0
 148 0061 00       		.byte	0
 149 0062 00       		.byte	0
 150 0063 00       		.byte	0
 151 0064 00       		.byte	0
 152 0065 00       		.byte	0
 153 0066 00       		.byte	0
 154 0067 00       		.byte	0
 155 0068 00       		.byte	0
 156 0069 00       		.byte	0
 157 006a 00       		.byte	0
 158 006b 00       		.byte	0
 159 006c 00       		.byte	0
 160 006d 00       		.byte	0
 161 006e 00       		.byte	0
 162 006f 00       		.byte	0
 163 0070 00       		.byte	0
 164 0071 00       		.byte	0
 165 0072 00       		.byte	0
 166 0073 00       		.byte	0
 167 0074 00       		.byte	0
 168 0075 00       		.byte	0
 169 0076 00       		.byte	0
 170 0077 00       		.byte	0
 171 0078 00       		.byte	0
ARM GAS  C:\Users\glenn\AppData\Local\Temp\cc7ZkeGk.s 			page 4


 172 0079 00       		.byte	0
 173 007a 00       		.byte	0
 174 007b 00       		.byte	0
 175 007c 00       		.byte	0
 176 007d 00       		.byte	0
 177 007e 00       		.byte	0
 178 007f 00       		.byte	0
 179 0080 00       		.byte	0
 180 0081 00       		.byte	0
 181 0082 00       		.byte	0
 182 0083 00       		.byte	0
 183 0084 00       		.byte	0
 184 0085 00       		.byte	0
 185 0086 00       		.byte	0
 186 0087 00       		.byte	0
 187 0088 00       		.byte	0
 188 0089 00       		.byte	0
 189 008a 00       		.byte	0
 190 008b 00       		.byte	0
 191 008c 00       		.byte	0
 192 008d 00       		.byte	0
 193 008e 00       		.byte	0
 194 008f 00       		.byte	0
 195 0090 00       		.byte	0
 196 0091 00       		.byte	0
 197 0092 00       		.byte	0
 198 0093 00       		.byte	0
 199 0094 00       		.byte	0
 200 0095 00       		.byte	0
 201 0096 00       		.byte	0
 202 0097 00       		.byte	0
 203 0098 00       		.byte	0
 204 0099 00       		.byte	0
 205 009a 00       		.byte	0
 206 009b 00       		.byte	0
 207 009c 00       		.byte	0
 208 009d 00       		.byte	0
 209 009e 00       		.byte	0
 210 009f 00       		.byte	0
 211 00a0 00       		.byte	0
 212 00a1 00       		.byte	0
 213 00a2 00       		.byte	0
 214 00a3 00       		.byte	0
 215 00a4 00       		.byte	0
 216 00a5 00       		.byte	0
 217 00a6 00       		.byte	0
 218 00a7 00       		.byte	0
 219 00a8 00       		.byte	0
 220 00a9 00       		.byte	0
 221 00aa 00       		.byte	0
 222 00ab 00       		.byte	0
 223 00ac 00       		.byte	0
 224 00ad 00       		.byte	0
 225 00ae 00       		.byte	0
 226 00af 00       		.byte	0
 227 00b0 00       		.byte	0
 228 00b1 00       		.byte	0
ARM GAS  C:\Users\glenn\AppData\Local\Temp\cc7ZkeGk.s 			page 5


 229 00b2 00       		.byte	0
 230 00b3 00       		.byte	0
 231 00b4 00       		.byte	0
 232 00b5 00       		.byte	0
 233 00b6 00       		.byte	0
 234 00b7 00       		.byte	0
 235 00b8 00       		.byte	0
 236 00b9 00       		.byte	0
 237 00ba 00       		.byte	0
 238 00bb 00       		.byte	0
 239 00bc 00       		.byte	0
 240 00bd 00       		.byte	0
 241 00be 00       		.byte	0
 242 00bf 00       		.byte	0
 243 00c0 00       		.byte	0
 244 00c1 00       		.byte	0
 245 00c2 00       		.byte	0
 246 00c3 00       		.byte	0
 247 00c4 00       		.byte	0
 248 00c5 00       		.byte	0
 249 00c6 00       		.byte	0
 250 00c7 00       		.byte	0
 251 00c8 00       		.byte	0
 252 00c9 00       		.byte	0
 253 00ca 00       		.byte	0
 254 00cb 00       		.byte	0
 255 00cc 00       		.byte	0
 256 00cd 00       		.byte	0
 257 00ce 00       		.byte	0
 258 00cf 00       		.byte	0
 259 00d0 00       		.byte	0
 260 00d1 00       		.byte	0
 261 00d2 00       		.byte	0
 262 00d3 00       		.byte	0
 263 00d4 00       		.byte	0
 264 00d5 00       		.byte	0
 265 00d6 00       		.byte	0
 266 00d7 00       		.byte	0
 267 00d8 00       		.byte	0
 268 00d9 00       		.byte	0
 269 00da 00       		.byte	0
 270 00db 00       		.byte	0
 271 00dc 00       		.byte	0
 272 00dd 00       		.byte	0
 273 00de 00       		.byte	0
 274 00df 00       		.byte	0
 275 00e0 00       		.byte	0
 276 00e1 00       		.byte	0
 277 00e2 00       		.byte	0
 278 00e3 00       		.byte	0
 279 00e4 00       		.byte	0
 280 00e5 00       		.byte	0
 281 00e6 00       		.byte	0
 282 00e7 00       		.byte	0
 283 00e8 00       		.byte	0
 284 00e9 00       		.byte	0
 285 00ea 00       		.byte	0
ARM GAS  C:\Users\glenn\AppData\Local\Temp\cc7ZkeGk.s 			page 6


 286 00eb 00       		.byte	0
 287 00ec 00       		.byte	0
 288 00ed 00       		.byte	0
 289 00ee 00       		.byte	0
 290 00ef 00       		.byte	0
 291 00f0 00       		.byte	0
 292 00f1 00       		.byte	0
 293 00f2 00       		.byte	0
 294 00f3 00       		.byte	0
 295 00f4 00       		.byte	0
 296 00f5 00       		.byte	0
 297 00f6 00       		.byte	0
 298 00f7 00       		.byte	0
 299 00f8 00       		.byte	0
 300 00f9 00       		.byte	0
 301 00fa 00       		.byte	0
 302 00fb 00       		.byte	0
 303 00fc 00       		.byte	0
 304 00fd 00       		.byte	0
 305 00fe 00       		.byte	0
 306 00ff 00       		.byte	0
 307 0100 00       		.byte	0
 308 0101 00       		.byte	0
 309 0102 00       		.byte	0
 310 0103 00       		.byte	0
 311 0104 00       		.byte	0
 312 0105 00       		.byte	0
 313 0106 00       		.byte	0
 314 0107 00       		.byte	0
 315 0108 00       		.byte	0
 316 0109 00       		.byte	0
 317 010a 00       		.byte	0
 318 010b 00       		.byte	0
 319 010c 00       		.byte	0
 320 010d 00       		.byte	0
 321 010e 00       		.byte	0
 322 010f 00       		.byte	0
 323 0110 00       		.byte	0
 324 0111 00       		.byte	0
 325 0112 00       		.byte	0
 326 0113 00       		.byte	0
 327 0114 00       		.byte	0
 328 0115 00       		.byte	0
 329 0116 00       		.byte	0
 330 0117 00       		.byte	0
 331 0118 00       		.byte	0
 332 0119 00       		.byte	0
 333 011a 00       		.byte	0
 334 011b 00       		.byte	0
 335 011c 00       		.byte	0
 336 011d 00       		.byte	0
 337 011e 00       		.byte	0
 338 011f 00       		.byte	0
 339 0120 00       		.byte	0
 340 0121 00       		.byte	0
 341 0122 00       		.byte	0
 342 0123 00       		.byte	0
ARM GAS  C:\Users\glenn\AppData\Local\Temp\cc7ZkeGk.s 			page 7


 343 0124 00       		.byte	0
 344 0125 00       		.byte	0
 345 0126 00       		.byte	0
 346 0127 00       		.byte	0
 347 0128 00       		.byte	0
 348 0129 00       		.byte	0
 349 012a 00       		.byte	0
 350 012b 00       		.byte	0
 351 012c 00       		.byte	0
 352 012d 00       		.byte	0
 353 012e 00       		.byte	0
 354 012f 00       		.byte	0
 355 0130 00       		.byte	0
 356 0131 00       		.byte	0
 357 0132 00       		.byte	0
 358 0133 00       		.byte	0
 359 0134 00       		.byte	0
 360 0135 00       		.byte	0
 361 0136 00       		.byte	0
 362 0137 00       		.byte	0
 363 0138 00       		.byte	0
 364 0139 00       		.byte	0
 365 013a 00       		.byte	0
 366 013b 00       		.byte	0
 367 013c 00       		.byte	0
 368 013d 00       		.byte	0
 369 013e 00       		.byte	0
 370 013f 00       		.byte	0
 371 0140 00       		.byte	0
 372 0141 00       		.byte	0
 373 0142 00       		.byte	0
 374 0143 00       		.byte	0
 375 0144 00       		.byte	0
 376 0145 00       		.byte	0
 377 0146 00       		.byte	0
 378 0147 00       		.byte	0
 379 0148 00       		.byte	0
 380 0149 00       		.byte	0
 381 014a 00       		.byte	0
 382 014b 00       		.byte	0
 383 014c 00       		.byte	0
 384 014d 00       		.byte	0
 385 014e 00       		.byte	0
 386 014f 00       		.byte	0
 387 0150 00       		.byte	0
 388 0151 00       		.byte	0
 389 0152 00       		.byte	0
 390 0153 00       		.byte	0
 391 0154 00       		.byte	0
 392 0155 00       		.byte	0
 393 0156 00       		.byte	0
 394 0157 00       		.byte	0
 395 0158 00       		.byte	0
 396 0159 00       		.byte	0
 397 015a 00       		.byte	0
 398 015b 00       		.byte	0
 399 015c 00       		.byte	0
ARM GAS  C:\Users\glenn\AppData\Local\Temp\cc7ZkeGk.s 			page 8


 400 015d 00       		.byte	0
 401 015e 00       		.byte	0
 402 015f 00       		.byte	0
 403 0160 00       		.byte	0
 404 0161 00       		.byte	0
 405 0162 00       		.byte	0
 406 0163 00       		.byte	0
 407 0164 00       		.byte	0
 408 0165 00       		.byte	0
 409 0166 00       		.byte	0
 410 0167 00       		.byte	0
 411 0168 00       		.byte	0
 412 0169 00       		.byte	0
 413 016a 00       		.byte	0
 414 016b 00       		.byte	0
 415 016c 00       		.byte	0
 416 016d 00       		.byte	0
 417 016e 00       		.byte	0
 418 016f 00       		.byte	0
 419 0170 00       		.byte	0
 420 0171 00       		.byte	0
 421 0172 00       		.byte	0
 422 0173 00       		.byte	0
 423 0174 00       		.byte	0
 424 0175 00       		.byte	0
 425 0176 00       		.byte	0
 426 0177 00       		.byte	0
 427 0178 00       		.byte	0
 428 0179 00       		.byte	0
 429 017a 00       		.byte	0
 430 017b 00       		.byte	0
 431 017c 00       		.byte	0
 432 017d 00       		.byte	0
 433 017e 00       		.byte	0
 434 017f 00       		.byte	0
 435 0180 00       		.byte	0
 436 0181 00       		.byte	0
 437 0182 00       		.byte	0
 438 0183 00       		.byte	0
 439 0184 00       		.byte	0
 440 0185 00       		.byte	0
 441 0186 00       		.byte	0
 442 0187 00       		.byte	0
 443 0188 00       		.byte	0
 444 0189 00       		.byte	0
 445 018a 00       		.byte	0
 446 018b 00       		.byte	0
 447 018c 00       		.byte	0
 448 018d 00       		.byte	0
 449 018e 00       		.byte	0
 450 018f 00       		.byte	0
 451 0190 00       		.byte	0
 452 0191 00       		.byte	0
 453 0192 00       		.byte	0
 454 0193 00       		.byte	0
 455 0194 00       		.byte	0
 456 0195 00       		.byte	0
ARM GAS  C:\Users\glenn\AppData\Local\Temp\cc7ZkeGk.s 			page 9


 457 0196 00       		.byte	0
 458 0197 00       		.byte	0
 459 0198 00       		.byte	0
 460 0199 00       		.byte	0
 461 019a 00       		.byte	0
 462 019b 00       		.byte	0
 463 019c 00       		.byte	0
 464 019d 00       		.byte	0
 465 019e 00       		.byte	0
 466 019f 00       		.byte	0
 467 01a0 00       		.byte	0
 468 01a1 00       		.byte	0
 469 01a2 00       		.byte	0
 470 01a3 00       		.byte	0
 471 01a4 00       		.byte	0
 472 01a5 00       		.byte	0
 473 01a6 00       		.byte	0
 474 01a7 00       		.byte	0
 475 01a8 00       		.byte	0
 476 01a9 00       		.byte	0
 477 01aa 00       		.byte	0
 478 01ab 00       		.byte	0
 479 01ac 00       		.byte	0
 480 01ad 00       		.byte	0
 481 01ae 00       		.byte	0
 482 01af 00       		.byte	0
 483 01b0 00       		.byte	0
 484 01b1 00       		.byte	0
 485 01b2 00       		.byte	0
 486 01b3 00       		.byte	0
 487 01b4 00       		.byte	0
 488 01b5 00       		.byte	0
 489 01b6 00       		.byte	0
 490 01b7 00       		.byte	0
 491 01b8 00       		.byte	0
 492 01b9 00       		.byte	0
 493 01ba 00       		.byte	0
 494 01bb 00       		.byte	0
 495 01bc 00       		.byte	0
 496 01bd 00       		.byte	0
 497 01be 00       		.byte	0
 498 01bf 00       		.byte	0
 499 01c0 00       		.byte	0
 500 01c1 00       		.byte	0
 501 01c2 00       		.byte	0
 502 01c3 00       		.byte	0
 503 01c4 00       		.byte	0
 504 01c5 00       		.byte	0
 505 01c6 00       		.byte	0
 506 01c7 00       		.byte	0
 507 01c8 00       		.byte	0
 508 01c9 00       		.byte	0
 509 01ca 00       		.byte	0
 510 01cb 00       		.byte	0
 511 01cc 00       		.byte	0
 512 01cd 00       		.byte	0
 513 01ce 00       		.byte	0
ARM GAS  C:\Users\glenn\AppData\Local\Temp\cc7ZkeGk.s 			page 10


 514 01cf 00       		.byte	0
 515 01d0 00       		.byte	0
 516 01d1 00       		.byte	0
 517 01d2 00       		.byte	0
 518 01d3 00       		.byte	0
 519 01d4 00       		.byte	0
 520 01d5 00       		.byte	0
 521 01d6 00       		.byte	0
 522 01d7 00       		.byte	0
 523 01d8 00       		.byte	0
 524 01d9 00       		.byte	0
 525 01da 00       		.byte	0
 526 01db 00       		.byte	0
 527 01dc 00       		.byte	0
 528 01dd 00       		.byte	0
 529 01de 00       		.byte	0
 530 01df 00       		.byte	0
 531 01e0 00       		.byte	0
 532 01e1 00       		.byte	0
 533 01e2 00       		.byte	0
 534 01e3 00       		.byte	0
 535 01e4 00       		.byte	0
 536 01e5 00       		.byte	0
 537 01e6 00       		.byte	0
 538 01e7 00       		.byte	0
 539 01e8 00       		.byte	0
 540 01e9 00       		.byte	0
 541 01ea 00       		.byte	0
 542 01eb 00       		.byte	0
 543 01ec 00       		.byte	0
 544 01ed 00       		.byte	0
 545 01ee 00       		.byte	0
 546 01ef 00       		.byte	0
 547 01f0 00       		.byte	0
 548 01f1 00       		.byte	0
 549 01f2 00       		.byte	0
 550 01f3 00       		.byte	0
 551 01f4 00       		.byte	0
 552 01f5 00       		.byte	0
 553 01f6 00       		.byte	0
 554 01f7 00       		.byte	0
 555 01f8 00       		.byte	0
 556 01f9 00       		.byte	0
 557 01fa 00       		.byte	0
 558 01fb 00       		.byte	0
 559 01fc 00       		.byte	0
 560 01fd 00       		.byte	0
 561 01fe 00       		.byte	0
 562 01ff 00       		.byte	0
 563 0200 00       		.byte	0
 564 0201 00       		.byte	0
 565 0202 00       		.byte	0
 566 0203 00       		.byte	0
 567 0204 00       		.byte	0
 568 0205 00       		.byte	0
 569 0206 00       		.byte	0
 570 0207 00       		.byte	0
ARM GAS  C:\Users\glenn\AppData\Local\Temp\cc7ZkeGk.s 			page 11


 571 0208 00       		.byte	0
 572 0209 00       		.byte	0
 573 020a 00       		.byte	0
 574 020b 00       		.byte	0
 575 020c 00       		.byte	0
 576 020d 00       		.byte	0
 577 020e 00       		.byte	0
 578 020f 00       		.byte	0
 579 0210 00       		.byte	0
 580 0211 00       		.byte	0
 581 0212 00       		.byte	0
 582 0213 00       		.byte	0
 583 0214 00       		.byte	0
 584 0215 00       		.byte	0
 585 0216 00       		.byte	0
 586 0217 00       		.byte	0
 587 0218 00       		.byte	0
 588 0219 00       		.byte	0
 589 021a 00       		.byte	0
 590 021b 00       		.byte	0
 591 021c 00       		.byte	0
 592 021d 00       		.byte	0
 593 021e 00       		.byte	0
 594 021f 00       		.byte	0
 595 0220 00       		.byte	0
 596 0221 00       		.byte	0
 597 0222 00       		.byte	0
 598 0223 00       		.byte	0
 599 0224 00       		.byte	0
 600 0225 00       		.byte	0
 601 0226 00       		.byte	0
 602 0227 00       		.byte	0
 603 0228 00       		.byte	0
 604 0229 00       		.byte	0
 605 022a 00       		.byte	0
 606 022b 00       		.byte	0
 607 022c 00       		.byte	0
 608 022d 00       		.byte	0
 609 022e 00       		.byte	0
 610 022f 00       		.byte	0
 611 0230 00       		.byte	0
 612 0231 00       		.byte	0
 613 0232 00       		.byte	0
 614 0233 00       		.byte	0
 615 0234 00       		.byte	0
 616 0235 00       		.byte	0
 617 0236 00       		.byte	0
 618 0237 00       		.byte	0
 619 0238 00       		.byte	0
 620 0239 00       		.byte	0
 621 023a 00       		.byte	0
 622 023b 00       		.byte	0
 623 023c 00       		.byte	0
 624 023d 00       		.byte	0
 625 023e 00       		.byte	0
 626 023f 00       		.byte	0
 627 0240 00       		.byte	0
ARM GAS  C:\Users\glenn\AppData\Local\Temp\cc7ZkeGk.s 			page 12


 628 0241 00       		.byte	0
 629 0242 00       		.byte	0
 630 0243 00       		.byte	0
 631 0244 00       		.byte	0
 632 0245 00       		.byte	0
 633 0246 00       		.byte	0
 634 0247 00       		.byte	0
 635 0248 00       		.byte	0
 636 0249 00       		.byte	0
 637 024a 00       		.byte	0
 638 024b 00       		.byte	0
 639 024c 00       		.byte	0
 640 024d 00       		.byte	0
 641 024e 00       		.byte	0
 642 024f 00       		.byte	0
 643 0250 00       		.byte	0
 644 0251 00       		.byte	0
 645 0252 00       		.byte	0
 646 0253 00       		.byte	0
 647 0254 00       		.byte	0
 648 0255 00       		.byte	0
 649 0256 00       		.byte	0
 650 0257 00       		.byte	0
 651 0258 00       		.byte	0
 652 0259 00       		.byte	0
 653 025a 00       		.byte	0
 654 025b 00       		.byte	0
 655 025c 00       		.byte	0
 656 025d 00       		.byte	0
 657 025e 00       		.byte	0
 658 025f 00       		.byte	0
 659 0260 00       		.byte	0
 660 0261 00       		.byte	0
 661 0262 00       		.byte	0
 662 0263 00       		.byte	0
 663 0264 00       		.byte	0
 664 0265 00       		.byte	0
 665 0266 00       		.byte	0
 666 0267 00       		.byte	0
 667 0268 00       		.byte	0
 668 0269 00       		.byte	0
 669 026a 00       		.byte	0
 670 026b 00       		.byte	0
 671 026c 00       		.byte	0
 672 026d 00       		.byte	0
 673 026e 00       		.byte	0
 674 026f 00       		.byte	0
 675 0270 00       		.byte	0
 676 0271 00       		.byte	0
 677 0272 00       		.byte	0
 678 0273 00       		.byte	0
 679 0274 00       		.byte	0
 680 0275 00       		.byte	0
 681 0276 00       		.byte	0
 682 0277 00       		.byte	0
 683 0278 00       		.byte	0
 684 0279 00       		.byte	0
ARM GAS  C:\Users\glenn\AppData\Local\Temp\cc7ZkeGk.s 			page 13


 685 027a 00       		.byte	0
 686 027b 00       		.byte	0
 687 027c 00       		.byte	0
 688 027d 00       		.byte	0
 689 027e 00       		.byte	0
 690 027f 00       		.byte	0
 691 0280 00       		.byte	0
 692 0281 00       		.byte	0
 693 0282 00       		.byte	0
 694 0283 00       		.byte	0
 695 0284 00       		.byte	0
 696 0285 00       		.byte	0
 697 0286 00       		.byte	0
 698 0287 00       		.byte	0
 699 0288 00       		.byte	0
 700 0289 00       		.byte	0
 701 028a 00       		.byte	0
 702 028b 00       		.byte	0
 703 028c 00       		.byte	0
 704 028d 00       		.byte	0
 705 028e 00       		.byte	0
 706 028f 00       		.byte	0
 707 0290 00       		.byte	0
 708 0291 00       		.byte	0
 709 0292 00       		.byte	0
 710 0293 00       		.byte	0
 711 0294 00       		.byte	0
 712 0295 00       		.byte	0
 713 0296 00       		.byte	0
 714 0297 00       		.byte	0
 715 0298 00       		.byte	0
 716 0299 00       		.byte	0
 717 029a 00       		.byte	0
 718 029b 00       		.byte	0
 719 029c 00       		.byte	0
 720 029d 00       		.byte	0
 721 029e 00       		.byte	0
 722 029f 00       		.byte	0
 723 02a0 00       		.byte	0
 724 02a1 00       		.byte	0
 725 02a2 00       		.byte	0
 726 02a3 00       		.byte	0
 727 02a4 00       		.byte	0
 728 02a5 00       		.byte	0
 729 02a6 00       		.byte	0
 730 02a7 00       		.byte	0
 731 02a8 00       		.byte	0
 732 02a9 00       		.byte	0
 733 02aa 00       		.byte	0
 734 02ab 00       		.byte	0
 735 02ac 00       		.byte	0
 736 02ad 00       		.byte	0
 737 02ae 00       		.byte	0
 738 02af 00       		.byte	0
 739 02b0 00       		.byte	0
 740 02b1 00       		.byte	0
 741 02b2 00       		.byte	0
ARM GAS  C:\Users\glenn\AppData\Local\Temp\cc7ZkeGk.s 			page 14


 742 02b3 00       		.byte	0
 743 02b4 00       		.byte	0
 744 02b5 00       		.byte	0
 745 02b6 00       		.byte	0
 746 02b7 00       		.byte	0
 747 02b8 00       		.byte	0
 748 02b9 00       		.byte	0
 749 02ba 00       		.byte	0
 750 02bb 00       		.byte	0
 751 02bc 00       		.byte	0
 752 02bd 00       		.byte	0
 753 02be 00       		.byte	0
 754 02bf 00       		.byte	0
 755 02c0 00       		.byte	0
 756 02c1 00       		.byte	0
 757 02c2 00       		.byte	0
 758 02c3 00       		.byte	0
 759 02c4 00       		.byte	0
 760 02c5 00       		.byte	0
 761 02c6 00       		.byte	0
 762 02c7 00       		.byte	0
 763 02c8 00       		.byte	0
 764 02c9 00       		.byte	0
 765 02ca 00       		.byte	0
 766 02cb 00       		.byte	0
 767 02cc 00       		.byte	0
 768 02cd 00       		.byte	0
 769 02ce 00       		.byte	0
 770 02cf 00       		.byte	0
 771 02d0 00       		.byte	0
 772 02d1 00       		.byte	0
 773 02d2 00       		.byte	0
 774 02d3 00       		.byte	0
 775 02d4 00       		.byte	0
 776 02d5 00       		.byte	0
 777 02d6 00       		.byte	0
 778 02d7 00       		.byte	0
 779 02d8 00       		.byte	0
 780 02d9 00       		.byte	0
 781 02da 00       		.byte	0
 782 02db 00       		.byte	0
 783 02dc 00       		.byte	0
 784 02dd 00       		.byte	0
 785 02de 00       		.byte	0
 786 02df 00       		.byte	0
 787 02e0 00       		.byte	0
 788 02e1 00       		.byte	0
 789 02e2 00       		.byte	0
 790 02e3 00       		.byte	0
 791 02e4 00       		.byte	0
 792 02e5 00       		.byte	0
 793 02e6 00       		.byte	0
 794 02e7 00       		.byte	0
 795 02e8 00       		.byte	0
 796 02e9 00       		.byte	0
 797 02ea 00       		.byte	0
 798 02eb 00       		.byte	0
ARM GAS  C:\Users\glenn\AppData\Local\Temp\cc7ZkeGk.s 			page 15


 799 02ec 00       		.byte	0
 800 02ed 00       		.byte	0
 801 02ee 00       		.byte	0
 802 02ef 00       		.byte	0
 803 02f0 00       		.byte	0
 804 02f1 00       		.byte	0
 805 02f2 00       		.byte	0
 806 02f3 00       		.byte	0
 807 02f4 00       		.byte	0
 808 02f5 00       		.byte	0
 809 02f6 00       		.byte	0
 810 02f7 00       		.byte	0
 811 02f8 00       		.byte	0
 812 02f9 00       		.byte	0
 813 02fa 00       		.byte	0
 814 02fb 00       		.byte	0
 815 02fc 00       		.byte	0
 816 02fd 00       		.byte	0
 817 02fe 00       		.byte	0
 818 02ff 00       		.byte	0
 819 0300 00       		.byte	0
 820 0301 00       		.byte	0
 821 0302 00       		.byte	0
 822 0303 00       		.byte	0
 823 0304 00       		.byte	0
 824 0305 00       		.byte	0
 825 0306 00       		.byte	0
 826 0307 00       		.byte	0
 827 0308 00       		.byte	0
 828 0309 00       		.byte	0
 829 030a 00       		.byte	0
 830 030b 00       		.byte	0
 831 030c 00       		.byte	0
 832 030d 00       		.byte	0
 833 030e 00       		.byte	0
 834 030f 00       		.byte	0
 835 0310 00       		.byte	0
 836 0311 00       		.byte	0
 837 0312 00       		.byte	0
 838 0313 00       		.byte	0
 839 0314 00       		.byte	0
 840 0315 00       		.byte	0
 841 0316 00       		.byte	0
 842 0317 00       		.byte	0
 843 0318 00       		.byte	0
 844 0319 00       		.byte	0
 845 031a 00       		.byte	0
 846 031b 00       		.byte	0
 847 031c 00       		.byte	0
 848 031d 00       		.byte	0
 849 031e 00       		.byte	0
 850 031f 00       		.byte	0
 851 0320 00       		.byte	0
 852 0321 00       		.byte	0
 853 0322 00       		.byte	0
 854 0323 00       		.byte	0
 855 0324 00       		.byte	0
ARM GAS  C:\Users\glenn\AppData\Local\Temp\cc7ZkeGk.s 			page 16


 856 0325 00       		.byte	0
 857 0326 00       		.byte	0
 858 0327 00       		.byte	0
 859 0328 00       		.byte	0
 860 0329 00       		.byte	0
 861 032a 00       		.byte	0
 862 032b 00       		.byte	0
 863 032c 00       		.byte	0
 864 032d 00       		.byte	0
 865 032e 00       		.byte	0
 866 032f 00       		.byte	0
 867 0330 00       		.byte	0
 868 0331 00       		.byte	0
 869 0332 00       		.byte	0
 870 0333 00       		.byte	0
 871 0334 00       		.byte	0
 872 0335 00       		.byte	0
 873 0336 00       		.byte	0
 874 0337 00       		.byte	0
 875 0338 00       		.byte	0
 876 0339 00       		.byte	0
 877 033a 00       		.byte	0
 878 033b 00       		.byte	0
 879 033c 00       		.byte	0
 880 033d 00       		.byte	0
 881 033e 00       		.byte	0
 882 033f 00       		.byte	0
 883 0340 00       		.byte	0
 884 0341 00       		.byte	0
 885 0342 00       		.byte	0
 886 0343 00       		.byte	0
 887 0344 00       		.byte	0
 888 0345 00       		.byte	0
 889 0346 00       		.byte	0
 890 0347 00       		.byte	0
 891 0348 00       		.byte	0
 892 0349 00       		.byte	0
 893 034a 00       		.byte	0
 894 034b 00       		.byte	0
 895 034c 00       		.byte	0
 896 034d 00       		.byte	0
 897 034e 00       		.byte	0
 898 034f 00       		.byte	0
 899 0350 00       		.byte	0
 900 0351 00       		.byte	0
 901 0352 00       		.byte	0
 902 0353 00       		.byte	0
 903 0354 00       		.byte	0
 904 0355 00       		.byte	0
 905 0356 00       		.byte	0
 906 0357 00       		.byte	0
 907 0358 00       		.byte	0
 908 0359 00       		.byte	0
 909 035a 00       		.byte	0
 910 035b 00       		.byte	0
 911 035c 00       		.byte	0
 912 035d 00       		.byte	0
ARM GAS  C:\Users\glenn\AppData\Local\Temp\cc7ZkeGk.s 			page 17


 913 035e 00       		.byte	0
 914 035f 00       		.byte	0
 915 0360 00       		.byte	0
 916 0361 00       		.byte	0
 917 0362 00       		.byte	0
 918 0363 00       		.byte	0
 919 0364 00       		.byte	0
 920 0365 00       		.byte	0
 921 0366 00       		.byte	0
 922 0367 00       		.byte	0
 923 0368 00       		.byte	0
 924 0369 00       		.byte	0
 925 036a 00       		.byte	0
 926 036b 00       		.byte	0
 927 036c 00       		.byte	0
 928 036d 00       		.byte	0
 929 036e 00       		.byte	0
 930 036f 00       		.byte	0
 931 0370 00       		.byte	0
 932 0371 00       		.byte	0
 933 0372 00       		.byte	0
 934 0373 00       		.byte	0
 935 0374 00       		.byte	0
 936 0375 00       		.byte	0
 937 0376 00       		.byte	0
 938 0377 00       		.byte	0
 939 0378 00       		.byte	0
 940 0379 00       		.byte	0
 941 037a 00       		.byte	0
 942 037b 00       		.byte	0
 943 037c 00       		.byte	0
 944 037d 00       		.byte	0
 945 037e 00       		.byte	0
 946 037f 00       		.byte	0
 947 0380 00       		.byte	0
 948 0381 00       		.byte	0
 949 0382 00       		.byte	0
 950 0383 00       		.byte	0
 951 0384 00       		.byte	0
 952 0385 00       		.byte	0
 953 0386 00       		.byte	0
 954 0387 00       		.byte	0
 955 0388 00       		.byte	0
 956 0389 00       		.byte	0
 957 038a 00       		.byte	0
 958 038b 00       		.byte	0
 959 038c 00       		.byte	0
 960 038d 00       		.byte	0
 961 038e 00       		.byte	0
 962 038f 00       		.byte	0
 963 0390 00       		.byte	0
 964 0391 00       		.byte	0
 965 0392 00       		.byte	0
 966 0393 00       		.byte	0
 967 0394 00       		.byte	0
 968 0395 00       		.byte	0
 969 0396 00       		.byte	0
ARM GAS  C:\Users\glenn\AppData\Local\Temp\cc7ZkeGk.s 			page 18


 970 0397 00       		.byte	0
 971 0398 00       		.byte	0
 972 0399 00       		.byte	0
 973 039a 00       		.byte	0
 974 039b 00       		.byte	0
 975 039c 00       		.byte	0
 976 039d 00       		.byte	0
 977 039e 00       		.byte	0
 978 039f 00       		.byte	0
 979 03a0 00       		.byte	0
 980 03a1 00       		.byte	0
 981 03a2 00       		.byte	0
 982 03a3 00       		.byte	0
 983 03a4 00       		.byte	0
 984 03a5 00       		.byte	0
 985 03a6 00       		.byte	0
 986 03a7 00       		.byte	0
 987 03a8 00       		.byte	0
 988 03a9 00       		.byte	0
 989 03aa 00       		.byte	0
 990 03ab 00       		.byte	0
 991 03ac 00       		.byte	0
 992 03ad 00       		.byte	0
 993 03ae 00       		.byte	0
 994 03af 00       		.byte	0
 995 03b0 00       		.byte	0
 996 03b1 00       		.byte	0
 997 03b2 00       		.byte	0
 998 03b3 00       		.byte	0
 999 03b4 00       		.byte	0
 1000 03b5 00       		.byte	0
 1001 03b6 00       		.byte	0
 1002 03b7 00       		.byte	0
 1003 03b8 00       		.byte	0
 1004 03b9 00       		.byte	0
 1005 03ba 00       		.byte	0
 1006 03bb 00       		.byte	0
 1007 03bc 00       		.byte	0
 1008 03bd 00       		.byte	0
 1009 03be 00       		.byte	0
 1010 03bf 00       		.byte	0
 1011 03c0 00       		.byte	0
 1012 03c1 00       		.byte	0
 1013 03c2 00       		.byte	0
 1014 03c3 00       		.byte	0
 1015 03c4 00       		.byte	0
 1016 03c5 00       		.byte	0
 1017 03c6 00       		.byte	0
 1018 03c7 00       		.byte	0
 1019 03c8 00       		.byte	0
 1020 03c9 00       		.byte	0
 1021 03ca 00       		.byte	0
 1022 03cb 00       		.byte	0
 1023 03cc 00       		.byte	0
 1024 03cd 00       		.byte	0
 1025 03ce 00       		.byte	0
 1026 03cf 00       		.byte	0
ARM GAS  C:\Users\glenn\AppData\Local\Temp\cc7ZkeGk.s 			page 19


 1027 03d0 00       		.byte	0
 1028 03d1 00       		.byte	0
 1029 03d2 00       		.byte	0
 1030 03d3 00       		.byte	0
 1031 03d4 00       		.byte	0
 1032 03d5 00       		.byte	0
 1033 03d6 00       		.byte	0
 1034 03d7 00       		.byte	0
 1035 03d8 00       		.byte	0
 1036 03d9 00       		.byte	0
 1037 03da 00       		.byte	0
 1038 03db 00       		.byte	0
 1039 03dc 00       		.byte	0
 1040 03dd 00       		.byte	0
 1041 03de 00       		.byte	0
 1042 03df 00       		.byte	0
 1043 03e0 00       		.byte	0
 1044 03e1 00       		.byte	0
 1045 03e2 00       		.byte	0
 1046 03e3 00       		.byte	0
 1047 03e4 00       		.byte	0
 1048 03e5 00       		.byte	0
 1049 03e6 00       		.byte	0
 1050 03e7 00       		.byte	0
 1051 03e8 00       		.byte	0
 1052 03e9 00       		.byte	0
 1053 03ea 00       		.byte	0
 1054 03eb 00       		.byte	0
 1055 03ec 00       		.byte	0
 1056 03ed 00       		.byte	0
 1057 03ee 00       		.byte	0
 1058 03ef 00       		.byte	0
 1059 03f0 00       		.byte	0
 1060 03f1 00       		.byte	0
 1061 03f2 00       		.byte	0
 1062 03f3 00       		.byte	0
 1063 03f4 00       		.byte	0
 1064 03f5 00       		.byte	0
 1065 03f6 00       		.byte	0
 1066 03f7 00       		.byte	0
 1067 03f8 00       		.byte	0
 1068 03f9 00       		.byte	0
 1069 03fa 00       		.byte	0
 1070 03fb 00       		.byte	0
 1071 03fc 00       		.byte	0
 1072 03fd 00       		.byte	0
 1073 03fe 00       		.byte	0
 1074 03ff 00       		.byte	0
 1075 0400 00       		.byte	0
 1076 0401 00       		.byte	0
 1077 0402 00       		.byte	0
 1078 0403 00       		.byte	0
 1079 0404 00       		.byte	0
 1080 0405 00       		.byte	0
 1081 0406 00       		.byte	0
 1082 0407 00       		.byte	0
 1083 0408 00       		.byte	0
ARM GAS  C:\Users\glenn\AppData\Local\Temp\cc7ZkeGk.s 			page 20


 1084 0409 00       		.byte	0
 1085 040a 00       		.byte	0
 1086 040b 00       		.byte	0
 1087 040c 00       		.byte	0
 1088 040d 00       		.byte	0
 1089 040e 00       		.byte	0
 1090 040f 00       		.byte	0
 1091 0410 00       		.byte	0
 1092 0411 00       		.byte	0
 1093 0412 00       		.byte	0
 1094 0413 00       		.byte	0
 1095 0414 00       		.byte	0
 1096 0415 00       		.byte	0
 1097 0416 00       		.byte	0
 1098 0417 00       		.byte	0
 1099 0418 00       		.byte	0
 1100 0419 00       		.byte	0
 1101 041a 00       		.byte	0
 1102 041b 00       		.byte	0
 1103 041c 00       		.byte	0
 1104 041d 00       		.byte	0
 1105 041e 00       		.byte	0
 1106 041f 00       		.byte	0
 1107 0420 00       		.byte	0
 1108 0421 00       		.byte	0
 1109 0422 00       		.byte	0
 1110 0423 00       		.byte	0
 1111 0424 00       		.byte	0
 1112 0425 00       		.byte	0
 1113 0426 00       		.byte	0
 1114 0427 00       		.byte	0
 1115 0428 00       		.byte	0
 1116 0429 00       		.byte	0
 1117 042a 00       		.byte	0
 1118 042b 00       		.byte	0
 1119 042c 00       		.byte	0
 1120 042d 00       		.byte	0
 1121 042e 00       		.byte	0
 1122 042f 00       		.byte	0
 1123 0430 00       		.byte	0
 1124 0431 00       		.byte	0
 1125 0432 00       		.byte	0
 1126 0433 00       		.byte	0
 1127 0434 00       		.byte	0
 1128 0435 00       		.byte	0
 1129 0436 00       		.byte	0
 1130 0437 00       		.byte	0
 1131 0438 00       		.byte	0
 1132 0439 00       		.byte	0
 1133 043a 00       		.byte	0
 1134 043b 00       		.byte	0
 1135 043c 00       		.byte	0
 1136 043d 00       		.byte	0
 1137 043e 00       		.byte	0
 1138 043f 00       		.byte	0
 1139 0440 00       		.byte	0
 1140 0441 00       		.byte	0
ARM GAS  C:\Users\glenn\AppData\Local\Temp\cc7ZkeGk.s 			page 21


 1141 0442 00       		.byte	0
 1142 0443 00       		.byte	0
 1143 0444 00       		.byte	0
 1144 0445 00       		.byte	0
 1145 0446 00       		.byte	0
 1146 0447 00       		.byte	0
 1147 0448 00       		.byte	0
 1148 0449 00       		.byte	0
 1149 044a 00       		.byte	0
 1150 044b 00       		.byte	0
 1151 044c 00       		.byte	0
 1152 044d 00       		.byte	0
 1153 044e 00       		.byte	0
 1154 044f 00       		.byte	0
 1155 0450 00       		.byte	0
 1156 0451 00       		.byte	0
 1157 0452 00       		.byte	0
 1158 0453 00       		.byte	0
 1159 0454 00       		.byte	0
 1160 0455 00       		.byte	0
 1161 0456 00       		.byte	0
 1162 0457 00       		.byte	0
 1163 0458 00       		.byte	0
 1164 0459 00       		.byte	0
 1165 045a 00       		.byte	0
 1166 045b 00       		.byte	0
 1167 045c 00       		.byte	0
 1168 045d 00       		.byte	0
 1169 045e 00       		.byte	0
 1170 045f 00       		.byte	0
 1171 0460 00       		.byte	0
 1172 0461 00       		.byte	0
 1173 0462 00       		.byte	0
 1174 0463 00       		.byte	0
 1175 0464 00       		.byte	0
 1176 0465 00       		.byte	0
 1177 0466 00       		.byte	0
 1178 0467 00       		.byte	0
 1179 0468 00       		.byte	0
 1180 0469 00       		.byte	0
 1181 046a 00       		.byte	0
 1182 046b 00       		.byte	0
 1183 046c 00       		.byte	0
 1184 046d 00       		.byte	0
 1185 046e 00       		.byte	0
 1186 046f 00       		.byte	0
 1187 0470 00       		.byte	0
 1188 0471 00       		.byte	0
 1189 0472 00       		.byte	0
 1190 0473 00       		.byte	0
 1191 0474 00       		.byte	0
 1192 0475 00       		.byte	0
 1193 0476 00       		.byte	0
 1194 0477 00       		.byte	0
 1195 0478 00       		.byte	0
 1196 0479 00       		.byte	0
 1197 047a 00       		.byte	0
ARM GAS  C:\Users\glenn\AppData\Local\Temp\cc7ZkeGk.s 			page 22


 1198 047b 00       		.byte	0
 1199 047c 00       		.byte	0
 1200 047d 00       		.byte	0
 1201 047e 00       		.byte	0
 1202 047f 00       		.byte	0
 1203 0480 00       		.byte	0
 1204 0481 00       		.byte	0
 1205 0482 00       		.byte	0
 1206 0483 00       		.byte	0
 1207 0484 00       		.byte	0
 1208 0485 00       		.byte	0
 1209 0486 00       		.byte	0
 1210 0487 00       		.byte	0
 1211 0488 00       		.byte	0
 1212 0489 00       		.byte	0
 1213 048a 00       		.byte	0
 1214 048b 00       		.byte	0
 1215 048c 00       		.byte	0
 1216 048d 00       		.byte	0
 1217 048e 00       		.byte	0
 1218 048f 00       		.byte	0
 1219 0490 00       		.byte	0
 1220 0491 00       		.byte	0
 1221 0492 00       		.byte	0
 1222 0493 00       		.byte	0
 1223 0494 00       		.byte	0
 1224 0495 00       		.byte	0
 1225 0496 00       		.byte	0
 1226 0497 00       		.byte	0
 1227 0498 00       		.byte	0
 1228 0499 00       		.byte	0
 1229 049a 00       		.byte	0
 1230 049b 00       		.byte	0
 1231 049c 00       		.byte	0
 1232 049d 00       		.byte	0
 1233 049e 00       		.byte	0
 1234 049f 00       		.byte	0
 1235 04a0 00       		.byte	0
 1236 04a1 00       		.byte	0
 1237 04a2 00       		.byte	0
 1238 04a3 00       		.byte	0
 1239 04a4 00       		.byte	0
 1240 04a5 00       		.byte	0
 1241 04a6 00       		.byte	0
 1242 04a7 00       		.byte	0
 1243 04a8 00       		.byte	0
 1244 04a9 00       		.byte	0
 1245 04aa 00       		.byte	0
 1246 04ab 00       		.byte	0
 1247 04ac 00       		.byte	0
 1248 04ad 00       		.byte	0
 1249 04ae 00       		.byte	0
 1250 04af 00       		.byte	0
 1251 04b0 00       		.byte	0
 1252 04b1 00       		.byte	0
 1253 04b2 00       		.byte	0
 1254 04b3 00       		.byte	0
ARM GAS  C:\Users\glenn\AppData\Local\Temp\cc7ZkeGk.s 			page 23


 1255 04b4 00       		.byte	0
 1256 04b5 00       		.byte	0
 1257 04b6 00       		.byte	0
 1258 04b7 00       		.byte	0
 1259 04b8 00       		.byte	0
 1260 04b9 00       		.byte	0
 1261 04ba 00       		.byte	0
 1262 04bb 00       		.byte	0
 1263 04bc 00       		.byte	0
 1264 04bd 00       		.byte	0
 1265 04be 00       		.byte	0
 1266 04bf 00       		.byte	0
 1267 04c0 00       		.byte	0
 1268 04c1 00       		.byte	0
 1269 04c2 00       		.byte	0
 1270 04c3 00       		.byte	0
 1271 04c4 00       		.byte	0
 1272 04c5 00       		.byte	0
 1273 04c6 00       		.byte	0
 1274 04c7 00       		.byte	0
 1275 04c8 00       		.byte	0
 1276 04c9 00       		.byte	0
 1277 04ca 00       		.byte	0
 1278 04cb 00       		.byte	0
 1279 04cc 00       		.byte	0
 1280 04cd 00       		.byte	0
 1281 04ce 00       		.byte	0
 1282 04cf 00       		.byte	0
 1283 04d0 00       		.byte	0
 1284 04d1 00       		.byte	0
 1285 04d2 00       		.byte	0
 1286 04d3 00       		.byte	0
 1287 04d4 00       		.byte	0
 1288 04d5 00       		.byte	0
 1289 04d6 00       		.byte	0
 1290 04d7 00       		.byte	0
 1291 04d8 00       		.byte	0
 1292 04d9 00       		.byte	0
 1293 04da 00       		.byte	0
 1294 04db 00       		.byte	0
 1295 04dc 00       		.byte	0
 1296 04dd 00       		.byte	0
 1297 04de 00       		.byte	0
 1298 04df 00       		.byte	0
 1299 04e0 00       		.byte	0
 1300 04e1 00       		.byte	0
 1301 04e2 00       		.byte	0
 1302 04e3 00       		.byte	0
 1303 04e4 00       		.byte	0
 1304 04e5 00       		.byte	0
 1305 04e6 00       		.byte	0
 1306 04e7 00       		.byte	0
 1307 04e8 00       		.byte	0
 1308 04e9 00       		.byte	0
 1309 04ea 00       		.byte	0
 1310 04eb 00       		.byte	0
 1311 04ec 00       		.byte	0
ARM GAS  C:\Users\glenn\AppData\Local\Temp\cc7ZkeGk.s 			page 24


 1312 04ed 00       		.byte	0
 1313 04ee 00       		.byte	0
 1314 04ef 00       		.byte	0
 1315 04f0 00       		.byte	0
 1316 04f1 00       		.byte	0
 1317 04f2 00       		.byte	0
 1318 04f3 00       		.byte	0
 1319 04f4 00       		.byte	0
 1320 04f5 00       		.byte	0
 1321 04f6 00       		.byte	0
 1322 04f7 00       		.byte	0
 1323 04f8 00       		.byte	0
 1324 04f9 00       		.byte	0
 1325 04fa 00       		.byte	0
 1326 04fb 00       		.byte	0
 1327 04fc 00       		.byte	0
 1328 04fd 00       		.byte	0
 1329 04fe 00       		.byte	0
 1330 04ff 00       		.byte	0
 1331 0500 00       		.byte	0
 1332 0501 00       		.byte	0
 1333 0502 00       		.byte	0
 1334 0503 00       		.byte	0
 1335 0504 00       		.byte	0
 1336 0505 00       		.byte	0
 1337 0506 00       		.byte	0
 1338 0507 00       		.byte	0
 1339 0508 00       		.byte	0
 1340 0509 00       		.byte	0
 1341 050a 00       		.byte	0
 1342 050b 00       		.byte	0
 1343 050c 00       		.byte	0
 1344 050d 00       		.byte	0
 1345 050e 00       		.byte	0
 1346 050f 00       		.byte	0
 1347 0510 00       		.byte	0
 1348 0511 00       		.byte	0
 1349 0512 00       		.byte	0
 1350 0513 00       		.byte	0
 1351 0514 00       		.byte	0
 1352 0515 00       		.byte	0
 1353 0516 00       		.byte	0
 1354 0517 00       		.byte	0
 1355 0518 00       		.byte	0
 1356 0519 00       		.byte	0
 1357 051a 00       		.byte	0
 1358 051b 00       		.byte	0
 1359 051c 00       		.byte	0
 1360 051d 00       		.byte	0
 1361 051e 00       		.byte	0
 1362 051f 00       		.byte	0
 1363 0520 00       		.byte	0
 1364 0521 00       		.byte	0
 1365 0522 00       		.byte	0
 1366 0523 00       		.byte	0
 1367 0524 00       		.byte	0
 1368 0525 00       		.byte	0
ARM GAS  C:\Users\glenn\AppData\Local\Temp\cc7ZkeGk.s 			page 25


 1369 0526 00       		.byte	0
 1370 0527 00       		.byte	0
 1371 0528 00       		.byte	0
 1372 0529 00       		.byte	0
 1373 052a 00       		.byte	0
 1374 052b 00       		.byte	0
 1375 052c 00       		.byte	0
 1376 052d 00       		.byte	0
 1377 052e 00       		.byte	0
 1378 052f 00       		.byte	0
 1379 0530 00       		.byte	0
 1380 0531 00       		.byte	0
 1381 0532 00       		.byte	0
 1382 0533 00       		.byte	0
 1383 0534 00       		.byte	0
 1384 0535 00       		.byte	0
 1385 0536 00       		.byte	0
 1386 0537 00       		.byte	0
 1387 0538 00       		.byte	0
 1388 0539 00       		.byte	0
 1389 053a 00       		.byte	0
 1390 053b 00       		.byte	0
 1391 053c 00       		.byte	0
 1392 053d 00       		.byte	0
 1393 053e 00       		.byte	0
 1394 053f 00       		.byte	0
 1395 0540 00       		.byte	0
 1396 0541 00       		.byte	0
 1397 0542 00       		.byte	0
 1398 0543 00       		.byte	0
 1399 0544 00       		.byte	0
 1400 0545 00       		.byte	0
 1401 0546 00       		.byte	0
 1402 0547 00       		.byte	0
 1403 0548 00       		.byte	0
 1404 0549 00       		.byte	0
 1405 054a 00       		.byte	0
 1406 054b 00       		.byte	0
 1407 054c 00       		.byte	0
 1408 054d 00       		.byte	0
 1409 054e 00       		.byte	0
 1410 054f 00       		.byte	0
 1411 0550 00       		.byte	0
 1412 0551 00       		.byte	0
 1413 0552 00       		.byte	0
 1414 0553 00       		.byte	0
 1415 0554 00       		.byte	0
 1416 0555 00       		.byte	0
 1417 0556 00       		.byte	0
 1418 0557 00       		.byte	0
 1419 0558 00       		.byte	0
 1420 0559 00       		.byte	0
 1421 055a 00       		.byte	0
 1422 055b 00       		.byte	0
 1423 055c 00       		.byte	0
 1424 055d 00       		.byte	0
 1425 055e 00       		.byte	0
ARM GAS  C:\Users\glenn\AppData\Local\Temp\cc7ZkeGk.s 			page 26


 1426 055f 00       		.byte	0
 1427 0560 00       		.byte	0
 1428 0561 00       		.byte	0
 1429 0562 00       		.byte	0
 1430 0563 00       		.byte	0
 1431 0564 00       		.byte	0
 1432 0565 00       		.byte	0
 1433 0566 00       		.byte	0
 1434 0567 00       		.byte	0
 1435 0568 00       		.byte	0
 1436 0569 00       		.byte	0
 1437 056a 00       		.byte	0
 1438 056b 00       		.byte	0
 1439 056c 00       		.byte	0
 1440 056d 00       		.byte	0
 1441 056e 00       		.byte	0
 1442 056f 00       		.byte	0
 1443 0570 00       		.byte	0
 1444 0571 00       		.byte	0
 1445 0572 00       		.byte	0
 1446 0573 00       		.byte	0
 1447 0574 00       		.byte	0
 1448 0575 00       		.byte	0
 1449 0576 00       		.byte	0
 1450 0577 00       		.byte	0
 1451 0578 00       		.byte	0
 1452 0579 00       		.byte	0
 1453 057a 00       		.byte	0
 1454 057b 00       		.byte	0
 1455 057c 00       		.byte	0
 1456 057d 00       		.byte	0
 1457 057e 00       		.byte	0
 1458 057f 00       		.byte	0
 1459 0580 00       		.byte	0
 1460 0581 00       		.byte	0
 1461 0582 00       		.byte	0
 1462 0583 00       		.byte	0
 1463 0584 00       		.byte	0
 1464 0585 00       		.byte	0
 1465 0586 00       		.byte	0
 1466 0587 00       		.byte	0
 1467 0588 00       		.byte	0
 1468 0589 00       		.byte	0
 1469 058a 00       		.byte	0
 1470 058b 00       		.byte	0
 1471 058c 00       		.byte	0
 1472 058d 00       		.byte	0
 1473 058e 00       		.byte	0
 1474 058f 00       		.byte	0
 1475 0590 00       		.byte	0
 1476 0591 00       		.byte	0
 1477 0592 00       		.byte	0
 1478 0593 00       		.byte	0
 1479 0594 00       		.byte	0
 1480 0595 00       		.byte	0
 1481 0596 00       		.byte	0
 1482 0597 00       		.byte	0
ARM GAS  C:\Users\glenn\AppData\Local\Temp\cc7ZkeGk.s 			page 27


 1483 0598 00       		.byte	0
 1484 0599 00       		.byte	0
 1485 059a 00       		.byte	0
 1486 059b 00       		.byte	0
 1487 059c 00       		.byte	0
 1488 059d 00       		.byte	0
 1489 059e 00       		.byte	0
 1490 059f 00       		.byte	0
 1491 05a0 00       		.byte	0
 1492 05a1 00       		.byte	0
 1493 05a2 00       		.byte	0
 1494 05a3 00       		.byte	0
 1495 05a4 00       		.byte	0
 1496 05a5 00       		.byte	0
 1497 05a6 00       		.byte	0
 1498 05a7 00       		.byte	0
 1499 05a8 00       		.byte	0
 1500 05a9 00       		.byte	0
 1501 05aa 00       		.byte	0
 1502 05ab 00       		.byte	0
 1503 05ac 00       		.byte	0
 1504 05ad 00       		.byte	0
 1505 05ae 00       		.byte	0
 1506 05af 00       		.byte	0
 1507 05b0 00       		.byte	0
 1508 05b1 00       		.byte	0
 1509 05b2 00       		.byte	0
 1510 05b3 00       		.byte	0
 1511 05b4 00       		.byte	0
 1512 05b5 00       		.byte	0
 1513 05b6 00       		.byte	0
 1514 05b7 00       		.byte	0
 1515 05b8 00       		.byte	0
 1516 05b9 00       		.byte	0
 1517 05ba 00       		.byte	0
 1518 05bb 00       		.byte	0
 1519 05bc 00       		.byte	0
 1520 05bd 00       		.byte	0
 1521 05be 00       		.byte	0
 1522 05bf 00       		.byte	0
 1523 05c0 00       		.byte	0
 1524 05c1 00       		.byte	0
 1525 05c2 00       		.byte	0
 1526 05c3 00       		.byte	0
 1527 05c4 00       		.byte	0
 1528 05c5 00       		.byte	0
 1529 05c6 00       		.byte	0
 1530 05c7 00       		.byte	0
 1531 05c8 00       		.byte	0
 1532 05c9 00       		.byte	0
 1533 05ca 00       		.byte	0
 1534 05cb 00       		.byte	0
 1535 05cc 00       		.byte	0
 1536 05cd 00       		.byte	0
 1537 05ce 00       		.byte	0
 1538 05cf 00       		.byte	0
 1539 05d0 00       		.byte	0
ARM GAS  C:\Users\glenn\AppData\Local\Temp\cc7ZkeGk.s 			page 28


 1540 05d1 00       		.byte	0
 1541 05d2 00       		.byte	0
 1542 05d3 00       		.byte	0
 1543 05d4 00       		.byte	0
 1544 05d5 00       		.byte	0
 1545 05d6 00       		.byte	0
 1546 05d7 00       		.byte	0
 1547 05d8 00       		.byte	0
 1548 05d9 00       		.byte	0
 1549 05da 00       		.byte	0
 1550 05db 00       		.byte	0
 1551 05dc 00       		.byte	0
 1552 05dd 00       		.byte	0
 1553 05de 00       		.byte	0
 1554 05df 00       		.byte	0
 1555 05e0 00       		.byte	0
 1556 05e1 00       		.byte	0
 1557 05e2 00       		.byte	0
 1558 05e3 00       		.byte	0
 1559 05e4 00       		.byte	0
 1560 05e5 00       		.byte	0
 1561 05e6 00       		.byte	0
 1562 05e7 00       		.byte	0
 1563 05e8 00       		.byte	0
 1564 05e9 00       		.byte	0
 1565 05ea 00       		.byte	0
 1566 05eb 00       		.byte	0
 1567 05ec 00       		.byte	0
 1568 05ed 00       		.byte	0
 1569 05ee 00       		.byte	0
 1570 05ef 00       		.byte	0
 1571 05f0 00       		.byte	0
 1572 05f1 00       		.byte	0
 1573 05f2 00       		.byte	0
 1574 05f3 00       		.byte	0
 1575 05f4 00       		.byte	0
 1576 05f5 00       		.byte	0
 1577 05f6 00       		.byte	0
 1578 05f7 00       		.byte	0
 1579 05f8 00       		.byte	0
 1580 05f9 00       		.byte	0
 1581 05fa 00       		.byte	0
 1582 05fb 00       		.byte	0
 1583 05fc 00       		.byte	0
 1584 05fd 00       		.byte	0
 1585 05fe 00       		.byte	0
 1586 05ff 00       		.byte	0
 1587 0600 00       		.byte	0
 1588 0601 00       		.byte	0
 1589 0602 00       		.byte	0
 1590 0603 00       		.byte	0
 1591 0604 00       		.byte	0
 1592 0605 00       		.byte	0
 1593 0606 00       		.byte	0
 1594 0607 00       		.byte	0
 1595 0608 00       		.byte	0
 1596 0609 00       		.byte	0
ARM GAS  C:\Users\glenn\AppData\Local\Temp\cc7ZkeGk.s 			page 29


 1597 060a 00       		.byte	0
 1598 060b 00       		.byte	0
 1599 060c 00       		.byte	0
 1600 060d 00       		.byte	0
 1601 060e 00       		.byte	0
 1602 060f 00       		.byte	0
 1603 0610 00       		.byte	0
 1604 0611 00       		.byte	0
 1605 0612 00       		.byte	0
 1606 0613 00       		.byte	0
 1607 0614 00       		.byte	0
 1608 0615 00       		.byte	0
 1609 0616 00       		.byte	0
 1610 0617 00       		.byte	0
 1611 0618 00       		.byte	0
 1612 0619 00       		.byte	0
 1613 061a 00       		.byte	0
 1614 061b 00       		.byte	0
 1615 061c 00       		.byte	0
 1616 061d 00       		.byte	0
 1617 061e 00       		.byte	0
 1618 061f 00       		.byte	0
 1619 0620 00       		.byte	0
 1620 0621 00       		.byte	0
 1621 0622 00       		.byte	0
 1622 0623 00       		.byte	0
 1623 0624 00       		.byte	0
 1624 0625 00       		.byte	0
 1625 0626 00       		.byte	0
 1626 0627 00       		.byte	0
 1627 0628 00       		.byte	0
 1628 0629 00       		.byte	0
 1629 062a 00       		.byte	0
 1630 062b 00       		.byte	0
 1631 062c 00       		.byte	0
 1632 062d 00       		.byte	0
 1633 062e 00       		.byte	0
 1634 062f 00       		.byte	0
 1635 0630 00       		.byte	0
 1636 0631 00       		.byte	0
 1637 0632 00       		.byte	0
 1638 0633 00       		.byte	0
 1639 0634 00       		.byte	0
 1640 0635 00       		.byte	0
 1641 0636 00       		.byte	0
 1642 0637 00       		.byte	0
 1643 0638 00       		.byte	0
 1644 0639 00       		.byte	0
 1645 063a 00       		.byte	0
 1646 063b 00       		.byte	0
 1647 063c 00       		.byte	0
 1648 063d 00       		.byte	0
 1649 063e 00       		.byte	0
 1650 063f 00       		.byte	0
 1651 0640 00       		.byte	0
 1652 0641 00       		.byte	0
 1653 0642 00       		.byte	0
ARM GAS  C:\Users\glenn\AppData\Local\Temp\cc7ZkeGk.s 			page 30


 1654 0643 00       		.byte	0
 1655 0644 00       		.byte	0
 1656 0645 00       		.byte	0
 1657 0646 00       		.byte	0
 1658 0647 00       		.byte	0
 1659 0648 00       		.byte	0
 1660 0649 00       		.byte	0
 1661 064a 00       		.byte	0
 1662 064b 00       		.byte	0
 1663 064c 00       		.byte	0
 1664 064d 00       		.byte	0
 1665 064e 00       		.byte	0
 1666 064f 00       		.byte	0
 1667 0650 00       		.byte	0
 1668 0651 00       		.byte	0
 1669 0652 00       		.byte	0
 1670 0653 00       		.byte	0
 1671 0654 00       		.byte	0
 1672 0655 00       		.byte	0
 1673 0656 00       		.byte	0
 1674 0657 00       		.byte	0
 1675 0658 00       		.byte	0
 1676 0659 00       		.byte	0
 1677 065a 00       		.byte	0
 1678 065b 00       		.byte	0
 1679 065c 00       		.byte	0
 1680 065d 00       		.byte	0
 1681 065e 00       		.byte	0
 1682 065f 00       		.byte	0
 1683 0660 00       		.byte	0
 1684 0661 00       		.byte	0
 1685 0662 00       		.byte	0
 1686 0663 00       		.byte	0
 1687 0664 00       		.byte	0
 1688 0665 00       		.byte	0
 1689 0666 00       		.byte	0
 1690 0667 00       		.byte	0
 1691 0668 00       		.byte	0
 1692 0669 00       		.byte	0
 1693 066a 00       		.byte	0
 1694 066b 00       		.byte	0
 1695 066c 00       		.byte	0
 1696 066d 00       		.byte	0
 1697 066e 00       		.byte	0
 1698 066f 00       		.byte	0
 1699 0670 00       		.byte	0
 1700 0671 00       		.byte	0
 1701 0672 00       		.byte	0
 1702 0673 00       		.byte	0
 1703 0674 00       		.byte	0
 1704 0675 00       		.byte	0
 1705 0676 00       		.byte	0
 1706 0677 00       		.byte	0
 1707 0678 00       		.byte	0
 1708 0679 00       		.byte	0
 1709 067a 00       		.byte	0
 1710 067b 00       		.byte	0
ARM GAS  C:\Users\glenn\AppData\Local\Temp\cc7ZkeGk.s 			page 31


 1711 067c 00       		.byte	0
 1712 067d 00       		.byte	0
 1713 067e 00       		.byte	0
 1714 067f 00       		.byte	0
 1715 0680 00       		.byte	0
 1716 0681 00       		.byte	0
 1717 0682 00       		.byte	0
 1718 0683 00       		.byte	0
 1719 0684 00       		.byte	0
 1720 0685 00       		.byte	0
 1721 0686 00       		.byte	0
 1722 0687 00       		.byte	0
 1723 0688 00       		.byte	0
 1724 0689 00       		.byte	0
 1725 068a 00       		.byte	0
 1726 068b 00       		.byte	0
 1727 068c 00       		.byte	0
 1728 068d 00       		.byte	0
 1729 068e 00       		.byte	0
 1730 068f 00       		.byte	0
 1731 0690 00       		.byte	0
 1732 0691 00       		.byte	0
 1733 0692 00       		.byte	0
 1734 0693 00       		.byte	0
 1735 0694 00       		.byte	0
 1736 0695 00       		.byte	0
 1737 0696 00       		.byte	0
 1738 0697 00       		.byte	0
 1739 0698 00       		.byte	0
 1740 0699 00       		.byte	0
 1741 069a 00       		.byte	0
 1742 069b 00       		.byte	0
 1743 069c 00       		.byte	0
 1744 069d 00       		.byte	0
 1745 069e 00       		.byte	0
 1746 069f 00       		.byte	0
 1747 06a0 00       		.byte	0
 1748 06a1 00       		.byte	0
 1749 06a2 00       		.byte	0
 1750 06a3 00       		.byte	0
 1751 06a4 00       		.byte	0
 1752 06a5 00       		.byte	0
 1753 06a6 00       		.byte	0
 1754 06a7 00       		.byte	0
 1755 06a8 00       		.byte	0
 1756 06a9 00       		.byte	0
 1757 06aa 00       		.byte	0
 1758 06ab 00       		.byte	0
 1759 06ac 00       		.byte	0
 1760 06ad 00       		.byte	0
 1761 06ae 00       		.byte	0
 1762 06af 00       		.byte	0
 1763 06b0 00       		.byte	0
 1764 06b1 00       		.byte	0
 1765 06b2 00       		.byte	0
 1766 06b3 00       		.byte	0
 1767 06b4 00       		.byte	0
ARM GAS  C:\Users\glenn\AppData\Local\Temp\cc7ZkeGk.s 			page 32


 1768 06b5 00       		.byte	0
 1769 06b6 00       		.byte	0
 1770 06b7 00       		.byte	0
 1771 06b8 00       		.byte	0
 1772 06b9 00       		.byte	0
 1773 06ba 00       		.byte	0
 1774 06bb 00       		.byte	0
 1775 06bc 00       		.byte	0
 1776 06bd 00       		.byte	0
 1777 06be 00       		.byte	0
 1778 06bf 00       		.byte	0
 1779 06c0 00       		.byte	0
 1780 06c1 00       		.byte	0
 1781 06c2 00       		.byte	0
 1782 06c3 00       		.byte	0
 1783 06c4 00       		.byte	0
 1784 06c5 00       		.byte	0
 1785 06c6 00       		.byte	0
 1786 06c7 00       		.byte	0
 1787 06c8 00       		.byte	0
 1788 06c9 00       		.byte	0
 1789 06ca 00       		.byte	0
 1790 06cb 00       		.byte	0
 1791 06cc 00       		.byte	0
 1792 06cd 00       		.byte	0
 1793 06ce 00       		.byte	0
 1794 06cf 00       		.byte	0
 1795 06d0 00       		.byte	0
 1796 06d1 00       		.byte	0
 1797 06d2 00       		.byte	0
 1798 06d3 00       		.byte	0
 1799 06d4 00       		.byte	0
 1800 06d5 00       		.byte	0
 1801 06d6 00       		.byte	0
 1802 06d7 00       		.byte	0
 1803 06d8 00       		.byte	0
 1804 06d9 00       		.byte	0
 1805 06da 00       		.byte	0
 1806 06db 00       		.byte	0
 1807 06dc 00       		.byte	0
 1808 06dd 00       		.byte	0
 1809 06de 00       		.byte	0
 1810 06df 00       		.byte	0
 1811 06e0 00       		.byte	0
 1812 06e1 00       		.byte	0
 1813 06e2 00       		.byte	0
 1814 06e3 00       		.byte	0
 1815 06e4 00       		.byte	0
 1816 06e5 00       		.byte	0
 1817 06e6 00       		.byte	0
 1818 06e7 00       		.byte	0
 1819 06e8 00       		.byte	0
 1820 06e9 00       		.byte	0
 1821 06ea 00       		.byte	0
 1822 06eb 00       		.byte	0
 1823 06ec 00       		.byte	0
 1824 06ed 00       		.byte	0
ARM GAS  C:\Users\glenn\AppData\Local\Temp\cc7ZkeGk.s 			page 33


 1825 06ee 00       		.byte	0
 1826 06ef 00       		.byte	0
 1827 06f0 00       		.byte	0
 1828 06f1 00       		.byte	0
 1829 06f2 00       		.byte	0
 1830 06f3 00       		.byte	0
 1831 06f4 00       		.byte	0
 1832 06f5 00       		.byte	0
 1833 06f6 00       		.byte	0
 1834 06f7 00       		.byte	0
 1835 06f8 00       		.byte	0
 1836 06f9 00       		.byte	0
 1837 06fa 00       		.byte	0
 1838 06fb 00       		.byte	0
 1839 06fc 00       		.byte	0
 1840 06fd 00       		.byte	0
 1841 06fe 00       		.byte	0
 1842 06ff 00       		.byte	0
 1843 0700 00       		.byte	0
 1844 0701 00       		.byte	0
 1845 0702 00       		.byte	0
 1846 0703 00       		.byte	0
 1847 0704 00       		.byte	0
 1848 0705 00       		.byte	0
 1849 0706 00       		.byte	0
 1850 0707 00       		.byte	0
 1851 0708 00       		.byte	0
 1852 0709 00       		.byte	0
 1853 070a 00       		.byte	0
 1854 070b 00       		.byte	0
 1855 070c 00       		.byte	0
 1856 070d 00       		.byte	0
 1857 070e 00       		.byte	0
 1858 070f 00       		.byte	0
 1859 0710 00       		.byte	0
 1860 0711 00       		.byte	0
 1861 0712 00       		.byte	0
 1862 0713 00       		.byte	0
 1863 0714 00       		.byte	0
 1864 0715 00       		.byte	0
 1865 0716 00       		.byte	0
 1866 0717 00       		.byte	0
 1867 0718 00       		.byte	0
 1868 0719 00       		.byte	0
 1869 071a 00       		.byte	0
 1870 071b 00       		.byte	0
 1871 071c 00       		.byte	0
 1872 071d 00       		.byte	0
 1873 071e 00       		.byte	0
 1874 071f 00       		.byte	0
 1875 0720 00       		.byte	0
 1876 0721 00       		.byte	0
 1877 0722 00       		.byte	0
 1878 0723 00       		.byte	0
 1879 0724 00       		.byte	0
 1880 0725 00       		.byte	0
 1881 0726 00       		.byte	0
ARM GAS  C:\Users\glenn\AppData\Local\Temp\cc7ZkeGk.s 			page 34


 1882 0727 00       		.byte	0
 1883 0728 00       		.byte	0
 1884 0729 00       		.byte	0
 1885 072a 00       		.byte	0
 1886 072b 00       		.byte	0
 1887 072c 00       		.byte	0
 1888 072d 00       		.byte	0
 1889 072e 00       		.byte	0
 1890 072f 00       		.byte	0
 1891 0730 00       		.byte	0
 1892 0731 00       		.byte	0
 1893 0732 00       		.byte	0
 1894 0733 00       		.byte	0
 1895 0734 00       		.byte	0
 1896 0735 00       		.byte	0
 1897 0736 00       		.byte	0
 1898 0737 00       		.byte	0
 1899 0738 00       		.byte	0
 1900 0739 00       		.byte	0
 1901 073a 00       		.byte	0
 1902 073b 00       		.byte	0
 1903 073c 00       		.byte	0
 1904 073d 00       		.byte	0
 1905 073e 00       		.byte	0
 1906 073f 00       		.byte	0
 1907 0740 00       		.byte	0
 1908 0741 00       		.byte	0
 1909 0742 00       		.byte	0
 1910 0743 00       		.byte	0
 1911 0744 00       		.byte	0
 1912 0745 00       		.byte	0
 1913 0746 00       		.byte	0
 1914 0747 00       		.byte	0
 1915 0748 00       		.byte	0
 1916 0749 00       		.byte	0
 1917 074a 00       		.byte	0
 1918 074b 00       		.byte	0
 1919 074c 00       		.byte	0
 1920 074d 00       		.byte	0
 1921 074e 00       		.byte	0
 1922 074f 00       		.byte	0
 1923 0750 00       		.byte	0
 1924 0751 00       		.byte	0
 1925 0752 00       		.byte	0
 1926 0753 00       		.byte	0
 1927 0754 00       		.byte	0
 1928 0755 00       		.byte	0
 1929 0756 00       		.byte	0
 1930 0757 00       		.byte	0
 1931 0758 00       		.byte	0
 1932 0759 00       		.byte	0
 1933 075a 00       		.byte	0
 1934 075b 00       		.byte	0
 1935 075c 00       		.byte	0
 1936 075d 00       		.byte	0
 1937 075e 00       		.byte	0
 1938 075f 00       		.byte	0
ARM GAS  C:\Users\glenn\AppData\Local\Temp\cc7ZkeGk.s 			page 35


 1939 0760 00       		.byte	0
 1940 0761 00       		.byte	0
 1941 0762 00       		.byte	0
 1942 0763 00       		.byte	0
 1943 0764 00       		.byte	0
 1944 0765 00       		.byte	0
 1945 0766 00       		.byte	0
 1946 0767 00       		.byte	0
 1947 0768 00       		.byte	0
 1948 0769 00       		.byte	0
 1949 076a 00       		.byte	0
 1950 076b 00       		.byte	0
 1951 076c 00       		.byte	0
 1952 076d 00       		.byte	0
 1953 076e 00       		.byte	0
 1954 076f 00       		.byte	0
 1955 0770 00       		.byte	0
 1956 0771 00       		.byte	0
 1957 0772 00       		.byte	0
 1958 0773 00       		.byte	0
 1959 0774 00       		.byte	0
 1960 0775 00       		.byte	0
 1961 0776 00       		.byte	0
 1962 0777 00       		.byte	0
 1963 0778 00       		.byte	0
 1964 0779 00       		.byte	0
 1965 077a 00       		.byte	0
 1966 077b 00       		.byte	0
 1967 077c 00       		.byte	0
 1968 077d 00       		.byte	0
 1969 077e 00       		.byte	0
 1970 077f 00       		.byte	0
 1971 0780 00       		.byte	0
 1972 0781 00       		.byte	0
 1973 0782 00       		.byte	0
 1974 0783 00       		.byte	0
 1975 0784 00       		.byte	0
 1976 0785 00       		.byte	0
 1977 0786 00       		.byte	0
 1978 0787 00       		.byte	0
 1979 0788 00       		.byte	0
 1980 0789 00       		.byte	0
 1981 078a 00       		.byte	0
 1982 078b 00       		.byte	0
 1983 078c 00       		.byte	0
 1984 078d 00       		.byte	0
 1985 078e 00       		.byte	0
 1986 078f 00       		.byte	0
 1987 0790 00       		.byte	0
 1988 0791 00       		.byte	0
 1989 0792 00       		.byte	0
 1990 0793 00       		.byte	0
 1991 0794 00       		.byte	0
 1992 0795 00       		.byte	0
 1993 0796 00       		.byte	0
 1994 0797 00       		.byte	0
 1995 0798 00       		.byte	0
ARM GAS  C:\Users\glenn\AppData\Local\Temp\cc7ZkeGk.s 			page 36


 1996 0799 00       		.byte	0
 1997 079a 00       		.byte	0
 1998 079b 00       		.byte	0
 1999 079c 00       		.byte	0
 2000 079d 00       		.byte	0
 2001 079e 00       		.byte	0
 2002 079f 00       		.byte	0
 2003 07a0 00       		.byte	0
 2004 07a1 00       		.byte	0
 2005 07a2 00       		.byte	0
 2006 07a3 00       		.byte	0
 2007 07a4 00       		.byte	0
 2008 07a5 00       		.byte	0
 2009 07a6 00       		.byte	0
 2010 07a7 00       		.byte	0
 2011 07a8 00       		.byte	0
 2012 07a9 00       		.byte	0
 2013 07aa 00       		.byte	0
 2014 07ab 00       		.byte	0
 2015 07ac 00       		.byte	0
 2016 07ad 00       		.byte	0
 2017 07ae 00       		.byte	0
 2018 07af 00       		.byte	0
 2019 07b0 00       		.byte	0
 2020 07b1 00       		.byte	0
 2021 07b2 00       		.byte	0
 2022 07b3 00       		.byte	0
 2023 07b4 00       		.byte	0
 2024 07b5 00       		.byte	0
 2025 07b6 00       		.byte	0
 2026 07b7 00       		.byte	0
 2027 07b8 00       		.byte	0
 2028 07b9 00       		.byte	0
 2029 07ba 00       		.byte	0
 2030 07bb 00       		.byte	0
 2031 07bc 00       		.byte	0
 2032 07bd 00       		.byte	0
 2033 07be 00       		.byte	0
 2034 07bf 00       		.byte	0
 2035 07c0 00       		.byte	0
 2036 07c1 00       		.byte	0
 2037 07c2 00       		.byte	0
 2038 07c3 00       		.byte	0
 2039 07c4 00       		.byte	0
 2040 07c5 00       		.byte	0
 2041 07c6 00       		.byte	0
 2042 07c7 00       		.byte	0
 2043 07c8 00       		.byte	0
 2044 07c9 00       		.byte	0
 2045 07ca 00       		.byte	0
 2046 07cb 00       		.byte	0
 2047 07cc 00       		.byte	0
 2048 07cd 00       		.byte	0
 2049 07ce 00       		.byte	0
 2050 07cf 00       		.byte	0
 2051 07d0 00       		.byte	0
 2052 07d1 00       		.byte	0
ARM GAS  C:\Users\glenn\AppData\Local\Temp\cc7ZkeGk.s 			page 37


 2053 07d2 00       		.byte	0
 2054 07d3 00       		.byte	0
 2055 07d4 00       		.byte	0
 2056 07d5 00       		.byte	0
 2057 07d6 00       		.byte	0
 2058 07d7 00       		.byte	0
 2059 07d8 00       		.byte	0
 2060 07d9 00       		.byte	0
 2061 07da 00       		.byte	0
 2062 07db 00       		.byte	0
 2063 07dc 00       		.byte	0
 2064 07dd 00       		.byte	0
 2065 07de 00       		.byte	0
 2066 07df 00       		.byte	0
 2067 07e0 00       		.byte	0
 2068 07e1 00       		.byte	0
 2069 07e2 00       		.byte	0
 2070 07e3 00       		.byte	0
 2071 07e4 00       		.byte	0
 2072 07e5 00       		.byte	0
 2073 07e6 00       		.byte	0
 2074 07e7 00       		.byte	0
 2075 07e8 00       		.byte	0
 2076 07e9 00       		.byte	0
 2077 07ea 00       		.byte	0
 2078 07eb 00       		.byte	0
 2079 07ec 00       		.byte	0
 2080 07ed 00       		.byte	0
 2081 07ee 00       		.byte	0
 2082 07ef 00       		.byte	0
 2083 07f0 00       		.byte	0
 2084 07f1 00       		.byte	0
 2085 07f2 00       		.byte	0
 2086 07f3 00       		.byte	0
 2087 07f4 00       		.byte	0
 2088 07f5 00       		.byte	0
 2089 07f6 00       		.byte	0
 2090 07f7 00       		.byte	0
 2091 07f8 00       		.byte	0
 2092 07f9 00       		.byte	0
 2093 07fa 00       		.byte	0
 2094 07fb 00       		.byte	0
 2095 07fc 00       		.byte	0
 2096 07fd 00       		.byte	0
 2097 07fe FF       		.byte	-1
 2098 07ff FF       		.byte	-1
 2099              		.global	cy_meta_flashprotect
 2100              		.section	.cyflashprotect,"a",%progbits
 2101              		.align	2
 2102              		.type	cy_meta_flashprotect, %object
 2103              		.size	cy_meta_flashprotect, 256
 2104              	cy_meta_flashprotect:
 2105 0000 00000000 		.space	256
 2105      00000000 
 2105      00000000 
 2105      00000000 
 2105      00000000 
ARM GAS  C:\Users\glenn\AppData\Local\Temp\cc7ZkeGk.s 			page 38


 2106              		.global	cy_metadata
 2107              		.section	.cymeta,"a",%progbits
 2108              		.align	2
 2109              		.type	cy_metadata, %object
 2110              		.size	cy_metadata, 12
 2111              	cy_metadata:
 2112 0000 00       		.byte	0
 2113 0001 01       		.byte	1
 2114 0002 2E       		.byte	46
 2115 0003 16       		.byte	22
 2116 0004 10       		.byte	16
 2117 0005 69       		.byte	105
 2118 0006 00       		.byte	0
 2119 0007 01       		.byte	1
 2120 0008 00       		.byte	0
 2121 0009 00       		.byte	0
 2122 000a 00       		.byte	0
 2123 000b 00       		.byte	0
 2124              		.text
 2125              	.Letext0:
 2126              		.file 1 ".\\Generated_Source\\PSoC5\\cymetadata.c"
 2127              		.file 2 ".\\Generated_Source\\PSoC5\\cytypes.h"
 2128              		.section	.debug_info,"",%progbits
 2129              	.Ldebug_info0:
 2130 0000 5F010000 		.4byte	0x15f
 2131 0004 0400     		.2byte	0x4
 2132 0006 00000000 		.4byte	.Ldebug_abbrev0
 2133 000a 04       		.byte	0x4
 2134 000b 01       		.uleb128 0x1
 2135 000c 00000000 		.4byte	.LASF19
 2136 0010 01       		.byte	0x1
 2137 0011 8E000000 		.4byte	.LASF20
 2138 0015 C6000000 		.4byte	.LASF21
 2139 0019 00000000 		.4byte	.Ldebug_line0
 2140 001d 02       		.uleb128 0x2
 2141 001e 01       		.byte	0x1
 2142 001f 06       		.byte	0x6
 2143 0020 E6010000 		.4byte	.LASF0
 2144 0024 02       		.uleb128 0x2
 2145 0025 01       		.byte	0x1
 2146 0026 08       		.byte	0x8
 2147 0027 29010000 		.4byte	.LASF1
 2148 002b 02       		.uleb128 0x2
 2149 002c 02       		.byte	0x2
 2150 002d 05       		.byte	0x5
 2151 002e C3010000 		.4byte	.LASF2
 2152 0032 02       		.uleb128 0x2
 2153 0033 02       		.byte	0x2
 2154 0034 07       		.byte	0x7
 2155 0035 16010000 		.4byte	.LASF3
 2156 0039 02       		.uleb128 0x2
 2157 003a 04       		.byte	0x4
 2158 003b 05       		.byte	0x5
 2159 003c D3010000 		.4byte	.LASF4
 2160 0040 02       		.uleb128 0x2
 2161 0041 04       		.byte	0x4
 2162 0042 07       		.byte	0x7
ARM GAS  C:\Users\glenn\AppData\Local\Temp\cc7ZkeGk.s 			page 39


 2163 0043 04010000 		.4byte	.LASF5
 2164 0047 02       		.uleb128 0x2
 2165 0048 08       		.byte	0x8
 2166 0049 05       		.byte	0x5
 2167 004a B0010000 		.4byte	.LASF6
 2168 004e 02       		.uleb128 0x2
 2169 004f 08       		.byte	0x8
 2170 0050 07       		.byte	0x7
 2171 0051 6D010000 		.4byte	.LASF7
 2172 0055 03       		.uleb128 0x3
 2173 0056 04       		.byte	0x4
 2174 0057 05       		.byte	0x5
 2175 0058 696E7400 		.ascii	"int\000"
 2176 005c 02       		.uleb128 0x2
 2177 005d 04       		.byte	0x4
 2178 005e 07       		.byte	0x7
 2179 005f 60010000 		.4byte	.LASF8
 2180 0063 04       		.uleb128 0x4
 2181 0064 CD010000 		.4byte	.LASF22
 2182 0068 02       		.byte	0x2
 2183 0069 9201     		.2byte	0x192
 2184 006b 24000000 		.4byte	0x24
 2185 006f 02       		.uleb128 0x2
 2186 0070 04       		.byte	0x4
 2187 0071 04       		.byte	0x4
 2188 0072 C0000000 		.4byte	.LASF9
 2189 0076 02       		.uleb128 0x2
 2190 0077 08       		.byte	0x8
 2191 0078 04       		.byte	0x4
 2192 0079 37010000 		.4byte	.LASF10
 2193 007d 02       		.uleb128 0x2
 2194 007e 01       		.byte	0x1
 2195 007f 08       		.byte	0x8
 2196 0080 BE010000 		.4byte	.LASF11
 2197 0084 05       		.uleb128 0x5
 2198 0085 63000000 		.4byte	0x63
 2199 0089 94000000 		.4byte	0x94
 2200 008d 06       		.uleb128 0x6
 2201 008e 94000000 		.4byte	0x94
 2202 0092 00       		.byte	0
 2203 0093 00       		.byte	0
 2204 0094 02       		.uleb128 0x2
 2205 0095 04       		.byte	0x4
 2206 0096 07       		.byte	0x7
 2207 0097 A7010000 		.4byte	.LASF12
 2208 009b 07       		.uleb128 0x7
 2209 009c 4E010000 		.4byte	.LASF13
 2210 00a0 01       		.byte	0x1
 2211 00a1 1F       		.byte	0x1f
 2212 00a2 AC000000 		.4byte	0xac
 2213 00a6 05       		.uleb128 0x5
 2214 00a7 03       		.byte	0x3
 2215 00a8 00000000 		.4byte	cy_meta_configecc
 2216 00ac 08       		.uleb128 0x8
 2217 00ad 84000000 		.4byte	0x84
 2218 00b1 05       		.uleb128 0x5
 2219 00b2 63000000 		.4byte	0x63
ARM GAS  C:\Users\glenn\AppData\Local\Temp\cc7ZkeGk.s 			page 40


 2220 00b6 C1000000 		.4byte	0xc1
 2221 00ba 06       		.uleb128 0x6
 2222 00bb 94000000 		.4byte	0x94
 2223 00bf 03       		.byte	0x3
 2224 00c0 00       		.byte	0
 2225 00c1 07       		.uleb128 0x7
 2226 00c2 3E010000 		.4byte	.LASF14
 2227 00c6 01       		.byte	0x1
 2228 00c7 2D       		.byte	0x2d
 2229 00c8 D2000000 		.4byte	0xd2
 2230 00cc 05       		.uleb128 0x5
 2231 00cd 03       		.byte	0x3
 2232 00ce 00000000 		.4byte	cy_meta_custnvl
 2233 00d2 08       		.uleb128 0x8
 2234 00d3 B1000000 		.4byte	0xb1
 2235 00d7 07       		.uleb128 0x7
 2236 00d8 99010000 		.4byte	.LASF15
 2237 00dc 01       		.byte	0x1
 2238 00dd 3B       		.byte	0x3b
 2239 00de E8000000 		.4byte	0xe8
 2240 00e2 05       		.uleb128 0x5
 2241 00e3 03       		.byte	0x3
 2242 00e4 00000000 		.4byte	cy_meta_wonvl
 2243 00e8 08       		.uleb128 0x8
 2244 00e9 B1000000 		.4byte	0xb1
 2245 00ed 05       		.uleb128 0x5
 2246 00ee 63000000 		.4byte	0x63
 2247 00f2 FE000000 		.4byte	0xfe
 2248 00f6 09       		.uleb128 0x9
 2249 00f7 94000000 		.4byte	0x94
 2250 00fb FF07     		.2byte	0x7ff
 2251 00fd 00       		.byte	0
 2252 00fe 07       		.uleb128 0x7
 2253 00ff DC010000 		.4byte	.LASF16
 2254 0103 01       		.byte	0x1
 2255 0104 49       		.byte	0x49
 2256 0105 0F010000 		.4byte	0x10f
 2257 0109 05       		.uleb128 0x5
 2258 010a 03       		.byte	0x3
 2259 010b 00000000 		.4byte	cy_eeprom
 2260 010f 08       		.uleb128 0x8
 2261 0110 ED000000 		.4byte	0xed
 2262 0114 05       		.uleb128 0x5
 2263 0115 63000000 		.4byte	0x63
 2264 0119 24010000 		.4byte	0x124
 2265 011d 06       		.uleb128 0x6
 2266 011e 94000000 		.4byte	0x94
 2267 0122 FF       		.byte	0xff
 2268 0123 00       		.byte	0
 2269 0124 0A       		.uleb128 0xa
 2270 0125 84010000 		.4byte	.LASF17
 2271 0129 01       		.byte	0x1
 2272 012a 5601     		.2byte	0x156
 2273 012c 36010000 		.4byte	0x136
 2274 0130 05       		.uleb128 0x5
 2275 0131 03       		.byte	0x3
 2276 0132 00000000 		.4byte	cy_meta_flashprotect
ARM GAS  C:\Users\glenn\AppData\Local\Temp\cc7ZkeGk.s 			page 41


 2277 0136 08       		.uleb128 0x8
 2278 0137 14010000 		.4byte	0x114
 2279 013b 05       		.uleb128 0x5
 2280 013c 63000000 		.4byte	0x63
 2281 0140 4B010000 		.4byte	0x14b
 2282 0144 06       		.uleb128 0x6
 2283 0145 94000000 		.4byte	0x94
 2284 0149 0B       		.byte	0xb
 2285 014a 00       		.byte	0
 2286 014b 0A       		.uleb128 0xa
 2287 014c B4000000 		.4byte	.LASF18
 2288 0150 01       		.byte	0x1
 2289 0151 8301     		.2byte	0x183
 2290 0153 5D010000 		.4byte	0x15d
 2291 0157 05       		.uleb128 0x5
 2292 0158 03       		.byte	0x3
 2293 0159 00000000 		.4byte	cy_metadata
 2294 015d 08       		.uleb128 0x8
 2295 015e 3B010000 		.4byte	0x13b
 2296 0162 00       		.byte	0
 2297              		.section	.debug_abbrev,"",%progbits
 2298              	.Ldebug_abbrev0:
 2299 0000 01       		.uleb128 0x1
 2300 0001 11       		.uleb128 0x11
 2301 0002 01       		.byte	0x1
 2302 0003 25       		.uleb128 0x25
 2303 0004 0E       		.uleb128 0xe
 2304 0005 13       		.uleb128 0x13
 2305 0006 0B       		.uleb128 0xb
 2306 0007 03       		.uleb128 0x3
 2307 0008 0E       		.uleb128 0xe
 2308 0009 1B       		.uleb128 0x1b
 2309 000a 0E       		.uleb128 0xe
 2310 000b 10       		.uleb128 0x10
 2311 000c 17       		.uleb128 0x17
 2312 000d 00       		.byte	0
 2313 000e 00       		.byte	0
 2314 000f 02       		.uleb128 0x2
 2315 0010 24       		.uleb128 0x24
 2316 0011 00       		.byte	0
 2317 0012 0B       		.uleb128 0xb
 2318 0013 0B       		.uleb128 0xb
 2319 0014 3E       		.uleb128 0x3e
 2320 0015 0B       		.uleb128 0xb
 2321 0016 03       		.uleb128 0x3
 2322 0017 0E       		.uleb128 0xe
 2323 0018 00       		.byte	0
 2324 0019 00       		.byte	0
 2325 001a 03       		.uleb128 0x3
 2326 001b 24       		.uleb128 0x24
 2327 001c 00       		.byte	0
 2328 001d 0B       		.uleb128 0xb
 2329 001e 0B       		.uleb128 0xb
 2330 001f 3E       		.uleb128 0x3e
 2331 0020 0B       		.uleb128 0xb
 2332 0021 03       		.uleb128 0x3
 2333 0022 08       		.uleb128 0x8
ARM GAS  C:\Users\glenn\AppData\Local\Temp\cc7ZkeGk.s 			page 42


 2334 0023 00       		.byte	0
 2335 0024 00       		.byte	0
 2336 0025 04       		.uleb128 0x4
 2337 0026 16       		.uleb128 0x16
 2338 0027 00       		.byte	0
 2339 0028 03       		.uleb128 0x3
 2340 0029 0E       		.uleb128 0xe
 2341 002a 3A       		.uleb128 0x3a
 2342 002b 0B       		.uleb128 0xb
 2343 002c 3B       		.uleb128 0x3b
 2344 002d 05       		.uleb128 0x5
 2345 002e 49       		.uleb128 0x49
 2346 002f 13       		.uleb128 0x13
 2347 0030 00       		.byte	0
 2348 0031 00       		.byte	0
 2349 0032 05       		.uleb128 0x5
 2350 0033 01       		.uleb128 0x1
 2351 0034 01       		.byte	0x1
 2352 0035 49       		.uleb128 0x49
 2353 0036 13       		.uleb128 0x13
 2354 0037 01       		.uleb128 0x1
 2355 0038 13       		.uleb128 0x13
 2356 0039 00       		.byte	0
 2357 003a 00       		.byte	0
 2358 003b 06       		.uleb128 0x6
 2359 003c 21       		.uleb128 0x21
 2360 003d 00       		.byte	0
 2361 003e 49       		.uleb128 0x49
 2362 003f 13       		.uleb128 0x13
 2363 0040 2F       		.uleb128 0x2f
 2364 0041 0B       		.uleb128 0xb
 2365 0042 00       		.byte	0
 2366 0043 00       		.byte	0
 2367 0044 07       		.uleb128 0x7
 2368 0045 34       		.uleb128 0x34
 2369 0046 00       		.byte	0
 2370 0047 03       		.uleb128 0x3
 2371 0048 0E       		.uleb128 0xe
 2372 0049 3A       		.uleb128 0x3a
 2373 004a 0B       		.uleb128 0xb
 2374 004b 3B       		.uleb128 0x3b
 2375 004c 0B       		.uleb128 0xb
 2376 004d 49       		.uleb128 0x49
 2377 004e 13       		.uleb128 0x13
 2378 004f 3F       		.uleb128 0x3f
 2379 0050 19       		.uleb128 0x19
 2380 0051 02       		.uleb128 0x2
 2381 0052 18       		.uleb128 0x18
 2382 0053 00       		.byte	0
 2383 0054 00       		.byte	0
 2384 0055 08       		.uleb128 0x8
 2385 0056 26       		.uleb128 0x26
 2386 0057 00       		.byte	0
 2387 0058 49       		.uleb128 0x49
 2388 0059 13       		.uleb128 0x13
 2389 005a 00       		.byte	0
 2390 005b 00       		.byte	0
ARM GAS  C:\Users\glenn\AppData\Local\Temp\cc7ZkeGk.s 			page 43


 2391 005c 09       		.uleb128 0x9
 2392 005d 21       		.uleb128 0x21
 2393 005e 00       		.byte	0
 2394 005f 49       		.uleb128 0x49
 2395 0060 13       		.uleb128 0x13
 2396 0061 2F       		.uleb128 0x2f
 2397 0062 05       		.uleb128 0x5
 2398 0063 00       		.byte	0
 2399 0064 00       		.byte	0
 2400 0065 0A       		.uleb128 0xa
 2401 0066 34       		.uleb128 0x34
 2402 0067 00       		.byte	0
 2403 0068 03       		.uleb128 0x3
 2404 0069 0E       		.uleb128 0xe
 2405 006a 3A       		.uleb128 0x3a
 2406 006b 0B       		.uleb128 0xb
 2407 006c 3B       		.uleb128 0x3b
 2408 006d 05       		.uleb128 0x5
 2409 006e 49       		.uleb128 0x49
 2410 006f 13       		.uleb128 0x13
 2411 0070 3F       		.uleb128 0x3f
 2412 0071 19       		.uleb128 0x19
 2413 0072 02       		.uleb128 0x2
 2414 0073 18       		.uleb128 0x18
 2415 0074 00       		.byte	0
 2416 0075 00       		.byte	0
 2417 0076 00       		.byte	0
 2418              		.section	.debug_aranges,"",%progbits
 2419 0000 14000000 		.4byte	0x14
 2420 0004 0200     		.2byte	0x2
 2421 0006 00000000 		.4byte	.Ldebug_info0
 2422 000a 04       		.byte	0x4
 2423 000b 00       		.byte	0
 2424 000c 0000     		.2byte	0
 2425 000e 0000     		.2byte	0
 2426 0010 00000000 		.4byte	0
 2427 0014 00000000 		.4byte	0
 2428              		.section	.debug_line,"",%progbits
 2429              	.Ldebug_line0:
 2430 0000 4F000000 		.section	.debug_str,"MS",%progbits,1
 2430      02004900 
 2430      00000201 
 2430      FB0E0D00 
 2430      01010101 
 2431              	.LASF19:
 2432 0000 474E5520 		.ascii	"GNU C 4.9.3 20150303 (release) [ARM/embedded-4_9-br"
 2432      4320342E 
 2432      392E3320 
 2432      32303135 
 2432      30333033 
 2433 0033 616E6368 		.ascii	"anch revision 221220] -mcpu=cortex-m3 -mthumb -g -O"
 2433      20726576 
 2433      6973696F 
 2433      6E203232 
 2433      31323230 
 2434 0066 30202D66 		.ascii	"0 -ffunction-sections -ffat-lto-objects\000"
 2434      66756E63 
ARM GAS  C:\Users\glenn\AppData\Local\Temp\cc7ZkeGk.s 			page 44


 2434      74696F6E 
 2434      2D736563 
 2434      74696F6E 
 2435              	.LASF20:
 2436 008e 2E5C4765 		.ascii	".\\Generated_Source\\PSoC5\\cymetadata.c\000"
 2436      6E657261 
 2436      7465645F 
 2436      536F7572 
 2436      63655C50 
 2437              	.LASF18:
 2438 00b4 63795F6D 		.ascii	"cy_metadata\000"
 2438      65746164 
 2438      61746100 
 2439              	.LASF9:
 2440 00c0 666C6F61 		.ascii	"float\000"
 2440      7400
 2441              	.LASF21:
 2442 00c6 433A5C55 		.ascii	"C:\\Users\\glenn\\OneDrive\\PSOC\\moisture_sensor\\"
 2442      73657273 
 2442      5C676C65 
 2442      6E6E5C4F 
 2442      6E654472 
 2443 00f3 5553425F 		.ascii	"USB_UART01.cydsn\000"
 2443      55415254 
 2443      30312E63 
 2443      7964736E 
 2443      00
 2444              	.LASF5:
 2445 0104 6C6F6E67 		.ascii	"long unsigned int\000"
 2445      20756E73 
 2445      69676E65 
 2445      6420696E 
 2445      7400
 2446              	.LASF3:
 2447 0116 73686F72 		.ascii	"short unsigned int\000"
 2447      7420756E 
 2447      7369676E 
 2447      65642069 
 2447      6E7400
 2448              	.LASF1:
 2449 0129 756E7369 		.ascii	"unsigned char\000"
 2449      676E6564 
 2449      20636861 
 2449      7200
 2450              	.LASF10:
 2451 0137 646F7562 		.ascii	"double\000"
 2451      6C6500
 2452              	.LASF14:
 2453 013e 63795F6D 		.ascii	"cy_meta_custnvl\000"
 2453      6574615F 
 2453      63757374 
 2453      6E766C00 
 2454              	.LASF13:
 2455 014e 63795F6D 		.ascii	"cy_meta_configecc\000"
 2455      6574615F 
 2455      636F6E66 
 2455      69676563 
ARM GAS  C:\Users\glenn\AppData\Local\Temp\cc7ZkeGk.s 			page 45


 2455      6300
 2456              	.LASF8:
 2457 0160 756E7369 		.ascii	"unsigned int\000"
 2457      676E6564 
 2457      20696E74 
 2457      00
 2458              	.LASF7:
 2459 016d 6C6F6E67 		.ascii	"long long unsigned int\000"
 2459      206C6F6E 
 2459      6720756E 
 2459      7369676E 
 2459      65642069 
 2460              	.LASF17:
 2461 0184 63795F6D 		.ascii	"cy_meta_flashprotect\000"
 2461      6574615F 
 2461      666C6173 
 2461      6870726F 
 2461      74656374 
 2462              	.LASF15:
 2463 0199 63795F6D 		.ascii	"cy_meta_wonvl\000"
 2463      6574615F 
 2463      776F6E76 
 2463      6C00
 2464              	.LASF12:
 2465 01a7 73697A65 		.ascii	"sizetype\000"
 2465      74797065 
 2465      00
 2466              	.LASF6:
 2467 01b0 6C6F6E67 		.ascii	"long long int\000"
 2467      206C6F6E 
 2467      6720696E 
 2467      7400
 2468              	.LASF11:
 2469 01be 63686172 		.ascii	"char\000"
 2469      00
 2470              	.LASF2:
 2471 01c3 73686F72 		.ascii	"short int\000"
 2471      7420696E 
 2471      7400
 2472              	.LASF22:
 2473 01cd 75696E74 		.ascii	"uint8\000"
 2473      3800
 2474              	.LASF4:
 2475 01d3 6C6F6E67 		.ascii	"long int\000"
 2475      20696E74 
 2475      00
 2476              	.LASF16:
 2477 01dc 63795F65 		.ascii	"cy_eeprom\000"
 2477      6570726F 
 2477      6D00
 2478              	.LASF0:
 2479 01e6 7369676E 		.ascii	"signed char\000"
 2479      65642063 
 2479      68617200 
 2480              		.ident	"GCC: (GNU Tools for ARM Embedded Processors) 4.9.3 20150303 (release) [ARM/embedded-4_9-br
