#***************************************************************************

#sjplacer

#Version:            1.1

#Build Date:         Apr 25 2016 12:55:34

#File Generated:     Sep 23 2016 19:02:49

#Purpose:            

#Copyright (C) 2010-2011 by Softjin Technologies Pvt Ltd. All rights reserved.

#***************************************************************************

Executing : C:\Program Files (x86)\Cypress\PSoC Creator\3.3\PSoC Creator\bin/sjplacer.exe --proj-name PSOC_5lp_moisture_sensor --netlist-vh2 PSOC_5lp_moisture_sensor_p.vh2 --arch-file C:\Program Files (x86)\Cypress\PSoC Creator\3.3\PSoC Creator\dev/arch/p35_udb4x6.ark --rrg-file C:\Program Files (x86)\Cypress\PSoC Creator\3.3\PSoC Creator\dev/psoc5/psoc5lp/route_arch-rrg.cydata --irq-file C:\Program Files (x86)\Cypress\PSoC Creator\3.3\PSoC Creator\dev/psoc5/psoc5lp/irqconn.cydata --drq-file C:\Program Files (x86)\Cypress\PSoC Creator\3.3\PSoC Creator\dev/psoc5/psoc5lp/dmaconn.cydata --dsi-conn-file C:\Program Files (x86)\Cypress\PSoC Creator\3.3\PSoC Creator\dev/psoc5/psoc5lp/dsiconn.cydata --pins-file pins_68-QFN.xml --lib-file PSOC_5lp_moisture_sensor_p.lib --sdc-file PSOC_5lp_moisture_sensor.sdc --io-pcf PSOC_5lp_moisture_sensor.pci --outdir .

		Softjin Techologies Placer, Version 1.1

Build Date : Apr 25 2016	12:53:53

D2004: Option and Settings Summary
=============================================================
Netlist vh2 file          - PSOC_5lp_moisture_sensor_p.vh2
Architecture file         - C:\Program Files (x86)\Cypress\PSoC Creator\3.3\PSoC Creator\dev/arch/p35_udb4x6.ark
Package                   - 
Defparam file             - 
SDC file                  - PSOC_5lp_moisture_sensor.sdc
Output directory          - .
Timing library            - PSOC_5lp_moisture_sensor_p.lib
IO Placement file         - PSOC_5lp_moisture_sensor.pci

D2050: Starting reading inputs for placer
=============================================================
D2065: Reading netlist file : "PSOC_5lp_moisture_sensor_p.vh2"
D2065: Reading arch file : "C:\Program Files (x86)\Cypress\PSoC Creator\3.3\PSoC Creator\dev/arch/p35_udb4x6.ark"
D2051: Reading of inputs for placer completed successfully

D2053: Starting placement of the design
=============================================================

Phase 2
Phase 3

Design Statistics after Packing
    Number of Combinational MCs 	:	12
    Number of Sequential MCs    	:	93
    Number of DPs               	:	3
    Number of Controls          	:	3
    Number of Status            	:	4
    Number of SyncCells         	:	1
    Number of count7cells       	:	2

Device Utilization Summary after Packing
    Macrocells                  :	105/192
    UDBS                        :	15/24
    IOs                         :	26/72


D2088: Phase 3, elapsed time : 0.0 (sec)

Phase 4
D2088: Phase 4, elapsed time : 0.0 (sec)

Phase 5
D2088: Phase 5, elapsed time : 0.0 (sec)

Phase 6

######################################################################
Placement Timing Summary

The timing summary is based on estimated routing delays after
placement. For final timing report, please carry out the timing
analysis after routing.
======================================================================

######################################################################
                     Clock Summary 
======================================================================
Number of clocks: 19
Clock: ADC_SAR_Seq_1_IntClock | Frequency:  27.7 MHz | Target:   1.6 MHz
Clock: ADC_SAR_Seq_1_IntClock(routed) | Frequency: N/A       | Target:   1.6 MHz
Clock: Clock_2              | Frequency: N/A       | Target:   0.0 MHz
Clock: CyBUS_CLK            | Frequency:  62.1 MHz | Target:  64.0 MHz
Clock: CyILO                | Frequency: N/A       | Target:   0.1 MHz
Clock: CyIMO                | Frequency: N/A       | Target:  24.0 MHz
Clock: CyMASTER_CLK         | Frequency: N/A       | Target:  64.0 MHz
Clock: CyPLL_OUT            | Frequency: N/A       | Target:  64.0 MHz
Clock: CyXTAL_32kHz         | Frequency: N/A       | Target:   0.0 MHz
Clock: SIGMA_A_D_Ext_CP_Clk | Frequency: N/A       | Target:  64.0 MHz
Clock: SIGMA_A_D_Ext_CP_Clk(routed) | Frequency: N/A       | Target:  64.0 MHz
Clock: SIGMA_A_D_theACLK    | Frequency: N/A       | Target:   3.0 MHz
Clock: SIGMA_A_D_theACLK(fixed-function) | Frequency: N/A       | Target:   3.0 MHz
Clock: UART_1_IntClock      | Frequency:  57.2 MHz | Target:   0.3 MHz
Clock: \SIGMA_A_D:DSM\/dec_clock | Frequency: N/A       | Target:   0.1 MHz
Clock: ad_process_clock_1   | Frequency: N/A       | Target:   0.0 MHz
Clock: ad_process_clock_1(routed) | Frequency: N/A       | Target:   0.0 MHz
Clock: modbus_symbol_clock  | Frequency: N/A       | Target:   0.0 MHz
Clock: modbus_symbol_clock(routed) | Frequency: N/A       | Target:   0.0 MHz

======================================================================
                     End of Clock Summary
######################################################################

D2088: Phase 6, elapsed time : 0.1 (sec)

Phase 7
######################################################################
                     Clock Summary 
======================================================================
Number of clocks: 19
Clock: ADC_SAR_Seq_1_IntClock | Frequency:   7.9 MHz | Target:   1.6 MHz
Clock: ADC_SAR_Seq_1_IntClock(routed) | Frequency: N/A       | Target:   1.6 MHz
Clock: Clock_2              | Frequency: N/A       | Target:   0.0 MHz
Clock: CyBUS_CLK            | Frequency:   7.9 MHz | Target:  64.0 MHz
Clock: CyILO                | Frequency: N/A       | Target:   0.1 MHz
Clock: CyIMO                | Frequency: N/A       | Target:  24.0 MHz
Clock: CyMASTER_CLK         | Frequency: N/A       | Target:  64.0 MHz
Clock: CyPLL_OUT            | Frequency: N/A       | Target:  64.0 MHz
Clock: CyXTAL_32kHz         | Frequency: N/A       | Target:   0.0 MHz
Clock: SIGMA_A_D_Ext_CP_Clk | Frequency: N/A       | Target:  64.0 MHz
Clock: SIGMA_A_D_Ext_CP_Clk(routed) | Frequency: N/A       | Target:  64.0 MHz
Clock: SIGMA_A_D_theACLK    | Frequency: N/A       | Target:   3.0 MHz
Clock: SIGMA_A_D_theACLK(fixed-function) | Frequency: N/A       | Target:   3.0 MHz
Clock: UART_1_IntClock      | Frequency:  53.6 MHz | Target:   0.3 MHz
Clock: \SIGMA_A_D:DSM\/dec_clock | Frequency: N/A       | Target:   0.1 MHz
Clock: ad_process_clock_1   | Frequency: N/A       | Target:   0.0 MHz
Clock: ad_process_clock_1(routed) | Frequency: N/A       | Target:   0.0 MHz
Clock: modbus_symbol_clock  | Frequency: N/A       | Target:   0.0 MHz
Clock: modbus_symbol_clock(routed) | Frequency: N/A       | Target:   0.0 MHz

======================================================================
                     End of Clock Summary
######################################################################
D2088: Phase 7, elapsed time : 3.8 (sec)

Final Design Statistics
    Number of Combinational MCs 	:	12
    Number of Sequential MCs    	:	93
    Number of DPs               	:	3
    Number of Controls          	:	3
    Number of Status            	:	4
    Number of SyncCells         	:	1
    Number of count7cells       	:	2
    Number of IOs       	:	26

Device Utilization Summary
    Macrocells                  :	105/192
    IOs                         :	26/72



######################################################################
Placement Timing Summary

The timing summary is based on estimated routing delays after
placement. For final timing report, please carry out the timing
analysis after routing.
======================================================================


######################################################################
                     Clock Summary 
======================================================================
Number of clocks: 19
Clock: ADC_SAR_Seq_1_IntClock | Frequency:   7.9 MHz | Target:   1.6 MHz
Clock: ADC_SAR_Seq_1_IntClock(routed) | Frequency: N/A       | Target:   1.6 MHz
Clock: Clock_2              | Frequency: N/A       | Target:   0.0 MHz
Clock: CyBUS_CLK            | Frequency:   7.9 MHz | Target:  64.0 MHz
Clock: CyILO                | Frequency: N/A       | Target:   0.1 MHz
Clock: CyIMO                | Frequency: N/A       | Target:  24.0 MHz
Clock: CyMASTER_CLK         | Frequency: N/A       | Target:  64.0 MHz
Clock: CyPLL_OUT            | Frequency: N/A       | Target:  64.0 MHz
Clock: CyXTAL_32kHz         | Frequency: N/A       | Target:   0.0 MHz
Clock: SIGMA_A_D_Ext_CP_Clk | Frequency: N/A       | Target:  64.0 MHz
Clock: SIGMA_A_D_Ext_CP_Clk(routed) | Frequency: N/A       | Target:  64.0 MHz
Clock: SIGMA_A_D_theACLK    | Frequency: N/A       | Target:   3.0 MHz
Clock: SIGMA_A_D_theACLK(fixed-function) | Frequency: N/A       | Target:   3.0 MHz
Clock: UART_1_IntClock      | Frequency:  50.6 MHz | Target:   0.3 MHz
Clock: \SIGMA_A_D:DSM\/dec_clock | Frequency: N/A       | Target:   0.1 MHz
Clock: ad_process_clock_1   | Frequency: N/A       | Target:   0.0 MHz
Clock: ad_process_clock_1(routed) | Frequency: N/A       | Target:   0.0 MHz
Clock: modbus_symbol_clock  | Frequency: N/A       | Target:   0.0 MHz
Clock: modbus_symbol_clock(routed) | Frequency: N/A       | Target:   0.0 MHz

======================================================================
                     End of Clock Summary
######################################################################

Phase 8
D2088: Phase 8, elapsed time : 0.0 (sec)

D2054: Placement of the design completed successfully

I2076: Total run-time: 4.9 sec.

