ARM GAS  C:\Users\glenn\AppData\Local\Temp\ccuar9lS.s 			page 1


   1              		.syntax unified
   2              		.cpu cortex-m3
   3              		.fpu softvfp
   4              		.eabi_attribute 20, 1
   5              		.eabi_attribute 21, 1
   6              		.eabi_attribute 23, 3
   7              		.eabi_attribute 24, 1
   8              		.eabi_attribute 25, 1
   9              		.eabi_attribute 26, 1
  10              		.eabi_attribute 30, 6
  11              		.eabi_attribute 34, 1
  12              		.eabi_attribute 18, 4
  13              		.thumb
  14              		.file	"die_temp.c"
  15              		.text
  16              	.Ltext0:
  17              		.cfi_sections	.debug_frame
  18              		.bss
  19              		.align	1
  20              	temp_die:
  21 0000 0000     		.space	2
  22 0002 0000     		.align	2
  23              	ma_die_temp:
  24 0004 00000000 		.space	12
  24      00000000 
  24      00000000 
  25              		.section	.text.die_get_temperature,"ax",%progbits
  26              		.align	2
  27              		.global	die_get_temperature
  28              		.thumb
  29              		.thumb_func
  30              		.type	die_get_temperature, %function
  31              	die_get_temperature:
  32              	.LFB65:
  33              		.file 1 ".\\Die_Temp\\die_temp.c"
   1:.\Die_Temp/die_temp.c **** /*
   2:.\Die_Temp/die_temp.c **** **
   3:.\Die_Temp/die_temp.c **** ** File: die_temp.c
   4:.\Die_Temp/die_temp.c **** **
   5:.\Die_Temp/die_temp.c **** **
   6:.\Die_Temp/die_temp.c **** */
   7:.\Die_Temp/die_temp.c **** 
   8:.\Die_Temp/die_temp.c **** #include <device.h>
   9:.\Die_Temp/die_temp.c **** #include "moving_average.h"
  10:.\Die_Temp/die_temp.c **** #include "cf_chain_flow_support.h" 
  11:.\Die_Temp/die_temp.c **** #include "cf_events.h"
  12:.\Die_Temp/die_temp.c **** #include "process_modbus_message.h"
  13:.\Die_Temp/die_temp.c **** 
  14:.\Die_Temp/die_temp.c **** #include "die_temp.h"
  15:.\Die_Temp/die_temp.c **** 
  16:.\Die_Temp/die_temp.c **** 
  17:.\Die_Temp/die_temp.c **** static uint16                   temp_die;
  18:.\Die_Temp/die_temp.c **** static MOVING_AVERAGE_STRUCT ma_die_temp;
  19:.\Die_Temp/die_temp.c **** 
  20:.\Die_Temp/die_temp.c **** uint16 die_get_temperature( void )
  21:.\Die_Temp/die_temp.c **** {
  34              		.loc 1 21 0
ARM GAS  C:\Users\glenn\AppData\Local\Temp\ccuar9lS.s 			page 2


  35              		.cfi_startproc
  36              		@ args = 0, pretend = 0, frame = 0
  37              		@ frame_needed = 1, uses_anonymous_args = 0
  38              		@ link register save eliminated.
  39 0000 80B4     		push	{r7}
  40              		.cfi_def_cfa_offset 4
  41              		.cfi_offset 7, -4
  42 0002 00AF     		add	r7, sp, #0
  43              		.cfi_def_cfa_register 7
  22:.\Die_Temp/die_temp.c ****     return temp_die;
  44              		.loc 1 22 0
  45 0004 034B     		ldr	r3, .L3
  46 0006 1B88     		ldrh	r3, [r3]
  23:.\Die_Temp/die_temp.c **** }
  47              		.loc 1 23 0
  48 0008 1846     		mov	r0, r3
  49 000a BD46     		mov	sp, r7
  50              		.cfi_def_cfa_register 13
  51              		@ sp needed
  52 000c 5DF8047B 		ldr	r7, [sp], #4
  53              		.cfi_restore 7
  54              		.cfi_def_cfa_offset 0
  55 0010 7047     		bx	lr
  56              	.L4:
  57 0012 00BF     		.align	2
  58              	.L3:
  59 0014 00000000 		.word	temp_die
  60              		.cfi_endproc
  61              	.LFE65:
  62              		.size	die_get_temperature, .-die_get_temperature
  63              		.section	.text.initialize_die_temp_measurement,"ax",%progbits
  64              		.align	2
  65              		.global	initialize_die_temp_measurement
  66              		.thumb
  67              		.thumb_func
  68              		.type	initialize_die_temp_measurement, %function
  69              	initialize_die_temp_measurement:
  70              	.LFB66:
  24:.\Die_Temp/die_temp.c **** 
  25:.\Die_Temp/die_temp.c **** 
  26:.\Die_Temp/die_temp.c **** 
  27:.\Die_Temp/die_temp.c **** int initialize_die_temp_measurement(unsigned link_id, unsigned param_1,
  28:.\Die_Temp/die_temp.c ****   unsigned param_2, unsigned param_3, unsigned event, unsigned data)
  29:.\Die_Temp/die_temp.c **** {
  71              		.loc 1 29 0
  72              		.cfi_startproc
  73              		@ args = 8, pretend = 0, frame = 16
  74              		@ frame_needed = 1, uses_anonymous_args = 0
  75 0000 80B5     		push	{r7, lr}
  76              		.cfi_def_cfa_offset 8
  77              		.cfi_offset 7, -8
  78              		.cfi_offset 14, -4
  79 0002 84B0     		sub	sp, sp, #16
  80              		.cfi_def_cfa_offset 24
  81 0004 00AF     		add	r7, sp, #0
  82              		.cfi_def_cfa_register 7
  83 0006 F860     		str	r0, [r7, #12]
ARM GAS  C:\Users\glenn\AppData\Local\Temp\ccuar9lS.s 			page 3


  84 0008 B960     		str	r1, [r7, #8]
  85 000a 7A60     		str	r2, [r7, #4]
  86 000c 3B60     		str	r3, [r7]
  30:.\Die_Temp/die_temp.c ****     ma_initialize( &ma_die_temp, .1,0 );
  87              		.loc 1 30 0
  88 000e 0548     		ldr	r0, .L7
  89 0010 0549     		ldr	r1, .L7+4
  90 0012 4FF00002 		mov	r2, #0
  91 0016 FFF7FEFF 		bl	ma_initialize
  31:.\Die_Temp/die_temp.c ****     return CF_DISABLE;
  92              		.loc 1 31 0
  93 001a 0223     		movs	r3, #2
  32:.\Die_Temp/die_temp.c **** }
  94              		.loc 1 32 0
  95 001c 1846     		mov	r0, r3
  96 001e 1037     		adds	r7, r7, #16
  97              		.cfi_def_cfa_offset 8
  98 0020 BD46     		mov	sp, r7
  99              		.cfi_def_cfa_register 13
 100              		@ sp needed
 101 0022 80BD     		pop	{r7, pc}
 102              	.L8:
 103              		.align	2
 104              	.L7:
 105 0024 04000000 		.word	ma_die_temp
 106 0028 CDCCCC3D 		.word	1036831949
 107              		.cfi_endproc
 108              	.LFE66:
 109              		.size	initialize_die_temp_measurement, .-initialize_die_temp_measurement
 110              		.global	__aeabi_i2f
 111              		.global	__aeabi_f2uiz
 112              		.section	.text.meaure_die_temperature,"ax",%progbits
 113              		.align	2
 114              		.global	meaure_die_temperature
 115              		.thumb
 116              		.thumb_func
 117              		.type	meaure_die_temperature, %function
 118              	meaure_die_temperature:
 119              	.LFB67:
  33:.\Die_Temp/die_temp.c **** 
  34:.\Die_Temp/die_temp.c **** int meaure_die_temperature(unsigned link_id, unsigned param_1,
  35:.\Die_Temp/die_temp.c ****   unsigned param_2, unsigned param_3, unsigned event, unsigned data)
  36:.\Die_Temp/die_temp.c **** {
 120              		.loc 1 36 0
 121              		.cfi_startproc
 122              		@ args = 8, pretend = 0, frame = 24
 123              		@ frame_needed = 1, uses_anonymous_args = 0
 124 0000 80B5     		push	{r7, lr}
 125              		.cfi_def_cfa_offset 8
 126              		.cfi_offset 7, -8
 127              		.cfi_offset 14, -4
 128 0002 86B0     		sub	sp, sp, #24
 129              		.cfi_def_cfa_offset 32
 130 0004 00AF     		add	r7, sp, #0
 131              		.cfi_def_cfa_register 7
 132 0006 F860     		str	r0, [r7, #12]
 133 0008 B960     		str	r1, [r7, #8]
ARM GAS  C:\Users\glenn\AppData\Local\Temp\ccuar9lS.s 			page 4


 134 000a 7A60     		str	r2, [r7, #4]
 135 000c 3B60     		str	r3, [r7]
  37:.\Die_Temp/die_temp.c ****     int16 temp;
  38:.\Die_Temp/die_temp.c ****     DieTemp_1_GetTemp(&temp);
 136              		.loc 1 38 0
 137 000e 07F11603 		add	r3, r7, #22
 138 0012 1846     		mov	r0, r3
 139 0014 FFF7FEFF 		bl	DieTemp_1_GetTemp
  39:.\Die_Temp/die_temp.c ****     temp = ((temp*9)/5)+32; 
 140              		.loc 1 39 0
 141 0018 FB8A     		ldrh	r3, [r7, #22]
 142 001a 1AB2     		sxth	r2, r3
 143 001c 1346     		mov	r3, r2
 144 001e DB00     		lsls	r3, r3, #3
 145 0020 1344     		add	r3, r3, r2
 146 0022 134A     		ldr	r2, .L11
 147 0024 82FB0312 		smull	r1, r2, r2, r3
 148 0028 5210     		asrs	r2, r2, #1
 149 002a DB17     		asrs	r3, r3, #31
 150 002c D31A     		subs	r3, r2, r3
 151 002e 9BB2     		uxth	r3, r3
 152 0030 2033     		adds	r3, r3, #32
 153 0032 9BB2     		uxth	r3, r3
 154 0034 9BB2     		uxth	r3, r3
 155 0036 FB82     		strh	r3, [r7, #22]	@ movhi
  40:.\Die_Temp/die_temp.c ****     temp_die = ma_update( &ma_die_temp, temp);
 156              		.loc 1 40 0
 157 0038 FB8A     		ldrh	r3, [r7, #22]
 158 003a 1BB2     		sxth	r3, r3
 159 003c 1846     		mov	r0, r3
 160 003e FFF7FEFF 		bl	__aeabi_i2f
 161 0042 0346     		mov	r3, r0
 162 0044 0B48     		ldr	r0, .L11+4
 163 0046 1946     		mov	r1, r3
 164 0048 FFF7FEFF 		bl	ma_update
 165 004c 0346     		mov	r3, r0
 166 004e 1846     		mov	r0, r3
 167 0050 FFF7FEFF 		bl	__aeabi_f2uiz
 168 0054 0346     		mov	r3, r0
 169 0056 9AB2     		uxth	r2, r3
 170 0058 074B     		ldr	r3, .L11+8
 171 005a 1A80     		strh	r2, [r3]	@ movhi
  41:.\Die_Temp/die_temp.c ****     store_modbus_data_registers( MOD_UNIT_TEMP, 1, &temp_die );
 172              		.loc 1 41 0
 173 005c 0120     		movs	r0, #1
 174 005e 0121     		movs	r1, #1
 175 0060 054A     		ldr	r2, .L11+8
 176 0062 FFF7FEFF 		bl	store_modbus_data_registers
  42:.\Die_Temp/die_temp.c **** 
  43:.\Die_Temp/die_temp.c ****     return CF_DISABLE;
 177              		.loc 1 43 0
 178 0066 0223     		movs	r3, #2
  44:.\Die_Temp/die_temp.c **** }...
 179              		.loc 1 44 0
 180 0068 1846     		mov	r0, r3
 181 006a 1837     		adds	r7, r7, #24
 182              		.cfi_def_cfa_offset 8
ARM GAS  C:\Users\glenn\AppData\Local\Temp\ccuar9lS.s 			page 5


 183 006c BD46     		mov	sp, r7
 184              		.cfi_def_cfa_register 13
 185              		@ sp needed
 186 006e 80BD     		pop	{r7, pc}
 187              	.L12:
 188              		.align	2
 189              	.L11:
 190 0070 67666666 		.word	1717986919
 191 0074 04000000 		.word	ma_die_temp
 192 0078 00000000 		.word	temp_die
 193              		.cfi_endproc
 194              	.LFE67:
 195              		.size	meaure_die_temperature, .-meaure_die_temperature
 196              		.text
 197              	.Letext0:
 198              		.file 2 "c:\\program files (x86)\\cypress\\psoc creator\\3.3\\psoc creator\\import\\gnu\\arm\\4.9.
 199              		.file 3 "c:\\program files (x86)\\cypress\\psoc creator\\3.3\\psoc creator\\import\\gnu\\arm\\4.9.
 200              		.file 4 "Generated_Source\\PSoC5/cytypes.h"
 201              		.file 5 ".\\utilities/moving_average.h"
 202              		.file 6 "Generated_Source\\PSoC5/core_cm3.h"
 203              		.file 7 ".\\rtu_modbus/process_modbus_message.h"
 204              		.section	.debug_info,"",%progbits
 205              	.Ldebug_info0:
 206 0000 3C020000 		.4byte	0x23c
 207 0004 0400     		.2byte	0x4
 208 0006 00000000 		.4byte	.Ldebug_abbrev0
 209 000a 04       		.byte	0x4
 210 000b 01       		.uleb128 0x1
 211 000c 2A000000 		.4byte	.LASF34
 212 0010 01       		.byte	0x1
 213 0011 6B020000 		.4byte	.LASF35
 214 0015 F1000000 		.4byte	.LASF36
 215 0019 00000000 		.4byte	.Ldebug_ranges0+0
 216 001d 00000000 		.4byte	0
 217 0021 00000000 		.4byte	.Ldebug_line0
 218 0025 02       		.uleb128 0x2
 219 0026 01       		.byte	0x1
 220 0027 06       		.byte	0x6
 221 0028 59020000 		.4byte	.LASF0
 222 002c 02       		.uleb128 0x2
 223 002d 01       		.byte	0x1
 224 002e 08       		.byte	0x8
 225 002f 6C010000 		.4byte	.LASF1
 226 0033 02       		.uleb128 0x2
 227 0034 02       		.byte	0x2
 228 0035 05       		.byte	0x5
 229 0036 46020000 		.4byte	.LASF2
 230 003a 02       		.uleb128 0x2
 231 003b 02       		.byte	0x2
 232 003c 07       		.byte	0x7
 233 003d 4C010000 		.4byte	.LASF3
 234 0041 03       		.uleb128 0x3
 235 0042 20000000 		.4byte	.LASF9
 236 0046 02       		.byte	0x2
 237 0047 3F       		.byte	0x3f
 238 0048 4C000000 		.4byte	0x4c
 239 004c 02       		.uleb128 0x2
ARM GAS  C:\Users\glenn\AppData\Local\Temp\ccuar9lS.s 			page 6


 240 004d 04       		.byte	0x4
 241 004e 05       		.byte	0x5
 242 004f 50020000 		.4byte	.LASF4
 243 0053 02       		.uleb128 0x2
 244 0054 04       		.byte	0x4
 245 0055 07       		.byte	0x7
 246 0056 35010000 		.4byte	.LASF5
 247 005a 02       		.uleb128 0x2
 248 005b 08       		.byte	0x8
 249 005c 05       		.byte	0x5
 250 005d 27020000 		.4byte	.LASF6
 251 0061 02       		.uleb128 0x2
 252 0062 08       		.byte	0x8
 253 0063 07       		.byte	0x7
 254 0064 D7010000 		.4byte	.LASF7
 255 0068 04       		.uleb128 0x4
 256 0069 04       		.byte	0x4
 257 006a 05       		.byte	0x5
 258 006b 696E7400 		.ascii	"int\000"
 259 006f 02       		.uleb128 0x2
 260 0070 04       		.byte	0x4
 261 0071 07       		.byte	0x7
 262 0072 CA010000 		.4byte	.LASF8
 263 0076 03       		.uleb128 0x3
 264 0077 BF000000 		.4byte	.LASF10
 265 007b 03       		.byte	0x3
 266 007c 2C       		.byte	0x2c
 267 007d 41000000 		.4byte	0x41
 268 0081 05       		.uleb128 0x5
 269 0082 A6010000 		.4byte	.LASF11
 270 0086 04       		.byte	0x4
 271 0087 9301     		.2byte	0x193
 272 0089 3A000000 		.4byte	0x3a
 273 008d 05       		.uleb128 0x5
 274 008e 2F010000 		.4byte	.LASF12
 275 0092 04       		.byte	0x4
 276 0093 9601     		.2byte	0x196
 277 0095 33000000 		.4byte	0x33
 278 0099 02       		.uleb128 0x2
 279 009a 04       		.byte	0x4
 280 009b 04       		.byte	0x4
 281 009c DD000000 		.4byte	.LASF13
 282 00a0 02       		.uleb128 0x2
 283 00a1 08       		.byte	0x8
 284 00a2 04       		.byte	0x4
 285 00a3 B8000000 		.4byte	.LASF14
 286 00a7 02       		.uleb128 0x2
 287 00a8 01       		.byte	0x1
 288 00a9 08       		.byte	0x8
 289 00aa 35020000 		.4byte	.LASF15
 290 00ae 02       		.uleb128 0x2
 291 00af 04       		.byte	0x4
 292 00b0 07       		.byte	0x7
 293 00b1 0A020000 		.4byte	.LASF16
 294 00b5 06       		.uleb128 0x6
 295 00b6 0C       		.byte	0xc
 296 00b7 05       		.byte	0x5
ARM GAS  C:\Users\glenn\AppData\Local\Temp\ccuar9lS.s 			page 7


 297 00b8 0C       		.byte	0xc
 298 00b9 E2000000 		.4byte	0xe2
 299 00bd 07       		.uleb128 0x7
 300 00be 65020000 		.4byte	.LASF17
 301 00c2 05       		.byte	0x5
 302 00c3 0E       		.byte	0xe
 303 00c4 99000000 		.4byte	0x99
 304 00c8 00       		.byte	0
 305 00c9 07       		.uleb128 0x7
 306 00ca 3A020000 		.4byte	.LASF18
 307 00ce 05       		.byte	0x5
 308 00cf 0F       		.byte	0xf
 309 00d0 99000000 		.4byte	0x99
 310 00d4 04       		.byte	0x4
 311 00d5 07       		.uleb128 0x7
 312 00d6 EE010000 		.4byte	.LASF19
 313 00da 05       		.byte	0x5
 314 00db 10       		.byte	0x10
 315 00dc 99000000 		.4byte	0x99
 316 00e0 08       		.byte	0x8
 317 00e1 00       		.byte	0
 318 00e2 03       		.uleb128 0x3
 319 00e3 C7000000 		.4byte	.LASF20
 320 00e7 05       		.byte	0x5
 321 00e8 11       		.byte	0x11
 322 00e9 B5000000 		.4byte	0xb5
 323 00ed 08       		.uleb128 0x8
 324 00ee 13020000 		.4byte	.LASF37
 325 00f2 01       		.byte	0x1
 326 00f3 14       		.byte	0x14
 327 00f4 81000000 		.4byte	0x81
 328 00f8 00000000 		.4byte	.LFB65
 329 00fc 18000000 		.4byte	.LFE65-.LFB65
 330 0100 01       		.uleb128 0x1
 331 0101 9C       		.byte	0x9c
 332 0102 09       		.uleb128 0x9
 333 0103 00000000 		.4byte	.LASF27
 334 0107 01       		.byte	0x1
 335 0108 1B       		.byte	0x1b
 336 0109 68000000 		.4byte	0x68
 337 010d 00000000 		.4byte	.LFB66
 338 0111 2C000000 		.4byte	.LFE66-.LFB66
 339 0115 01       		.uleb128 0x1
 340 0116 9C       		.byte	0x9c
 341 0117 70010000 		.4byte	0x170
 342 011b 0A       		.uleb128 0xa
 343 011c 9E010000 		.4byte	.LASF21
 344 0120 01       		.byte	0x1
 345 0121 1B       		.byte	0x1b
 346 0122 6F000000 		.4byte	0x6f
 347 0126 02       		.uleb128 0x2
 348 0127 91       		.byte	0x91
 349 0128 74       		.sleb128 -12
 350 0129 0A       		.uleb128 0xa
 351 012a 7A010000 		.4byte	.LASF22
 352 012e 01       		.byte	0x1
 353 012f 1B       		.byte	0x1b
ARM GAS  C:\Users\glenn\AppData\Local\Temp\ccuar9lS.s 			page 8


 354 0130 6F000000 		.4byte	0x6f
 355 0134 02       		.uleb128 0x2
 356 0135 91       		.byte	0x91
 357 0136 70       		.sleb128 -16
 358 0137 0A       		.uleb128 0xa
 359 0138 82010000 		.4byte	.LASF23
 360 013c 01       		.byte	0x1
 361 013d 1C       		.byte	0x1c
 362 013e 6F000000 		.4byte	0x6f
 363 0142 02       		.uleb128 0x2
 364 0143 91       		.byte	0x91
 365 0144 6C       		.sleb128 -20
 366 0145 0A       		.uleb128 0xa
 367 0146 8A010000 		.4byte	.LASF24
 368 014a 01       		.byte	0x1
 369 014b 1C       		.byte	0x1c
 370 014c 6F000000 		.4byte	0x6f
 371 0150 02       		.uleb128 0x2
 372 0151 91       		.byte	0x91
 373 0152 68       		.sleb128 -24
 374 0153 0A       		.uleb128 0xa
 375 0154 C4010000 		.4byte	.LASF25
 376 0158 01       		.byte	0x1
 377 0159 1C       		.byte	0x1c
 378 015a 6F000000 		.4byte	0x6f
 379 015e 02       		.uleb128 0x2
 380 015f 91       		.byte	0x91
 381 0160 00       		.sleb128 0
 382 0161 0A       		.uleb128 0xa
 383 0162 E3000000 		.4byte	.LASF26
 384 0166 01       		.byte	0x1
 385 0167 1C       		.byte	0x1c
 386 0168 6F000000 		.4byte	0x6f
 387 016c 02       		.uleb128 0x2
 388 016d 91       		.byte	0x91
 389 016e 04       		.sleb128 4
 390 016f 00       		.byte	0
 391 0170 09       		.uleb128 0x9
 392 0171 AD010000 		.4byte	.LASF28
 393 0175 01       		.byte	0x1
 394 0176 22       		.byte	0x22
 395 0177 68000000 		.4byte	0x68
 396 017b 00000000 		.4byte	.LFB67
 397 017f 7C000000 		.4byte	.LFE67-.LFB67
 398 0183 01       		.uleb128 0x1
 399 0184 9C       		.byte	0x9c
 400 0185 EC010000 		.4byte	0x1ec
 401 0189 0A       		.uleb128 0xa
 402 018a 9E010000 		.4byte	.LASF21
 403 018e 01       		.byte	0x1
 404 018f 22       		.byte	0x22
 405 0190 6F000000 		.4byte	0x6f
 406 0194 02       		.uleb128 0x2
 407 0195 91       		.byte	0x91
 408 0196 6C       		.sleb128 -20
 409 0197 0A       		.uleb128 0xa
 410 0198 7A010000 		.4byte	.LASF22
ARM GAS  C:\Users\glenn\AppData\Local\Temp\ccuar9lS.s 			page 9


 411 019c 01       		.byte	0x1
 412 019d 22       		.byte	0x22
 413 019e 6F000000 		.4byte	0x6f
 414 01a2 02       		.uleb128 0x2
 415 01a3 91       		.byte	0x91
 416 01a4 68       		.sleb128 -24
 417 01a5 0A       		.uleb128 0xa
 418 01a6 82010000 		.4byte	.LASF23
 419 01aa 01       		.byte	0x1
 420 01ab 23       		.byte	0x23
 421 01ac 6F000000 		.4byte	0x6f
 422 01b0 02       		.uleb128 0x2
 423 01b1 91       		.byte	0x91
 424 01b2 64       		.sleb128 -28
 425 01b3 0A       		.uleb128 0xa
 426 01b4 8A010000 		.4byte	.LASF24
 427 01b8 01       		.byte	0x1
 428 01b9 23       		.byte	0x23
 429 01ba 6F000000 		.4byte	0x6f
 430 01be 02       		.uleb128 0x2
 431 01bf 91       		.byte	0x91
 432 01c0 60       		.sleb128 -32
 433 01c1 0A       		.uleb128 0xa
 434 01c2 C4010000 		.4byte	.LASF25
 435 01c6 01       		.byte	0x1
 436 01c7 23       		.byte	0x23
 437 01c8 6F000000 		.4byte	0x6f
 438 01cc 02       		.uleb128 0x2
 439 01cd 91       		.byte	0x91
 440 01ce 00       		.sleb128 0
 441 01cf 0A       		.uleb128 0xa
 442 01d0 E3000000 		.4byte	.LASF26
 443 01d4 01       		.byte	0x1
 444 01d5 23       		.byte	0x23
 445 01d6 6F000000 		.4byte	0x6f
 446 01da 02       		.uleb128 0x2
 447 01db 91       		.byte	0x91
 448 01dc 04       		.sleb128 4
 449 01dd 0B       		.uleb128 0xb
 450 01de 47010000 		.4byte	.LASF29
 451 01e2 01       		.byte	0x1
 452 01e3 25       		.byte	0x25
 453 01e4 8D000000 		.4byte	0x8d
 454 01e8 02       		.uleb128 0x2
 455 01e9 91       		.byte	0x91
 456 01ea 76       		.sleb128 -10
 457 01eb 00       		.byte	0
 458 01ec 0B       		.uleb128 0xb
 459 01ed E8000000 		.4byte	.LASF30
 460 01f1 01       		.byte	0x1
 461 01f2 11       		.byte	0x11
 462 01f3 81000000 		.4byte	0x81
 463 01f7 05       		.uleb128 0x5
 464 01f8 03       		.byte	0x3
 465 01f9 00000000 		.4byte	temp_die
 466 01fd 0B       		.uleb128 0xb
 467 01fe 92010000 		.4byte	.LASF31
ARM GAS  C:\Users\glenn\AppData\Local\Temp\ccuar9lS.s 			page 10


 468 0202 01       		.byte	0x1
 469 0203 12       		.byte	0x12
 470 0204 E2000000 		.4byte	0xe2
 471 0208 05       		.uleb128 0x5
 472 0209 03       		.byte	0x3
 473 020a 04000000 		.4byte	ma_die_temp
 474 020e 0C       		.uleb128 0xc
 475 020f 5F010000 		.4byte	.LASF32
 476 0213 06       		.byte	0x6
 477 0214 9606     		.2byte	0x696
 478 0216 1A020000 		.4byte	0x21a
 479 021a 0D       		.uleb128 0xd
 480 021b 76000000 		.4byte	0x76
 481 021f 0E       		.uleb128 0xe
 482 0220 81000000 		.4byte	0x81
 483 0224 2F020000 		.4byte	0x22f
 484 0228 0F       		.uleb128 0xf
 485 0229 AE000000 		.4byte	0xae
 486 022d 01       		.byte	0x1
 487 022e 00       		.byte	0
 488 022f 10       		.uleb128 0x10
 489 0230 F6010000 		.4byte	.LASF33
 490 0234 07       		.byte	0x7
 491 0235 5E       		.byte	0x5e
 492 0236 3A020000 		.4byte	0x23a
 493 023a 11       		.uleb128 0x11
 494 023b 1F020000 		.4byte	0x21f
 495 023f 00       		.byte	0
 496              		.section	.debug_abbrev,"",%progbits
 497              	.Ldebug_abbrev0:
 498 0000 01       		.uleb128 0x1
 499 0001 11       		.uleb128 0x11
 500 0002 01       		.byte	0x1
 501 0003 25       		.uleb128 0x25
 502 0004 0E       		.uleb128 0xe
 503 0005 13       		.uleb128 0x13
 504 0006 0B       		.uleb128 0xb
 505 0007 03       		.uleb128 0x3
 506 0008 0E       		.uleb128 0xe
 507 0009 1B       		.uleb128 0x1b
 508 000a 0E       		.uleb128 0xe
 509 000b 55       		.uleb128 0x55
 510 000c 17       		.uleb128 0x17
 511 000d 11       		.uleb128 0x11
 512 000e 01       		.uleb128 0x1
 513 000f 10       		.uleb128 0x10
 514 0010 17       		.uleb128 0x17
 515 0011 00       		.byte	0
 516 0012 00       		.byte	0
 517 0013 02       		.uleb128 0x2
 518 0014 24       		.uleb128 0x24
 519 0015 00       		.byte	0
 520 0016 0B       		.uleb128 0xb
 521 0017 0B       		.uleb128 0xb
 522 0018 3E       		.uleb128 0x3e
 523 0019 0B       		.uleb128 0xb
 524 001a 03       		.uleb128 0x3
ARM GAS  C:\Users\glenn\AppData\Local\Temp\ccuar9lS.s 			page 11


 525 001b 0E       		.uleb128 0xe
 526 001c 00       		.byte	0
 527 001d 00       		.byte	0
 528 001e 03       		.uleb128 0x3
 529 001f 16       		.uleb128 0x16
 530 0020 00       		.byte	0
 531 0021 03       		.uleb128 0x3
 532 0022 0E       		.uleb128 0xe
 533 0023 3A       		.uleb128 0x3a
 534 0024 0B       		.uleb128 0xb
 535 0025 3B       		.uleb128 0x3b
 536 0026 0B       		.uleb128 0xb
 537 0027 49       		.uleb128 0x49
 538 0028 13       		.uleb128 0x13
 539 0029 00       		.byte	0
 540 002a 00       		.byte	0
 541 002b 04       		.uleb128 0x4
 542 002c 24       		.uleb128 0x24
 543 002d 00       		.byte	0
 544 002e 0B       		.uleb128 0xb
 545 002f 0B       		.uleb128 0xb
 546 0030 3E       		.uleb128 0x3e
 547 0031 0B       		.uleb128 0xb
 548 0032 03       		.uleb128 0x3
 549 0033 08       		.uleb128 0x8
 550 0034 00       		.byte	0
 551 0035 00       		.byte	0
 552 0036 05       		.uleb128 0x5
 553 0037 16       		.uleb128 0x16
 554 0038 00       		.byte	0
 555 0039 03       		.uleb128 0x3
 556 003a 0E       		.uleb128 0xe
 557 003b 3A       		.uleb128 0x3a
 558 003c 0B       		.uleb128 0xb
 559 003d 3B       		.uleb128 0x3b
 560 003e 05       		.uleb128 0x5
 561 003f 49       		.uleb128 0x49
 562 0040 13       		.uleb128 0x13
 563 0041 00       		.byte	0
 564 0042 00       		.byte	0
 565 0043 06       		.uleb128 0x6
 566 0044 13       		.uleb128 0x13
 567 0045 01       		.byte	0x1
 568 0046 0B       		.uleb128 0xb
 569 0047 0B       		.uleb128 0xb
 570 0048 3A       		.uleb128 0x3a
 571 0049 0B       		.uleb128 0xb
 572 004a 3B       		.uleb128 0x3b
 573 004b 0B       		.uleb128 0xb
 574 004c 01       		.uleb128 0x1
 575 004d 13       		.uleb128 0x13
 576 004e 00       		.byte	0
 577 004f 00       		.byte	0
 578 0050 07       		.uleb128 0x7
 579 0051 0D       		.uleb128 0xd
 580 0052 00       		.byte	0
 581 0053 03       		.uleb128 0x3
ARM GAS  C:\Users\glenn\AppData\Local\Temp\ccuar9lS.s 			page 12


 582 0054 0E       		.uleb128 0xe
 583 0055 3A       		.uleb128 0x3a
 584 0056 0B       		.uleb128 0xb
 585 0057 3B       		.uleb128 0x3b
 586 0058 0B       		.uleb128 0xb
 587 0059 49       		.uleb128 0x49
 588 005a 13       		.uleb128 0x13
 589 005b 38       		.uleb128 0x38
 590 005c 0B       		.uleb128 0xb
 591 005d 00       		.byte	0
 592 005e 00       		.byte	0
 593 005f 08       		.uleb128 0x8
 594 0060 2E       		.uleb128 0x2e
 595 0061 00       		.byte	0
 596 0062 3F       		.uleb128 0x3f
 597 0063 19       		.uleb128 0x19
 598 0064 03       		.uleb128 0x3
 599 0065 0E       		.uleb128 0xe
 600 0066 3A       		.uleb128 0x3a
 601 0067 0B       		.uleb128 0xb
 602 0068 3B       		.uleb128 0x3b
 603 0069 0B       		.uleb128 0xb
 604 006a 27       		.uleb128 0x27
 605 006b 19       		.uleb128 0x19
 606 006c 49       		.uleb128 0x49
 607 006d 13       		.uleb128 0x13
 608 006e 11       		.uleb128 0x11
 609 006f 01       		.uleb128 0x1
 610 0070 12       		.uleb128 0x12
 611 0071 06       		.uleb128 0x6
 612 0072 40       		.uleb128 0x40
 613 0073 18       		.uleb128 0x18
 614 0074 9742     		.uleb128 0x2117
 615 0076 19       		.uleb128 0x19
 616 0077 00       		.byte	0
 617 0078 00       		.byte	0
 618 0079 09       		.uleb128 0x9
 619 007a 2E       		.uleb128 0x2e
 620 007b 01       		.byte	0x1
 621 007c 3F       		.uleb128 0x3f
 622 007d 19       		.uleb128 0x19
 623 007e 03       		.uleb128 0x3
 624 007f 0E       		.uleb128 0xe
 625 0080 3A       		.uleb128 0x3a
 626 0081 0B       		.uleb128 0xb
 627 0082 3B       		.uleb128 0x3b
 628 0083 0B       		.uleb128 0xb
 629 0084 27       		.uleb128 0x27
 630 0085 19       		.uleb128 0x19
 631 0086 49       		.uleb128 0x49
 632 0087 13       		.uleb128 0x13
 633 0088 11       		.uleb128 0x11
 634 0089 01       		.uleb128 0x1
 635 008a 12       		.uleb128 0x12
 636 008b 06       		.uleb128 0x6
 637 008c 40       		.uleb128 0x40
 638 008d 18       		.uleb128 0x18
ARM GAS  C:\Users\glenn\AppData\Local\Temp\ccuar9lS.s 			page 13


 639 008e 9642     		.uleb128 0x2116
 640 0090 19       		.uleb128 0x19
 641 0091 01       		.uleb128 0x1
 642 0092 13       		.uleb128 0x13
 643 0093 00       		.byte	0
 644 0094 00       		.byte	0
 645 0095 0A       		.uleb128 0xa
 646 0096 05       		.uleb128 0x5
 647 0097 00       		.byte	0
 648 0098 03       		.uleb128 0x3
 649 0099 0E       		.uleb128 0xe
 650 009a 3A       		.uleb128 0x3a
 651 009b 0B       		.uleb128 0xb
 652 009c 3B       		.uleb128 0x3b
 653 009d 0B       		.uleb128 0xb
 654 009e 49       		.uleb128 0x49
 655 009f 13       		.uleb128 0x13
 656 00a0 02       		.uleb128 0x2
 657 00a1 18       		.uleb128 0x18
 658 00a2 00       		.byte	0
 659 00a3 00       		.byte	0
 660 00a4 0B       		.uleb128 0xb
 661 00a5 34       		.uleb128 0x34
 662 00a6 00       		.byte	0
 663 00a7 03       		.uleb128 0x3
 664 00a8 0E       		.uleb128 0xe
 665 00a9 3A       		.uleb128 0x3a
 666 00aa 0B       		.uleb128 0xb
 667 00ab 3B       		.uleb128 0x3b
 668 00ac 0B       		.uleb128 0xb
 669 00ad 49       		.uleb128 0x49
 670 00ae 13       		.uleb128 0x13
 671 00af 02       		.uleb128 0x2
 672 00b0 18       		.uleb128 0x18
 673 00b1 00       		.byte	0
 674 00b2 00       		.byte	0
 675 00b3 0C       		.uleb128 0xc
 676 00b4 34       		.uleb128 0x34
 677 00b5 00       		.byte	0
 678 00b6 03       		.uleb128 0x3
 679 00b7 0E       		.uleb128 0xe
 680 00b8 3A       		.uleb128 0x3a
 681 00b9 0B       		.uleb128 0xb
 682 00ba 3B       		.uleb128 0x3b
 683 00bb 05       		.uleb128 0x5
 684 00bc 49       		.uleb128 0x49
 685 00bd 13       		.uleb128 0x13
 686 00be 3F       		.uleb128 0x3f
 687 00bf 19       		.uleb128 0x19
 688 00c0 3C       		.uleb128 0x3c
 689 00c1 19       		.uleb128 0x19
 690 00c2 00       		.byte	0
 691 00c3 00       		.byte	0
 692 00c4 0D       		.uleb128 0xd
 693 00c5 35       		.uleb128 0x35
 694 00c6 00       		.byte	0
 695 00c7 49       		.uleb128 0x49
ARM GAS  C:\Users\glenn\AppData\Local\Temp\ccuar9lS.s 			page 14


 696 00c8 13       		.uleb128 0x13
 697 00c9 00       		.byte	0
 698 00ca 00       		.byte	0
 699 00cb 0E       		.uleb128 0xe
 700 00cc 01       		.uleb128 0x1
 701 00cd 01       		.byte	0x1
 702 00ce 49       		.uleb128 0x49
 703 00cf 13       		.uleb128 0x13
 704 00d0 01       		.uleb128 0x1
 705 00d1 13       		.uleb128 0x13
 706 00d2 00       		.byte	0
 707 00d3 00       		.byte	0
 708 00d4 0F       		.uleb128 0xf
 709 00d5 21       		.uleb128 0x21
 710 00d6 00       		.byte	0
 711 00d7 49       		.uleb128 0x49
 712 00d8 13       		.uleb128 0x13
 713 00d9 2F       		.uleb128 0x2f
 714 00da 0B       		.uleb128 0xb
 715 00db 00       		.byte	0
 716 00dc 00       		.byte	0
 717 00dd 10       		.uleb128 0x10
 718 00de 34       		.uleb128 0x34
 719 00df 00       		.byte	0
 720 00e0 03       		.uleb128 0x3
 721 00e1 0E       		.uleb128 0xe
 722 00e2 3A       		.uleb128 0x3a
 723 00e3 0B       		.uleb128 0xb
 724 00e4 3B       		.uleb128 0x3b
 725 00e5 0B       		.uleb128 0xb
 726 00e6 49       		.uleb128 0x49
 727 00e7 13       		.uleb128 0x13
 728 00e8 3F       		.uleb128 0x3f
 729 00e9 19       		.uleb128 0x19
 730 00ea 3C       		.uleb128 0x3c
 731 00eb 19       		.uleb128 0x19
 732 00ec 00       		.byte	0
 733 00ed 00       		.byte	0
 734 00ee 11       		.uleb128 0x11
 735 00ef 26       		.uleb128 0x26
 736 00f0 00       		.byte	0
 737 00f1 49       		.uleb128 0x49
 738 00f2 13       		.uleb128 0x13
 739 00f3 00       		.byte	0
 740 00f4 00       		.byte	0
 741 00f5 00       		.byte	0
 742              		.section	.debug_aranges,"",%progbits
 743 0000 2C000000 		.4byte	0x2c
 744 0004 0200     		.2byte	0x2
 745 0006 00000000 		.4byte	.Ldebug_info0
 746 000a 04       		.byte	0x4
 747 000b 00       		.byte	0
 748 000c 0000     		.2byte	0
 749 000e 0000     		.2byte	0
 750 0010 00000000 		.4byte	.LFB65
 751 0014 18000000 		.4byte	.LFE65-.LFB65
 752 0018 00000000 		.4byte	.LFB66
ARM GAS  C:\Users\glenn\AppData\Local\Temp\ccuar9lS.s 			page 15


 753 001c 2C000000 		.4byte	.LFE66-.LFB66
 754 0020 00000000 		.4byte	.LFB67
 755 0024 7C000000 		.4byte	.LFE67-.LFB67
 756 0028 00000000 		.4byte	0
 757 002c 00000000 		.4byte	0
 758              		.section	.debug_ranges,"",%progbits
 759              	.Ldebug_ranges0:
 760 0000 00000000 		.4byte	.LFB65
 761 0004 18000000 		.4byte	.LFE65
 762 0008 00000000 		.4byte	.LFB66
 763 000c 2C000000 		.4byte	.LFE66
 764 0010 00000000 		.4byte	.LFB67
 765 0014 7C000000 		.4byte	.LFE67
 766 0018 00000000 		.4byte	0
 767 001c 00000000 		.4byte	0
 768              		.section	.debug_line,"",%progbits
 769              	.Ldebug_line0:
 770 0000 DE010000 		.section	.debug_str,"MS",%progbits,1
 770      02009F01 
 770      00000201 
 770      FB0E0D00 
 770      01010101 
 771              	.LASF27:
 772 0000 696E6974 		.ascii	"initialize_die_temp_measurement\000"
 772      69616C69 
 772      7A655F64 
 772      69655F74 
 772      656D705F 
 773              	.LASF9:
 774 0020 5F5F696E 		.ascii	"__int32_t\000"
 774      7433325F 
 774      7400
 775              	.LASF34:
 776 002a 474E5520 		.ascii	"GNU C 4.9.3 20150303 (release) [ARM/embedded-4_9-br"
 776      4320342E 
 776      392E3320 
 776      32303135 
 776      30333033 
 777 005d 616E6368 		.ascii	"anch revision 221220] -mcpu=cortex-m3 -mthumb -g -O"
 777      20726576 
 777      6973696F 
 777      6E203232 
 777      31323230 
 778 0090 30202D66 		.ascii	"0 -ffunction-sections -ffat-lto-objects\000"
 778      66756E63 
 778      74696F6E 
 778      2D736563 
 778      74696F6E 
 779              	.LASF14:
 780 00b8 646F7562 		.ascii	"double\000"
 780      6C6500
 781              	.LASF10:
 782 00bf 696E7433 		.ascii	"int32_t\000"
 782      325F7400 
 783              	.LASF20:
 784 00c7 4D4F5649 		.ascii	"MOVING_AVERAGE_STRUCT\000"
 784      4E475F41 
ARM GAS  C:\Users\glenn\AppData\Local\Temp\ccuar9lS.s 			page 16


 784      56455241 
 784      47455F53 
 784      54525543 
 785              	.LASF13:
 786 00dd 666C6F61 		.ascii	"float\000"
 786      7400
 787              	.LASF26:
 788 00e3 64617461 		.ascii	"data\000"
 788      00
 789              	.LASF30:
 790 00e8 74656D70 		.ascii	"temp_die\000"
 790      5F646965 
 790      00
 791              	.LASF36:
 792 00f1 433A5C55 		.ascii	"C:\\Users\\glenn\\OneDrive\\PSOC\\moisture_sensor\\"
 792      73657273 
 792      5C676C65 
 792      6E6E5C4F 
 792      6E654472 
 793 011e 5553425F 		.ascii	"USB_UART01.cydsn\000"
 793      55415254 
 793      30312E63 
 793      7964736E 
 793      00
 794              	.LASF12:
 795 012f 696E7431 		.ascii	"int16\000"
 795      3600
 796              	.LASF5:
 797 0135 6C6F6E67 		.ascii	"long unsigned int\000"
 797      20756E73 
 797      69676E65 
 797      6420696E 
 797      7400
 798              	.LASF29:
 799 0147 74656D70 		.ascii	"temp\000"
 799      00
 800              	.LASF3:
 801 014c 73686F72 		.ascii	"short unsigned int\000"
 801      7420756E 
 801      7369676E 
 801      65642069 
 801      6E7400
 802              	.LASF32:
 803 015f 49544D5F 		.ascii	"ITM_RxBuffer\000"
 803      52784275 
 803      66666572 
 803      00
 804              	.LASF1:
 805 016c 756E7369 		.ascii	"unsigned char\000"
 805      676E6564 
 805      20636861 
 805      7200
 806              	.LASF22:
 807 017a 70617261 		.ascii	"param_1\000"
 807      6D5F3100 
 808              	.LASF23:
 809 0182 70617261 		.ascii	"param_2\000"
ARM GAS  C:\Users\glenn\AppData\Local\Temp\ccuar9lS.s 			page 17


 809      6D5F3200 
 810              	.LASF24:
 811 018a 70617261 		.ascii	"param_3\000"
 811      6D5F3300 
 812              	.LASF31:
 813 0192 6D615F64 		.ascii	"ma_die_temp\000"
 813      69655F74 
 813      656D7000 
 814              	.LASF21:
 815 019e 6C696E6B 		.ascii	"link_id\000"
 815      5F696400 
 816              	.LASF11:
 817 01a6 75696E74 		.ascii	"uint16\000"
 817      313600
 818              	.LASF28:
 819 01ad 6D656175 		.ascii	"meaure_die_temperature\000"
 819      72655F64 
 819      69655F74 
 819      656D7065 
 819      72617475 
 820              	.LASF25:
 821 01c4 6576656E 		.ascii	"event\000"
 821      7400
 822              	.LASF8:
 823 01ca 756E7369 		.ascii	"unsigned int\000"
 823      676E6564 
 823      20696E74 
 823      00
 824              	.LASF7:
 825 01d7 6C6F6E67 		.ascii	"long long unsigned int\000"
 825      206C6F6E 
 825      6720756E 
 825      7369676E 
 825      65642069 
 826              	.LASF19:
 827 01ee 61766572 		.ascii	"average\000"
 827      61676500 
 828              	.LASF33:
 829 01f6 6D6F6462 		.ascii	"modbus_address_data\000"
 829      75735F61 
 829      64647265 
 829      73735F64 
 829      61746100 
 830              	.LASF16:
 831 020a 73697A65 		.ascii	"sizetype\000"
 831      74797065 
 831      00
 832              	.LASF37:
 833 0213 6469655F 		.ascii	"die_get_temperature\000"
 833      6765745F 
 833      74656D70 
 833      65726174 
 833      75726500 
 834              	.LASF6:
 835 0227 6C6F6E67 		.ascii	"long long int\000"
 835      206C6F6E 
 835      6720696E 
ARM GAS  C:\Users\glenn\AppData\Local\Temp\ccuar9lS.s 			page 18


 835      7400
 836              	.LASF15:
 837 0235 63686172 		.ascii	"char\000"
 837      00
 838              	.LASF18:
 839 023a 6D696E75 		.ascii	"minus_alpha\000"
 839      735F616C 
 839      70686100 
 840              	.LASF2:
 841 0246 73686F72 		.ascii	"short int\000"
 841      7420696E 
 841      7400
 842              	.LASF4:
 843 0250 6C6F6E67 		.ascii	"long int\000"
 843      20696E74 
 843      00
 844              	.LASF0:
 845 0259 7369676E 		.ascii	"signed char\000"
 845      65642063 
 845      68617200 
 846              	.LASF17:
 847 0265 616C7068 		.ascii	"alpha\000"
 847      6100
 848              	.LASF35:
 849 026b 2E5C4469 		.ascii	".\\Die_Temp\\die_temp.c\000"
 849      655F5465 
 849      6D705C64 
 849      69655F74 
 849      656D702E 
 850              		.ident	"GCC: (GNU Tools for ARM Embedded Processors) 4.9.3 20150303 (release) [ARM/embedded-4_9-br
