ARM GAS  C:\Users\glenn\AppData\Local\Temp\ccAJeVoa.s 			page 1


   1              		.syntax unified
   2              		.cpu cortex-m3
   3              		.fpu softvfp
   4              		.eabi_attribute 20, 1
   5              		.eabi_attribute 21, 1
   6              		.eabi_attribute 23, 3
   7              		.eabi_attribute 24, 1
   8              		.eabi_attribute 25, 1
   9              		.eabi_attribute 26, 1
  10              		.eabi_attribute 30, 6
  11              		.eabi_attribute 34, 1
  12              		.eabi_attribute 18, 4
  13              		.thumb
  14              		.file	"eeprom_register_access.c"
  15              		.text
  16              	.Ltext0:
  17              		.cfi_sections	.debug_frame
  18              		.section	.text.EEPROM_read_registers,"ax",%progbits
  19              		.align	2
  20              		.global	EEPROM_read_registers
  21              		.thumb
  22              		.thumb_func
  23              		.type	EEPROM_read_registers, %function
  24              	EEPROM_read_registers:
  25              	.LFB63:
  26              		.file 1 ".\\utilities\\eeprom_register_access.c"
   1:.\utilities/eeprom_register_access.c **** /*
   2:.\utilities/eeprom_register_access.c **** **
   3:.\utilities/eeprom_register_access.c **** ** File: eeprom_register_access.c
   4:.\utilities/eeprom_register_access.c **** **
   5:.\utilities/eeprom_register_access.c **** **
   6:.\utilities/eeprom_register_access.c **** **
   7:.\utilities/eeprom_register_access.c **** */
   8:.\utilities/eeprom_register_access.c **** 
   9:.\utilities/eeprom_register_access.c **** #include <device.h>
  10:.\utilities/eeprom_register_access.c **** #include "eeprom_register_access.h"
  11:.\utilities/eeprom_register_access.c **** 
  12:.\utilities/eeprom_register_access.c **** 
  13:.\utilities/eeprom_register_access.c **** void EEPROM_read_registers( unsigned offset,  unsigned number, uint16 *buffer )
  14:.\utilities/eeprom_register_access.c **** {
  27              		.loc 1 14 0
  28              		.cfi_startproc
  29              		@ args = 0, pretend = 0, frame = 32
  30              		@ frame_needed = 1, uses_anonymous_args = 0
  31 0000 90B5     		push	{r4, r7, lr}
  32              		.cfi_def_cfa_offset 12
  33              		.cfi_offset 4, -12
  34              		.cfi_offset 7, -8
  35              		.cfi_offset 14, -4
  36 0002 89B0     		sub	sp, sp, #36
  37              		.cfi_def_cfa_offset 48
  38 0004 00AF     		add	r7, sp, #0
  39              		.cfi_def_cfa_register 7
  40 0006 F860     		str	r0, [r7, #12]
  41 0008 B960     		str	r1, [r7, #8]
  42 000a 7A60     		str	r2, [r7, #4]
  15:.\utilities/eeprom_register_access.c ****     
ARM GAS  C:\Users\glenn\AppData\Local\Temp\ccAJeVoa.s 			page 2


  16:.\utilities/eeprom_register_access.c ****     unsigned i;
  17:.\utilities/eeprom_register_access.c ****     unsigned byte_number;
  18:.\utilities/eeprom_register_access.c ****     uint8    *byte_pointer;
  19:.\utilities/eeprom_register_access.c ****     byte_number = number*2;
  43              		.loc 1 19 0
  44 000c BB68     		ldr	r3, [r7, #8]
  45 000e 5B00     		lsls	r3, r3, #1
  46 0010 7B61     		str	r3, [r7, #20]
  20:.\utilities/eeprom_register_access.c ****     
  21:.\utilities/eeprom_register_access.c ****     byte_pointer = (uint8 *)buffer;
  47              		.loc 1 21 0
  48 0012 7B68     		ldr	r3, [r7, #4]
  49 0014 BB61     		str	r3, [r7, #24]
  22:.\utilities/eeprom_register_access.c ****     for( i = 0; i < byte_number; i++)
  50              		.loc 1 22 0
  51 0016 0023     		movs	r3, #0
  52 0018 FB61     		str	r3, [r7, #28]
  53 001a 0EE0     		b	.L2
  54              	.L3:
  55              	.LBB2:
  23:.\utilities/eeprom_register_access.c ****     {
  24:.\utilities/eeprom_register_access.c ****       *byte_pointer++ =    EEPROM_1_ReadByte(offset++);
  56              		.loc 1 24 0 discriminator 3
  57 001c BC69     		ldr	r4, [r7, #24]
  58 001e 631C     		adds	r3, r4, #1
  59 0020 BB61     		str	r3, [r7, #24]
  60 0022 FB68     		ldr	r3, [r7, #12]
  61 0024 5A1C     		adds	r2, r3, #1
  62 0026 FA60     		str	r2, [r7, #12]
  63 0028 1846     		mov	r0, r3
  64 002a FFF7FEFF 		bl	EEPROM_1_ReadByte
  65 002e 0346     		mov	r3, r0
  66 0030 DBB2     		uxtb	r3, r3
  67 0032 2370     		strb	r3, [r4]
  68              	.LBE2:
  22:.\utilities/eeprom_register_access.c ****     for( i = 0; i < byte_number; i++)
  69              		.loc 1 22 0 discriminator 3
  70 0034 FB69     		ldr	r3, [r7, #28]
  71 0036 0133     		adds	r3, r3, #1
  72 0038 FB61     		str	r3, [r7, #28]
  73              	.L2:
  22:.\utilities/eeprom_register_access.c ****     for( i = 0; i < byte_number; i++)
  74              		.loc 1 22 0 is_stmt 0 discriminator 1
  75 003a FA69     		ldr	r2, [r7, #28]
  76 003c 7B69     		ldr	r3, [r7, #20]
  77 003e 9A42     		cmp	r2, r3
  78 0040 ECD3     		bcc	.L3
  25:.\utilities/eeprom_register_access.c ****     }
  26:.\utilities/eeprom_register_access.c ****    
  27:.\utilities/eeprom_register_access.c **** }
  79              		.loc 1 27 0 is_stmt 1
  80 0042 2437     		adds	r7, r7, #36
  81              		.cfi_def_cfa_offset 12
  82 0044 BD46     		mov	sp, r7
  83              		.cfi_def_cfa_register 13
  84              		@ sp needed
  85 0046 90BD     		pop	{r4, r7, pc}
ARM GAS  C:\Users\glenn\AppData\Local\Temp\ccAJeVoa.s 			page 3


  86              		.cfi_endproc
  87              	.LFE63:
  88              		.size	EEPROM_read_registers, .-EEPROM_read_registers
  89              		.section	.text.EEPROM_write_registers,"ax",%progbits
  90              		.align	2
  91              		.global	EEPROM_write_registers
  92              		.thumb
  93              		.thumb_func
  94              		.type	EEPROM_write_registers, %function
  95              	EEPROM_write_registers:
  96              	.LFB64:
  28:.\utilities/eeprom_register_access.c **** 
  29:.\utilities/eeprom_register_access.c **** 
  30:.\utilities/eeprom_register_access.c **** void EEPROM_write_registers( unsigned offset,  unsigned number, uint16 *buffer )
  31:.\utilities/eeprom_register_access.c **** {
  97              		.loc 1 31 0
  98              		.cfi_startproc
  99              		@ args = 0, pretend = 0, frame = 32
 100              		@ frame_needed = 1, uses_anonymous_args = 0
 101 0000 80B5     		push	{r7, lr}
 102              		.cfi_def_cfa_offset 8
 103              		.cfi_offset 7, -8
 104              		.cfi_offset 14, -4
 105 0002 88B0     		sub	sp, sp, #32
 106              		.cfi_def_cfa_offset 40
 107 0004 00AF     		add	r7, sp, #0
 108              		.cfi_def_cfa_register 7
 109 0006 F860     		str	r0, [r7, #12]
 110 0008 B960     		str	r1, [r7, #8]
 111 000a 7A60     		str	r2, [r7, #4]
  32:.\utilities/eeprom_register_access.c ****     unsigned i;
  33:.\utilities/eeprom_register_access.c ****     unsigned byte_number;
  34:.\utilities/eeprom_register_access.c ****     uint8    *byte_pointer;
  35:.\utilities/eeprom_register_access.c ****     
  36:.\utilities/eeprom_register_access.c ****     byte_number = number*2;
 112              		.loc 1 36 0
 113 000c BB68     		ldr	r3, [r7, #8]
 114 000e 5B00     		lsls	r3, r3, #1
 115 0010 7B61     		str	r3, [r7, #20]
  37:.\utilities/eeprom_register_access.c ****     byte_pointer = (uint8 *)buffer;
 116              		.loc 1 37 0
 117 0012 7B68     		ldr	r3, [r7, #4]
 118 0014 BB61     		str	r3, [r7, #24]
  38:.\utilities/eeprom_register_access.c ****     for( i = 0; i < byte_number; i++ )
 119              		.loc 1 38 0
 120 0016 0023     		movs	r3, #0
 121 0018 FB61     		str	r3, [r7, #28]
 122 001a 0EE0     		b	.L5
 123              	.L6:
 124              	.LBB3:
  39:.\utilities/eeprom_register_access.c ****     {
  40:.\utilities/eeprom_register_access.c ****        EEPROM_1_WriteByte( *byte_pointer++, offset++ );
 125              		.loc 1 40 0 discriminator 3
 126 001c BB69     		ldr	r3, [r7, #24]
 127 001e 5A1C     		adds	r2, r3, #1
 128 0020 BA61     		str	r2, [r7, #24]
 129 0022 1B78     		ldrb	r3, [r3]	@ zero_extendqisi2
ARM GAS  C:\Users\glenn\AppData\Local\Temp\ccAJeVoa.s 			page 4


 130 0024 1946     		mov	r1, r3
 131 0026 FB68     		ldr	r3, [r7, #12]
 132 0028 5A1C     		adds	r2, r3, #1
 133 002a FA60     		str	r2, [r7, #12]
 134 002c 0846     		mov	r0, r1
 135 002e 1946     		mov	r1, r3
 136 0030 FFF7FEFF 		bl	EEPROM_1_WriteByte
 137              	.LBE3:
  38:.\utilities/eeprom_register_access.c ****     for( i = 0; i < byte_number; i++ )
 138              		.loc 1 38 0 discriminator 3
 139 0034 FB69     		ldr	r3, [r7, #28]
 140 0036 0133     		adds	r3, r3, #1
 141 0038 FB61     		str	r3, [r7, #28]
 142              	.L5:
  38:.\utilities/eeprom_register_access.c ****     for( i = 0; i < byte_number; i++ )
 143              		.loc 1 38 0 is_stmt 0 discriminator 1
 144 003a FA69     		ldr	r2, [r7, #28]
 145 003c 7B69     		ldr	r3, [r7, #20]
 146 003e 9A42     		cmp	r2, r3
 147 0040 ECD3     		bcc	.L6
  41:.\utilities/eeprom_register_access.c ****     }
  42:.\utilities/eeprom_register_access.c ****   }...
 148              		.loc 1 42 0 is_stmt 1
 149 0042 2037     		adds	r7, r7, #32
 150              		.cfi_def_cfa_offset 8
 151 0044 BD46     		mov	sp, r7
 152              		.cfi_def_cfa_register 13
 153              		@ sp needed
 154 0046 80BD     		pop	{r7, pc}
 155              		.cfi_endproc
 156              	.LFE64:
 157              		.size	EEPROM_write_registers, .-EEPROM_write_registers
 158              		.text
 159              	.Letext0:
 160              		.file 2 "c:\\program files (x86)\\cypress\\psoc creator\\3.3\\psoc creator\\import\\gnu\\arm\\4.9.
 161              		.file 3 "c:\\program files (x86)\\cypress\\psoc creator\\3.3\\psoc creator\\import\\gnu\\arm\\4.9.
 162              		.file 4 "Generated_Source\\PSoC5/cytypes.h"
 163              		.file 5 "Generated_Source\\PSoC5/core_cm3.h"
 164              		.section	.debug_info,"",%progbits
 165              	.Ldebug_info0:
 166 0000 CD010000 		.4byte	0x1cd
 167 0004 0400     		.2byte	0x4
 168 0006 00000000 		.4byte	.Ldebug_abbrev0
 169 000a 04       		.byte	0x4
 170 000b 01       		.uleb128 0x1
 171 000c 97000000 		.4byte	.LASF26
 172 0010 01       		.byte	0x1
 173 0011 2C010000 		.4byte	.LASF27
 174 0015 CB010000 		.4byte	.LASF28
 175 0019 00000000 		.4byte	.Ldebug_ranges0+0
 176 001d 00000000 		.4byte	0
 177 0021 00000000 		.4byte	.Ldebug_line0
 178 0025 02       		.uleb128 0x2
 179 0026 01       		.byte	0x1
 180 0027 06       		.byte	0x6
 181 0028 41020000 		.4byte	.LASF0
 182 002c 02       		.uleb128 0x2
ARM GAS  C:\Users\glenn\AppData\Local\Temp\ccAJeVoa.s 			page 5


 183 002d 01       		.byte	0x1
 184 002e 08       		.byte	0x8
 185 002f 41000000 		.4byte	.LASF1
 186 0033 02       		.uleb128 0x2
 187 0034 02       		.byte	0x2
 188 0035 05       		.byte	0x5
 189 0036 21020000 		.4byte	.LASF2
 190 003a 02       		.uleb128 0x2
 191 003b 02       		.byte	0x2
 192 003c 07       		.byte	0x7
 193 003d 77000000 		.4byte	.LASF3
 194 0041 03       		.uleb128 0x3
 195 0042 0C000000 		.4byte	.LASF9
 196 0046 02       		.byte	0x2
 197 0047 3F       		.byte	0x3f
 198 0048 4C000000 		.4byte	0x4c
 199 004c 02       		.uleb128 0x2
 200 004d 04       		.byte	0x4
 201 004e 05       		.byte	0x5
 202 004f 38020000 		.4byte	.LASF4
 203 0053 02       		.uleb128 0x2
 204 0054 04       		.byte	0x4
 205 0055 07       		.byte	0x7
 206 0056 4F000000 		.4byte	.LASF5
 207 005a 02       		.uleb128 0x2
 208 005b 08       		.byte	0x8
 209 005c 05       		.byte	0x5
 210 005d B8010000 		.4byte	.LASF6
 211 0061 02       		.uleb128 0x2
 212 0062 08       		.byte	0x8
 213 0063 07       		.byte	0x7
 214 0064 7C010000 		.4byte	.LASF7
 215 0068 04       		.uleb128 0x4
 216 0069 04       		.byte	0x4
 217 006a 05       		.byte	0x5
 218 006b 696E7400 		.ascii	"int\000"
 219 006f 02       		.uleb128 0x2
 220 0070 04       		.byte	0x4
 221 0071 07       		.byte	0x7
 222 0072 58010000 		.4byte	.LASF8
 223 0076 03       		.uleb128 0x3
 224 0077 9A010000 		.4byte	.LASF10
 225 007b 03       		.byte	0x3
 226 007c 2C       		.byte	0x2c
 227 007d 41000000 		.4byte	0x41
 228 0081 05       		.uleb128 0x5
 229 0082 32020000 		.4byte	.LASF11
 230 0086 04       		.byte	0x4
 231 0087 9201     		.2byte	0x192
 232 0089 2C000000 		.4byte	0x2c
 233 008d 05       		.uleb128 0x5
 234 008e 51010000 		.4byte	.LASF12
 235 0092 04       		.byte	0x4
 236 0093 9301     		.2byte	0x193
 237 0095 3A000000 		.4byte	0x3a
 238 0099 02       		.uleb128 0x2
 239 009a 04       		.byte	0x4
ARM GAS  C:\Users\glenn\AppData\Local\Temp\ccAJeVoa.s 			page 6


 240 009b 04       		.byte	0x4
 241 009c 3B000000 		.4byte	.LASF13
 242 00a0 02       		.uleb128 0x2
 243 00a1 08       		.byte	0x8
 244 00a2 04       		.byte	0x4
 245 00a3 25010000 		.4byte	.LASF14
 246 00a7 02       		.uleb128 0x2
 247 00a8 01       		.byte	0x1
 248 00a9 08       		.byte	0x8
 249 00aa C6010000 		.4byte	.LASF15
 250 00ae 02       		.uleb128 0x2
 251 00af 04       		.byte	0x4
 252 00b0 07       		.byte	0x7
 253 00b1 A2010000 		.4byte	.LASF16
 254 00b5 06       		.uleb128 0x6
 255 00b6 61000000 		.4byte	.LASF22
 256 00ba 01       		.byte	0x1
 257 00bb 0D       		.byte	0xd
 258 00bc 00000000 		.4byte	.LFB63
 259 00c0 48000000 		.4byte	.LFE63-.LFB63
 260 00c4 01       		.uleb128 0x1
 261 00c5 9C       		.byte	0x9c
 262 00c6 34010000 		.4byte	0x134
 263 00ca 07       		.uleb128 0x7
 264 00cb 1A020000 		.4byte	.LASF17
 265 00cf 01       		.byte	0x1
 266 00d0 0D       		.byte	0xd
 267 00d1 6F000000 		.4byte	0x6f
 268 00d5 02       		.uleb128 0x2
 269 00d6 91       		.byte	0x91
 270 00d7 5C       		.sleb128 -36
 271 00d8 07       		.uleb128 0x7
 272 00d9 93010000 		.4byte	.LASF18
 273 00dd 01       		.byte	0x1
 274 00de 0D       		.byte	0xd
 275 00df 6F000000 		.4byte	0x6f
 276 00e3 02       		.uleb128 0x2
 277 00e4 91       		.byte	0x91
 278 00e5 58       		.sleb128 -40
 279 00e6 07       		.uleb128 0x7
 280 00e7 2B020000 		.4byte	.LASF19
 281 00eb 01       		.byte	0x1
 282 00ec 0D       		.byte	0xd
 283 00ed 34010000 		.4byte	0x134
 284 00f1 02       		.uleb128 0x2
 285 00f2 91       		.byte	0x91
 286 00f3 54       		.sleb128 -44
 287 00f4 08       		.uleb128 0x8
 288 00f5 6900     		.ascii	"i\000"
 289 00f7 01       		.byte	0x1
 290 00f8 10       		.byte	0x10
 291 00f9 6F000000 		.4byte	0x6f
 292 00fd 02       		.uleb128 0x2
 293 00fe 91       		.byte	0x91
 294 00ff 6C       		.sleb128 -20
 295 0100 09       		.uleb128 0x9
 296 0101 00000000 		.4byte	.LASF20
ARM GAS  C:\Users\glenn\AppData\Local\Temp\ccAJeVoa.s 			page 7


 297 0105 01       		.byte	0x1
 298 0106 11       		.byte	0x11
 299 0107 6F000000 		.4byte	0x6f
 300 010b 02       		.uleb128 0x2
 301 010c 91       		.byte	0x91
 302 010d 64       		.sleb128 -28
 303 010e 09       		.uleb128 0x9
 304 010f AB010000 		.4byte	.LASF21
 305 0113 01       		.byte	0x1
 306 0114 12       		.byte	0x12
 307 0115 3A010000 		.4byte	0x13a
 308 0119 02       		.uleb128 0x2
 309 011a 91       		.byte	0x91
 310 011b 68       		.sleb128 -24
 311 011c 0A       		.uleb128 0xa
 312 011d 1C000000 		.4byte	.LBB2
 313 0121 18000000 		.4byte	.LBE2-.LBB2
 314 0125 0B       		.uleb128 0xb
 315 0126 29000000 		.4byte	.LASF24
 316 012a 01       		.byte	0x1
 317 012b 18       		.byte	0x18
 318 012c 68000000 		.4byte	0x68
 319 0130 0C       		.uleb128 0xc
 320 0131 00       		.byte	0
 321 0132 00       		.byte	0
 322 0133 00       		.byte	0
 323 0134 0D       		.uleb128 0xd
 324 0135 04       		.byte	0x4
 325 0136 8D000000 		.4byte	0x8d
 326 013a 0D       		.uleb128 0xd
 327 013b 04       		.byte	0x4
 328 013c 81000000 		.4byte	0x81
 329 0140 06       		.uleb128 0x6
 330 0141 65010000 		.4byte	.LASF23
 331 0145 01       		.byte	0x1
 332 0146 1E       		.byte	0x1e
 333 0147 00000000 		.4byte	.LFB64
 334 014b 48000000 		.4byte	.LFE64-.LFB64
 335 014f 01       		.uleb128 0x1
 336 0150 9C       		.byte	0x9c
 337 0151 BF010000 		.4byte	0x1bf
 338 0155 07       		.uleb128 0x7
 339 0156 1A020000 		.4byte	.LASF17
 340 015a 01       		.byte	0x1
 341 015b 1E       		.byte	0x1e
 342 015c 6F000000 		.4byte	0x6f
 343 0160 02       		.uleb128 0x2
 344 0161 91       		.byte	0x91
 345 0162 64       		.sleb128 -28
 346 0163 07       		.uleb128 0x7
 347 0164 93010000 		.4byte	.LASF18
 348 0168 01       		.byte	0x1
 349 0169 1E       		.byte	0x1e
 350 016a 6F000000 		.4byte	0x6f
 351 016e 02       		.uleb128 0x2
 352 016f 91       		.byte	0x91
 353 0170 60       		.sleb128 -32
ARM GAS  C:\Users\glenn\AppData\Local\Temp\ccAJeVoa.s 			page 8


 354 0171 07       		.uleb128 0x7
 355 0172 2B020000 		.4byte	.LASF19
 356 0176 01       		.byte	0x1
 357 0177 1E       		.byte	0x1e
 358 0178 34010000 		.4byte	0x134
 359 017c 02       		.uleb128 0x2
 360 017d 91       		.byte	0x91
 361 017e 5C       		.sleb128 -36
 362 017f 08       		.uleb128 0x8
 363 0180 6900     		.ascii	"i\000"
 364 0182 01       		.byte	0x1
 365 0183 20       		.byte	0x20
 366 0184 6F000000 		.4byte	0x6f
 367 0188 02       		.uleb128 0x2
 368 0189 91       		.byte	0x91
 369 018a 74       		.sleb128 -12
 370 018b 09       		.uleb128 0x9
 371 018c 00000000 		.4byte	.LASF20
 372 0190 01       		.byte	0x1
 373 0191 21       		.byte	0x21
 374 0192 6F000000 		.4byte	0x6f
 375 0196 02       		.uleb128 0x2
 376 0197 91       		.byte	0x91
 377 0198 6C       		.sleb128 -20
 378 0199 09       		.uleb128 0x9
 379 019a AB010000 		.4byte	.LASF21
 380 019e 01       		.byte	0x1
 381 019f 22       		.byte	0x22
 382 01a0 3A010000 		.4byte	0x13a
 383 01a4 02       		.uleb128 0x2
 384 01a5 91       		.byte	0x91
 385 01a6 70       		.sleb128 -16
 386 01a7 0A       		.uleb128 0xa
 387 01a8 1C000000 		.4byte	.LBB3
 388 01ac 18000000 		.4byte	.LBE3-.LBB3
 389 01b0 0B       		.uleb128 0xb
 390 01b1 16000000 		.4byte	.LASF25
 391 01b5 01       		.byte	0x1
 392 01b6 28       		.byte	0x28
 393 01b7 68000000 		.4byte	0x68
 394 01bb 0C       		.uleb128 0xc
 395 01bc 00       		.byte	0
 396 01bd 00       		.byte	0
 397 01be 00       		.byte	0
 398 01bf 0E       		.uleb128 0xe
 399 01c0 8A000000 		.4byte	.LASF29
 400 01c4 05       		.byte	0x5
 401 01c5 9606     		.2byte	0x696
 402 01c7 CB010000 		.4byte	0x1cb
 403 01cb 0F       		.uleb128 0xf
 404 01cc 76000000 		.4byte	0x76
 405 01d0 00       		.byte	0
 406              		.section	.debug_abbrev,"",%progbits
 407              	.Ldebug_abbrev0:
 408 0000 01       		.uleb128 0x1
 409 0001 11       		.uleb128 0x11
 410 0002 01       		.byte	0x1
ARM GAS  C:\Users\glenn\AppData\Local\Temp\ccAJeVoa.s 			page 9


 411 0003 25       		.uleb128 0x25
 412 0004 0E       		.uleb128 0xe
 413 0005 13       		.uleb128 0x13
 414 0006 0B       		.uleb128 0xb
 415 0007 03       		.uleb128 0x3
 416 0008 0E       		.uleb128 0xe
 417 0009 1B       		.uleb128 0x1b
 418 000a 0E       		.uleb128 0xe
 419 000b 55       		.uleb128 0x55
 420 000c 17       		.uleb128 0x17
 421 000d 11       		.uleb128 0x11
 422 000e 01       		.uleb128 0x1
 423 000f 10       		.uleb128 0x10
 424 0010 17       		.uleb128 0x17
 425 0011 00       		.byte	0
 426 0012 00       		.byte	0
 427 0013 02       		.uleb128 0x2
 428 0014 24       		.uleb128 0x24
 429 0015 00       		.byte	0
 430 0016 0B       		.uleb128 0xb
 431 0017 0B       		.uleb128 0xb
 432 0018 3E       		.uleb128 0x3e
 433 0019 0B       		.uleb128 0xb
 434 001a 03       		.uleb128 0x3
 435 001b 0E       		.uleb128 0xe
 436 001c 00       		.byte	0
 437 001d 00       		.byte	0
 438 001e 03       		.uleb128 0x3
 439 001f 16       		.uleb128 0x16
 440 0020 00       		.byte	0
 441 0021 03       		.uleb128 0x3
 442 0022 0E       		.uleb128 0xe
 443 0023 3A       		.uleb128 0x3a
 444 0024 0B       		.uleb128 0xb
 445 0025 3B       		.uleb128 0x3b
 446 0026 0B       		.uleb128 0xb
 447 0027 49       		.uleb128 0x49
 448 0028 13       		.uleb128 0x13
 449 0029 00       		.byte	0
 450 002a 00       		.byte	0
 451 002b 04       		.uleb128 0x4
 452 002c 24       		.uleb128 0x24
 453 002d 00       		.byte	0
 454 002e 0B       		.uleb128 0xb
 455 002f 0B       		.uleb128 0xb
 456 0030 3E       		.uleb128 0x3e
 457 0031 0B       		.uleb128 0xb
 458 0032 03       		.uleb128 0x3
 459 0033 08       		.uleb128 0x8
 460 0034 00       		.byte	0
 461 0035 00       		.byte	0
 462 0036 05       		.uleb128 0x5
 463 0037 16       		.uleb128 0x16
 464 0038 00       		.byte	0
 465 0039 03       		.uleb128 0x3
 466 003a 0E       		.uleb128 0xe
 467 003b 3A       		.uleb128 0x3a
ARM GAS  C:\Users\glenn\AppData\Local\Temp\ccAJeVoa.s 			page 10


 468 003c 0B       		.uleb128 0xb
 469 003d 3B       		.uleb128 0x3b
 470 003e 05       		.uleb128 0x5
 471 003f 49       		.uleb128 0x49
 472 0040 13       		.uleb128 0x13
 473 0041 00       		.byte	0
 474 0042 00       		.byte	0
 475 0043 06       		.uleb128 0x6
 476 0044 2E       		.uleb128 0x2e
 477 0045 01       		.byte	0x1
 478 0046 3F       		.uleb128 0x3f
 479 0047 19       		.uleb128 0x19
 480 0048 03       		.uleb128 0x3
 481 0049 0E       		.uleb128 0xe
 482 004a 3A       		.uleb128 0x3a
 483 004b 0B       		.uleb128 0xb
 484 004c 3B       		.uleb128 0x3b
 485 004d 0B       		.uleb128 0xb
 486 004e 27       		.uleb128 0x27
 487 004f 19       		.uleb128 0x19
 488 0050 11       		.uleb128 0x11
 489 0051 01       		.uleb128 0x1
 490 0052 12       		.uleb128 0x12
 491 0053 06       		.uleb128 0x6
 492 0054 40       		.uleb128 0x40
 493 0055 18       		.uleb128 0x18
 494 0056 9642     		.uleb128 0x2116
 495 0058 19       		.uleb128 0x19
 496 0059 01       		.uleb128 0x1
 497 005a 13       		.uleb128 0x13
 498 005b 00       		.byte	0
 499 005c 00       		.byte	0
 500 005d 07       		.uleb128 0x7
 501 005e 05       		.uleb128 0x5
 502 005f 00       		.byte	0
 503 0060 03       		.uleb128 0x3
 504 0061 0E       		.uleb128 0xe
 505 0062 3A       		.uleb128 0x3a
 506 0063 0B       		.uleb128 0xb
 507 0064 3B       		.uleb128 0x3b
 508 0065 0B       		.uleb128 0xb
 509 0066 49       		.uleb128 0x49
 510 0067 13       		.uleb128 0x13
 511 0068 02       		.uleb128 0x2
 512 0069 18       		.uleb128 0x18
 513 006a 00       		.byte	0
 514 006b 00       		.byte	0
 515 006c 08       		.uleb128 0x8
 516 006d 34       		.uleb128 0x34
 517 006e 00       		.byte	0
 518 006f 03       		.uleb128 0x3
 519 0070 08       		.uleb128 0x8
 520 0071 3A       		.uleb128 0x3a
 521 0072 0B       		.uleb128 0xb
 522 0073 3B       		.uleb128 0x3b
 523 0074 0B       		.uleb128 0xb
 524 0075 49       		.uleb128 0x49
ARM GAS  C:\Users\glenn\AppData\Local\Temp\ccAJeVoa.s 			page 11


 525 0076 13       		.uleb128 0x13
 526 0077 02       		.uleb128 0x2
 527 0078 18       		.uleb128 0x18
 528 0079 00       		.byte	0
 529 007a 00       		.byte	0
 530 007b 09       		.uleb128 0x9
 531 007c 34       		.uleb128 0x34
 532 007d 00       		.byte	0
 533 007e 03       		.uleb128 0x3
 534 007f 0E       		.uleb128 0xe
 535 0080 3A       		.uleb128 0x3a
 536 0081 0B       		.uleb128 0xb
 537 0082 3B       		.uleb128 0x3b
 538 0083 0B       		.uleb128 0xb
 539 0084 49       		.uleb128 0x49
 540 0085 13       		.uleb128 0x13
 541 0086 02       		.uleb128 0x2
 542 0087 18       		.uleb128 0x18
 543 0088 00       		.byte	0
 544 0089 00       		.byte	0
 545 008a 0A       		.uleb128 0xa
 546 008b 0B       		.uleb128 0xb
 547 008c 01       		.byte	0x1
 548 008d 11       		.uleb128 0x11
 549 008e 01       		.uleb128 0x1
 550 008f 12       		.uleb128 0x12
 551 0090 06       		.uleb128 0x6
 552 0091 00       		.byte	0
 553 0092 00       		.byte	0
 554 0093 0B       		.uleb128 0xb
 555 0094 2E       		.uleb128 0x2e
 556 0095 01       		.byte	0x1
 557 0096 3F       		.uleb128 0x3f
 558 0097 19       		.uleb128 0x19
 559 0098 03       		.uleb128 0x3
 560 0099 0E       		.uleb128 0xe
 561 009a 3A       		.uleb128 0x3a
 562 009b 0B       		.uleb128 0xb
 563 009c 3B       		.uleb128 0x3b
 564 009d 0B       		.uleb128 0xb
 565 009e 49       		.uleb128 0x49
 566 009f 13       		.uleb128 0x13
 567 00a0 3C       		.uleb128 0x3c
 568 00a1 19       		.uleb128 0x19
 569 00a2 00       		.byte	0
 570 00a3 00       		.byte	0
 571 00a4 0C       		.uleb128 0xc
 572 00a5 18       		.uleb128 0x18
 573 00a6 00       		.byte	0
 574 00a7 00       		.byte	0
 575 00a8 00       		.byte	0
 576 00a9 0D       		.uleb128 0xd
 577 00aa 0F       		.uleb128 0xf
 578 00ab 00       		.byte	0
 579 00ac 0B       		.uleb128 0xb
 580 00ad 0B       		.uleb128 0xb
 581 00ae 49       		.uleb128 0x49
ARM GAS  C:\Users\glenn\AppData\Local\Temp\ccAJeVoa.s 			page 12


 582 00af 13       		.uleb128 0x13
 583 00b0 00       		.byte	0
 584 00b1 00       		.byte	0
 585 00b2 0E       		.uleb128 0xe
 586 00b3 34       		.uleb128 0x34
 587 00b4 00       		.byte	0
 588 00b5 03       		.uleb128 0x3
 589 00b6 0E       		.uleb128 0xe
 590 00b7 3A       		.uleb128 0x3a
 591 00b8 0B       		.uleb128 0xb
 592 00b9 3B       		.uleb128 0x3b
 593 00ba 05       		.uleb128 0x5
 594 00bb 49       		.uleb128 0x49
 595 00bc 13       		.uleb128 0x13
 596 00bd 3F       		.uleb128 0x3f
 597 00be 19       		.uleb128 0x19
 598 00bf 3C       		.uleb128 0x3c
 599 00c0 19       		.uleb128 0x19
 600 00c1 00       		.byte	0
 601 00c2 00       		.byte	0
 602 00c3 0F       		.uleb128 0xf
 603 00c4 35       		.uleb128 0x35
 604 00c5 00       		.byte	0
 605 00c6 49       		.uleb128 0x49
 606 00c7 13       		.uleb128 0x13
 607 00c8 00       		.byte	0
 608 00c9 00       		.byte	0
 609 00ca 00       		.byte	0
 610              		.section	.debug_aranges,"",%progbits
 611 0000 24000000 		.4byte	0x24
 612 0004 0200     		.2byte	0x2
 613 0006 00000000 		.4byte	.Ldebug_info0
 614 000a 04       		.byte	0x4
 615 000b 00       		.byte	0
 616 000c 0000     		.2byte	0
 617 000e 0000     		.2byte	0
 618 0010 00000000 		.4byte	.LFB63
 619 0014 48000000 		.4byte	.LFE63-.LFB63
 620 0018 00000000 		.4byte	.LFB64
 621 001c 48000000 		.4byte	.LFE64-.LFB64
 622 0020 00000000 		.4byte	0
 623 0024 00000000 		.4byte	0
 624              		.section	.debug_ranges,"",%progbits
 625              	.Ldebug_ranges0:
 626 0000 00000000 		.4byte	.LFB63
 627 0004 48000000 		.4byte	.LFE63
 628 0008 00000000 		.4byte	.LFB64
 629 000c 48000000 		.4byte	.LFE64
 630 0010 00000000 		.4byte	0
 631 0014 00000000 		.4byte	0
 632              		.section	.debug_line,"",%progbits
 633              	.Ldebug_line0:
 634 0000 B3010000 		.section	.debug_str,"MS",%progbits,1
 634      02006501 
 634      00000201 
 634      FB0E0D00 
 634      01010101 
ARM GAS  C:\Users\glenn\AppData\Local\Temp\ccAJeVoa.s 			page 13


 635              	.LASF20:
 636 0000 62797465 		.ascii	"byte_number\000"
 636      5F6E756D 
 636      62657200 
 637              	.LASF9:
 638 000c 5F5F696E 		.ascii	"__int32_t\000"
 638      7433325F 
 638      7400
 639              	.LASF25:
 640 0016 45455052 		.ascii	"EEPROM_1_WriteByte\000"
 640      4F4D5F31 
 640      5F577269 
 640      74654279 
 640      746500
 641              	.LASF24:
 642 0029 45455052 		.ascii	"EEPROM_1_ReadByte\000"
 642      4F4D5F31 
 642      5F526561 
 642      64427974 
 642      6500
 643              	.LASF13:
 644 003b 666C6F61 		.ascii	"float\000"
 644      7400
 645              	.LASF1:
 646 0041 756E7369 		.ascii	"unsigned char\000"
 646      676E6564 
 646      20636861 
 646      7200
 647              	.LASF5:
 648 004f 6C6F6E67 		.ascii	"long unsigned int\000"
 648      20756E73 
 648      69676E65 
 648      6420696E 
 648      7400
 649              	.LASF22:
 650 0061 45455052 		.ascii	"EEPROM_read_registers\000"
 650      4F4D5F72 
 650      6561645F 
 650      72656769 
 650      73746572 
 651              	.LASF3:
 652 0077 73686F72 		.ascii	"short unsigned int\000"
 652      7420756E 
 652      7369676E 
 652      65642069 
 652      6E7400
 653              	.LASF29:
 654 008a 49544D5F 		.ascii	"ITM_RxBuffer\000"
 654      52784275 
 654      66666572 
 654      00
 655              	.LASF26:
 656 0097 474E5520 		.ascii	"GNU C 4.9.3 20150303 (release) [ARM/embedded-4_9-br"
 656      4320342E 
 656      392E3320 
 656      32303135 
 656      30333033 
ARM GAS  C:\Users\glenn\AppData\Local\Temp\ccAJeVoa.s 			page 14


 657 00ca 616E6368 		.ascii	"anch revision 221220] -mcpu=cortex-m3 -mthumb -g -O"
 657      20726576 
 657      6973696F 
 657      6E203232 
 657      31323230 
 658 00fd 30202D66 		.ascii	"0 -ffunction-sections -ffat-lto-objects\000"
 658      66756E63 
 658      74696F6E 
 658      2D736563 
 658      74696F6E 
 659              	.LASF14:
 660 0125 646F7562 		.ascii	"double\000"
 660      6C6500
 661              	.LASF27:
 662 012c 2E5C7574 		.ascii	".\\utilities\\eeprom_register_access.c\000"
 662      696C6974 
 662      6965735C 
 662      65657072 
 662      6F6D5F72 
 663              	.LASF12:
 664 0151 75696E74 		.ascii	"uint16\000"
 664      313600
 665              	.LASF8:
 666 0158 756E7369 		.ascii	"unsigned int\000"
 666      676E6564 
 666      20696E74 
 666      00
 667              	.LASF23:
 668 0165 45455052 		.ascii	"EEPROM_write_registers\000"
 668      4F4D5F77 
 668      72697465 
 668      5F726567 
 668      69737465 
 669              	.LASF7:
 670 017c 6C6F6E67 		.ascii	"long long unsigned int\000"
 670      206C6F6E 
 670      6720756E 
 670      7369676E 
 670      65642069 
 671              	.LASF18:
 672 0193 6E756D62 		.ascii	"number\000"
 672      657200
 673              	.LASF10:
 674 019a 696E7433 		.ascii	"int32_t\000"
 674      325F7400 
 675              	.LASF16:
 676 01a2 73697A65 		.ascii	"sizetype\000"
 676      74797065 
 676      00
 677              	.LASF21:
 678 01ab 62797465 		.ascii	"byte_pointer\000"
 678      5F706F69 
 678      6E746572 
 678      00
 679              	.LASF6:
 680 01b8 6C6F6E67 		.ascii	"long long int\000"
 680      206C6F6E 
ARM GAS  C:\Users\glenn\AppData\Local\Temp\ccAJeVoa.s 			page 15


 680      6720696E 
 680      7400
 681              	.LASF15:
 682 01c6 63686172 		.ascii	"char\000"
 682      00
 683              	.LASF28:
 684 01cb 433A5C55 		.ascii	"C:\\Users\\glenn\\OneDrive\\PSOC\\psoc-5lp\\5lp-rtu"
 684      73657273 
 684      5C676C65 
 684      6E6E5C4F 
 684      6E654472 
 685 01f8 5C637572 		.ascii	"\\current_monitor\\USB_UART01.cydsn\000"
 685      72656E74 
 685      5F6D6F6E 
 685      69746F72 
 685      5C555342 
 686              	.LASF17:
 687 021a 6F666673 		.ascii	"offset\000"
 687      657400
 688              	.LASF2:
 689 0221 73686F72 		.ascii	"short int\000"
 689      7420696E 
 689      7400
 690              	.LASF19:
 691 022b 62756666 		.ascii	"buffer\000"
 691      657200
 692              	.LASF11:
 693 0232 75696E74 		.ascii	"uint8\000"
 693      3800
 694              	.LASF4:
 695 0238 6C6F6E67 		.ascii	"long int\000"
 695      20696E74 
 695      00
 696              	.LASF0:
 697 0241 7369676E 		.ascii	"signed char\000"
 697      65642063 
 697      68617200 
 698              		.ident	"GCC: (GNU Tools for ARM Embedded Processors) 4.9.3 20150303 (release) [ARM/embedded-4_9-br
