ARM GAS  C:\Users\glenn\AppData\Local\Temp\ccec8Zvv.s 			page 1


   1              		.syntax unified
   2              		.cpu cortex-m3
   3              		.fpu softvfp
   4              		.eabi_attribute 20, 1
   5              		.eabi_attribute 21, 1
   6              		.eabi_attribute 23, 3
   7              		.eabi_attribute 24, 1
   8              		.eabi_attribute 25, 1
   9              		.eabi_attribute 26, 1
  10              		.eabi_attribute 30, 6
  11              		.eabi_attribute 34, 1
  12              		.eabi_attribute 18, 4
  13              		.thumb
  14              		.file	"process_type_3_message.c"
  15              		.text
  16              	.Ltext0:
  17              		.cfi_sections	.debug_frame
  18              		.section	.text.swap_16,"ax",%progbits
  19              		.align	2
  20              		.thumb
  21              		.thumb_func
  22              		.type	swap_16, %function
  23              	swap_16:
  24              	.LFB63:
  25              		.file 1 ".\\rtu_modbus\\modbus_utilities.h"
   1:.\rtu_modbus/modbus_utilities.h **** /*
   2:.\rtu_modbus/modbus_utilities.h **** **
   3:.\rtu_modbus/modbus_utilities.h **** ** File: modbus_utilities.h
   4:.\rtu_modbus/modbus_utilities.h **** ** File for shuffling bytes for network ordering
   5:.\rtu_modbus/modbus_utilities.h **** **
   6:.\rtu_modbus/modbus_utilities.h **** **
   7:.\rtu_modbus/modbus_utilities.h **** **
   8:.\rtu_modbus/modbus_utilities.h **** */
   9:.\rtu_modbus/modbus_utilities.h **** 
  10:.\rtu_modbus/modbus_utilities.h **** #ifndef _MODBUS_UTILITES_H_
  11:.\rtu_modbus/modbus_utilities.h **** #define _MODBUS_UTILITES_H_
  12:.\rtu_modbus/modbus_utilities.h **** 
  13:.\rtu_modbus/modbus_utilities.h **** #include <device.h>
  14:.\rtu_modbus/modbus_utilities.h ****   
  15:.\rtu_modbus/modbus_utilities.h **** 
  16:.\rtu_modbus/modbus_utilities.h **** 
  17:.\rtu_modbus/modbus_utilities.h ****     
  18:.\rtu_modbus/modbus_utilities.h **** static inline void swap_16( uint8 *input )
  19:.\rtu_modbus/modbus_utilities.h **** {
  26              		.loc 1 19 0
  27              		.cfi_startproc
  28              		@ args = 0, pretend = 0, frame = 16
  29              		@ frame_needed = 1, uses_anonymous_args = 0
  30              		@ link register save eliminated.
  31 0000 80B4     		push	{r7}
  32              		.cfi_def_cfa_offset 4
  33              		.cfi_offset 7, -4
  34 0002 85B0     		sub	sp, sp, #20
  35              		.cfi_def_cfa_offset 24
  36 0004 00AF     		add	r7, sp, #0
  37              		.cfi_def_cfa_register 7
  38 0006 7860     		str	r0, [r7, #4]
ARM GAS  C:\Users\glenn\AppData\Local\Temp\ccec8Zvv.s 			page 2


  20:.\rtu_modbus/modbus_utilities.h ****     
  21:.\rtu_modbus/modbus_utilities.h ****     uint16 *temp_ptr;
  22:.\rtu_modbus/modbus_utilities.h ****     uint16 temp;
  23:.\rtu_modbus/modbus_utilities.h ****     
  24:.\rtu_modbus/modbus_utilities.h ****     temp_ptr = (uint16*)input;
  39              		.loc 1 24 0
  40 0008 7B68     		ldr	r3, [r7, #4]
  41 000a FB60     		str	r3, [r7, #12]
  25:.\rtu_modbus/modbus_utilities.h ****     temp = *temp_ptr;   
  42              		.loc 1 25 0
  43 000c FB68     		ldr	r3, [r7, #12]
  44 000e 1B88     		ldrh	r3, [r3]	@ movhi
  45 0010 7B81     		strh	r3, [r7, #10]	@ movhi
  26:.\rtu_modbus/modbus_utilities.h ****     temp =  ((temp&0xff)<<8)|((temp>>8)&0xff);
  46              		.loc 1 26 0
  47 0012 7B89     		ldrh	r3, [r7, #10]
  48 0014 1B02     		lsls	r3, r3, #8
  49 0016 9AB2     		uxth	r2, r3
  50 0018 7B89     		ldrh	r3, [r7, #10]
  51 001a 1B0A     		lsrs	r3, r3, #8
  52 001c 9BB2     		uxth	r3, r3
  53 001e 9BB2     		uxth	r3, r3
  54 0020 1343     		orrs	r3, r3, r2
  55 0022 9BB2     		uxth	r3, r3
  56 0024 7B81     		strh	r3, [r7, #10]	@ movhi
  27:.\rtu_modbus/modbus_utilities.h ****     *temp_ptr = temp;
  57              		.loc 1 27 0
  58 0026 FB68     		ldr	r3, [r7, #12]
  59 0028 7A89     		ldrh	r2, [r7, #10]	@ movhi
  60 002a 1A80     		strh	r2, [r3]	@ movhi
  28:.\rtu_modbus/modbus_utilities.h ****       
  29:.\rtu_modbus/modbus_utilities.h ****    
  30:.\rtu_modbus/modbus_utilities.h **** }
  61              		.loc 1 30 0
  62 002c 1437     		adds	r7, r7, #20
  63              		.cfi_def_cfa_offset 4
  64 002e BD46     		mov	sp, r7
  65              		.cfi_def_cfa_register 13
  66              		@ sp needed
  67 0030 5DF8047B 		ldr	r7, [sp], #4
  68              		.cfi_restore 7
  69              		.cfi_def_cfa_offset 0
  70 0034 7047     		bx	lr
  71              		.cfi_endproc
  72              	.LFE63:
  73              		.size	swap_16, .-swap_16
  74 0036 00BF     		.section	.text.process_type_3_34_message,"ax",%progbits
  75              		.align	2
  76              		.global	process_type_3_34_message
  77              		.thumb
  78              		.thumb_func
  79              		.type	process_type_3_34_message, %function
  80              	process_type_3_34_message:
  81              	.LFB67:
  82              		.file 2 ".\\rtu_modbus\\process_type_3_message.c"
   1:.\rtu_modbus/process_type_3_message.c **** /*
   2:.\rtu_modbus/process_type_3_message.c **** **
ARM GAS  C:\Users\glenn\AppData\Local\Temp\ccec8Zvv.s 			page 3


   3:.\rtu_modbus/process_type_3_message.c **** ** File: process_type_3_message.c
   4:.\rtu_modbus/process_type_3_message.c **** 
   5:.\rtu_modbus/process_type_3_message.c **** Type 3 message
   6:.\rtu_modbus/process_type_3_message.c **** Query
   7:.\rtu_modbus/process_type_3_message.c **** Field Name (Hex)
   8:.\rtu_modbus/process_type_3_message.c **** Slave Address 11
   9:.\rtu_modbus/process_type_3_message.c **** Function 03
  10:.\rtu_modbus/process_type_3_message.c **** Starting Address Hi 00
  11:.\rtu_modbus/process_type_3_message.c **** Starting Address Lo 6B
  12:.\rtu_modbus/process_type_3_message.c **** No. of Points Hi 00
  13:.\rtu_modbus/process_type_3_message.c **** No. of Points Lo 03
  14:.\rtu_modbus/process_type_3_message.c **** Error Check (LRC or CRC) ––
  15:.\rtu_modbus/process_type_3_message.c **** 
  16:.\rtu_modbus/process_type_3_message.c ****     
  17:.\rtu_modbus/process_type_3_message.c **** Response
  18:.\rtu_modbus/process_type_3_message.c **** Slave Address 11
  19:.\rtu_modbus/process_type_3_message.c **** Function 03
  20:.\rtu_modbus/process_type_3_message.c **** Byte Count 06
  21:.\rtu_modbus/process_type_3_message.c **** Data Hi (Register 40108) 02
  22:.\rtu_modbus/process_type_3_message.c **** Data Lo (Register 40108) 2B
  23:.\rtu_modbus/process_type_3_message.c **** Data Hi (Register 40109) 00
  24:.\rtu_modbus/process_type_3_message.c **** Data Lo (Register 40109) 00
  25:.\rtu_modbus/process_type_3_message.c **** Data Hi (Register 40110) 00
  26:.\rtu_modbus/process_type_3_message.c **** Data Lo (Register 40110) 64
  27:.\rtu_modbus/process_type_3_message.c **** Error Check (LRC or CRC) ––
  28:.\rtu_modbus/process_type_3_message.c **** 
  29:.\rtu_modbus/process_type_3_message.c **** **
  30:.\rtu_modbus/process_type_3_message.c **** **
  31:.\rtu_modbus/process_type_3_message.c **** */
  32:.\rtu_modbus/process_type_3_message.c ****  
  33:.\rtu_modbus/process_type_3_message.c **** #include <device.h>
  34:.\rtu_modbus/process_type_3_message.c **** #include "process_type_3_message.h" 
  35:.\rtu_modbus/process_type_3_message.c **** #include "modbus_interface_functions.h"
  36:.\rtu_modbus/process_type_3_message.c **** #include "modbus_utilities.h"
  37:.\rtu_modbus/process_type_3_message.c **** #include "process_modbus_message.h"
  38:.\rtu_modbus/process_type_3_message.c **** #include "cb_logging.h"
  39:.\rtu_modbus/process_type_3_message.c **** 
  40:.\rtu_modbus/process_type_3_message.c **** 
  41:.\rtu_modbus/process_type_3_message.c **** 
  42:.\rtu_modbus/process_type_3_message.c **** int process_type_3_34_message( int function_code, int in_length, uint8 *in, int out_length, uint8 *
  43:.\rtu_modbus/process_type_3_message.c **** {
  83              		.loc 2 43 0
  84              		.cfi_startproc
  85              		@ args = 4, pretend = 0, frame = 32
  86              		@ frame_needed = 1, uses_anonymous_args = 0
  87 0000 80B5     		push	{r7, lr}
  88              		.cfi_def_cfa_offset 8
  89              		.cfi_offset 7, -8
  90              		.cfi_offset 14, -4
  91 0002 88B0     		sub	sp, sp, #32
  92              		.cfi_def_cfa_offset 40
  93 0004 00AF     		add	r7, sp, #0
  94              		.cfi_def_cfa_register 7
  95 0006 F860     		str	r0, [r7, #12]
  96 0008 B960     		str	r1, [r7, #8]
  97 000a 7A60     		str	r2, [r7, #4]
  98 000c 3B60     		str	r3, [r7]
ARM GAS  C:\Users\glenn\AppData\Local\Temp\ccec8Zvv.s 			page 4


  44:.\rtu_modbus/process_type_3_message.c **** 
  45:.\rtu_modbus/process_type_3_message.c ****     unsigned starting_register;
  46:.\rtu_modbus/process_type_3_message.c ****     int number;
  47:.\rtu_modbus/process_type_3_message.c ****     int i;
  48:.\rtu_modbus/process_type_3_message.c ****  
  49:.\rtu_modbus/process_type_3_message.c ****     
  50:.\rtu_modbus/process_type_3_message.c ****     
  51:.\rtu_modbus/process_type_3_message.c ****     
  52:.\rtu_modbus/process_type_3_message.c ****     
  53:.\rtu_modbus/process_type_3_message.c ****     starting_register = (*in++)*256;
  99              		.loc 2 53 0
 100 000e 7B68     		ldr	r3, [r7, #4]
 101 0010 5A1C     		adds	r2, r3, #1
 102 0012 7A60     		str	r2, [r7, #4]
 103 0014 1B78     		ldrb	r3, [r3]	@ zero_extendqisi2
 104 0016 1B02     		lsls	r3, r3, #8
 105 0018 BB61     		str	r3, [r7, #24]
  54:.\rtu_modbus/process_type_3_message.c ****     starting_register += (*in++);
 106              		.loc 2 54 0
 107 001a 7B68     		ldr	r3, [r7, #4]
 108 001c 5A1C     		adds	r2, r3, #1
 109 001e 7A60     		str	r2, [r7, #4]
 110 0020 1B78     		ldrb	r3, [r3]	@ zero_extendqisi2
 111 0022 1A46     		mov	r2, r3
 112 0024 BB69     		ldr	r3, [r7, #24]
 113 0026 1344     		add	r3, r3, r2
 114 0028 BB61     		str	r3, [r7, #24]
  55:.\rtu_modbus/process_type_3_message.c ****     number = (*in++)*256;
 115              		.loc 2 55 0
 116 002a 7B68     		ldr	r3, [r7, #4]
 117 002c 5A1C     		adds	r2, r3, #1
 118 002e 7A60     		str	r2, [r7, #4]
 119 0030 1B78     		ldrb	r3, [r3]	@ zero_extendqisi2
 120 0032 1B02     		lsls	r3, r3, #8
 121 0034 7B61     		str	r3, [r7, #20]
  56:.\rtu_modbus/process_type_3_message.c ****     number += (*in++);
 122              		.loc 2 56 0
 123 0036 7B68     		ldr	r3, [r7, #4]
 124 0038 5A1C     		adds	r2, r3, #1
 125 003a 7A60     		str	r2, [r7, #4]
 126 003c 1B78     		ldrb	r3, [r3]	@ zero_extendqisi2
 127 003e 1A46     		mov	r2, r3
 128 0040 7B69     		ldr	r3, [r7, #20]
 129 0042 1344     		add	r3, r3, r2
 130 0044 7B61     		str	r3, [r7, #20]
  57:.\rtu_modbus/process_type_3_message.c ****     // check for storeage
  58:.\rtu_modbus/process_type_3_message.c ****     if( out_length < (int)(number *2))
 131              		.loc 2 58 0
 132 0046 7B69     		ldr	r3, [r7, #20]
 133 0048 5A00     		lsls	r2, r3, #1
 134 004a 3B68     		ldr	r3, [r7]
 135 004c 9A42     		cmp	r2, r3
 136 004e 01DD     		ble	.L3
  59:.\rtu_modbus/process_type_3_message.c ****     {
  60:.\rtu_modbus/process_type_3_message.c ****         return 0;
 137              		.loc 2 60 0
 138 0050 0023     		movs	r3, #0
ARM GAS  C:\Users\glenn\AppData\Local\Temp\ccec8Zvv.s 			page 5


 139 0052 33E0     		b	.L4
 140              	.L3:
  61:.\rtu_modbus/process_type_3_message.c ****     }
  62:.\rtu_modbus/process_type_3_message.c ****     *out++ = number*2;
 141              		.loc 2 62 0
 142 0054 BB6A     		ldr	r3, [r7, #40]
 143 0056 5A1C     		adds	r2, r3, #1
 144 0058 BA62     		str	r2, [r7, #40]
 145 005a 7A69     		ldr	r2, [r7, #20]
 146 005c D2B2     		uxtb	r2, r2
 147 005e 5200     		lsls	r2, r2, #1
 148 0060 D2B2     		uxtb	r2, r2
 149 0062 1A70     		strb	r2, [r3]
  63:.\rtu_modbus/process_type_3_message.c ****     if( function_code == 3 )
 150              		.loc 2 63 0
 151 0064 FB68     		ldr	r3, [r7, #12]
 152 0066 032B     		cmp	r3, #3
 153 0068 0AD1     		bne	.L5
  64:.\rtu_modbus/process_type_3_message.c ****     {
  65:.\rtu_modbus/process_type_3_message.c ****        if( get_modbus_data_registers( starting_register, number, (uint16 *) out ) == 0 )
 154              		.loc 2 65 0
 155 006a 7B69     		ldr	r3, [r7, #20]
 156 006c B869     		ldr	r0, [r7, #24]
 157 006e 1946     		mov	r1, r3
 158 0070 BA6A     		ldr	r2, [r7, #40]
 159 0072 FFF7FEFF 		bl	get_modbus_data_registers
 160 0076 0346     		mov	r3, r0
 161 0078 002B     		cmp	r3, #0
 162 007a 0CD1     		bne	.L6
  66:.\rtu_modbus/process_type_3_message.c ****        {
  67:.\rtu_modbus/process_type_3_message.c ****         return 0;
 163              		.loc 2 67 0
 164 007c 0023     		movs	r3, #0
 165 007e 1DE0     		b	.L4
 166              	.L5:
  68:.\rtu_modbus/process_type_3_message.c ****        }
  69:.\rtu_modbus/process_type_3_message.c ****     }
  70:.\rtu_modbus/process_type_3_message.c ****     else
  71:.\rtu_modbus/process_type_3_message.c ****     {
  72:.\rtu_modbus/process_type_3_message.c ****         if( get_modbus_eeprom_registers( starting_register, number, (uint16 *)out ) == 0 )
 167              		.loc 2 72 0
 168 0080 7B69     		ldr	r3, [r7, #20]
 169 0082 B869     		ldr	r0, [r7, #24]
 170 0084 1946     		mov	r1, r3
 171 0086 BA6A     		ldr	r2, [r7, #40]
 172 0088 FFF7FEFF 		bl	get_modbus_eeprom_registers
 173 008c 0346     		mov	r3, r0
 174 008e 002B     		cmp	r3, #0
 175 0090 01D1     		bne	.L6
  73:.\rtu_modbus/process_type_3_message.c ****         {
  74:.\rtu_modbus/process_type_3_message.c ****             return 0;
 176              		.loc 2 74 0
 177 0092 0023     		movs	r3, #0
 178 0094 12E0     		b	.L4
 179              	.L6:
  75:.\rtu_modbus/process_type_3_message.c ****         }
  76:.\rtu_modbus/process_type_3_message.c ****     }
ARM GAS  C:\Users\glenn\AppData\Local\Temp\ccec8Zvv.s 			page 6


  77:.\rtu_modbus/process_type_3_message.c ****     // now swap bytes
  78:.\rtu_modbus/process_type_3_message.c ****     for( i = 0; i< number; i++)
 180              		.loc 2 78 0
 181 0096 0023     		movs	r3, #0
 182 0098 FB61     		str	r3, [r7, #28]
 183 009a 08E0     		b	.L7
 184              	.L8:
  79:.\rtu_modbus/process_type_3_message.c ****     {
  80:.\rtu_modbus/process_type_3_message.c ****         swap_16(out);
 185              		.loc 2 80 0 discriminator 3
 186 009c B86A     		ldr	r0, [r7, #40]
 187 009e FFF7FEFF 		bl	swap_16
  81:.\rtu_modbus/process_type_3_message.c ****         out += 2;
 188              		.loc 2 81 0 discriminator 3
 189 00a2 BB6A     		ldr	r3, [r7, #40]
 190 00a4 0233     		adds	r3, r3, #2
 191 00a6 BB62     		str	r3, [r7, #40]
  78:.\rtu_modbus/process_type_3_message.c ****     {
 192              		.loc 2 78 0 discriminator 3
 193 00a8 FB69     		ldr	r3, [r7, #28]
 194 00aa 0133     		adds	r3, r3, #1
 195 00ac FB61     		str	r3, [r7, #28]
 196              	.L7:
  78:.\rtu_modbus/process_type_3_message.c ****     {
 197              		.loc 2 78 0 is_stmt 0 discriminator 1
 198 00ae FA69     		ldr	r2, [r7, #28]
 199 00b0 7B69     		ldr	r3, [r7, #20]
 200 00b2 9A42     		cmp	r2, r3
 201 00b4 F2DB     		blt	.L8
  82:.\rtu_modbus/process_type_3_message.c ****     }
  83:.\rtu_modbus/process_type_3_message.c ****     return   (number*2) +1;  
 202              		.loc 2 83 0 is_stmt 1
 203 00b6 7B69     		ldr	r3, [r7, #20]
 204 00b8 5B00     		lsls	r3, r3, #1
 205 00ba 0133     		adds	r3, r3, #1
 206              	.L4:
  84:.\rtu_modbus/process_type_3_message.c ****     
  85:.\rtu_modbus/process_type_3_message.c **** }
 207              		.loc 2 85 0
 208 00bc 1846     		mov	r0, r3
 209 00be 2037     		adds	r7, r7, #32
 210              		.cfi_def_cfa_offset 8
 211 00c0 BD46     		mov	sp, r7
 212              		.cfi_def_cfa_register 13
 213              		@ sp needed
 214 00c2 80BD     		pop	{r7, pc}
 215              		.cfi_endproc
 216              	.LFE67:
 217              		.size	process_type_3_34_message, .-process_type_3_34_message
 218              		.text
 219              	.Letext0:
 220              		.file 3 "c:\\program files (x86)\\cypress\\psoc creator\\3.3\\psoc creator\\import\\gnu\\arm\\4.9.
 221              		.file 4 "c:\\program files (x86)\\cypress\\psoc creator\\3.3\\psoc creator\\import\\gnu\\arm\\4.9.
 222              		.file 5 "Generated_Source\\PSoC5/cytypes.h"
 223              		.file 6 "Generated_Source\\PSoC5/core_cm3.h"
 224              		.file 7 ".\\rtu_modbus\\process_modbus_message.h"
 225              		.section	.debug_info,"",%progbits
ARM GAS  C:\Users\glenn\AppData\Local\Temp\ccec8Zvv.s 			page 7


 226              	.Ldebug_info0:
 227 0000 B6010000 		.4byte	0x1b6
 228 0004 0400     		.2byte	0x4
 229 0006 00000000 		.4byte	.Ldebug_abbrev0
 230 000a 04       		.byte	0x4
 231 000b 01       		.uleb128 0x1
 232 000c 0A000000 		.4byte	.LASF27
 233 0010 01       		.byte	0x1
 234 0011 3F010000 		.4byte	.LASF28
 235 0015 AD000000 		.4byte	.LASF29
 236 0019 00000000 		.4byte	.Ldebug_ranges0+0
 237 001d 00000000 		.4byte	0
 238 0021 00000000 		.4byte	.Ldebug_line0
 239 0025 02       		.uleb128 0x2
 240 0026 01       		.byte	0x1
 241 0027 06       		.byte	0x6
 242 0028 2D020000 		.4byte	.LASF0
 243 002c 02       		.uleb128 0x2
 244 002d 01       		.byte	0x1
 245 002e 08       		.byte	0x8
 246 002f 1F010000 		.4byte	.LASF1
 247 0033 02       		.uleb128 0x2
 248 0034 02       		.byte	0x2
 249 0035 05       		.byte	0x5
 250 0036 14020000 		.4byte	.LASF2
 251 003a 02       		.uleb128 0x2
 252 003b 02       		.byte	0x2
 253 003c 07       		.byte	0x7
 254 003d FF000000 		.4byte	.LASF3
 255 0041 03       		.uleb128 0x3
 256 0042 00000000 		.4byte	.LASF9
 257 0046 03       		.byte	0x3
 258 0047 3F       		.byte	0x3f
 259 0048 4C000000 		.4byte	0x4c
 260 004c 02       		.uleb128 0x2
 261 004d 04       		.byte	0x4
 262 004e 05       		.byte	0x5
 263 004f 24020000 		.4byte	.LASF4
 264 0053 02       		.uleb128 0x2
 265 0054 04       		.byte	0x4
 266 0055 07       		.byte	0x7
 267 0056 2D010000 		.4byte	.LASF5
 268 005a 02       		.uleb128 0x2
 269 005b 08       		.byte	0x8
 270 005c 05       		.byte	0x5
 271 005d F3010000 		.4byte	.LASF6
 272 0061 02       		.uleb128 0x2
 273 0062 08       		.byte	0x8
 274 0063 07       		.byte	0x7
 275 0064 A5010000 		.4byte	.LASF7
 276 0068 04       		.uleb128 0x4
 277 0069 04       		.byte	0x4
 278 006a 05       		.byte	0x5
 279 006b 696E7400 		.ascii	"int\000"
 280 006f 02       		.uleb128 0x2
 281 0070 04       		.byte	0x4
 282 0071 07       		.byte	0x7
ARM GAS  C:\Users\glenn\AppData\Local\Temp\ccec8Zvv.s 			page 8


 283 0072 98010000 		.4byte	.LASF8
 284 0076 03       		.uleb128 0x3
 285 0077 9F000000 		.4byte	.LASF10
 286 007b 04       		.byte	0x4
 287 007c 2C       		.byte	0x2c
 288 007d 41000000 		.4byte	0x41
 289 0081 05       		.uleb128 0x5
 290 0082 1E020000 		.4byte	.LASF11
 291 0086 05       		.byte	0x5
 292 0087 9201     		.2byte	0x192
 293 0089 2C000000 		.4byte	0x2c
 294 008d 05       		.uleb128 0x5
 295 008e 65010000 		.4byte	.LASF12
 296 0092 05       		.byte	0x5
 297 0093 9301     		.2byte	0x193
 298 0095 3A000000 		.4byte	0x3a
 299 0099 02       		.uleb128 0x2
 300 009a 04       		.byte	0x4
 301 009b 04       		.byte	0x4
 302 009c A7000000 		.4byte	.LASF13
 303 00a0 02       		.uleb128 0x2
 304 00a1 08       		.byte	0x8
 305 00a2 04       		.byte	0x4
 306 00a3 98000000 		.4byte	.LASF14
 307 00a7 02       		.uleb128 0x2
 308 00a8 01       		.byte	0x1
 309 00a9 08       		.byte	0x8
 310 00aa 01020000 		.4byte	.LASF15
 311 00ae 02       		.uleb128 0x2
 312 00af 04       		.byte	0x4
 313 00b0 07       		.byte	0x7
 314 00b1 DF010000 		.4byte	.LASF16
 315 00b5 06       		.uleb128 0x6
 316 00b6 BC010000 		.4byte	.LASF30
 317 00ba 01       		.byte	0x1
 318 00bb 12       		.byte	0x12
 319 00bc 00000000 		.4byte	.LFB63
 320 00c0 36000000 		.4byte	.LFE63-.LFB63
 321 00c4 01       		.uleb128 0x1
 322 00c5 9C       		.byte	0x9c
 323 00c6 F5000000 		.4byte	0xf5
 324 00ca 07       		.uleb128 0x7
 325 00cb EB000000 		.4byte	.LASF19
 326 00cf 01       		.byte	0x1
 327 00d0 12       		.byte	0x12
 328 00d1 F5000000 		.4byte	0xf5
 329 00d5 02       		.uleb128 0x2
 330 00d6 91       		.byte	0x91
 331 00d7 6C       		.sleb128 -20
 332 00d8 08       		.uleb128 0x8
 333 00d9 F1000000 		.4byte	.LASF17
 334 00dd 01       		.byte	0x1
 335 00de 15       		.byte	0x15
 336 00df FB000000 		.4byte	0xfb
 337 00e3 02       		.uleb128 0x2
 338 00e4 91       		.byte	0x91
 339 00e5 74       		.sleb128 -12
ARM GAS  C:\Users\glenn\AppData\Local\Temp\ccec8Zvv.s 			page 9


 340 00e6 08       		.uleb128 0x8
 341 00e7 FA000000 		.4byte	.LASF18
 342 00eb 01       		.byte	0x1
 343 00ec 16       		.byte	0x16
 344 00ed 8D000000 		.4byte	0x8d
 345 00f1 02       		.uleb128 0x2
 346 00f2 91       		.byte	0x91
 347 00f3 72       		.sleb128 -14
 348 00f4 00       		.byte	0
 349 00f5 09       		.uleb128 0x9
 350 00f6 04       		.byte	0x4
 351 00f7 81000000 		.4byte	0x81
 352 00fb 09       		.uleb128 0x9
 353 00fc 04       		.byte	0x4
 354 00fd 8D000000 		.4byte	0x8d
 355 0101 0A       		.uleb128 0xa
 356 0102 6C010000 		.4byte	.LASF31
 357 0106 02       		.byte	0x2
 358 0107 2A       		.byte	0x2a
 359 0108 68000000 		.4byte	0x68
 360 010c 00000000 		.4byte	.LFB67
 361 0110 C4000000 		.4byte	.LFE67-.LFB67
 362 0114 01       		.uleb128 0x1
 363 0115 9C       		.byte	0x9c
 364 0116 88010000 		.4byte	0x188
 365 011a 07       		.uleb128 0x7
 366 011b 06020000 		.4byte	.LASF20
 367 011f 02       		.byte	0x2
 368 0120 2A       		.byte	0x2a
 369 0121 68000000 		.4byte	0x68
 370 0125 02       		.uleb128 0x2
 371 0126 91       		.byte	0x91
 372 0127 64       		.sleb128 -28
 373 0128 07       		.uleb128 0x7
 374 0129 39020000 		.4byte	.LASF21
 375 012d 02       		.byte	0x2
 376 012e 2A       		.byte	0x2a
 377 012f 68000000 		.4byte	0x68
 378 0133 02       		.uleb128 0x2
 379 0134 91       		.byte	0x91
 380 0135 60       		.sleb128 -32
 381 0136 0B       		.uleb128 0xb
 382 0137 696E00   		.ascii	"in\000"
 383 013a 02       		.byte	0x2
 384 013b 2A       		.byte	0x2a
 385 013c F5000000 		.4byte	0xf5
 386 0140 02       		.uleb128 0x2
 387 0141 91       		.byte	0x91
 388 0142 5C       		.sleb128 -36
 389 0143 07       		.uleb128 0x7
 390 0144 E8010000 		.4byte	.LASF22
 391 0148 02       		.byte	0x2
 392 0149 2A       		.byte	0x2a
 393 014a 68000000 		.4byte	0x68
 394 014e 02       		.uleb128 0x2
 395 014f 91       		.byte	0x91
 396 0150 58       		.sleb128 -40
ARM GAS  C:\Users\glenn\AppData\Local\Temp\ccec8Zvv.s 			page 10


 397 0151 0B       		.uleb128 0xb
 398 0152 6F757400 		.ascii	"out\000"
 399 0156 02       		.byte	0x2
 400 0157 2A       		.byte	0x2a
 401 0158 F5000000 		.4byte	0xf5
 402 015c 02       		.uleb128 0x2
 403 015d 91       		.byte	0x91
 404 015e 00       		.sleb128 0
 405 015f 08       		.uleb128 0x8
 406 0160 86010000 		.4byte	.LASF23
 407 0164 02       		.byte	0x2
 408 0165 2D       		.byte	0x2d
 409 0166 6F000000 		.4byte	0x6f
 410 016a 02       		.uleb128 0x2
 411 016b 91       		.byte	0x91
 412 016c 70       		.sleb128 -16
 413 016d 08       		.uleb128 0x8
 414 016e C4010000 		.4byte	.LASF24
 415 0172 02       		.byte	0x2
 416 0173 2E       		.byte	0x2e
 417 0174 68000000 		.4byte	0x68
 418 0178 02       		.uleb128 0x2
 419 0179 91       		.byte	0x91
 420 017a 6C       		.sleb128 -20
 421 017b 0C       		.uleb128 0xc
 422 017c 6900     		.ascii	"i\000"
 423 017e 02       		.byte	0x2
 424 017f 2F       		.byte	0x2f
 425 0180 68000000 		.4byte	0x68
 426 0184 02       		.uleb128 0x2
 427 0185 91       		.byte	0x91
 428 0186 74       		.sleb128 -12
 429 0187 00       		.byte	0
 430 0188 0D       		.uleb128 0xd
 431 0189 12010000 		.4byte	.LASF25
 432 018d 06       		.byte	0x6
 433 018e 9606     		.2byte	0x696
 434 0190 94010000 		.4byte	0x194
 435 0194 0E       		.uleb128 0xe
 436 0195 76000000 		.4byte	0x76
 437 0199 0F       		.uleb128 0xf
 438 019a 8D000000 		.4byte	0x8d
 439 019e A9010000 		.4byte	0x1a9
 440 01a2 10       		.uleb128 0x10
 441 01a3 AE000000 		.4byte	0xae
 442 01a7 01       		.byte	0x1
 443 01a8 00       		.byte	0
 444 01a9 11       		.uleb128 0x11
 445 01aa CB010000 		.4byte	.LASF26
 446 01ae 07       		.byte	0x7
 447 01af 5E       		.byte	0x5e
 448 01b0 B4010000 		.4byte	0x1b4
 449 01b4 12       		.uleb128 0x12
 450 01b5 99010000 		.4byte	0x199
 451 01b9 00       		.byte	0
 452              		.section	.debug_abbrev,"",%progbits
 453              	.Ldebug_abbrev0:
ARM GAS  C:\Users\glenn\AppData\Local\Temp\ccec8Zvv.s 			page 11


 454 0000 01       		.uleb128 0x1
 455 0001 11       		.uleb128 0x11
 456 0002 01       		.byte	0x1
 457 0003 25       		.uleb128 0x25
 458 0004 0E       		.uleb128 0xe
 459 0005 13       		.uleb128 0x13
 460 0006 0B       		.uleb128 0xb
 461 0007 03       		.uleb128 0x3
 462 0008 0E       		.uleb128 0xe
 463 0009 1B       		.uleb128 0x1b
 464 000a 0E       		.uleb128 0xe
 465 000b 55       		.uleb128 0x55
 466 000c 17       		.uleb128 0x17
 467 000d 11       		.uleb128 0x11
 468 000e 01       		.uleb128 0x1
 469 000f 10       		.uleb128 0x10
 470 0010 17       		.uleb128 0x17
 471 0011 00       		.byte	0
 472 0012 00       		.byte	0
 473 0013 02       		.uleb128 0x2
 474 0014 24       		.uleb128 0x24
 475 0015 00       		.byte	0
 476 0016 0B       		.uleb128 0xb
 477 0017 0B       		.uleb128 0xb
 478 0018 3E       		.uleb128 0x3e
 479 0019 0B       		.uleb128 0xb
 480 001a 03       		.uleb128 0x3
 481 001b 0E       		.uleb128 0xe
 482 001c 00       		.byte	0
 483 001d 00       		.byte	0
 484 001e 03       		.uleb128 0x3
 485 001f 16       		.uleb128 0x16
 486 0020 00       		.byte	0
 487 0021 03       		.uleb128 0x3
 488 0022 0E       		.uleb128 0xe
 489 0023 3A       		.uleb128 0x3a
 490 0024 0B       		.uleb128 0xb
 491 0025 3B       		.uleb128 0x3b
 492 0026 0B       		.uleb128 0xb
 493 0027 49       		.uleb128 0x49
 494 0028 13       		.uleb128 0x13
 495 0029 00       		.byte	0
 496 002a 00       		.byte	0
 497 002b 04       		.uleb128 0x4
 498 002c 24       		.uleb128 0x24
 499 002d 00       		.byte	0
 500 002e 0B       		.uleb128 0xb
 501 002f 0B       		.uleb128 0xb
 502 0030 3E       		.uleb128 0x3e
 503 0031 0B       		.uleb128 0xb
 504 0032 03       		.uleb128 0x3
 505 0033 08       		.uleb128 0x8
 506 0034 00       		.byte	0
 507 0035 00       		.byte	0
 508 0036 05       		.uleb128 0x5
 509 0037 16       		.uleb128 0x16
 510 0038 00       		.byte	0
ARM GAS  C:\Users\glenn\AppData\Local\Temp\ccec8Zvv.s 			page 12


 511 0039 03       		.uleb128 0x3
 512 003a 0E       		.uleb128 0xe
 513 003b 3A       		.uleb128 0x3a
 514 003c 0B       		.uleb128 0xb
 515 003d 3B       		.uleb128 0x3b
 516 003e 05       		.uleb128 0x5
 517 003f 49       		.uleb128 0x49
 518 0040 13       		.uleb128 0x13
 519 0041 00       		.byte	0
 520 0042 00       		.byte	0
 521 0043 06       		.uleb128 0x6
 522 0044 2E       		.uleb128 0x2e
 523 0045 01       		.byte	0x1
 524 0046 03       		.uleb128 0x3
 525 0047 0E       		.uleb128 0xe
 526 0048 3A       		.uleb128 0x3a
 527 0049 0B       		.uleb128 0xb
 528 004a 3B       		.uleb128 0x3b
 529 004b 0B       		.uleb128 0xb
 530 004c 27       		.uleb128 0x27
 531 004d 19       		.uleb128 0x19
 532 004e 11       		.uleb128 0x11
 533 004f 01       		.uleb128 0x1
 534 0050 12       		.uleb128 0x12
 535 0051 06       		.uleb128 0x6
 536 0052 40       		.uleb128 0x40
 537 0053 18       		.uleb128 0x18
 538 0054 9742     		.uleb128 0x2117
 539 0056 19       		.uleb128 0x19
 540 0057 01       		.uleb128 0x1
 541 0058 13       		.uleb128 0x13
 542 0059 00       		.byte	0
 543 005a 00       		.byte	0
 544 005b 07       		.uleb128 0x7
 545 005c 05       		.uleb128 0x5
 546 005d 00       		.byte	0
 547 005e 03       		.uleb128 0x3
 548 005f 0E       		.uleb128 0xe
 549 0060 3A       		.uleb128 0x3a
 550 0061 0B       		.uleb128 0xb
 551 0062 3B       		.uleb128 0x3b
 552 0063 0B       		.uleb128 0xb
 553 0064 49       		.uleb128 0x49
 554 0065 13       		.uleb128 0x13
 555 0066 02       		.uleb128 0x2
 556 0067 18       		.uleb128 0x18
 557 0068 00       		.byte	0
 558 0069 00       		.byte	0
 559 006a 08       		.uleb128 0x8
 560 006b 34       		.uleb128 0x34
 561 006c 00       		.byte	0
 562 006d 03       		.uleb128 0x3
 563 006e 0E       		.uleb128 0xe
 564 006f 3A       		.uleb128 0x3a
 565 0070 0B       		.uleb128 0xb
 566 0071 3B       		.uleb128 0x3b
 567 0072 0B       		.uleb128 0xb
ARM GAS  C:\Users\glenn\AppData\Local\Temp\ccec8Zvv.s 			page 13


 568 0073 49       		.uleb128 0x49
 569 0074 13       		.uleb128 0x13
 570 0075 02       		.uleb128 0x2
 571 0076 18       		.uleb128 0x18
 572 0077 00       		.byte	0
 573 0078 00       		.byte	0
 574 0079 09       		.uleb128 0x9
 575 007a 0F       		.uleb128 0xf
 576 007b 00       		.byte	0
 577 007c 0B       		.uleb128 0xb
 578 007d 0B       		.uleb128 0xb
 579 007e 49       		.uleb128 0x49
 580 007f 13       		.uleb128 0x13
 581 0080 00       		.byte	0
 582 0081 00       		.byte	0
 583 0082 0A       		.uleb128 0xa
 584 0083 2E       		.uleb128 0x2e
 585 0084 01       		.byte	0x1
 586 0085 3F       		.uleb128 0x3f
 587 0086 19       		.uleb128 0x19
 588 0087 03       		.uleb128 0x3
 589 0088 0E       		.uleb128 0xe
 590 0089 3A       		.uleb128 0x3a
 591 008a 0B       		.uleb128 0xb
 592 008b 3B       		.uleb128 0x3b
 593 008c 0B       		.uleb128 0xb
 594 008d 27       		.uleb128 0x27
 595 008e 19       		.uleb128 0x19
 596 008f 49       		.uleb128 0x49
 597 0090 13       		.uleb128 0x13
 598 0091 11       		.uleb128 0x11
 599 0092 01       		.uleb128 0x1
 600 0093 12       		.uleb128 0x12
 601 0094 06       		.uleb128 0x6
 602 0095 40       		.uleb128 0x40
 603 0096 18       		.uleb128 0x18
 604 0097 9642     		.uleb128 0x2116
 605 0099 19       		.uleb128 0x19
 606 009a 01       		.uleb128 0x1
 607 009b 13       		.uleb128 0x13
 608 009c 00       		.byte	0
 609 009d 00       		.byte	0
 610 009e 0B       		.uleb128 0xb
 611 009f 05       		.uleb128 0x5
 612 00a0 00       		.byte	0
 613 00a1 03       		.uleb128 0x3
 614 00a2 08       		.uleb128 0x8
 615 00a3 3A       		.uleb128 0x3a
 616 00a4 0B       		.uleb128 0xb
 617 00a5 3B       		.uleb128 0x3b
 618 00a6 0B       		.uleb128 0xb
 619 00a7 49       		.uleb128 0x49
 620 00a8 13       		.uleb128 0x13
 621 00a9 02       		.uleb128 0x2
 622 00aa 18       		.uleb128 0x18
 623 00ab 00       		.byte	0
 624 00ac 00       		.byte	0
ARM GAS  C:\Users\glenn\AppData\Local\Temp\ccec8Zvv.s 			page 14


 625 00ad 0C       		.uleb128 0xc
 626 00ae 34       		.uleb128 0x34
 627 00af 00       		.byte	0
 628 00b0 03       		.uleb128 0x3
 629 00b1 08       		.uleb128 0x8
 630 00b2 3A       		.uleb128 0x3a
 631 00b3 0B       		.uleb128 0xb
 632 00b4 3B       		.uleb128 0x3b
 633 00b5 0B       		.uleb128 0xb
 634 00b6 49       		.uleb128 0x49
 635 00b7 13       		.uleb128 0x13
 636 00b8 02       		.uleb128 0x2
 637 00b9 18       		.uleb128 0x18
 638 00ba 00       		.byte	0
 639 00bb 00       		.byte	0
 640 00bc 0D       		.uleb128 0xd
 641 00bd 34       		.uleb128 0x34
 642 00be 00       		.byte	0
 643 00bf 03       		.uleb128 0x3
 644 00c0 0E       		.uleb128 0xe
 645 00c1 3A       		.uleb128 0x3a
 646 00c2 0B       		.uleb128 0xb
 647 00c3 3B       		.uleb128 0x3b
 648 00c4 05       		.uleb128 0x5
 649 00c5 49       		.uleb128 0x49
 650 00c6 13       		.uleb128 0x13
 651 00c7 3F       		.uleb128 0x3f
 652 00c8 19       		.uleb128 0x19
 653 00c9 3C       		.uleb128 0x3c
 654 00ca 19       		.uleb128 0x19
 655 00cb 00       		.byte	0
 656 00cc 00       		.byte	0
 657 00cd 0E       		.uleb128 0xe
 658 00ce 35       		.uleb128 0x35
 659 00cf 00       		.byte	0
 660 00d0 49       		.uleb128 0x49
 661 00d1 13       		.uleb128 0x13
 662 00d2 00       		.byte	0
 663 00d3 00       		.byte	0
 664 00d4 0F       		.uleb128 0xf
 665 00d5 01       		.uleb128 0x1
 666 00d6 01       		.byte	0x1
 667 00d7 49       		.uleb128 0x49
 668 00d8 13       		.uleb128 0x13
 669 00d9 01       		.uleb128 0x1
 670 00da 13       		.uleb128 0x13
 671 00db 00       		.byte	0
 672 00dc 00       		.byte	0
 673 00dd 10       		.uleb128 0x10
 674 00de 21       		.uleb128 0x21
 675 00df 00       		.byte	0
 676 00e0 49       		.uleb128 0x49
 677 00e1 13       		.uleb128 0x13
 678 00e2 2F       		.uleb128 0x2f
 679 00e3 0B       		.uleb128 0xb
 680 00e4 00       		.byte	0
 681 00e5 00       		.byte	0
ARM GAS  C:\Users\glenn\AppData\Local\Temp\ccec8Zvv.s 			page 15


 682 00e6 11       		.uleb128 0x11
 683 00e7 34       		.uleb128 0x34
 684 00e8 00       		.byte	0
 685 00e9 03       		.uleb128 0x3
 686 00ea 0E       		.uleb128 0xe
 687 00eb 3A       		.uleb128 0x3a
 688 00ec 0B       		.uleb128 0xb
 689 00ed 3B       		.uleb128 0x3b
 690 00ee 0B       		.uleb128 0xb
 691 00ef 49       		.uleb128 0x49
 692 00f0 13       		.uleb128 0x13
 693 00f1 3F       		.uleb128 0x3f
 694 00f2 19       		.uleb128 0x19
 695 00f3 3C       		.uleb128 0x3c
 696 00f4 19       		.uleb128 0x19
 697 00f5 00       		.byte	0
 698 00f6 00       		.byte	0
 699 00f7 12       		.uleb128 0x12
 700 00f8 26       		.uleb128 0x26
 701 00f9 00       		.byte	0
 702 00fa 49       		.uleb128 0x49
 703 00fb 13       		.uleb128 0x13
 704 00fc 00       		.byte	0
 705 00fd 00       		.byte	0
 706 00fe 00       		.byte	0
 707              		.section	.debug_aranges,"",%progbits
 708 0000 24000000 		.4byte	0x24
 709 0004 0200     		.2byte	0x2
 710 0006 00000000 		.4byte	.Ldebug_info0
 711 000a 04       		.byte	0x4
 712 000b 00       		.byte	0
 713 000c 0000     		.2byte	0
 714 000e 0000     		.2byte	0
 715 0010 00000000 		.4byte	.LFB63
 716 0014 36000000 		.4byte	.LFE63-.LFB63
 717 0018 00000000 		.4byte	.LFB67
 718 001c C4000000 		.4byte	.LFE67-.LFB67
 719 0020 00000000 		.4byte	0
 720 0024 00000000 		.4byte	0
 721              		.section	.debug_ranges,"",%progbits
 722              	.Ldebug_ranges0:
 723 0000 00000000 		.4byte	.LFB63
 724 0004 36000000 		.4byte	.LFE63
 725 0008 00000000 		.4byte	.LFB67
 726 000c C4000000 		.4byte	.LFE67
 727 0010 00000000 		.4byte	0
 728 0014 00000000 		.4byte	0
 729              		.section	.debug_line,"",%progbits
 730              	.Ldebug_line0:
 731 0000 EA010000 		.section	.debug_str,"MS",%progbits,1
 731      02009801 
 731      00000201 
 731      FB0E0D00 
 731      01010101 
 732              	.LASF9:
 733 0000 5F5F696E 		.ascii	"__int32_t\000"
 733      7433325F 
ARM GAS  C:\Users\glenn\AppData\Local\Temp\ccec8Zvv.s 			page 16


 733      7400
 734              	.LASF27:
 735 000a 474E5520 		.ascii	"GNU C 4.9.3 20150303 (release) [ARM/embedded-4_9-br"
 735      4320342E 
 735      392E3320 
 735      32303135 
 735      30333033 
 736 003d 616E6368 		.ascii	"anch revision 221220] -mcpu=cortex-m3 -mthumb -g -O"
 736      20726576 
 736      6973696F 
 736      6E203232 
 736      31323230 
 737 0070 30202D66 		.ascii	"0 -ffunction-sections -ffat-lto-objects\000"
 737      66756E63 
 737      74696F6E 
 737      2D736563 
 737      74696F6E 
 738              	.LASF14:
 739 0098 646F7562 		.ascii	"double\000"
 739      6C6500
 740              	.LASF10:
 741 009f 696E7433 		.ascii	"int32_t\000"
 741      325F7400 
 742              	.LASF13:
 743 00a7 666C6F61 		.ascii	"float\000"
 743      7400
 744              	.LASF29:
 745 00ad 433A5C55 		.ascii	"C:\\Users\\glenn\\OneDrive\\PSOC\\moisture_sensor\\"
 745      73657273 
 745      5C676C65 
 745      6E6E5C4F 
 745      6E654472 
 746 00da 5553425F 		.ascii	"USB_UART01.cydsn\000"
 746      55415254 
 746      30312E63 
 746      7964736E 
 746      00
 747              	.LASF19:
 748 00eb 696E7075 		.ascii	"input\000"
 748      7400
 749              	.LASF17:
 750 00f1 74656D70 		.ascii	"temp_ptr\000"
 750      5F707472 
 750      00
 751              	.LASF18:
 752 00fa 74656D70 		.ascii	"temp\000"
 752      00
 753              	.LASF3:
 754 00ff 73686F72 		.ascii	"short unsigned int\000"
 754      7420756E 
 754      7369676E 
 754      65642069 
 754      6E7400
 755              	.LASF25:
 756 0112 49544D5F 		.ascii	"ITM_RxBuffer\000"
 756      52784275 
 756      66666572 
ARM GAS  C:\Users\glenn\AppData\Local\Temp\ccec8Zvv.s 			page 17


 756      00
 757              	.LASF1:
 758 011f 756E7369 		.ascii	"unsigned char\000"
 758      676E6564 
 758      20636861 
 758      7200
 759              	.LASF5:
 760 012d 6C6F6E67 		.ascii	"long unsigned int\000"
 760      20756E73 
 760      69676E65 
 760      6420696E 
 760      7400
 761              	.LASF28:
 762 013f 2E5C7274 		.ascii	".\\rtu_modbus\\process_type_3_message.c\000"
 762      755F6D6F 
 762      64627573 
 762      5C70726F 
 762      63657373 
 763              	.LASF12:
 764 0165 75696E74 		.ascii	"uint16\000"
 764      313600
 765              	.LASF31:
 766 016c 70726F63 		.ascii	"process_type_3_34_message\000"
 766      6573735F 
 766      74797065 
 766      5F335F33 
 766      345F6D65 
 767              	.LASF23:
 768 0186 73746172 		.ascii	"starting_register\000"
 768      74696E67 
 768      5F726567 
 768      69737465 
 768      7200
 769              	.LASF8:
 770 0198 756E7369 		.ascii	"unsigned int\000"
 770      676E6564 
 770      20696E74 
 770      00
 771              	.LASF7:
 772 01a5 6C6F6E67 		.ascii	"long long unsigned int\000"
 772      206C6F6E 
 772      6720756E 
 772      7369676E 
 772      65642069 
 773              	.LASF30:
 774 01bc 73776170 		.ascii	"swap_16\000"
 774      5F313600 
 775              	.LASF24:
 776 01c4 6E756D62 		.ascii	"number\000"
 776      657200
 777              	.LASF26:
 778 01cb 6D6F6462 		.ascii	"modbus_address_data\000"
 778      75735F61 
 778      64647265 
 778      73735F64 
 778      61746100 
 779              	.LASF16:
ARM GAS  C:\Users\glenn\AppData\Local\Temp\ccec8Zvv.s 			page 18


 780 01df 73697A65 		.ascii	"sizetype\000"
 780      74797065 
 780      00
 781              	.LASF22:
 782 01e8 6F75745F 		.ascii	"out_length\000"
 782      6C656E67 
 782      746800
 783              	.LASF6:
 784 01f3 6C6F6E67 		.ascii	"long long int\000"
 784      206C6F6E 
 784      6720696E 
 784      7400
 785              	.LASF15:
 786 0201 63686172 		.ascii	"char\000"
 786      00
 787              	.LASF20:
 788 0206 66756E63 		.ascii	"function_code\000"
 788      74696F6E 
 788      5F636F64 
 788      6500
 789              	.LASF2:
 790 0214 73686F72 		.ascii	"short int\000"
 790      7420696E 
 790      7400
 791              	.LASF11:
 792 021e 75696E74 		.ascii	"uint8\000"
 792      3800
 793              	.LASF4:
 794 0224 6C6F6E67 		.ascii	"long int\000"
 794      20696E74 
 794      00
 795              	.LASF0:
 796 022d 7369676E 		.ascii	"signed char\000"
 796      65642063 
 796      68617200 
 797              	.LASF21:
 798 0239 696E5F6C 		.ascii	"in_length\000"
 798      656E6774 
 798      6800
 799              		.ident	"GCC: (GNU Tools for ARM Embedded Processors) 4.9.3 20150303 (release) [ARM/embedded-4_9-br
