ARM GAS  C:\Users\glenn\AppData\Local\Temp\cch5WG0y.s 			page 1


   1              		.syntax unified
   2              		.cpu cortex-m3
   3              		.fpu softvfp
   4              		.eabi_attribute 20, 1
   5              		.eabi_attribute 21, 1
   6              		.eabi_attribute 23, 3
   7              		.eabi_attribute 24, 1
   8              		.eabi_attribute 25, 1
   9              		.eabi_attribute 26, 1
  10              		.eabi_attribute 30, 6
  11              		.eabi_attribute 34, 1
  12              		.eabi_attribute 18, 4
  13              		.thumb
  14              		.file	"cf_status_bit.c"
  15              		.text
  16              	.Ltext0:
  17              		.cfi_sections	.debug_frame
  18              		.bss
  19              		.align	2
  20              	cf_status_register:
  21 0000 00000000 		.space	4
  22              		.section	.text.cf_initialize_status_manager,"ax",%progbits
  23              		.align	2
  24              		.global	cf_initialize_status_manager
  25              		.thumb
  26              		.thumb_func
  27              		.type	cf_initialize_status_manager, %function
  28              	cf_initialize_status_manager:
  29              	.LFB63:
  30              		.file 1 ".\\chain_flow\\cf_status_bit.c"
   1:.\chain_flow/cf_status_bit.c **** /*
   2:.\chain_flow/cf_status_bit.c **** **
   3:.\chain_flow/cf_status_bit.c **** ** File cf_status_bit.c
   4:.\chain_flow/cf_status_bit.c **** **
   5:.\chain_flow/cf_status_bit.c **** **
   6:.\chain_flow/cf_status_bit.c **** **
   7:.\chain_flow/cf_status_bit.c **** */
   8:.\chain_flow/cf_status_bit.c **** #include <device.h>
   9:.\chain_flow/cf_status_bit.c **** #include "cf_status_bit.h"
  10:.\chain_flow/cf_status_bit.c **** 
  11:.\chain_flow/cf_status_bit.c **** 
  12:.\chain_flow/cf_status_bit.c **** static uint32 cf_status_register;
  13:.\chain_flow/cf_status_bit.c **** 
  14:.\chain_flow/cf_status_bit.c **** 
  15:.\chain_flow/cf_status_bit.c **** 
  16:.\chain_flow/cf_status_bit.c **** void cf_initialize_status_manager( void )
  17:.\chain_flow/cf_status_bit.c **** {
  31              		.loc 1 17 0
  32              		.cfi_startproc
  33              		@ args = 0, pretend = 0, frame = 0
  34              		@ frame_needed = 1, uses_anonymous_args = 0
  35              		@ link register save eliminated.
  36 0000 80B4     		push	{r7}
  37              		.cfi_def_cfa_offset 4
  38              		.cfi_offset 7, -4
  39 0002 00AF     		add	r7, sp, #0
  40              		.cfi_def_cfa_register 7
ARM GAS  C:\Users\glenn\AppData\Local\Temp\cch5WG0y.s 			page 2


  18:.\chain_flow/cf_status_bit.c ****    cf_status_register = 0;
  41              		.loc 1 18 0
  42 0004 034B     		ldr	r3, .L2
  43 0006 0022     		movs	r2, #0
  44 0008 1A60     		str	r2, [r3]
  19:.\chain_flow/cf_status_bit.c **** }
  45              		.loc 1 19 0
  46 000a BD46     		mov	sp, r7
  47              		.cfi_def_cfa_register 13
  48              		@ sp needed
  49 000c 5DF8047B 		ldr	r7, [sp], #4
  50              		.cfi_restore 7
  51              		.cfi_def_cfa_offset 0
  52 0010 7047     		bx	lr
  53              	.L3:
  54 0012 00BF     		.align	2
  55              	.L2:
  56 0014 00000000 		.word	cf_status_register
  57              		.cfi_endproc
  58              	.LFE63:
  59              		.size	cf_initialize_status_manager, .-cf_initialize_status_manager
  60              		.section	.text.cf_set_interrupt_status_bit,"ax",%progbits
  61              		.align	2
  62              		.global	cf_set_interrupt_status_bit
  63              		.thumb
  64              		.thumb_func
  65              		.type	cf_set_interrupt_status_bit, %function
  66              	cf_set_interrupt_status_bit:
  67              	.LFB64:
  20:.\chain_flow/cf_status_bit.c **** 
  21:.\chain_flow/cf_status_bit.c **** void cf_set_interrupt_status_bit( uint32 status_bit )
  22:.\chain_flow/cf_status_bit.c **** {
  68              		.loc 1 22 0
  69              		.cfi_startproc
  70              		@ args = 0, pretend = 0, frame = 8
  71              		@ frame_needed = 1, uses_anonymous_args = 0
  72              		@ link register save eliminated.
  73 0000 80B4     		push	{r7}
  74              		.cfi_def_cfa_offset 4
  75              		.cfi_offset 7, -4
  76 0002 83B0     		sub	sp, sp, #12
  77              		.cfi_def_cfa_offset 16
  78 0004 00AF     		add	r7, sp, #0
  79              		.cfi_def_cfa_register 7
  80 0006 7860     		str	r0, [r7, #4]
  23:.\chain_flow/cf_status_bit.c ****       cf_status_register |= status_bit;
  81              		.loc 1 23 0
  82 0008 054B     		ldr	r3, .L5
  83 000a 1A68     		ldr	r2, [r3]
  84 000c 7B68     		ldr	r3, [r7, #4]
  85 000e 1343     		orrs	r3, r3, r2
  86 0010 034A     		ldr	r2, .L5
  87 0012 1360     		str	r3, [r2]
  24:.\chain_flow/cf_status_bit.c **** 
  25:.\chain_flow/cf_status_bit.c **** }
  88              		.loc 1 25 0
  89 0014 0C37     		adds	r7, r7, #12
ARM GAS  C:\Users\glenn\AppData\Local\Temp\cch5WG0y.s 			page 3


  90              		.cfi_def_cfa_offset 4
  91 0016 BD46     		mov	sp, r7
  92              		.cfi_def_cfa_register 13
  93              		@ sp needed
  94 0018 5DF8047B 		ldr	r7, [sp], #4
  95              		.cfi_restore 7
  96              		.cfi_def_cfa_offset 0
  97 001c 7047     		bx	lr
  98              	.L6:
  99 001e 00BF     		.align	2
 100              	.L5:
 101 0020 00000000 		.word	cf_status_register
 102              		.cfi_endproc
 103              	.LFE64:
 104              		.size	cf_set_interrupt_status_bit, .-cf_set_interrupt_status_bit
 105              		.section	.text.cf_set_status_bit,"ax",%progbits
 106              		.align	2
 107              		.global	cf_set_status_bit
 108              		.thumb
 109              		.thumb_func
 110              		.type	cf_set_status_bit, %function
 111              	cf_set_status_bit:
 112              	.LFB65:
  26:.\chain_flow/cf_status_bit.c **** 
  27:.\chain_flow/cf_status_bit.c **** void cf_set_status_bit( uint32 status_bit )
  28:.\chain_flow/cf_status_bit.c **** {
 113              		.loc 1 28 0
 114              		.cfi_startproc
 115              		@ args = 0, pretend = 0, frame = 8
 116              		@ frame_needed = 1, uses_anonymous_args = 0
 117              		@ link register save eliminated.
 118 0000 80B4     		push	{r7}
 119              		.cfi_def_cfa_offset 4
 120              		.cfi_offset 7, -4
 121 0002 83B0     		sub	sp, sp, #12
 122              		.cfi_def_cfa_offset 16
 123 0004 00AF     		add	r7, sp, #0
 124              		.cfi_def_cfa_register 7
 125 0006 7860     		str	r0, [r7, #4]
  29:.\chain_flow/cf_status_bit.c ****    CyGlobalIntDisable;
 126              		.loc 1 29 0
 127              	@ 29 ".\chain_flow\cf_status_bit.c" 1
 128 0008 72B6     		CPSID   i
 129              	@ 0 "" 2
  30:.\chain_flow/cf_status_bit.c ****    cf_status_register |= status_bit;
 130              		.loc 1 30 0
 131              		.thumb
 132 000a 064B     		ldr	r3, .L8
 133 000c 1A68     		ldr	r2, [r3]
 134 000e 7B68     		ldr	r3, [r7, #4]
 135 0010 1343     		orrs	r3, r3, r2
 136 0012 044A     		ldr	r2, .L8
 137 0014 1360     		str	r3, [r2]
  31:.\chain_flow/cf_status_bit.c ****    CyGlobalIntEnable;
 138              		.loc 1 31 0
 139              	@ 31 ".\chain_flow\cf_status_bit.c" 1
 140 0016 62B6     		CPSIE   i
ARM GAS  C:\Users\glenn\AppData\Local\Temp\cch5WG0y.s 			page 4


 141              	@ 0 "" 2
  32:.\chain_flow/cf_status_bit.c **** }
 142              		.loc 1 32 0
 143              		.thumb
 144 0018 0C37     		adds	r7, r7, #12
 145              		.cfi_def_cfa_offset 4
 146 001a BD46     		mov	sp, r7
 147              		.cfi_def_cfa_register 13
 148              		@ sp needed
 149 001c 5DF8047B 		ldr	r7, [sp], #4
 150              		.cfi_restore 7
 151              		.cfi_def_cfa_offset 0
 152 0020 7047     		bx	lr
 153              	.L9:
 154 0022 00BF     		.align	2
 155              	.L8:
 156 0024 00000000 		.word	cf_status_register
 157              		.cfi_endproc
 158              	.LFE65:
 159              		.size	cf_set_status_bit, .-cf_set_status_bit
 160              		.section	.text.cf_get_status,"ax",%progbits
 161              		.align	2
 162              		.global	cf_get_status
 163              		.thumb
 164              		.thumb_func
 165              		.type	cf_get_status, %function
 166              	cf_get_status:
 167              	.LFB66:
  33:.\chain_flow/cf_status_bit.c **** 
  34:.\chain_flow/cf_status_bit.c **** 
  35:.\chain_flow/cf_status_bit.c **** uint32 cf_get_status( )
  36:.\chain_flow/cf_status_bit.c **** {
 168              		.loc 1 36 0
 169              		.cfi_startproc
 170              		@ args = 0, pretend = 0, frame = 8
 171              		@ frame_needed = 1, uses_anonymous_args = 0
 172              		@ link register save eliminated.
 173 0000 80B4     		push	{r7}
 174              		.cfi_def_cfa_offset 4
 175              		.cfi_offset 7, -4
 176 0002 83B0     		sub	sp, sp, #12
 177              		.cfi_def_cfa_offset 16
 178 0004 00AF     		add	r7, sp, #0
 179              		.cfi_def_cfa_register 7
  37:.\chain_flow/cf_status_bit.c ****    int return_value;
  38:.\chain_flow/cf_status_bit.c ****    CyGlobalIntDisable;
 180              		.loc 1 38 0
 181              	@ 38 ".\chain_flow\cf_status_bit.c" 1
 182 0006 72B6     		CPSID   i
 183              	@ 0 "" 2
  39:.\chain_flow/cf_status_bit.c ****    // add interrupt protoection
  40:.\chain_flow/cf_status_bit.c ****    return_value = cf_status_register;
 184              		.loc 1 40 0
 185              		.thumb
 186 0008 064B     		ldr	r3, .L12
 187 000a 1B68     		ldr	r3, [r3]
 188 000c 7B60     		str	r3, [r7, #4]
ARM GAS  C:\Users\glenn\AppData\Local\Temp\cch5WG0y.s 			page 5


  41:.\chain_flow/cf_status_bit.c ****    cf_status_register = 0;
 189              		.loc 1 41 0
 190 000e 054B     		ldr	r3, .L12
 191 0010 0022     		movs	r2, #0
 192 0012 1A60     		str	r2, [r3]
  42:.\chain_flow/cf_status_bit.c ****    CyGlobalIntEnable;
 193              		.loc 1 42 0
 194              	@ 42 ".\chain_flow\cf_status_bit.c" 1
 195 0014 62B6     		CPSIE   i
 196              	@ 0 "" 2
  43:.\chain_flow/cf_status_bit.c ****    return return_value;
 197              		.loc 1 43 0
 198              		.thumb
 199 0016 7B68     		ldr	r3, [r7, #4]
  44:.\chain_flow/cf_status_bit.c **** }
 200              		.loc 1 44 0
 201 0018 1846     		mov	r0, r3
 202 001a 0C37     		adds	r7, r7, #12
 203              		.cfi_def_cfa_offset 4
 204 001c BD46     		mov	sp, r7
 205              		.cfi_def_cfa_register 13
 206              		@ sp needed
 207 001e 5DF8047B 		ldr	r7, [sp], #4
 208              		.cfi_restore 7
 209              		.cfi_def_cfa_offset 0
 210 0022 7047     		bx	lr
 211              	.L13:
 212              		.align	2
 213              	.L12:
 214 0024 00000000 		.word	cf_status_register
 215              		.cfi_endproc
 216              	.LFE66:
 217              		.size	cf_get_status, .-cf_get_status
 218              		.text
 219              	.Letext0:
 220              		.file 2 "c:\\program files (x86)\\cypress\\psoc creator\\3.3\\psoc creator\\import\\gnu\\arm\\4.9.
 221              		.file 3 "c:\\program files (x86)\\cypress\\psoc creator\\3.3\\psoc creator\\import\\gnu\\arm\\4.9.
 222              		.file 4 "Generated_Source\\PSoC5/cytypes.h"
 223              		.file 5 "Generated_Source\\PSoC5/core_cm3.h"
 224              		.section	.debug_info,"",%progbits
 225              	.Ldebug_info0:
 226 0000 49010000 		.4byte	0x149
 227 0004 0400     		.2byte	0x4
 228 0006 00000000 		.4byte	.Ldebug_abbrev0
 229 000a 04       		.byte	0x4
 230 000b 01       		.uleb128 0x1
 231 000c CD000000 		.4byte	.LASF21
 232 0010 01       		.byte	0x1
 233 0011 88000000 		.4byte	.LASF22
 234 0015 77010000 		.4byte	.LASF23
 235 0019 00000000 		.4byte	.Ldebug_ranges0+0
 236 001d 00000000 		.4byte	0
 237 0021 00000000 		.4byte	.Ldebug_line0
 238 0025 02       		.uleb128 0x2
 239 0026 01       		.byte	0x1
 240 0027 06       		.byte	0x6
 241 0028 CB010000 		.4byte	.LASF0
ARM GAS  C:\Users\glenn\AppData\Local\Temp\cch5WG0y.s 			page 6


 242 002c 02       		.uleb128 0x2
 243 002d 01       		.byte	0x1
 244 002e 08       		.byte	0x8
 245 002f A5000000 		.4byte	.LASF1
 246 0033 02       		.uleb128 0x2
 247 0034 02       		.byte	0x2
 248 0035 05       		.byte	0x5
 249 0036 5B010000 		.4byte	.LASF2
 250 003a 02       		.uleb128 0x2
 251 003b 02       		.byte	0x2
 252 003c 07       		.byte	0x7
 253 003d 0E020000 		.4byte	.LASF3
 254 0041 03       		.uleb128 0x3
 255 0042 F3010000 		.4byte	.LASF9
 256 0046 02       		.byte	0x2
 257 0047 3F       		.byte	0x3f
 258 0048 4C000000 		.4byte	0x4c
 259 004c 02       		.uleb128 0x2
 260 004d 04       		.byte	0x4
 261 004e 05       		.byte	0x5
 262 004f B5010000 		.4byte	.LASF4
 263 0053 02       		.uleb128 0x2
 264 0054 04       		.byte	0x4
 265 0055 07       		.byte	0x7
 266 0056 65010000 		.4byte	.LASF5
 267 005a 02       		.uleb128 0x2
 268 005b 08       		.byte	0x8
 269 005c 05       		.byte	0x5
 270 005d 00000000 		.4byte	.LASF6
 271 0061 02       		.uleb128 0x2
 272 0062 08       		.byte	0x8
 273 0063 07       		.byte	0x7
 274 0064 64000000 		.4byte	.LASF7
 275 0068 04       		.uleb128 0x4
 276 0069 04       		.byte	0x4
 277 006a 05       		.byte	0x5
 278 006b 696E7400 		.ascii	"int\000"
 279 006f 02       		.uleb128 0x2
 280 0070 04       		.byte	0x4
 281 0071 07       		.byte	0x7
 282 0072 15000000 		.4byte	.LASF8
 283 0076 03       		.uleb128 0x3
 284 0077 21020000 		.4byte	.LASF10
 285 007b 03       		.byte	0x3
 286 007c 2C       		.byte	0x2c
 287 007d 41000000 		.4byte	0x41
 288 0081 05       		.uleb128 0x5
 289 0082 0E000000 		.4byte	.LASF11
 290 0086 04       		.byte	0x4
 291 0087 9401     		.2byte	0x194
 292 0089 53000000 		.4byte	0x53
 293 008d 02       		.uleb128 0x2
 294 008e 04       		.byte	0x4
 295 008f 04       		.byte	0x4
 296 0090 FD010000 		.4byte	.LASF12
 297 0094 02       		.uleb128 0x2
 298 0095 08       		.byte	0x8
ARM GAS  C:\Users\glenn\AppData\Local\Temp\cch5WG0y.s 			page 7


 299 0096 04       		.byte	0x4
 300 0097 B8000000 		.4byte	.LASF13
 301 009b 02       		.uleb128 0x2
 302 009c 01       		.byte	0x1
 303 009d 08       		.byte	0x8
 304 009e B3000000 		.4byte	.LASF14
 305 00a2 02       		.uleb128 0x2
 306 00a3 04       		.byte	0x4
 307 00a4 07       		.byte	0x7
 308 00a5 29020000 		.4byte	.LASF15
 309 00a9 06       		.uleb128 0x6
 310 00aa 22000000 		.4byte	.LASF24
 311 00ae 01       		.byte	0x1
 312 00af 10       		.byte	0x10
 313 00b0 00000000 		.4byte	.LFB63
 314 00b4 18000000 		.4byte	.LFE63-.LFB63
 315 00b8 01       		.uleb128 0x1
 316 00b9 9C       		.byte	0x9c
 317 00ba 07       		.uleb128 0x7
 318 00bb D7010000 		.4byte	.LASF16
 319 00bf 01       		.byte	0x1
 320 00c0 15       		.byte	0x15
 321 00c1 00000000 		.4byte	.LFB64
 322 00c5 24000000 		.4byte	.LFE64-.LFB64
 323 00c9 01       		.uleb128 0x1
 324 00ca 9C       		.byte	0x9c
 325 00cb DE000000 		.4byte	0xde
 326 00cf 08       		.uleb128 0x8
 327 00d0 03020000 		.4byte	.LASF18
 328 00d4 01       		.byte	0x1
 329 00d5 15       		.byte	0x15
 330 00d6 81000000 		.4byte	0x81
 331 00da 02       		.uleb128 0x2
 332 00db 91       		.byte	0x91
 333 00dc 74       		.sleb128 -12
 334 00dd 00       		.byte	0
 335 00de 07       		.uleb128 0x7
 336 00df 3F000000 		.4byte	.LASF17
 337 00e3 01       		.byte	0x1
 338 00e4 1B       		.byte	0x1b
 339 00e5 00000000 		.4byte	.LFB65
 340 00e9 28000000 		.4byte	.LFE65-.LFB65
 341 00ed 01       		.uleb128 0x1
 342 00ee 9C       		.byte	0x9c
 343 00ef 02010000 		.4byte	0x102
 344 00f3 08       		.uleb128 0x8
 345 00f4 03020000 		.4byte	.LASF18
 346 00f8 01       		.byte	0x1
 347 00f9 1B       		.byte	0x1b
 348 00fa 81000000 		.4byte	0x81
 349 00fe 02       		.uleb128 0x2
 350 00ff 91       		.byte	0x91
 351 0100 74       		.sleb128 -12
 352 0101 00       		.byte	0
 353 0102 09       		.uleb128 0x9
 354 0103 BF000000 		.4byte	.LASF25
 355 0107 01       		.byte	0x1
ARM GAS  C:\Users\glenn\AppData\Local\Temp\cch5WG0y.s 			page 8


 356 0108 23       		.byte	0x23
 357 0109 81000000 		.4byte	0x81
 358 010d 00000000 		.4byte	.LFB66
 359 0111 28000000 		.4byte	.LFE66-.LFB66
 360 0115 01       		.uleb128 0x1
 361 0116 9C       		.byte	0x9c
 362 0117 2A010000 		.4byte	0x12a
 363 011b 0A       		.uleb128 0xa
 364 011c 7B000000 		.4byte	.LASF19
 365 0120 01       		.byte	0x1
 366 0121 25       		.byte	0x25
 367 0122 68000000 		.4byte	0x68
 368 0126 02       		.uleb128 0x2
 369 0127 91       		.byte	0x91
 370 0128 74       		.sleb128 -12
 371 0129 00       		.byte	0
 372 012a 0A       		.uleb128 0xa
 373 012b 51000000 		.4byte	.LASF20
 374 012f 01       		.byte	0x1
 375 0130 0C       		.byte	0xc
 376 0131 81000000 		.4byte	0x81
 377 0135 05       		.uleb128 0x5
 378 0136 03       		.byte	0x3
 379 0137 00000000 		.4byte	cf_status_register
 380 013b 0B       		.uleb128 0xb
 381 013c BE010000 		.4byte	.LASF26
 382 0140 05       		.byte	0x5
 383 0141 9606     		.2byte	0x696
 384 0143 47010000 		.4byte	0x147
 385 0147 0C       		.uleb128 0xc
 386 0148 76000000 		.4byte	0x76
 387 014c 00       		.byte	0
 388              		.section	.debug_abbrev,"",%progbits
 389              	.Ldebug_abbrev0:
 390 0000 01       		.uleb128 0x1
 391 0001 11       		.uleb128 0x11
 392 0002 01       		.byte	0x1
 393 0003 25       		.uleb128 0x25
 394 0004 0E       		.uleb128 0xe
 395 0005 13       		.uleb128 0x13
 396 0006 0B       		.uleb128 0xb
 397 0007 03       		.uleb128 0x3
 398 0008 0E       		.uleb128 0xe
 399 0009 1B       		.uleb128 0x1b
 400 000a 0E       		.uleb128 0xe
 401 000b 55       		.uleb128 0x55
 402 000c 17       		.uleb128 0x17
 403 000d 11       		.uleb128 0x11
 404 000e 01       		.uleb128 0x1
 405 000f 10       		.uleb128 0x10
 406 0010 17       		.uleb128 0x17
 407 0011 00       		.byte	0
 408 0012 00       		.byte	0
 409 0013 02       		.uleb128 0x2
 410 0014 24       		.uleb128 0x24
 411 0015 00       		.byte	0
 412 0016 0B       		.uleb128 0xb
ARM GAS  C:\Users\glenn\AppData\Local\Temp\cch5WG0y.s 			page 9


 413 0017 0B       		.uleb128 0xb
 414 0018 3E       		.uleb128 0x3e
 415 0019 0B       		.uleb128 0xb
 416 001a 03       		.uleb128 0x3
 417 001b 0E       		.uleb128 0xe
 418 001c 00       		.byte	0
 419 001d 00       		.byte	0
 420 001e 03       		.uleb128 0x3
 421 001f 16       		.uleb128 0x16
 422 0020 00       		.byte	0
 423 0021 03       		.uleb128 0x3
 424 0022 0E       		.uleb128 0xe
 425 0023 3A       		.uleb128 0x3a
 426 0024 0B       		.uleb128 0xb
 427 0025 3B       		.uleb128 0x3b
 428 0026 0B       		.uleb128 0xb
 429 0027 49       		.uleb128 0x49
 430 0028 13       		.uleb128 0x13
 431 0029 00       		.byte	0
 432 002a 00       		.byte	0
 433 002b 04       		.uleb128 0x4
 434 002c 24       		.uleb128 0x24
 435 002d 00       		.byte	0
 436 002e 0B       		.uleb128 0xb
 437 002f 0B       		.uleb128 0xb
 438 0030 3E       		.uleb128 0x3e
 439 0031 0B       		.uleb128 0xb
 440 0032 03       		.uleb128 0x3
 441 0033 08       		.uleb128 0x8
 442 0034 00       		.byte	0
 443 0035 00       		.byte	0
 444 0036 05       		.uleb128 0x5
 445 0037 16       		.uleb128 0x16
 446 0038 00       		.byte	0
 447 0039 03       		.uleb128 0x3
 448 003a 0E       		.uleb128 0xe
 449 003b 3A       		.uleb128 0x3a
 450 003c 0B       		.uleb128 0xb
 451 003d 3B       		.uleb128 0x3b
 452 003e 05       		.uleb128 0x5
 453 003f 49       		.uleb128 0x49
 454 0040 13       		.uleb128 0x13
 455 0041 00       		.byte	0
 456 0042 00       		.byte	0
 457 0043 06       		.uleb128 0x6
 458 0044 2E       		.uleb128 0x2e
 459 0045 00       		.byte	0
 460 0046 3F       		.uleb128 0x3f
 461 0047 19       		.uleb128 0x19
 462 0048 03       		.uleb128 0x3
 463 0049 0E       		.uleb128 0xe
 464 004a 3A       		.uleb128 0x3a
 465 004b 0B       		.uleb128 0xb
 466 004c 3B       		.uleb128 0x3b
 467 004d 0B       		.uleb128 0xb
 468 004e 27       		.uleb128 0x27
 469 004f 19       		.uleb128 0x19
ARM GAS  C:\Users\glenn\AppData\Local\Temp\cch5WG0y.s 			page 10


 470 0050 11       		.uleb128 0x11
 471 0051 01       		.uleb128 0x1
 472 0052 12       		.uleb128 0x12
 473 0053 06       		.uleb128 0x6
 474 0054 40       		.uleb128 0x40
 475 0055 18       		.uleb128 0x18
 476 0056 9742     		.uleb128 0x2117
 477 0058 19       		.uleb128 0x19
 478 0059 00       		.byte	0
 479 005a 00       		.byte	0
 480 005b 07       		.uleb128 0x7
 481 005c 2E       		.uleb128 0x2e
 482 005d 01       		.byte	0x1
 483 005e 3F       		.uleb128 0x3f
 484 005f 19       		.uleb128 0x19
 485 0060 03       		.uleb128 0x3
 486 0061 0E       		.uleb128 0xe
 487 0062 3A       		.uleb128 0x3a
 488 0063 0B       		.uleb128 0xb
 489 0064 3B       		.uleb128 0x3b
 490 0065 0B       		.uleb128 0xb
 491 0066 27       		.uleb128 0x27
 492 0067 19       		.uleb128 0x19
 493 0068 11       		.uleb128 0x11
 494 0069 01       		.uleb128 0x1
 495 006a 12       		.uleb128 0x12
 496 006b 06       		.uleb128 0x6
 497 006c 40       		.uleb128 0x40
 498 006d 18       		.uleb128 0x18
 499 006e 9742     		.uleb128 0x2117
 500 0070 19       		.uleb128 0x19
 501 0071 01       		.uleb128 0x1
 502 0072 13       		.uleb128 0x13
 503 0073 00       		.byte	0
 504 0074 00       		.byte	0
 505 0075 08       		.uleb128 0x8
 506 0076 05       		.uleb128 0x5
 507 0077 00       		.byte	0
 508 0078 03       		.uleb128 0x3
 509 0079 0E       		.uleb128 0xe
 510 007a 3A       		.uleb128 0x3a
 511 007b 0B       		.uleb128 0xb
 512 007c 3B       		.uleb128 0x3b
 513 007d 0B       		.uleb128 0xb
 514 007e 49       		.uleb128 0x49
 515 007f 13       		.uleb128 0x13
 516 0080 02       		.uleb128 0x2
 517 0081 18       		.uleb128 0x18
 518 0082 00       		.byte	0
 519 0083 00       		.byte	0
 520 0084 09       		.uleb128 0x9
 521 0085 2E       		.uleb128 0x2e
 522 0086 01       		.byte	0x1
 523 0087 3F       		.uleb128 0x3f
 524 0088 19       		.uleb128 0x19
 525 0089 03       		.uleb128 0x3
 526 008a 0E       		.uleb128 0xe
ARM GAS  C:\Users\glenn\AppData\Local\Temp\cch5WG0y.s 			page 11


 527 008b 3A       		.uleb128 0x3a
 528 008c 0B       		.uleb128 0xb
 529 008d 3B       		.uleb128 0x3b
 530 008e 0B       		.uleb128 0xb
 531 008f 27       		.uleb128 0x27
 532 0090 19       		.uleb128 0x19
 533 0091 49       		.uleb128 0x49
 534 0092 13       		.uleb128 0x13
 535 0093 11       		.uleb128 0x11
 536 0094 01       		.uleb128 0x1
 537 0095 12       		.uleb128 0x12
 538 0096 06       		.uleb128 0x6
 539 0097 40       		.uleb128 0x40
 540 0098 18       		.uleb128 0x18
 541 0099 9742     		.uleb128 0x2117
 542 009b 19       		.uleb128 0x19
 543 009c 01       		.uleb128 0x1
 544 009d 13       		.uleb128 0x13
 545 009e 00       		.byte	0
 546 009f 00       		.byte	0
 547 00a0 0A       		.uleb128 0xa
 548 00a1 34       		.uleb128 0x34
 549 00a2 00       		.byte	0
 550 00a3 03       		.uleb128 0x3
 551 00a4 0E       		.uleb128 0xe
 552 00a5 3A       		.uleb128 0x3a
 553 00a6 0B       		.uleb128 0xb
 554 00a7 3B       		.uleb128 0x3b
 555 00a8 0B       		.uleb128 0xb
 556 00a9 49       		.uleb128 0x49
 557 00aa 13       		.uleb128 0x13
 558 00ab 02       		.uleb128 0x2
 559 00ac 18       		.uleb128 0x18
 560 00ad 00       		.byte	0
 561 00ae 00       		.byte	0
 562 00af 0B       		.uleb128 0xb
 563 00b0 34       		.uleb128 0x34
 564 00b1 00       		.byte	0
 565 00b2 03       		.uleb128 0x3
 566 00b3 0E       		.uleb128 0xe
 567 00b4 3A       		.uleb128 0x3a
 568 00b5 0B       		.uleb128 0xb
 569 00b6 3B       		.uleb128 0x3b
 570 00b7 05       		.uleb128 0x5
 571 00b8 49       		.uleb128 0x49
 572 00b9 13       		.uleb128 0x13
 573 00ba 3F       		.uleb128 0x3f
 574 00bb 19       		.uleb128 0x19
 575 00bc 3C       		.uleb128 0x3c
 576 00bd 19       		.uleb128 0x19
 577 00be 00       		.byte	0
 578 00bf 00       		.byte	0
 579 00c0 0C       		.uleb128 0xc
 580 00c1 35       		.uleb128 0x35
 581 00c2 00       		.byte	0
 582 00c3 49       		.uleb128 0x49
 583 00c4 13       		.uleb128 0x13
ARM GAS  C:\Users\glenn\AppData\Local\Temp\cch5WG0y.s 			page 12


 584 00c5 00       		.byte	0
 585 00c6 00       		.byte	0
 586 00c7 00       		.byte	0
 587              		.section	.debug_aranges,"",%progbits
 588 0000 34000000 		.4byte	0x34
 589 0004 0200     		.2byte	0x2
 590 0006 00000000 		.4byte	.Ldebug_info0
 591 000a 04       		.byte	0x4
 592 000b 00       		.byte	0
 593 000c 0000     		.2byte	0
 594 000e 0000     		.2byte	0
 595 0010 00000000 		.4byte	.LFB63
 596 0014 18000000 		.4byte	.LFE63-.LFB63
 597 0018 00000000 		.4byte	.LFB64
 598 001c 24000000 		.4byte	.LFE64-.LFB64
 599 0020 00000000 		.4byte	.LFB65
 600 0024 28000000 		.4byte	.LFE65-.LFB65
 601 0028 00000000 		.4byte	.LFB66
 602 002c 28000000 		.4byte	.LFE66-.LFB66
 603 0030 00000000 		.4byte	0
 604 0034 00000000 		.4byte	0
 605              		.section	.debug_ranges,"",%progbits
 606              	.Ldebug_ranges0:
 607 0000 00000000 		.4byte	.LFB63
 608 0004 18000000 		.4byte	.LFE63
 609 0008 00000000 		.4byte	.LFB64
 610 000c 24000000 		.4byte	.LFE64
 611 0010 00000000 		.4byte	.LFB65
 612 0014 28000000 		.4byte	.LFE65
 613 0018 00000000 		.4byte	.LFB66
 614 001c 28000000 		.4byte	.LFE66
 615 0020 00000000 		.4byte	0
 616 0024 00000000 		.4byte	0
 617              		.section	.debug_line,"",%progbits
 618              	.Ldebug_line0:
 619 0000 AD010000 		.section	.debug_str,"MS",%progbits,1
 619      02005D01 
 619      00000201 
 619      FB0E0D00 
 619      01010101 
 620              	.LASF6:
 621 0000 6C6F6E67 		.ascii	"long long int\000"
 621      206C6F6E 
 621      6720696E 
 621      7400
 622              	.LASF11:
 623 000e 75696E74 		.ascii	"uint32\000"
 623      333200
 624              	.LASF8:
 625 0015 756E7369 		.ascii	"unsigned int\000"
 625      676E6564 
 625      20696E74 
 625      00
 626              	.LASF24:
 627 0022 63665F69 		.ascii	"cf_initialize_status_manager\000"
 627      6E697469 
 627      616C697A 
ARM GAS  C:\Users\glenn\AppData\Local\Temp\cch5WG0y.s 			page 13


 627      655F7374 
 627      61747573 
 628              	.LASF17:
 629 003f 63665F73 		.ascii	"cf_set_status_bit\000"
 629      65745F73 
 629      74617475 
 629      735F6269 
 629      7400
 630              	.LASF20:
 631 0051 63665F73 		.ascii	"cf_status_register\000"
 631      74617475 
 631      735F7265 
 631      67697374 
 631      657200
 632              	.LASF7:
 633 0064 6C6F6E67 		.ascii	"long long unsigned int\000"
 633      206C6F6E 
 633      6720756E 
 633      7369676E 
 633      65642069 
 634              	.LASF19:
 635 007b 72657475 		.ascii	"return_value\000"
 635      726E5F76 
 635      616C7565 
 635      00
 636              	.LASF22:
 637 0088 2E5C6368 		.ascii	".\\chain_flow\\cf_status_bit.c\000"
 637      61696E5F 
 637      666C6F77 
 637      5C63665F 
 637      73746174 
 638              	.LASF1:
 639 00a5 756E7369 		.ascii	"unsigned char\000"
 639      676E6564 
 639      20636861 
 639      7200
 640              	.LASF14:
 641 00b3 63686172 		.ascii	"char\000"
 641      00
 642              	.LASF13:
 643 00b8 646F7562 		.ascii	"double\000"
 643      6C6500
 644              	.LASF25:
 645 00bf 63665F67 		.ascii	"cf_get_status\000"
 645      65745F73 
 645      74617475 
 645      7300
 646              	.LASF21:
 647 00cd 474E5520 		.ascii	"GNU C 4.9.3 20150303 (release) [ARM/embedded-4_9-br"
 647      4320342E 
 647      392E3320 
 647      32303135 
 647      30333033 
 648 0100 616E6368 		.ascii	"anch revision 221220] -mcpu=cortex-m3 -mthumb -g -O"
 648      20726576 
 648      6973696F 
 648      6E203232 
ARM GAS  C:\Users\glenn\AppData\Local\Temp\cch5WG0y.s 			page 14


 648      31323230 
 649 0133 30202D66 		.ascii	"0 -ffunction-sections -ffat-lto-objects\000"
 649      66756E63 
 649      74696F6E 
 649      2D736563 
 649      74696F6E 
 650              	.LASF2:
 651 015b 73686F72 		.ascii	"short int\000"
 651      7420696E 
 651      7400
 652              	.LASF5:
 653 0165 6C6F6E67 		.ascii	"long unsigned int\000"
 653      20756E73 
 653      69676E65 
 653      6420696E 
 653      7400
 654              	.LASF23:
 655 0177 433A5C55 		.ascii	"C:\\Users\\glenn\\OneDrive\\PSOC\\moisture_sensor\\"
 655      73657273 
 655      5C676C65 
 655      6E6E5C4F 
 655      6E654472 
 656 01a4 5553425F 		.ascii	"USB_UART01.cydsn\000"
 656      55415254 
 656      30312E63 
 656      7964736E 
 656      00
 657              	.LASF4:
 658 01b5 6C6F6E67 		.ascii	"long int\000"
 658      20696E74 
 658      00
 659              	.LASF26:
 660 01be 49544D5F 		.ascii	"ITM_RxBuffer\000"
 660      52784275 
 660      66666572 
 660      00
 661              	.LASF0:
 662 01cb 7369676E 		.ascii	"signed char\000"
 662      65642063 
 662      68617200 
 663              	.LASF16:
 664 01d7 63665F73 		.ascii	"cf_set_interrupt_status_bit\000"
 664      65745F69 
 664      6E746572 
 664      72757074 
 664      5F737461 
 665              	.LASF9:
 666 01f3 5F5F696E 		.ascii	"__int32_t\000"
 666      7433325F 
 666      7400
 667              	.LASF12:
 668 01fd 666C6F61 		.ascii	"float\000"
 668      7400
 669              	.LASF18:
 670 0203 73746174 		.ascii	"status_bit\000"
 670      75735F62 
 670      697400
ARM GAS  C:\Users\glenn\AppData\Local\Temp\cch5WG0y.s 			page 15


 671              	.LASF3:
 672 020e 73686F72 		.ascii	"short unsigned int\000"
 672      7420756E 
 672      7369676E 
 672      65642069 
 672      6E7400
 673              	.LASF10:
 674 0221 696E7433 		.ascii	"int32_t\000"
 674      325F7400 
 675              	.LASF15:
 676 0229 73697A65 		.ascii	"sizetype\000"
 676      74797065 
 676      00
 677              		.ident	"GCC: (GNU Tools for ARM Embedded Processors) 4.9.3 20150303 (release) [ARM/embedded-4_9-br
