--------------- Clean Started: 10/12/2016 18:48:45 Project: USB_UART01, Configuration: ARM GCC 4.9-2015-q1-update Debug ---------------
Deleting file ".\ARM_GCC_493\Debug\cf_events.o"
Deleting file ".\ARM_GCC_493\Debug\cf_runtime_functions.o"
Deleting file ".\ARM_GCC_493\Debug\cf_external_functions.o"
Deleting file ".\ARM_GCC_493\Debug\chain_flow_support.o"
Deleting file ".\ARM_GCC_493\Debug\cf_status_bit.o"
Deleting file ".\ARM_GCC_493\Debug\moving_average.o"
Deleting file ".\ARM_GCC_493\Debug\digitial_io.o"
Deleting file ".\ARM_GCC_493\Debug\a_to_d_functions.o"
Deleting file ".\ARM_GCC_493\Debug\modbus_serial_ctrl.o"
Deleting file ".\ARM_GCC_493\Debug\process_modbus_message.o"
Deleting file ".\ARM_GCC_493\Debug\process_type_3_message.o"
Deleting file ".\ARM_GCC_493\Debug\process_type_16_message.o"
Deleting file ".\ARM_GCC_493\Debug\process_type_24_message.o"
Deleting file ".\ARM_GCC_493\Debug\process_crc.o"
Deleting file ".\ARM_GCC_493\Debug\modbus_interface_functions.o"
Deleting file ".\ARM_GCC_493\Debug\rtc_functions.o"
Deleting file ".\ARM_GCC_493\Debug\event_fifo.o"
Deleting file ".\ARM_GCC_493\Debug\die_temp.o"
Deleting file ".\ARM_GCC_493\Debug\moisture_measurements.o"
Deleting file ".\ARM_GCC_493\Debug\cb_logging.o"
Deleting file ".\ARM_GCC_493\Debug\main.o"
Deleting file ".\ARM_GCC_493\Debug\cyfitter_cfg.o"
Deleting file ".\ARM_GCC_493\Debug\cymetadata.o"
Deleting file ".\ARM_GCC_493\Debug\Cm3Start.o"
Deleting file ".\ARM_GCC_493\Debug\CyBootAsmGnu.o"
Deleting file ".\ARM_GCC_493\Debug\CyDmac.o"
Deleting file ".\ARM_GCC_493\Debug\CyFlash.o"
Deleting file ".\ARM_GCC_493\Debug\CyLib.o"
Deleting file ".\ARM_GCC_493\Debug\cyPm.o"
Deleting file ".\ARM_GCC_493\Debug\CySpc.o"
Deleting file ".\ARM_GCC_493\Debug\cyutils.o"
Deleting file ".\ARM_GCC_493\Debug\isr_1.o"
Deleting file ".\ARM_GCC_493\Debug\SleepTimer_1.o"
Deleting file ".\ARM_GCC_493\Debug\EEPROM_1.o"
Deleting file ".\ARM_GCC_493\Debug\heart_beat_pin.o"
Deleting file ".\ARM_GCC_493\Debug\RTC_1.o"
Deleting file ".\ARM_GCC_493\Debug\RTC_1_INT.o"
Deleting file ".\ARM_GCC_493\Debug\RS_485_OUTPUT.o"
Deleting file ".\ARM_GCC_493\Debug\RS_485_TX_ENBABLE.o"
Deleting file ".\ARM_GCC_493\Debug\UART_1.o"
Deleting file ".\ARM_GCC_493\Debug\UART_1_PM.o"
Deleting file ".\ARM_GCC_493\Debug\UART_1_INT.o"
Deleting file ".\ARM_GCC_493\Debug\UART_1_BOOT.o"
Deleting file ".\ARM_GCC_493\Debug\RS_485_Input.o"
Deleting file ".\ARM_GCC_493\Debug\DieTemp_1.o"
Deleting file ".\ARM_GCC_493\Debug\UART_1_IntClock.o"
Deleting file ".\ARM_GCC_493\Debug\ADC_SAR_Seq_1.o"
Deleting file ".\ARM_GCC_493\Debug\ADC_SAR_Seq_1_PM.o"
Deleting file ".\ARM_GCC_493\Debug\ADC_SAR_Seq_1_INT.o"
Deleting file ".\ARM_GCC_493\Debug\ADC_SAR_Seq_1_SAR.o"
Deleting file ".\ARM_GCC_493\Debug\ADC_SAR_Seq_1_SAR_INT.o"
Deleting file ".\ARM_GCC_493\Debug\ADC_SAR_Seq_1_SAR_PM.o"
Deleting file ".\ARM_GCC_493\Debug\ADC_SAR_Seq_1_IntClock.o"
Deleting file ".\ARM_GCC_493\Debug\ADC_SAR_Seq_1_TempBuf_dma.o"
Deleting file ".\ARM_GCC_493\Debug\ADC_SAR_Seq_1_FinalBuf_dma.o"
Deleting file ".\ARM_GCC_493\Debug\ADC_SAR_Seq_1_IRQ.o"
Deleting file ".\ARM_GCC_493\Debug\SIGMA_A_D.o"
Deleting file ".\ARM_GCC_493\Debug\SIGMA_A_D_PM.o"
Deleting file ".\ARM_GCC_493\Debug\SIGMA_A_D_INT.o"
Deleting file ".\ARM_GCC_493\Debug\SIGMA_A_D_Ext_CP_Clk.o"
Deleting file ".\ARM_GCC_493\Debug\SIGMA_A_D_IRQ.o"
Deleting file ".\ARM_GCC_493\Debug\SIGMA_A_D_theACLK.o"
Deleting file ".\ARM_GCC_493\Debug\switch_pin.o"
Deleting file ".\ARM_GCC_493\Debug\UART_TX_INTERRUPT.o"
Deleting file ".\ARM_GCC_493\Debug\UART_RX_INTERRUPT.o"
Deleting file ".\ARM_GCC_493\Debug\modbus_symbol_clock.o"
Deleting file ".\ARM_GCC_493\Debug\modbus_symbol_timer.o"
Deleting file ".\ARM_GCC_493\Debug\Status_Reg_1.o"
Deleting file ".\ARM_GCC_493\Debug\Em_EEPROM_1.o"
Deleting file ".\ARM_GCC_493\Debug\Temp_Sensor.o"
Deleting file ".\ARM_GCC_493\Debug\Log_Pin.o"
Deleting file ".\ARM_GCC_493\Debug\SIGMA_A_D_AMux.o"
Deleting file ".\ARM_GCC_493\Debug\Active_Pin.o"
Deleting file ".\ARM_GCC_493\Debug\ad_interrupt_1.o"
Deleting file ".\ARM_GCC_493\Debug\moisture_interval_clock.o"
Deleting file ".\ARM_GCC_493\Debug\moisture_interval_interrupt.o"
Deleting file ".\ARM_GCC_493\Debug\SWITCH_CLOCK.o"
Deleting file ".\ARM_GCC_493\Debug\AD_CLOCK.o"
Deleting file ".\ARM_GCC_493\Debug\Sink_Source_Setup.o"
Deleting file ".\ARM_GCC_493\Debug\Sink_Pin.o"
Deleting file ".\ARM_GCC_493\Debug\Sink_Reg.o"
Deleting file ".\ARM_GCC_493\Debug\Sink_Reg_PM.o"
Deleting file ".\ARM_GCC_493\Debug\Source_Pin.o"
Deleting file ".\ARM_GCC_493\Debug\Source_Reg.o"
Deleting file ".\ARM_GCC_493\Debug\Source_Reg_PM.o"
Deleting file ".\ARM_GCC_493\Debug\USB_UART01.hex"
Deleting file ".\ARM_GCC_493\Debug\USB_UART01.elf"
Deleting file ".\ARM_GCC_493\Debug\USB_UART01.map"
Deleting file ".\USB_UART01.cycdx"
Deleting file ".\USB_UART01.svd"
Deleting file ".\USB_UART01.rpt"
Deleting file ".\USB_UART01_timing.html"
Deleting file ".\ARM_GCC_493\Debug\.deps\C_FILE.P"
Deleting file ".\ARM_GCC_493\Debug\.deps\ARM_C_FILE.P"
Deleting file ".\ARM_GCC_493\Debug\.deps\GNU_ARM_ASM_FILE.P"
--------------- Clean Succeeded: 10/12/2016 18:48:45 ---------------
