ARM GAS  C:\Users\glenn\AppData\Local\Temp\ccg37PN7.s 			page 1


   1              		.syntax unified
   2              		.cpu cortex-m3
   3              		.fpu softvfp
   4              		.eabi_attribute 20, 1
   5              		.eabi_attribute 21, 1
   6              		.eabi_attribute 23, 3
   7              		.eabi_attribute 24, 1
   8              		.eabi_attribute 25, 1
   9              		.eabi_attribute 26, 1
  10              		.eabi_attribute 30, 6
  11              		.eabi_attribute 34, 1
  12              		.eabi_attribute 18, 4
  13              		.thumb
  14              		.file	"modbus_interface_functions.c"
  15              		.text
  16              	.Ltext0:
  17              		.cfi_sections	.debug_frame
  18              		.section	.text.mod_access_read_temp,"ax",%progbits
  19              		.align	2
  20              		.global	mod_access_read_temp
  21              		.thumb
  22              		.thumb_func
  23              		.type	mod_access_read_temp, %function
  24              	mod_access_read_temp:
  25              	.LFB63:
  26              		.file 1 ".\\rtu_modbus\\modbus_interface_functions.c"
   1:.\rtu_modbus/modbus_interface_functions.c **** /*
   2:.\rtu_modbus/modbus_interface_functions.c **** **
   3:.\rtu_modbus/modbus_interface_functions.c **** ** File: modbus_interface_functions.c
   4:.\rtu_modbus/modbus_interface_functions.c **** **
   5:.\rtu_modbus/modbus_interface_functions.c **** **
   6:.\rtu_modbus/modbus_interface_functions.c **** **
   7:.\rtu_modbus/modbus_interface_functions.c **** **
   8:.\rtu_modbus/modbus_interface_functions.c **** */
   9:.\rtu_modbus/modbus_interface_functions.c **** #include <device.h>
  10:.\rtu_modbus/modbus_interface_functions.c **** #include "modbus_interface_functions.h"
  11:.\rtu_modbus/modbus_interface_functions.c **** #include "die_temp.h"
  12:.\rtu_modbus/modbus_interface_functions.c **** #include "sigma_mux.h"
  13:.\rtu_modbus/modbus_interface_functions.c **** #include "a_to_d_functions.h"
  14:.\rtu_modbus/modbus_interface_functions.c **** 
  15:.\rtu_modbus/modbus_interface_functions.c **** 
  16:.\rtu_modbus/modbus_interface_functions.c **** 
  17:.\rtu_modbus/modbus_interface_functions.c **** /*
  18:.\rtu_modbus/modbus_interface_functions.c **** **
  19:.\rtu_modbus/modbus_interface_functions.c **** **  Type 3 modbus messages
  20:.\rtu_modbus/modbus_interface_functions.c **** **
  21:.\rtu_modbus/modbus_interface_functions.c **** */
  22:.\rtu_modbus/modbus_interface_functions.c **** 
  23:.\rtu_modbus/modbus_interface_functions.c **** 
  24:.\rtu_modbus/modbus_interface_functions.c **** uint16  mod_access_read_temp( uint8 *buffer )
  25:.\rtu_modbus/modbus_interface_functions.c **** {
  27              		.loc 1 25 0
  28              		.cfi_startproc
  29              		@ args = 0, pretend = 0, frame = 16
  30              		@ frame_needed = 1, uses_anonymous_args = 0
  31 0000 80B5     		push	{r7, lr}
  32              		.cfi_def_cfa_offset 8
ARM GAS  C:\Users\glenn\AppData\Local\Temp\ccg37PN7.s 			page 2


  33              		.cfi_offset 7, -8
  34              		.cfi_offset 14, -4
  35 0002 84B0     		sub	sp, sp, #16
  36              		.cfi_def_cfa_offset 24
  37 0004 00AF     		add	r7, sp, #0
  38              		.cfi_def_cfa_register 7
  39 0006 7860     		str	r0, [r7, #4]
  26:.\rtu_modbus/modbus_interface_functions.c ****     uint16 *temp_ptr;
  27:.\rtu_modbus/modbus_interface_functions.c ****     temp_ptr = (uint16 *)buffer;
  40              		.loc 1 27 0
  41 0008 7B68     		ldr	r3, [r7, #4]
  42 000a FB60     		str	r3, [r7, #12]
  28:.\rtu_modbus/modbus_interface_functions.c ****     *temp_ptr = die_get_temperature();
  43              		.loc 1 28 0
  44 000c FFF7FEFF 		bl	die_get_temperature
  45 0010 0346     		mov	r3, r0
  46 0012 1A46     		mov	r2, r3
  47 0014 FB68     		ldr	r3, [r7, #12]
  48 0016 1A80     		strh	r2, [r3]	@ movhi
  29:.\rtu_modbus/modbus_interface_functions.c ****     
  30:.\rtu_modbus/modbus_interface_functions.c ****     return 2;
  49              		.loc 1 30 0
  50 0018 0223     		movs	r3, #2
  31:.\rtu_modbus/modbus_interface_functions.c **** }    
  51              		.loc 1 31 0
  52 001a 1846     		mov	r0, r3
  53 001c 1037     		adds	r7, r7, #16
  54              		.cfi_def_cfa_offset 8
  55 001e BD46     		mov	sp, r7
  56              		.cfi_def_cfa_register 13
  57              		@ sp needed
  58 0020 80BD     		pop	{r7, pc}
  59              		.cfi_endproc
  60              	.LFE63:
  61              		.size	mod_access_read_temp, .-mod_access_read_temp
  62 0022 00BF     		.section	.text.test_float_read,"ax",%progbits
  63              		.align	2
  64              		.global	test_float_read
  65              		.thumb
  66              		.thumb_func
  67              		.type	test_float_read, %function
  68              	test_float_read:
  69              	.LFB64:
  32:.\rtu_modbus/modbus_interface_functions.c ****  
  33:.\rtu_modbus/modbus_interface_functions.c **** /*
  34:.\rtu_modbus/modbus_interface_functions.c **** **
  35:.\rtu_modbus/modbus_interface_functions.c **** ** This is test function only
  36:.\rtu_modbus/modbus_interface_functions.c **** **
  37:.\rtu_modbus/modbus_interface_functions.c **** **
  38:.\rtu_modbus/modbus_interface_functions.c **** */
  39:.\rtu_modbus/modbus_interface_functions.c **** uint16 test_float_read( uint8 *buffer )
  40:.\rtu_modbus/modbus_interface_functions.c **** {
  70              		.loc 1 40 0
  71              		.cfi_startproc
  72              		@ args = 0, pretend = 0, frame = 16
  73              		@ frame_needed = 1, uses_anonymous_args = 0
  74              		@ link register save eliminated.
ARM GAS  C:\Users\glenn\AppData\Local\Temp\ccg37PN7.s 			page 3


  75 0000 80B4     		push	{r7}
  76              		.cfi_def_cfa_offset 4
  77              		.cfi_offset 7, -4
  78 0002 85B0     		sub	sp, sp, #20
  79              		.cfi_def_cfa_offset 24
  80 0004 00AF     		add	r7, sp, #0
  81              		.cfi_def_cfa_register 7
  82 0006 7860     		str	r0, [r7, #4]
  41:.\rtu_modbus/modbus_interface_functions.c ****     float *temp_ptr;
  42:.\rtu_modbus/modbus_interface_functions.c ****     temp_ptr = (float *)buffer;
  83              		.loc 1 42 0
  84 0008 7B68     		ldr	r3, [r7, #4]
  85 000a FB60     		str	r3, [r7, #12]
  43:.\rtu_modbus/modbus_interface_functions.c ****     *temp_ptr++ = 4.5;
  86              		.loc 1 43 0
  87 000c FB68     		ldr	r3, [r7, #12]
  88 000e 1A1D     		adds	r2, r3, #4
  89 0010 FA60     		str	r2, [r7, #12]
  90 0012 074A     		ldr	r2, .L5
  91 0014 1A60     		str	r2, [r3]	@ float
  44:.\rtu_modbus/modbus_interface_functions.c ****     *temp_ptr++ = -4.5;
  92              		.loc 1 44 0
  93 0016 FB68     		ldr	r3, [r7, #12]
  94 0018 1A1D     		adds	r2, r3, #4
  95 001a FA60     		str	r2, [r7, #12]
  96 001c 054A     		ldr	r2, .L5+4
  97 001e 1A60     		str	r2, [r3]	@ float
  45:.\rtu_modbus/modbus_interface_functions.c ****     return 2 * sizeof(float);
  98              		.loc 1 45 0
  99 0020 0823     		movs	r3, #8
  46:.\rtu_modbus/modbus_interface_functions.c **** }
 100              		.loc 1 46 0
 101 0022 1846     		mov	r0, r3
 102 0024 1437     		adds	r7, r7, #20
 103              		.cfi_def_cfa_offset 4
 104 0026 BD46     		mov	sp, r7
 105              		.cfi_def_cfa_register 13
 106              		@ sp needed
 107 0028 5DF8047B 		ldr	r7, [sp], #4
 108              		.cfi_restore 7
 109              		.cfi_def_cfa_offset 0
 110 002c 7047     		bx	lr
 111              	.L6:
 112 002e 00BF     		.align	2
 113              	.L5:
 114 0030 00009040 		.word	1083179008
 115 0034 000090C0 		.word	-1064304640
 116              		.cfi_endproc
 117              	.LFE64:
 118              		.size	test_float_read, .-test_float_read
 119              		.section	.text.mod_read_current_time,"ax",%progbits
 120              		.align	2
 121              		.global	mod_read_current_time
 122              		.thumb
 123              		.thumb_func
 124              		.type	mod_read_current_time, %function
 125              	mod_read_current_time:
ARM GAS  C:\Users\glenn\AppData\Local\Temp\ccg37PN7.s 			page 4


 126              	.LFB65:
  47:.\rtu_modbus/modbus_interface_functions.c **** 
  48:.\rtu_modbus/modbus_interface_functions.c **** uint16 mod_read_current_time( uint8 *buffer )
  49:.\rtu_modbus/modbus_interface_functions.c **** {
 127              		.loc 1 49 0
 128              		.cfi_startproc
 129              		@ args = 0, pretend = 0, frame = 16
 130              		@ frame_needed = 1, uses_anonymous_args = 0
 131 0000 90B5     		push	{r4, r7, lr}
 132              		.cfi_def_cfa_offset 12
 133              		.cfi_offset 4, -12
 134              		.cfi_offset 7, -8
 135              		.cfi_offset 14, -4
 136 0002 85B0     		sub	sp, sp, #20
 137              		.cfi_def_cfa_offset 32
 138 0004 00AF     		add	r7, sp, #0
 139              		.cfi_def_cfa_register 7
 140 0006 7860     		str	r0, [r7, #4]
  50:.\rtu_modbus/modbus_interface_functions.c ****     uint16 *temp_ptr;
  51:.\rtu_modbus/modbus_interface_functions.c ****     
  52:.\rtu_modbus/modbus_interface_functions.c ****     
  53:.\rtu_modbus/modbus_interface_functions.c ****     *buffer++ =  RTC_1_ReadSecond();
 141              		.loc 1 53 0
 142 0008 7C68     		ldr	r4, [r7, #4]
 143 000a 631C     		adds	r3, r4, #1
 144 000c 7B60     		str	r3, [r7, #4]
 145 000e FFF7FEFF 		bl	RTC_1_ReadSecond
 146 0012 0346     		mov	r3, r0
 147 0014 2370     		strb	r3, [r4]
  54:.\rtu_modbus/modbus_interface_functions.c ****     *buffer++ =  RTC_1_ReadMinute();
 148              		.loc 1 54 0
 149 0016 7C68     		ldr	r4, [r7, #4]
 150 0018 631C     		adds	r3, r4, #1
 151 001a 7B60     		str	r3, [r7, #4]
 152 001c FFF7FEFF 		bl	RTC_1_ReadMinute
 153 0020 0346     		mov	r3, r0
 154 0022 2370     		strb	r3, [r4]
  55:.\rtu_modbus/modbus_interface_functions.c ****     *buffer++ =  RTC_1_ReadHour();
 155              		.loc 1 55 0
 156 0024 7C68     		ldr	r4, [r7, #4]
 157 0026 631C     		adds	r3, r4, #1
 158 0028 7B60     		str	r3, [r7, #4]
 159 002a FFF7FEFF 		bl	RTC_1_ReadHour
 160 002e 0346     		mov	r3, r0
 161 0030 2370     		strb	r3, [r4]
  56:.\rtu_modbus/modbus_interface_functions.c ****     *buffer++ =   RTC_1_ReadMonth();
 162              		.loc 1 56 0
 163 0032 7C68     		ldr	r4, [r7, #4]
 164 0034 631C     		adds	r3, r4, #1
 165 0036 7B60     		str	r3, [r7, #4]
 166 0038 FFF7FEFF 		bl	RTC_1_ReadMonth
 167 003c 0346     		mov	r3, r0
 168 003e 2370     		strb	r3, [r4]
  57:.\rtu_modbus/modbus_interface_functions.c ****     temp_ptr =     (uint16 *)buffer;
 169              		.loc 1 57 0
 170 0040 7B68     		ldr	r3, [r7, #4]
 171 0042 FB60     		str	r3, [r7, #12]
ARM GAS  C:\Users\glenn\AppData\Local\Temp\ccg37PN7.s 			page 5


  58:.\rtu_modbus/modbus_interface_functions.c ****     *temp_ptr = RTC_1_ReadYear();
 172              		.loc 1 58 0
 173 0044 FFF7FEFF 		bl	RTC_1_ReadYear
 174 0048 0346     		mov	r3, r0
 175 004a 1A46     		mov	r2, r3
 176 004c FB68     		ldr	r3, [r7, #12]
 177 004e 1A80     		strh	r2, [r3]	@ movhi
  59:.\rtu_modbus/modbus_interface_functions.c ****     return  6;
 178              		.loc 1 59 0
 179 0050 0623     		movs	r3, #6
  60:.\rtu_modbus/modbus_interface_functions.c **** }  
 180              		.loc 1 60 0
 181 0052 1846     		mov	r0, r3
 182 0054 1437     		adds	r7, r7, #20
 183              		.cfi_def_cfa_offset 12
 184 0056 BD46     		mov	sp, r7
 185              		.cfi_def_cfa_register 13
 186              		@ sp needed
 187 0058 90BD     		pop	{r4, r7, pc}
 188              		.cfi_endproc
 189              	.LFE65:
 190              		.size	mod_read_current_time, .-mod_read_current_time
 191 005a 00BF     		.section	.text.mod_store_current_time,"ax",%progbits
 192              		.align	2
 193              		.global	mod_store_current_time
 194              		.thumb
 195              		.thumb_func
 196              		.type	mod_store_current_time, %function
 197              	mod_store_current_time:
 198              	.LFB66:
  61:.\rtu_modbus/modbus_interface_functions.c **** 
  62:.\rtu_modbus/modbus_interface_functions.c **** 
  63:.\rtu_modbus/modbus_interface_functions.c **** /*
  64:.\rtu_modbus/modbus_interface_functions.c **** **
  65:.\rtu_modbus/modbus_interface_functions.c **** **  Type 16 messages
  66:.\rtu_modbus/modbus_interface_functions.c **** **
  67:.\rtu_modbus/modbus_interface_functions.c **** */
  68:.\rtu_modbus/modbus_interface_functions.c **** 
  69:.\rtu_modbus/modbus_interface_functions.c **** uint16  mod_store_current_time( uint8 *buffer )
  70:.\rtu_modbus/modbus_interface_functions.c **** {
 199              		.loc 1 70 0
 200              		.cfi_startproc
 201              		@ args = 0, pretend = 0, frame = 16
 202              		@ frame_needed = 1, uses_anonymous_args = 0
 203 0000 80B5     		push	{r7, lr}
 204              		.cfi_def_cfa_offset 8
 205              		.cfi_offset 7, -8
 206              		.cfi_offset 14, -4
 207 0002 84B0     		sub	sp, sp, #16
 208              		.cfi_def_cfa_offset 24
 209 0004 00AF     		add	r7, sp, #0
 210              		.cfi_def_cfa_register 7
 211 0006 7860     		str	r0, [r7, #4]
  71:.\rtu_modbus/modbus_interface_functions.c ****     uint16 *temp_ptr;
  72:.\rtu_modbus/modbus_interface_functions.c ****     
  73:.\rtu_modbus/modbus_interface_functions.c ****     RTC_1_WriteSecond(*buffer++);   
 212              		.loc 1 73 0
ARM GAS  C:\Users\glenn\AppData\Local\Temp\ccg37PN7.s 			page 6


 213 0008 7B68     		ldr	r3, [r7, #4]
 214 000a 5A1C     		adds	r2, r3, #1
 215 000c 7A60     		str	r2, [r7, #4]
 216 000e 1B78     		ldrb	r3, [r3]	@ zero_extendqisi2
 217 0010 1846     		mov	r0, r3
 218 0012 FFF7FEFF 		bl	RTC_1_WriteSecond
  74:.\rtu_modbus/modbus_interface_functions.c ****     RTC_1_WriteMinute(*buffer++);  
 219              		.loc 1 74 0
 220 0016 7B68     		ldr	r3, [r7, #4]
 221 0018 5A1C     		adds	r2, r3, #1
 222 001a 7A60     		str	r2, [r7, #4]
 223 001c 1B78     		ldrb	r3, [r3]	@ zero_extendqisi2
 224 001e 1846     		mov	r0, r3
 225 0020 FFF7FEFF 		bl	RTC_1_WriteMinute
  75:.\rtu_modbus/modbus_interface_functions.c ****     RTC_1_WriteHour( *buffer++ );
 226              		.loc 1 75 0
 227 0024 7B68     		ldr	r3, [r7, #4]
 228 0026 5A1C     		adds	r2, r3, #1
 229 0028 7A60     		str	r2, [r7, #4]
 230 002a 1B78     		ldrb	r3, [r3]	@ zero_extendqisi2
 231 002c 1846     		mov	r0, r3
 232 002e FFF7FEFF 		bl	RTC_1_WriteHour
  76:.\rtu_modbus/modbus_interface_functions.c ****     RTC_1_WriteMonth(*buffer++);
 233              		.loc 1 76 0
 234 0032 7B68     		ldr	r3, [r7, #4]
 235 0034 5A1C     		adds	r2, r3, #1
 236 0036 7A60     		str	r2, [r7, #4]
 237 0038 1B78     		ldrb	r3, [r3]	@ zero_extendqisi2
 238 003a 1846     		mov	r0, r3
 239 003c FFF7FEFF 		bl	RTC_1_WriteMonth
  77:.\rtu_modbus/modbus_interface_functions.c ****     temp_ptr =     (uint16 *)buffer;
 240              		.loc 1 77 0
 241 0040 7B68     		ldr	r3, [r7, #4]
 242 0042 FB60     		str	r3, [r7, #12]
  78:.\rtu_modbus/modbus_interface_functions.c ****     RTC_1_WriteYear( *temp_ptr );
 243              		.loc 1 78 0
 244 0044 FB68     		ldr	r3, [r7, #12]
 245 0046 1B88     		ldrh	r3, [r3]
 246 0048 1846     		mov	r0, r3
 247 004a FFF7FEFF 		bl	RTC_1_WriteYear
  79:.\rtu_modbus/modbus_interface_functions.c **** 
  80:.\rtu_modbus/modbus_interface_functions.c ****     return 0;
 248              		.loc 1 80 0
 249 004e 0023     		movs	r3, #0
  81:.\rtu_modbus/modbus_interface_functions.c **** }
 250              		.loc 1 81 0
 251 0050 1846     		mov	r0, r3
 252 0052 1037     		adds	r7, r7, #16
 253              		.cfi_def_cfa_offset 8
 254 0054 BD46     		mov	sp, r7
 255              		.cfi_def_cfa_register 13
 256              		@ sp needed
 257 0056 80BD     		pop	{r7, pc}
 258              		.cfi_endproc
 259              	.LFE66:
 260              		.size	mod_store_current_time, .-mod_store_current_time
 261              		.bss
ARM GAS  C:\Users\glenn\AppData\Local\Temp\ccg37PN7.s 			page 7


 262              		.align	2
 263              	long_store:
 264 0000 00000000 		.space	4
 265              		.align	2
 266              	float_store:
 267 0004 00000000 		.space	4
 268              		.section	.text.mod_store_long,"ax",%progbits
 269              		.align	2
 270              		.global	mod_store_long
 271              		.thumb
 272              		.thumb_func
 273              		.type	mod_store_long, %function
 274              	mod_store_long:
 275              	.LFB67:
  82:.\rtu_modbus/modbus_interface_functions.c **** 
  83:.\rtu_modbus/modbus_interface_functions.c **** /*
  84:.\rtu_modbus/modbus_interface_functions.c **** **
  85:.\rtu_modbus/modbus_interface_functions.c **** ** Store
  86:.\rtu_modbus/modbus_interface_functions.c **** **
  87:.\rtu_modbus/modbus_interface_functions.c **** */
  88:.\rtu_modbus/modbus_interface_functions.c **** 
  89:.\rtu_modbus/modbus_interface_functions.c **** 
  90:.\rtu_modbus/modbus_interface_functions.c **** static uint32 long_store;
  91:.\rtu_modbus/modbus_interface_functions.c **** static float float_store;
  92:.\rtu_modbus/modbus_interface_functions.c **** 
  93:.\rtu_modbus/modbus_interface_functions.c **** uint16 mod_store_long( uint8 *buffer )
  94:.\rtu_modbus/modbus_interface_functions.c **** {
 276              		.loc 1 94 0
 277              		.cfi_startproc
 278              		@ args = 0, pretend = 0, frame = 16
 279              		@ frame_needed = 1, uses_anonymous_args = 0
 280              		@ link register save eliminated.
 281 0000 80B4     		push	{r7}
 282              		.cfi_def_cfa_offset 4
 283              		.cfi_offset 7, -4
 284 0002 85B0     		sub	sp, sp, #20
 285              		.cfi_def_cfa_offset 24
 286 0004 00AF     		add	r7, sp, #0
 287              		.cfi_def_cfa_register 7
 288 0006 7860     		str	r0, [r7, #4]
  95:.\rtu_modbus/modbus_interface_functions.c ****    uint32 *temp_ptr;
  96:.\rtu_modbus/modbus_interface_functions.c ****    temp_ptr = (uint32 *)buffer;
 289              		.loc 1 96 0
 290 0008 7B68     		ldr	r3, [r7, #4]
 291 000a FB60     		str	r3, [r7, #12]
  97:.\rtu_modbus/modbus_interface_functions.c ****    long_store = *temp_ptr;
 292              		.loc 1 97 0
 293 000c FB68     		ldr	r3, [r7, #12]
 294 000e 1B68     		ldr	r3, [r3]
 295 0010 044A     		ldr	r2, .L13
 296 0012 1360     		str	r3, [r2]
  98:.\rtu_modbus/modbus_interface_functions.c ****    return 0;
 297              		.loc 1 98 0
 298 0014 0023     		movs	r3, #0
  99:.\rtu_modbus/modbus_interface_functions.c **** }
 299              		.loc 1 99 0
 300 0016 1846     		mov	r0, r3
ARM GAS  C:\Users\glenn\AppData\Local\Temp\ccg37PN7.s 			page 8


 301 0018 1437     		adds	r7, r7, #20
 302              		.cfi_def_cfa_offset 4
 303 001a BD46     		mov	sp, r7
 304              		.cfi_def_cfa_register 13
 305              		@ sp needed
 306 001c 5DF8047B 		ldr	r7, [sp], #4
 307              		.cfi_restore 7
 308              		.cfi_def_cfa_offset 0
 309 0020 7047     		bx	lr
 310              	.L14:
 311 0022 00BF     		.align	2
 312              	.L13:
 313 0024 00000000 		.word	long_store
 314              		.cfi_endproc
 315              	.LFE67:
 316              		.size	mod_store_long, .-mod_store_long
 317              		.section	.text.mod_store_float,"ax",%progbits
 318              		.align	2
 319              		.global	mod_store_float
 320              		.thumb
 321              		.thumb_func
 322              		.type	mod_store_float, %function
 323              	mod_store_float:
 324              	.LFB68:
 100:.\rtu_modbus/modbus_interface_functions.c **** 
 101:.\rtu_modbus/modbus_interface_functions.c **** 
 102:.\rtu_modbus/modbus_interface_functions.c **** uint16 mod_store_float( uint8 *buffer )
 103:.\rtu_modbus/modbus_interface_functions.c **** {
 325              		.loc 1 103 0
 326              		.cfi_startproc
 327              		@ args = 0, pretend = 0, frame = 16
 328              		@ frame_needed = 1, uses_anonymous_args = 0
 329              		@ link register save eliminated.
 330 0000 80B4     		push	{r7}
 331              		.cfi_def_cfa_offset 4
 332              		.cfi_offset 7, -4
 333 0002 85B0     		sub	sp, sp, #20
 334              		.cfi_def_cfa_offset 24
 335 0004 00AF     		add	r7, sp, #0
 336              		.cfi_def_cfa_register 7
 337 0006 7860     		str	r0, [r7, #4]
 104:.\rtu_modbus/modbus_interface_functions.c ****     float *temp_ptr;
 105:.\rtu_modbus/modbus_interface_functions.c ****     temp_ptr = (float *)buffer;
 338              		.loc 1 105 0
 339 0008 7B68     		ldr	r3, [r7, #4]
 340 000a FB60     		str	r3, [r7, #12]
 106:.\rtu_modbus/modbus_interface_functions.c ****     float_store = *temp_ptr;
 341              		.loc 1 106 0
 342 000c FB68     		ldr	r3, [r7, #12]
 343 000e 1B68     		ldr	r3, [r3]	@ float
 344 0010 044A     		ldr	r2, .L17
 345 0012 1360     		str	r3, [r2]	@ float
 107:.\rtu_modbus/modbus_interface_functions.c ****     return 0;
 346              		.loc 1 107 0
 347 0014 0023     		movs	r3, #0
 108:.\rtu_modbus/modbus_interface_functions.c **** }
 348              		.loc 1 108 0
ARM GAS  C:\Users\glenn\AppData\Local\Temp\ccg37PN7.s 			page 9


 349 0016 1846     		mov	r0, r3
 350 0018 1437     		adds	r7, r7, #20
 351              		.cfi_def_cfa_offset 4
 352 001a BD46     		mov	sp, r7
 353              		.cfi_def_cfa_register 13
 354              		@ sp needed
 355 001c 5DF8047B 		ldr	r7, [sp], #4
 356              		.cfi_restore 7
 357              		.cfi_def_cfa_offset 0
 358 0020 7047     		bx	lr
 359              	.L18:
 360 0022 00BF     		.align	2
 361              	.L17:
 362 0024 04000000 		.word	float_store
 363              		.cfi_endproc
 364              	.LFE68:
 365              		.size	mod_store_float, .-mod_store_float
 366              		.text
 367              	.Letext0:
 368              		.file 2 "c:\\program files (x86)\\cypress\\psoc creator\\3.3\\psoc creator\\import\\gnu\\arm\\4.9.
 369              		.file 3 "c:\\program files (x86)\\cypress\\psoc creator\\3.3\\psoc creator\\import\\gnu\\arm\\4.9.
 370              		.file 4 "Generated_Source\\PSoC5/cytypes.h"
 371              		.file 5 "Generated_Source\\PSoC5/core_cm3.h"
 372              		.section	.debug_info,"",%progbits
 373              	.Ldebug_info0:
 374 0000 4D020000 		.4byte	0x24d
 375 0004 0400     		.2byte	0x4
 376 0006 00000000 		.4byte	.Ldebug_abbrev0
 377 000a 04       		.byte	0x4
 378 000b 01       		.uleb128 0x1
 379 000c 30000000 		.4byte	.LASF28
 380 0010 01       		.byte	0x1
 381 0011 20020000 		.4byte	.LASF29
 382 0015 E0000000 		.4byte	.LASF30
 383 0019 00000000 		.4byte	.Ldebug_ranges0+0
 384 001d 00000000 		.4byte	0
 385 0021 00000000 		.4byte	.Ldebug_line0
 386 0025 02       		.uleb128 0x2
 387 0026 01       		.byte	0x1
 388 0027 06       		.byte	0x6
 389 0028 09020000 		.4byte	.LASF0
 390 002c 02       		.uleb128 0x2
 391 002d 01       		.byte	0x1
 392 002e 08       		.byte	0x8
 393 002f 47010000 		.4byte	.LASF1
 394 0033 02       		.uleb128 0x2
 395 0034 02       		.byte	0x2
 396 0035 05       		.byte	0x5
 397 0036 DD010000 		.4byte	.LASF2
 398 003a 02       		.uleb128 0x2
 399 003b 02       		.byte	0x2
 400 003c 07       		.byte	0x7
 401 003d 27010000 		.4byte	.LASF3
 402 0041 03       		.uleb128 0x3
 403 0042 17000000 		.4byte	.LASF9
 404 0046 02       		.byte	0x2
 405 0047 3F       		.byte	0x3f
ARM GAS  C:\Users\glenn\AppData\Local\Temp\ccg37PN7.s 			page 10


 406 0048 4C000000 		.4byte	0x4c
 407 004c 02       		.uleb128 0x2
 408 004d 04       		.byte	0x4
 409 004e 05       		.byte	0x5
 410 004f 00020000 		.4byte	.LASF4
 411 0053 02       		.uleb128 0x2
 412 0054 04       		.byte	0x4
 413 0055 07       		.byte	0x7
 414 0056 55010000 		.4byte	.LASF5
 415 005a 02       		.uleb128 0x2
 416 005b 08       		.byte	0x8
 417 005c 05       		.byte	0x5
 418 005d CA010000 		.4byte	.LASF6
 419 0061 02       		.uleb128 0x2
 420 0062 08       		.byte	0x8
 421 0063 07       		.byte	0x7
 422 0064 92010000 		.4byte	.LASF7
 423 0068 04       		.uleb128 0x4
 424 0069 04       		.byte	0x4
 425 006a 05       		.byte	0x5
 426 006b 696E7400 		.ascii	"int\000"
 427 006f 02       		.uleb128 0x2
 428 0070 04       		.byte	0x4
 429 0071 07       		.byte	0x7
 430 0072 85010000 		.4byte	.LASF8
 431 0076 03       		.uleb128 0x3
 432 0077 B9010000 		.4byte	.LASF10
 433 007b 03       		.byte	0x3
 434 007c 2C       		.byte	0x2c
 435 007d 41000000 		.4byte	0x41
 436 0081 05       		.uleb128 0x5
 437 0082 EE010000 		.4byte	.LASF11
 438 0086 04       		.byte	0x4
 439 0087 9201     		.2byte	0x192
 440 0089 2C000000 		.4byte	0x2c
 441 008d 05       		.uleb128 0x5
 442 008e 67010000 		.4byte	.LASF12
 443 0092 04       		.byte	0x4
 444 0093 9301     		.2byte	0x193
 445 0095 3A000000 		.4byte	0x3a
 446 0099 05       		.uleb128 0x5
 447 009a 7E010000 		.4byte	.LASF13
 448 009e 04       		.byte	0x4
 449 009f 9401     		.2byte	0x194
 450 00a1 53000000 		.4byte	0x53
 451 00a5 02       		.uleb128 0x2
 452 00a6 04       		.byte	0x4
 453 00a7 04       		.byte	0x4
 454 00a8 DA000000 		.4byte	.LASF14
 455 00ac 02       		.uleb128 0x2
 456 00ad 08       		.byte	0x8
 457 00ae 04       		.byte	0x4
 458 00af D3000000 		.4byte	.LASF15
 459 00b3 02       		.uleb128 0x2
 460 00b4 01       		.byte	0x1
 461 00b5 08       		.byte	0x8
 462 00b6 D8010000 		.4byte	.LASF16
ARM GAS  C:\Users\glenn\AppData\Local\Temp\ccg37PN7.s 			page 11


 463 00ba 02       		.uleb128 0x2
 464 00bb 04       		.byte	0x4
 465 00bc 07       		.byte	0x7
 466 00bd C1010000 		.4byte	.LASF17
 467 00c1 06       		.uleb128 0x6
 468 00c2 BE000000 		.4byte	.LASF18
 469 00c6 01       		.byte	0x1
 470 00c7 18       		.byte	0x18
 471 00c8 8D000000 		.4byte	0x8d
 472 00cc 00000000 		.4byte	.LFB63
 473 00d0 22000000 		.4byte	.LFE63-.LFB63
 474 00d4 01       		.uleb128 0x1
 475 00d5 9C       		.byte	0x9c
 476 00d6 F7000000 		.4byte	0xf7
 477 00da 07       		.uleb128 0x7
 478 00db E7010000 		.4byte	.LASF20
 479 00df 01       		.byte	0x1
 480 00e0 18       		.byte	0x18
 481 00e1 F7000000 		.4byte	0xf7
 482 00e5 02       		.uleb128 0x2
 483 00e6 91       		.byte	0x91
 484 00e7 6C       		.sleb128 -20
 485 00e8 08       		.uleb128 0x8
 486 00e9 1E010000 		.4byte	.LASF21
 487 00ed 01       		.byte	0x1
 488 00ee 1A       		.byte	0x1a
 489 00ef FD000000 		.4byte	0xfd
 490 00f3 02       		.uleb128 0x2
 491 00f4 91       		.byte	0x91
 492 00f5 74       		.sleb128 -12
 493 00f6 00       		.byte	0
 494 00f7 09       		.uleb128 0x9
 495 00f8 04       		.byte	0x4
 496 00f9 81000000 		.4byte	0x81
 497 00fd 09       		.uleb128 0x9
 498 00fe 04       		.byte	0x4
 499 00ff 8D000000 		.4byte	0x8d
 500 0103 0A       		.uleb128 0xa
 501 0104 6E010000 		.4byte	.LASF19
 502 0108 01       		.byte	0x1
 503 0109 27       		.byte	0x27
 504 010a 8D000000 		.4byte	0x8d
 505 010e 00000000 		.4byte	.LFB64
 506 0112 38000000 		.4byte	.LFE64-.LFB64
 507 0116 01       		.uleb128 0x1
 508 0117 9C       		.byte	0x9c
 509 0118 39010000 		.4byte	0x139
 510 011c 07       		.uleb128 0x7
 511 011d E7010000 		.4byte	.LASF20
 512 0121 01       		.byte	0x1
 513 0122 27       		.byte	0x27
 514 0123 F7000000 		.4byte	0xf7
 515 0127 02       		.uleb128 0x2
 516 0128 91       		.byte	0x91
 517 0129 6C       		.sleb128 -20
 518 012a 08       		.uleb128 0x8
 519 012b 1E010000 		.4byte	.LASF21
ARM GAS  C:\Users\glenn\AppData\Local\Temp\ccg37PN7.s 			page 12


 520 012f 01       		.byte	0x1
 521 0130 29       		.byte	0x29
 522 0131 39010000 		.4byte	0x139
 523 0135 02       		.uleb128 0x2
 524 0136 91       		.byte	0x91
 525 0137 74       		.sleb128 -12
 526 0138 00       		.byte	0
 527 0139 09       		.uleb128 0x9
 528 013a 04       		.byte	0x4
 529 013b A5000000 		.4byte	0xa5
 530 013f 06       		.uleb128 0x6
 531 0140 4A020000 		.4byte	.LASF22
 532 0144 01       		.byte	0x1
 533 0145 30       		.byte	0x30
 534 0146 8D000000 		.4byte	0x8d
 535 014a 00000000 		.4byte	.LFB65
 536 014e 5A000000 		.4byte	.LFE65-.LFB65
 537 0152 01       		.uleb128 0x1
 538 0153 9C       		.byte	0x9c
 539 0154 75010000 		.4byte	0x175
 540 0158 07       		.uleb128 0x7
 541 0159 E7010000 		.4byte	.LASF20
 542 015d 01       		.byte	0x1
 543 015e 30       		.byte	0x30
 544 015f F7000000 		.4byte	0xf7
 545 0163 02       		.uleb128 0x2
 546 0164 91       		.byte	0x91
 547 0165 64       		.sleb128 -28
 548 0166 08       		.uleb128 0x8
 549 0167 1E010000 		.4byte	.LASF21
 550 016b 01       		.byte	0x1
 551 016c 32       		.byte	0x32
 552 016d FD000000 		.4byte	0xfd
 553 0171 02       		.uleb128 0x2
 554 0172 91       		.byte	0x91
 555 0173 6C       		.sleb128 -20
 556 0174 00       		.byte	0
 557 0175 06       		.uleb128 0x6
 558 0176 00000000 		.4byte	.LASF23
 559 017a 01       		.byte	0x1
 560 017b 45       		.byte	0x45
 561 017c 8D000000 		.4byte	0x8d
 562 0180 00000000 		.4byte	.LFB66
 563 0184 58000000 		.4byte	.LFE66-.LFB66
 564 0188 01       		.uleb128 0x1
 565 0189 9C       		.byte	0x9c
 566 018a AB010000 		.4byte	0x1ab
 567 018e 07       		.uleb128 0x7
 568 018f E7010000 		.4byte	.LASF20
 569 0193 01       		.byte	0x1
 570 0194 45       		.byte	0x45
 571 0195 F7000000 		.4byte	0xf7
 572 0199 02       		.uleb128 0x2
 573 019a 91       		.byte	0x91
 574 019b 6C       		.sleb128 -20
 575 019c 08       		.uleb128 0x8
 576 019d 1E010000 		.4byte	.LASF21
ARM GAS  C:\Users\glenn\AppData\Local\Temp\ccg37PN7.s 			page 13


 577 01a1 01       		.byte	0x1
 578 01a2 47       		.byte	0x47
 579 01a3 FD000000 		.4byte	0xfd
 580 01a7 02       		.uleb128 0x2
 581 01a8 91       		.byte	0x91
 582 01a9 74       		.sleb128 -12
 583 01aa 00       		.byte	0
 584 01ab 0A       		.uleb128 0xa
 585 01ac 21000000 		.4byte	.LASF24
 586 01b0 01       		.byte	0x1
 587 01b1 5D       		.byte	0x5d
 588 01b2 8D000000 		.4byte	0x8d
 589 01b6 00000000 		.4byte	.LFB67
 590 01ba 28000000 		.4byte	.LFE67-.LFB67
 591 01be 01       		.uleb128 0x1
 592 01bf 9C       		.byte	0x9c
 593 01c0 E1010000 		.4byte	0x1e1
 594 01c4 07       		.uleb128 0x7
 595 01c5 E7010000 		.4byte	.LASF20
 596 01c9 01       		.byte	0x1
 597 01ca 5D       		.byte	0x5d
 598 01cb F7000000 		.4byte	0xf7
 599 01cf 02       		.uleb128 0x2
 600 01d0 91       		.byte	0x91
 601 01d1 6C       		.sleb128 -20
 602 01d2 08       		.uleb128 0x8
 603 01d3 1E010000 		.4byte	.LASF21
 604 01d7 01       		.byte	0x1
 605 01d8 5F       		.byte	0x5f
 606 01d9 E1010000 		.4byte	0x1e1
 607 01dd 02       		.uleb128 0x2
 608 01de 91       		.byte	0x91
 609 01df 74       		.sleb128 -12
 610 01e0 00       		.byte	0
 611 01e1 09       		.uleb128 0x9
 612 01e2 04       		.byte	0x4
 613 01e3 99000000 		.4byte	0x99
 614 01e7 0A       		.uleb128 0xa
 615 01e8 A9010000 		.4byte	.LASF25
 616 01ec 01       		.byte	0x1
 617 01ed 66       		.byte	0x66
 618 01ee 8D000000 		.4byte	0x8d
 619 01f2 00000000 		.4byte	.LFB68
 620 01f6 28000000 		.4byte	.LFE68-.LFB68
 621 01fa 01       		.uleb128 0x1
 622 01fb 9C       		.byte	0x9c
 623 01fc 1D020000 		.4byte	0x21d
 624 0200 07       		.uleb128 0x7
 625 0201 E7010000 		.4byte	.LASF20
 626 0205 01       		.byte	0x1
 627 0206 66       		.byte	0x66
 628 0207 F7000000 		.4byte	0xf7
 629 020b 02       		.uleb128 0x2
 630 020c 91       		.byte	0x91
 631 020d 6C       		.sleb128 -20
 632 020e 08       		.uleb128 0x8
 633 020f 1E010000 		.4byte	.LASF21
ARM GAS  C:\Users\glenn\AppData\Local\Temp\ccg37PN7.s 			page 14


 634 0213 01       		.byte	0x1
 635 0214 68       		.byte	0x68
 636 0215 39010000 		.4byte	0x139
 637 0219 02       		.uleb128 0x2
 638 021a 91       		.byte	0x91
 639 021b 74       		.sleb128 -12
 640 021c 00       		.byte	0
 641 021d 08       		.uleb128 0x8
 642 021e 15020000 		.4byte	.LASF26
 643 0222 01       		.byte	0x1
 644 0223 5A       		.byte	0x5a
 645 0224 99000000 		.4byte	0x99
 646 0228 05       		.uleb128 0x5
 647 0229 03       		.byte	0x3
 648 022a 00000000 		.4byte	long_store
 649 022e 08       		.uleb128 0x8
 650 022f F4010000 		.4byte	.LASF27
 651 0233 01       		.byte	0x1
 652 0234 5B       		.byte	0x5b
 653 0235 A5000000 		.4byte	0xa5
 654 0239 05       		.uleb128 0x5
 655 023a 03       		.byte	0x3
 656 023b 04000000 		.4byte	float_store
 657 023f 0B       		.uleb128 0xb
 658 0240 3A010000 		.4byte	.LASF31
 659 0244 05       		.byte	0x5
 660 0245 9606     		.2byte	0x696
 661 0247 4B020000 		.4byte	0x24b
 662 024b 0C       		.uleb128 0xc
 663 024c 76000000 		.4byte	0x76
 664 0250 00       		.byte	0
 665              		.section	.debug_abbrev,"",%progbits
 666              	.Ldebug_abbrev0:
 667 0000 01       		.uleb128 0x1
 668 0001 11       		.uleb128 0x11
 669 0002 01       		.byte	0x1
 670 0003 25       		.uleb128 0x25
 671 0004 0E       		.uleb128 0xe
 672 0005 13       		.uleb128 0x13
 673 0006 0B       		.uleb128 0xb
 674 0007 03       		.uleb128 0x3
 675 0008 0E       		.uleb128 0xe
 676 0009 1B       		.uleb128 0x1b
 677 000a 0E       		.uleb128 0xe
 678 000b 55       		.uleb128 0x55
 679 000c 17       		.uleb128 0x17
 680 000d 11       		.uleb128 0x11
 681 000e 01       		.uleb128 0x1
 682 000f 10       		.uleb128 0x10
 683 0010 17       		.uleb128 0x17
 684 0011 00       		.byte	0
 685 0012 00       		.byte	0
 686 0013 02       		.uleb128 0x2
 687 0014 24       		.uleb128 0x24
 688 0015 00       		.byte	0
 689 0016 0B       		.uleb128 0xb
 690 0017 0B       		.uleb128 0xb
ARM GAS  C:\Users\glenn\AppData\Local\Temp\ccg37PN7.s 			page 15


 691 0018 3E       		.uleb128 0x3e
 692 0019 0B       		.uleb128 0xb
 693 001a 03       		.uleb128 0x3
 694 001b 0E       		.uleb128 0xe
 695 001c 00       		.byte	0
 696 001d 00       		.byte	0
 697 001e 03       		.uleb128 0x3
 698 001f 16       		.uleb128 0x16
 699 0020 00       		.byte	0
 700 0021 03       		.uleb128 0x3
 701 0022 0E       		.uleb128 0xe
 702 0023 3A       		.uleb128 0x3a
 703 0024 0B       		.uleb128 0xb
 704 0025 3B       		.uleb128 0x3b
 705 0026 0B       		.uleb128 0xb
 706 0027 49       		.uleb128 0x49
 707 0028 13       		.uleb128 0x13
 708 0029 00       		.byte	0
 709 002a 00       		.byte	0
 710 002b 04       		.uleb128 0x4
 711 002c 24       		.uleb128 0x24
 712 002d 00       		.byte	0
 713 002e 0B       		.uleb128 0xb
 714 002f 0B       		.uleb128 0xb
 715 0030 3E       		.uleb128 0x3e
 716 0031 0B       		.uleb128 0xb
 717 0032 03       		.uleb128 0x3
 718 0033 08       		.uleb128 0x8
 719 0034 00       		.byte	0
 720 0035 00       		.byte	0
 721 0036 05       		.uleb128 0x5
 722 0037 16       		.uleb128 0x16
 723 0038 00       		.byte	0
 724 0039 03       		.uleb128 0x3
 725 003a 0E       		.uleb128 0xe
 726 003b 3A       		.uleb128 0x3a
 727 003c 0B       		.uleb128 0xb
 728 003d 3B       		.uleb128 0x3b
 729 003e 05       		.uleb128 0x5
 730 003f 49       		.uleb128 0x49
 731 0040 13       		.uleb128 0x13
 732 0041 00       		.byte	0
 733 0042 00       		.byte	0
 734 0043 06       		.uleb128 0x6
 735 0044 2E       		.uleb128 0x2e
 736 0045 01       		.byte	0x1
 737 0046 3F       		.uleb128 0x3f
 738 0047 19       		.uleb128 0x19
 739 0048 03       		.uleb128 0x3
 740 0049 0E       		.uleb128 0xe
 741 004a 3A       		.uleb128 0x3a
 742 004b 0B       		.uleb128 0xb
 743 004c 3B       		.uleb128 0x3b
 744 004d 0B       		.uleb128 0xb
 745 004e 27       		.uleb128 0x27
 746 004f 19       		.uleb128 0x19
 747 0050 49       		.uleb128 0x49
ARM GAS  C:\Users\glenn\AppData\Local\Temp\ccg37PN7.s 			page 16


 748 0051 13       		.uleb128 0x13
 749 0052 11       		.uleb128 0x11
 750 0053 01       		.uleb128 0x1
 751 0054 12       		.uleb128 0x12
 752 0055 06       		.uleb128 0x6
 753 0056 40       		.uleb128 0x40
 754 0057 18       		.uleb128 0x18
 755 0058 9642     		.uleb128 0x2116
 756 005a 19       		.uleb128 0x19
 757 005b 01       		.uleb128 0x1
 758 005c 13       		.uleb128 0x13
 759 005d 00       		.byte	0
 760 005e 00       		.byte	0
 761 005f 07       		.uleb128 0x7
 762 0060 05       		.uleb128 0x5
 763 0061 00       		.byte	0
 764 0062 03       		.uleb128 0x3
 765 0063 0E       		.uleb128 0xe
 766 0064 3A       		.uleb128 0x3a
 767 0065 0B       		.uleb128 0xb
 768 0066 3B       		.uleb128 0x3b
 769 0067 0B       		.uleb128 0xb
 770 0068 49       		.uleb128 0x49
 771 0069 13       		.uleb128 0x13
 772 006a 02       		.uleb128 0x2
 773 006b 18       		.uleb128 0x18
 774 006c 00       		.byte	0
 775 006d 00       		.byte	0
 776 006e 08       		.uleb128 0x8
 777 006f 34       		.uleb128 0x34
 778 0070 00       		.byte	0
 779 0071 03       		.uleb128 0x3
 780 0072 0E       		.uleb128 0xe
 781 0073 3A       		.uleb128 0x3a
 782 0074 0B       		.uleb128 0xb
 783 0075 3B       		.uleb128 0x3b
 784 0076 0B       		.uleb128 0xb
 785 0077 49       		.uleb128 0x49
 786 0078 13       		.uleb128 0x13
 787 0079 02       		.uleb128 0x2
 788 007a 18       		.uleb128 0x18
 789 007b 00       		.byte	0
 790 007c 00       		.byte	0
 791 007d 09       		.uleb128 0x9
 792 007e 0F       		.uleb128 0xf
 793 007f 00       		.byte	0
 794 0080 0B       		.uleb128 0xb
 795 0081 0B       		.uleb128 0xb
 796 0082 49       		.uleb128 0x49
 797 0083 13       		.uleb128 0x13
 798 0084 00       		.byte	0
 799 0085 00       		.byte	0
 800 0086 0A       		.uleb128 0xa
 801 0087 2E       		.uleb128 0x2e
 802 0088 01       		.byte	0x1
 803 0089 3F       		.uleb128 0x3f
 804 008a 19       		.uleb128 0x19
ARM GAS  C:\Users\glenn\AppData\Local\Temp\ccg37PN7.s 			page 17


 805 008b 03       		.uleb128 0x3
 806 008c 0E       		.uleb128 0xe
 807 008d 3A       		.uleb128 0x3a
 808 008e 0B       		.uleb128 0xb
 809 008f 3B       		.uleb128 0x3b
 810 0090 0B       		.uleb128 0xb
 811 0091 27       		.uleb128 0x27
 812 0092 19       		.uleb128 0x19
 813 0093 49       		.uleb128 0x49
 814 0094 13       		.uleb128 0x13
 815 0095 11       		.uleb128 0x11
 816 0096 01       		.uleb128 0x1
 817 0097 12       		.uleb128 0x12
 818 0098 06       		.uleb128 0x6
 819 0099 40       		.uleb128 0x40
 820 009a 18       		.uleb128 0x18
 821 009b 9742     		.uleb128 0x2117
 822 009d 19       		.uleb128 0x19
 823 009e 01       		.uleb128 0x1
 824 009f 13       		.uleb128 0x13
 825 00a0 00       		.byte	0
 826 00a1 00       		.byte	0
 827 00a2 0B       		.uleb128 0xb
 828 00a3 34       		.uleb128 0x34
 829 00a4 00       		.byte	0
 830 00a5 03       		.uleb128 0x3
 831 00a6 0E       		.uleb128 0xe
 832 00a7 3A       		.uleb128 0x3a
 833 00a8 0B       		.uleb128 0xb
 834 00a9 3B       		.uleb128 0x3b
 835 00aa 05       		.uleb128 0x5
 836 00ab 49       		.uleb128 0x49
 837 00ac 13       		.uleb128 0x13
 838 00ad 3F       		.uleb128 0x3f
 839 00ae 19       		.uleb128 0x19
 840 00af 3C       		.uleb128 0x3c
 841 00b0 19       		.uleb128 0x19
 842 00b1 00       		.byte	0
 843 00b2 00       		.byte	0
 844 00b3 0C       		.uleb128 0xc
 845 00b4 35       		.uleb128 0x35
 846 00b5 00       		.byte	0
 847 00b6 49       		.uleb128 0x49
 848 00b7 13       		.uleb128 0x13
 849 00b8 00       		.byte	0
 850 00b9 00       		.byte	0
 851 00ba 00       		.byte	0
 852              		.section	.debug_aranges,"",%progbits
 853 0000 44000000 		.4byte	0x44
 854 0004 0200     		.2byte	0x2
 855 0006 00000000 		.4byte	.Ldebug_info0
 856 000a 04       		.byte	0x4
 857 000b 00       		.byte	0
 858 000c 0000     		.2byte	0
 859 000e 0000     		.2byte	0
 860 0010 00000000 		.4byte	.LFB63
 861 0014 22000000 		.4byte	.LFE63-.LFB63
ARM GAS  C:\Users\glenn\AppData\Local\Temp\ccg37PN7.s 			page 18


 862 0018 00000000 		.4byte	.LFB64
 863 001c 38000000 		.4byte	.LFE64-.LFB64
 864 0020 00000000 		.4byte	.LFB65
 865 0024 5A000000 		.4byte	.LFE65-.LFB65
 866 0028 00000000 		.4byte	.LFB66
 867 002c 58000000 		.4byte	.LFE66-.LFB66
 868 0030 00000000 		.4byte	.LFB67
 869 0034 28000000 		.4byte	.LFE67-.LFB67
 870 0038 00000000 		.4byte	.LFB68
 871 003c 28000000 		.4byte	.LFE68-.LFB68
 872 0040 00000000 		.4byte	0
 873 0044 00000000 		.4byte	0
 874              		.section	.debug_ranges,"",%progbits
 875              	.Ldebug_ranges0:
 876 0000 00000000 		.4byte	.LFB63
 877 0004 22000000 		.4byte	.LFE63
 878 0008 00000000 		.4byte	.LFB64
 879 000c 38000000 		.4byte	.LFE64
 880 0010 00000000 		.4byte	.LFB65
 881 0014 5A000000 		.4byte	.LFE65
 882 0018 00000000 		.4byte	.LFB66
 883 001c 58000000 		.4byte	.LFE66
 884 0020 00000000 		.4byte	.LFB67
 885 0024 28000000 		.4byte	.LFE67
 886 0028 00000000 		.4byte	.LFB68
 887 002c 28000000 		.4byte	.LFE68
 888 0030 00000000 		.4byte	0
 889 0034 00000000 		.4byte	0
 890              		.section	.debug_line,"",%progbits
 891              	.Ldebug_line0:
 892 0000 EE010000 		.section	.debug_str,"MS",%progbits,1
 892      02006A01 
 892      00000201 
 892      FB0E0D00 
 892      01010101 
 893              	.LASF23:
 894 0000 6D6F645F 		.ascii	"mod_store_current_time\000"
 894      73746F72 
 894      655F6375 
 894      7272656E 
 894      745F7469 
 895              	.LASF9:
 896 0017 5F5F696E 		.ascii	"__int32_t\000"
 896      7433325F 
 896      7400
 897              	.LASF24:
 898 0021 6D6F645F 		.ascii	"mod_store_long\000"
 898      73746F72 
 898      655F6C6F 
 898      6E6700
 899              	.LASF28:
 900 0030 474E5520 		.ascii	"GNU C 4.9.3 20150303 (release) [ARM/embedded-4_9-br"
 900      4320342E 
 900      392E3320 
 900      32303135 
 900      30333033 
 901 0063 616E6368 		.ascii	"anch revision 221220] -mcpu=cortex-m3 -mthumb -g -O"
ARM GAS  C:\Users\glenn\AppData\Local\Temp\ccg37PN7.s 			page 19


 901      20726576 
 901      6973696F 
 901      6E203232 
 901      31323230 
 902 0096 30202D66 		.ascii	"0 -ffunction-sections -ffat-lto-objects\000"
 902      66756E63 
 902      74696F6E 
 902      2D736563 
 902      74696F6E 
 903              	.LASF18:
 904 00be 6D6F645F 		.ascii	"mod_access_read_temp\000"
 904      61636365 
 904      73735F72 
 904      6561645F 
 904      74656D70 
 905              	.LASF15:
 906 00d3 646F7562 		.ascii	"double\000"
 906      6C6500
 907              	.LASF14:
 908 00da 666C6F61 		.ascii	"float\000"
 908      7400
 909              	.LASF30:
 910 00e0 433A5C55 		.ascii	"C:\\Users\\glenn\\OneDrive\\PSOC\\moisture_sensor\\"
 910      73657273 
 910      5C676C65 
 910      6E6E5C4F 
 910      6E654472 
 911 010d 5553425F 		.ascii	"USB_UART01.cydsn\000"
 911      55415254 
 911      30312E63 
 911      7964736E 
 911      00
 912              	.LASF21:
 913 011e 74656D70 		.ascii	"temp_ptr\000"
 913      5F707472 
 913      00
 914              	.LASF3:
 915 0127 73686F72 		.ascii	"short unsigned int\000"
 915      7420756E 
 915      7369676E 
 915      65642069 
 915      6E7400
 916              	.LASF31:
 917 013a 49544D5F 		.ascii	"ITM_RxBuffer\000"
 917      52784275 
 917      66666572 
 917      00
 918              	.LASF1:
 919 0147 756E7369 		.ascii	"unsigned char\000"
 919      676E6564 
 919      20636861 
 919      7200
 920              	.LASF5:
 921 0155 6C6F6E67 		.ascii	"long unsigned int\000"
 921      20756E73 
 921      69676E65 
 921      6420696E 
ARM GAS  C:\Users\glenn\AppData\Local\Temp\ccg37PN7.s 			page 20


 921      7400
 922              	.LASF12:
 923 0167 75696E74 		.ascii	"uint16\000"
 923      313600
 924              	.LASF19:
 925 016e 74657374 		.ascii	"test_float_read\000"
 925      5F666C6F 
 925      61745F72 
 925      65616400 
 926              	.LASF13:
 927 017e 75696E74 		.ascii	"uint32\000"
 927      333200
 928              	.LASF8:
 929 0185 756E7369 		.ascii	"unsigned int\000"
 929      676E6564 
 929      20696E74 
 929      00
 930              	.LASF7:
 931 0192 6C6F6E67 		.ascii	"long long unsigned int\000"
 931      206C6F6E 
 931      6720756E 
 931      7369676E 
 931      65642069 
 932              	.LASF25:
 933 01a9 6D6F645F 		.ascii	"mod_store_float\000"
 933      73746F72 
 933      655F666C 
 933      6F617400 
 934              	.LASF10:
 935 01b9 696E7433 		.ascii	"int32_t\000"
 935      325F7400 
 936              	.LASF17:
 937 01c1 73697A65 		.ascii	"sizetype\000"
 937      74797065 
 937      00
 938              	.LASF6:
 939 01ca 6C6F6E67 		.ascii	"long long int\000"
 939      206C6F6E 
 939      6720696E 
 939      7400
 940              	.LASF16:
 941 01d8 63686172 		.ascii	"char\000"
 941      00
 942              	.LASF2:
 943 01dd 73686F72 		.ascii	"short int\000"
 943      7420696E 
 943      7400
 944              	.LASF20:
 945 01e7 62756666 		.ascii	"buffer\000"
 945      657200
 946              	.LASF11:
 947 01ee 75696E74 		.ascii	"uint8\000"
 947      3800
 948              	.LASF27:
 949 01f4 666C6F61 		.ascii	"float_store\000"
 949      745F7374 
 949      6F726500 
ARM GAS  C:\Users\glenn\AppData\Local\Temp\ccg37PN7.s 			page 21


 950              	.LASF4:
 951 0200 6C6F6E67 		.ascii	"long int\000"
 951      20696E74 
 951      00
 952              	.LASF0:
 953 0209 7369676E 		.ascii	"signed char\000"
 953      65642063 
 953      68617200 
 954              	.LASF26:
 955 0215 6C6F6E67 		.ascii	"long_store\000"
 955      5F73746F 
 955      726500
 956              	.LASF29:
 957 0220 2E5C7274 		.ascii	".\\rtu_modbus\\modbus_interface_functions.c\000"
 957      755F6D6F 
 957      64627573 
 957      5C6D6F64 
 957      6275735F 
 958              	.LASF22:
 959 024a 6D6F645F 		.ascii	"mod_read_current_time\000"
 959      72656164 
 959      5F637572 
 959      72656E74 
 959      5F74696D 
 960              		.ident	"GCC: (GNU Tools for ARM Embedded Processors) 4.9.3 20150303 (release) [ARM/embedded-4_9-br
