ARM GAS  C:\Users\glenn\AppData\Local\Temp\cc7XA1QY.s 			page 1


   1              		.syntax unified
   2              		.cpu cortex-m3
   3              		.fpu softvfp
   4              		.eabi_attribute 20, 1
   5              		.eabi_attribute 21, 1
   6              		.eabi_attribute 23, 3
   7              		.eabi_attribute 24, 1
   8              		.eabi_attribute 25, 1
   9              		.eabi_attribute 26, 1
  10              		.eabi_attribute 30, 6
  11              		.eabi_attribute 34, 1
  12              		.eabi_attribute 18, 4
  13              		.thumb
  14              		.file	"process_type_35_messages.c"
  15              		.text
  16              	.Ltext0:
  17              		.cfi_sections	.debug_frame
  18              		.section	.text.process_type_35_message,"ax",%progbits
  19              		.align	2
  20              		.global	process_type_35_message
  21              		.thumb
  22              		.thumb_func
  23              		.type	process_type_35_message, %function
  24              	process_type_35_message:
  25              	.LFB65:
  26              		.file 1 ".\\rtu_modbus\\process_type_35_messages.c"
   1:.\rtu_modbus/process_type_35_messages.c **** /*
   2:.\rtu_modbus/process_type_35_messages.c **** **
   3:.\rtu_modbus/process_type_35_messages.c **** ** File: process_type_35_message.c
   4:.\rtu_modbus/process_type_35_messages.c **** **
   5:.\rtu_modbus/process_type_35_messages.c **** **
   6:.\rtu_modbus/process_type_35_messages.c **** Query
   7:.\rtu_modbus/process_type_35_messages.c **** Slave Address 11
   8:.\rtu_modbus/process_type_35_messages.c **** Function 10
   9:.\rtu_modbus/process_type_35_messages.c **** Starting Address Hi 00  EEPROM OFFSET
  10:.\rtu_modbus/process_type_35_messages.c **** Starting Address Lo 01  EEPROM OFFSET
  11:.\rtu_modbus/process_type_35_messages.c **** No. of Registers Hi 00  NUMBER OF REGISTERS
  12:.\rtu_modbus/process_type_35_messages.c **** No. of Registers Lo 02
  13:.\rtu_modbus/process_type_35_messages.c **** Byte Count 04
  14:.\rtu_modbus/process_type_35_messages.c **** Data Hi 00
  15:.\rtu_modbus/process_type_35_messages.c **** Data Lo 0A
  16:.\rtu_modbus/process_type_35_messages.c **** Data Hi 01
  17:.\rtu_modbus/process_type_35_messages.c **** Data Lo 02
  18:.\rtu_modbus/process_type_35_messages.c **** Error Check (LRC or CRC) ––    
  19:.\rtu_modbus/process_type_35_messages.c ****     
  20:.\rtu_modbus/process_type_35_messages.c **** Response
  21:.\rtu_modbus/process_type_35_messages.c **** Slave Address 11
  22:.\rtu_modbus/process_type_35_messages.c **** Function 10
  23:.\rtu_modbus/process_type_35_messages.c **** Starting Address Hi 00
  24:.\rtu_modbus/process_type_35_messages.c **** Starting Address Lo 01
  25:.\rtu_modbus/process_type_35_messages.c **** No. of Registers Hi 00
  26:.\rtu_modbus/process_type_35_messages.c **** No. of Registers Lo 02
  27:.\rtu_modbus/process_type_35_messages.c **** Error Check (LRC or CRC) ––    
  28:.\rtu_modbus/process_type_35_messages.c ****     
  29:.\rtu_modbus/process_type_35_messages.c **** 
  30:.\rtu_modbus/process_type_35_messages.c **** 
  31:.\rtu_modbus/process_type_35_messages.c **** 
ARM GAS  C:\Users\glenn\AppData\Local\Temp\cc7XA1QY.s 			page 2


  32:.\rtu_modbus/process_type_35_messages.c **** 
  33:.\rtu_modbus/process_type_35_messages.c **** **
  34:.\rtu_modbus/process_type_35_messages.c **** **
  35:.\rtu_modbus/process_type_35_messages.c **** */
  36:.\rtu_modbus/process_type_35_messages.c **** 
  37:.\rtu_modbus/process_type_35_messages.c **** 
  38:.\rtu_modbus/process_type_35_messages.c **** 
  39:.\rtu_modbus/process_type_35_messages.c **** 
  40:.\rtu_modbus/process_type_35_messages.c **** #include <device.h>
  41:.\rtu_modbus/process_type_35_messages.c **** #include "process_type_35_messages.h" 
  42:.\rtu_modbus/process_type_35_messages.c **** #include "modbus_utilities.h"
  43:.\rtu_modbus/process_type_35_messages.c **** 
  44:.\rtu_modbus/process_type_35_messages.c **** 
  45:.\rtu_modbus/process_type_35_messages.c **** 
  46:.\rtu_modbus/process_type_35_messages.c **** 
  47:.\rtu_modbus/process_type_35_messages.c **** int process_type_35_message( int in_length, uint8 *in, int out_length, uint8 *out )
  48:.\rtu_modbus/process_type_35_messages.c **** {
  27              		.loc 1 48 0
  28              		.cfi_startproc
  29              		@ args = 0, pretend = 0, frame = 48
  30              		@ frame_needed = 1, uses_anonymous_args = 0
  31 0000 80B5     		push	{r7, lr}
  32              		.cfi_def_cfa_offset 8
  33              		.cfi_offset 7, -8
  34              		.cfi_offset 14, -4
  35 0002 8CB0     		sub	sp, sp, #48
  36              		.cfi_def_cfa_offset 56
  37 0004 00AF     		add	r7, sp, #0
  38              		.cfi_def_cfa_register 7
  39 0006 F860     		str	r0, [r7, #12]
  40 0008 B960     		str	r1, [r7, #8]
  41 000a 7A60     		str	r2, [r7, #4]
  42 000c 3B60     		str	r3, [r7]
  49:.\rtu_modbus/process_type_35_messages.c **** 
  50:.\rtu_modbus/process_type_35_messages.c ****     unsigned working_offset;
  51:.\rtu_modbus/process_type_35_messages.c ****     unsigned number_of_registers;
  52:.\rtu_modbus/process_type_35_messages.c ****     unsigned count;
  53:.\rtu_modbus/process_type_35_messages.c ****     unsigned i;
  54:.\rtu_modbus/process_type_35_messages.c **** 
  55:.\rtu_modbus/process_type_35_messages.c ****     unsigned eeprom_count;
  56:.\rtu_modbus/process_type_35_messages.c ****     unsigned eeprom_offset;
  57:.\rtu_modbus/process_type_35_messages.c ****     uint8    temp_1;
  58:.\rtu_modbus/process_type_35_messages.c ****     uint8    temp_2;
  59:.\rtu_modbus/process_type_35_messages.c ****     
  60:.\rtu_modbus/process_type_35_messages.c ****     
  61:.\rtu_modbus/process_type_35_messages.c ****     
  62:.\rtu_modbus/process_type_35_messages.c ****     *out++           = *in;
  43              		.loc 1 62 0
  44 000e 3B68     		ldr	r3, [r7]
  45 0010 5A1C     		adds	r2, r3, #1
  46 0012 3A60     		str	r2, [r7]
  47 0014 BA68     		ldr	r2, [r7, #8]
  48 0016 1278     		ldrb	r2, [r2]	@ zero_extendqisi2
  49 0018 1A70     		strb	r2, [r3]
  63:.\rtu_modbus/process_type_35_messages.c ****     working_offset = (*in++)*256;
  50              		.loc 1 63 0
  51 001a BB68     		ldr	r3, [r7, #8]
ARM GAS  C:\Users\glenn\AppData\Local\Temp\cc7XA1QY.s 			page 3


  52 001c 5A1C     		adds	r2, r3, #1
  53 001e BA60     		str	r2, [r7, #8]
  54 0020 1B78     		ldrb	r3, [r3]	@ zero_extendqisi2
  55 0022 1B02     		lsls	r3, r3, #8
  56 0024 BB62     		str	r3, [r7, #40]
  64:.\rtu_modbus/process_type_35_messages.c ****     *out++           = *in;
  57              		.loc 1 64 0
  58 0026 3B68     		ldr	r3, [r7]
  59 0028 5A1C     		adds	r2, r3, #1
  60 002a 3A60     		str	r2, [r7]
  61 002c BA68     		ldr	r2, [r7, #8]
  62 002e 1278     		ldrb	r2, [r2]	@ zero_extendqisi2
  63 0030 1A70     		strb	r2, [r3]
  65:.\rtu_modbus/process_type_35_messages.c ****     working_offset += (*in++);
  64              		.loc 1 65 0
  65 0032 BB68     		ldr	r3, [r7, #8]
  66 0034 5A1C     		adds	r2, r3, #1
  67 0036 BA60     		str	r2, [r7, #8]
  68 0038 1B78     		ldrb	r3, [r3]	@ zero_extendqisi2
  69 003a 1A46     		mov	r2, r3
  70 003c BB6A     		ldr	r3, [r7, #40]
  71 003e 1344     		add	r3, r3, r2
  72 0040 BB62     		str	r3, [r7, #40]
  66:.\rtu_modbus/process_type_35_messages.c ****     *out++           = *in;
  73              		.loc 1 66 0
  74 0042 3B68     		ldr	r3, [r7]
  75 0044 5A1C     		adds	r2, r3, #1
  76 0046 3A60     		str	r2, [r7]
  77 0048 BA68     		ldr	r2, [r7, #8]
  78 004a 1278     		ldrb	r2, [r2]	@ zero_extendqisi2
  79 004c 1A70     		strb	r2, [r3]
  67:.\rtu_modbus/process_type_35_messages.c ****     number_of_registers = (*in++)*256;
  80              		.loc 1 67 0
  81 004e BB68     		ldr	r3, [r7, #8]
  82 0050 5A1C     		adds	r2, r3, #1
  83 0052 BA60     		str	r2, [r7, #8]
  84 0054 1B78     		ldrb	r3, [r3]	@ zero_extendqisi2
  85 0056 1B02     		lsls	r3, r3, #8
  86 0058 7B62     		str	r3, [r7, #36]
  68:.\rtu_modbus/process_type_35_messages.c ****     *out++           = *in;
  87              		.loc 1 68 0
  88 005a 3B68     		ldr	r3, [r7]
  89 005c 5A1C     		adds	r2, r3, #1
  90 005e 3A60     		str	r2, [r7]
  91 0060 BA68     		ldr	r2, [r7, #8]
  92 0062 1278     		ldrb	r2, [r2]	@ zero_extendqisi2
  93 0064 1A70     		strb	r2, [r3]
  69:.\rtu_modbus/process_type_35_messages.c ****     number_of_registers += (*in++);
  94              		.loc 1 69 0
  95 0066 BB68     		ldr	r3, [r7, #8]
  96 0068 5A1C     		adds	r2, r3, #1
  97 006a BA60     		str	r2, [r7, #8]
  98 006c 1B78     		ldrb	r3, [r3]	@ zero_extendqisi2
  99 006e 1A46     		mov	r2, r3
 100 0070 7B6A     		ldr	r3, [r7, #36]
 101 0072 1344     		add	r3, r3, r2
 102 0074 7B62     		str	r3, [r7, #36]
ARM GAS  C:\Users\glenn\AppData\Local\Temp\cc7XA1QY.s 			page 4


  70:.\rtu_modbus/process_type_35_messages.c ****     count       = 4;
 103              		.loc 1 70 0
 104 0076 0423     		movs	r3, #4
 105 0078 3B62     		str	r3, [r7, #32]
  71:.\rtu_modbus/process_type_35_messages.c ****     in++;   // skip byte count;
 106              		.loc 1 71 0
 107 007a BB68     		ldr	r3, [r7, #8]
 108 007c 0133     		adds	r3, r3, #1
 109 007e BB60     		str	r3, [r7, #8]
  72:.\rtu_modbus/process_type_35_messages.c ****     eeprom_offset = working_offset *2;
 110              		.loc 1 72 0
 111 0080 BB6A     		ldr	r3, [r7, #40]
 112 0082 5B00     		lsls	r3, r3, #1
 113 0084 FB61     		str	r3, [r7, #28]
  73:.\rtu_modbus/process_type_35_messages.c ****     eeprom_count  = number_of_registers*2;
 114              		.loc 1 73 0
 115 0086 7B6A     		ldr	r3, [r7, #36]
 116 0088 5B00     		lsls	r3, r3, #1
 117 008a BB61     		str	r3, [r7, #24]
  74:.\rtu_modbus/process_type_35_messages.c ****     if( (eeprom_offset +eeprom_count) >= EEPROM_SIZE )
 118              		.loc 1 74 0
 119 008c FA69     		ldr	r2, [r7, #28]
 120 008e BB69     		ldr	r3, [r7, #24]
 121 0090 1344     		add	r3, r3, r2
 122 0092 B3F5006F 		cmp	r3, #2048
 123 0096 01D3     		bcc	.L2
  75:.\rtu_modbus/process_type_35_messages.c ****     {
  76:.\rtu_modbus/process_type_35_messages.c ****         return 0;  // request is bigger that eeprom size
 124              		.loc 1 76 0
 125 0098 0023     		movs	r3, #0
 126 009a 22E0     		b	.L3
 127              	.L2:
  77:.\rtu_modbus/process_type_35_messages.c ****     }
  78:.\rtu_modbus/process_type_35_messages.c ****     for( i = eeprom_offset; i <  eeprom_offset + (eeprom_count); i+=2 )
 128              		.loc 1 78 0
 129 009c FB69     		ldr	r3, [r7, #28]
 130 009e FB62     		str	r3, [r7, #44]
 131 00a0 18E0     		b	.L4
 132              	.L5:
 133              	.LBB2:
  79:.\rtu_modbus/process_type_35_messages.c ****     {
  80:.\rtu_modbus/process_type_35_messages.c ****         temp_1 = *in++;
 134              		.loc 1 80 0 discriminator 3
 135 00a2 BB68     		ldr	r3, [r7, #8]
 136 00a4 5A1C     		adds	r2, r3, #1
 137 00a6 BA60     		str	r2, [r7, #8]
 138 00a8 1B78     		ldrb	r3, [r3]
 139 00aa FB75     		strb	r3, [r7, #23]
  81:.\rtu_modbus/process_type_35_messages.c ****         temp_2 = *in++;
 140              		.loc 1 81 0 discriminator 3
 141 00ac BB68     		ldr	r3, [r7, #8]
 142 00ae 5A1C     		adds	r2, r3, #1
 143 00b0 BA60     		str	r2, [r7, #8]
 144 00b2 1B78     		ldrb	r3, [r3]
 145 00b4 BB75     		strb	r3, [r7, #22]
  82:.\rtu_modbus/process_type_35_messages.c ****         EEPROM_1_WriteByte(temp_2,i);
 146              		.loc 1 82 0 discriminator 3
ARM GAS  C:\Users\glenn\AppData\Local\Temp\cc7XA1QY.s 			page 5


 147 00b6 BB7D     		ldrb	r3, [r7, #22]	@ zero_extendqisi2
 148 00b8 1846     		mov	r0, r3
 149 00ba F96A     		ldr	r1, [r7, #44]
 150 00bc FFF7FEFF 		bl	EEPROM_1_WriteByte
  83:.\rtu_modbus/process_type_35_messages.c ****         EEPROM_1_WriteByte(temp_1,i + 1);
 151              		.loc 1 83 0 discriminator 3
 152 00c0 FA7D     		ldrb	r2, [r7, #23]	@ zero_extendqisi2
 153 00c2 FB6A     		ldr	r3, [r7, #44]
 154 00c4 0133     		adds	r3, r3, #1
 155 00c6 1046     		mov	r0, r2
 156 00c8 1946     		mov	r1, r3
 157 00ca FFF7FEFF 		bl	EEPROM_1_WriteByte
 158              	.LBE2:
  78:.\rtu_modbus/process_type_35_messages.c ****     {
 159              		.loc 1 78 0 discriminator 3
 160 00ce FB6A     		ldr	r3, [r7, #44]
 161 00d0 0233     		adds	r3, r3, #2
 162 00d2 FB62     		str	r3, [r7, #44]
 163              	.L4:
  78:.\rtu_modbus/process_type_35_messages.c ****     {
 164              		.loc 1 78 0 is_stmt 0 discriminator 1
 165 00d4 FA69     		ldr	r2, [r7, #28]
 166 00d6 BB69     		ldr	r3, [r7, #24]
 167 00d8 1A44     		add	r2, r2, r3
 168 00da FB6A     		ldr	r3, [r7, #44]
 169 00dc 9A42     		cmp	r2, r3
 170 00de E0D8     		bhi	.L5
  84:.\rtu_modbus/process_type_35_messages.c ****     }
  85:.\rtu_modbus/process_type_35_messages.c ****     
  86:.\rtu_modbus/process_type_35_messages.c **** 
  87:.\rtu_modbus/process_type_35_messages.c ****         
  88:.\rtu_modbus/process_type_35_messages.c ****     return  count;
 171              		.loc 1 88 0 is_stmt 1
 172 00e0 3B6A     		ldr	r3, [r7, #32]
 173              	.L3:
  89:.\rtu_modbus/process_type_35_messages.c ****     
  90:.\rtu_modbus/process_type_35_messages.c ****      
  91:.\rtu_modbus/process_type_35_messages.c **** }    
 174              		.loc 1 91 0
 175 00e2 1846     		mov	r0, r3
 176 00e4 3037     		adds	r7, r7, #48
 177              		.cfi_def_cfa_offset 8
 178 00e6 BD46     		mov	sp, r7
 179              		.cfi_def_cfa_register 13
 180              		@ sp needed
 181 00e8 80BD     		pop	{r7, pc}
 182              		.cfi_endproc
 183              	.LFE65:
 184              		.size	process_type_35_message, .-process_type_35_message
 185 00ea 00BF     		.text
 186              	.Letext0:
 187              		.file 2 "c:\\program files (x86)\\cypress\\psoc creator\\3.3\\psoc creator\\import\\gnu\\arm\\4.9.
 188              		.file 3 "c:\\program files (x86)\\cypress\\psoc creator\\3.3\\psoc creator\\import\\gnu\\arm\\4.9.
 189              		.file 4 "Generated_Source\\PSoC5/cytypes.h"
 190              		.file 5 "Generated_Source\\PSoC5/core_cm3.h"
 191              		.section	.debug_info,"",%progbits
 192              	.Ldebug_info0:
ARM GAS  C:\Users\glenn\AppData\Local\Temp\cc7XA1QY.s 			page 6


 193 0000 93010000 		.4byte	0x193
 194 0004 0400     		.2byte	0x4
 195 0006 00000000 		.4byte	.Ldebug_abbrev0
 196 000a 04       		.byte	0x4
 197 000b 01       		.uleb128 0x1
 198 000c AB000000 		.4byte	.LASF25
 199 0010 01       		.byte	0x1
 200 0011 02020000 		.4byte	.LASF26
 201 0015 93010000 		.4byte	.LASF27
 202 0019 00000000 		.4byte	.Ldebug_ranges0+0
 203 001d 00000000 		.4byte	0
 204 0021 00000000 		.4byte	.Ldebug_line0
 205 0025 02       		.uleb128 0x2
 206 0026 01       		.byte	0x1
 207 0027 06       		.byte	0x6
 208 0028 33020000 		.4byte	.LASF0
 209 002c 02       		.uleb128 0x2
 210 002d 01       		.byte	0x1
 211 002e 08       		.byte	0x8
 212 002f 5E000000 		.4byte	.LASF1
 213 0033 02       		.uleb128 0x2
 214 0034 02       		.byte	0x2
 215 0035 05       		.byte	0x5
 216 0036 E8010000 		.4byte	.LASF2
 217 003a 02       		.uleb128 0x2
 218 003b 02       		.byte	0x2
 219 003c 07       		.byte	0x7
 220 003d 8B000000 		.4byte	.LASF3
 221 0041 03       		.uleb128 0x3
 222 0042 14000000 		.4byte	.LASF9
 223 0046 02       		.byte	0x2
 224 0047 3F       		.byte	0x3f
 225 0048 4C000000 		.4byte	0x4c
 226 004c 02       		.uleb128 0x2
 227 004d 04       		.byte	0x4
 228 004e 05       		.byte	0x5
 229 004f 2A020000 		.4byte	.LASF4
 230 0053 02       		.uleb128 0x2
 231 0054 04       		.byte	0x4
 232 0055 07       		.byte	0x7
 233 0056 79000000 		.4byte	.LASF5
 234 005a 02       		.uleb128 0x2
 235 005b 08       		.byte	0x8
 236 005c 05       		.byte	0x5
 237 005d 80010000 		.4byte	.LASF6
 238 0061 02       		.uleb128 0x2
 239 0062 08       		.byte	0x8
 240 0063 07       		.byte	0x7
 241 0064 4D010000 		.4byte	.LASF7
 242 0068 04       		.uleb128 0x4
 243 0069 04       		.byte	0x4
 244 006a 05       		.byte	0x5
 245 006b 696E7400 		.ascii	"int\000"
 246 006f 02       		.uleb128 0x2
 247 0070 04       		.byte	0x4
 248 0071 07       		.byte	0x7
 249 0072 40010000 		.4byte	.LASF8
ARM GAS  C:\Users\glenn\AppData\Local\Temp\cc7XA1QY.s 			page 7


 250 0076 03       		.uleb128 0x3
 251 0077 64010000 		.4byte	.LASF10
 252 007b 03       		.byte	0x3
 253 007c 2C       		.byte	0x2c
 254 007d 41000000 		.4byte	0x41
 255 0081 05       		.uleb128 0x5
 256 0082 F2010000 		.4byte	.LASF11
 257 0086 04       		.byte	0x4
 258 0087 9201     		.2byte	0x192
 259 0089 2C000000 		.4byte	0x2c
 260 008d 02       		.uleb128 0x2
 261 008e 04       		.byte	0x4
 262 008f 04       		.byte	0x4
 263 0090 58000000 		.4byte	.LASF12
 264 0094 02       		.uleb128 0x2
 265 0095 08       		.byte	0x8
 266 0096 04       		.byte	0x4
 267 0097 39010000 		.4byte	.LASF13
 268 009b 02       		.uleb128 0x2
 269 009c 01       		.byte	0x1
 270 009d 08       		.byte	0x8
 271 009e 8E010000 		.4byte	.LASF14
 272 00a2 02       		.uleb128 0x2
 273 00a3 04       		.byte	0x4
 274 00a4 07       		.byte	0x7
 275 00a5 6C010000 		.4byte	.LASF15
 276 00a9 06       		.uleb128 0x6
 277 00aa 40000000 		.4byte	.LASF28
 278 00ae 01       		.byte	0x1
 279 00af 2F       		.byte	0x2f
 280 00b0 68000000 		.4byte	0x68
 281 00b4 00000000 		.4byte	.LFB65
 282 00b8 EA000000 		.4byte	.LFE65-.LFB65
 283 00bc 01       		.uleb128 0x1
 284 00bd 9C       		.byte	0x9c
 285 00be 7F010000 		.4byte	0x17f
 286 00c2 07       		.uleb128 0x7
 287 00c3 F8010000 		.4byte	.LASF16
 288 00c7 01       		.byte	0x1
 289 00c8 2F       		.byte	0x2f
 290 00c9 68000000 		.4byte	0x68
 291 00cd 02       		.uleb128 0x2
 292 00ce 91       		.byte	0x91
 293 00cf 54       		.sleb128 -44
 294 00d0 08       		.uleb128 0x8
 295 00d1 696E00   		.ascii	"in\000"
 296 00d4 01       		.byte	0x1
 297 00d5 2F       		.byte	0x2f
 298 00d6 7F010000 		.4byte	0x17f
 299 00da 02       		.uleb128 0x2
 300 00db 91       		.byte	0x91
 301 00dc 50       		.sleb128 -48
 302 00dd 07       		.uleb128 0x7
 303 00de 75010000 		.4byte	.LASF17
 304 00e2 01       		.byte	0x1
 305 00e3 2F       		.byte	0x2f
 306 00e4 68000000 		.4byte	0x68
ARM GAS  C:\Users\glenn\AppData\Local\Temp\cc7XA1QY.s 			page 8


 307 00e8 02       		.uleb128 0x2
 308 00e9 91       		.byte	0x91
 309 00ea 4C       		.sleb128 -52
 310 00eb 08       		.uleb128 0x8
 311 00ec 6F757400 		.ascii	"out\000"
 312 00f0 01       		.byte	0x1
 313 00f1 2F       		.byte	0x2f
 314 00f2 7F010000 		.4byte	0x17f
 315 00f6 02       		.uleb128 0x2
 316 00f7 91       		.byte	0x91
 317 00f8 48       		.sleb128 -56
 318 00f9 09       		.uleb128 0x9
 319 00fa 31000000 		.4byte	.LASF18
 320 00fe 01       		.byte	0x1
 321 00ff 32       		.byte	0x32
 322 0100 6F000000 		.4byte	0x6f
 323 0104 02       		.uleb128 0x2
 324 0105 91       		.byte	0x91
 325 0106 70       		.sleb128 -16
 326 0107 09       		.uleb128 0x9
 327 0108 00000000 		.4byte	.LASF19
 328 010c 01       		.byte	0x1
 329 010d 33       		.byte	0x33
 330 010e 6F000000 		.4byte	0x6f
 331 0112 02       		.uleb128 0x2
 332 0113 91       		.byte	0x91
 333 0114 6C       		.sleb128 -20
 334 0115 09       		.uleb128 0x9
 335 0116 E2010000 		.4byte	.LASF20
 336 011a 01       		.byte	0x1
 337 011b 34       		.byte	0x34
 338 011c 6F000000 		.4byte	0x6f
 339 0120 02       		.uleb128 0x2
 340 0121 91       		.byte	0x91
 341 0122 68       		.sleb128 -24
 342 0123 0A       		.uleb128 0xa
 343 0124 6900     		.ascii	"i\000"
 344 0126 01       		.byte	0x1
 345 0127 35       		.byte	0x35
 346 0128 6F000000 		.4byte	0x6f
 347 012c 02       		.uleb128 0x2
 348 012d 91       		.byte	0x91
 349 012e 74       		.sleb128 -12
 350 012f 09       		.uleb128 0x9
 351 0130 6C000000 		.4byte	.LASF21
 352 0134 01       		.byte	0x1
 353 0135 37       		.byte	0x37
 354 0136 6F000000 		.4byte	0x6f
 355 013a 02       		.uleb128 0x2
 356 013b 91       		.byte	0x91
 357 013c 60       		.sleb128 -32
 358 013d 09       		.uleb128 0x9
 359 013e 3F020000 		.4byte	.LASF22
 360 0142 01       		.byte	0x1
 361 0143 38       		.byte	0x38
 362 0144 6F000000 		.4byte	0x6f
 363 0148 02       		.uleb128 0x2
ARM GAS  C:\Users\glenn\AppData\Local\Temp\cc7XA1QY.s 			page 9


 364 0149 91       		.byte	0x91
 365 014a 64       		.sleb128 -28
 366 014b 09       		.uleb128 0x9
 367 014c 4D020000 		.4byte	.LASF23
 368 0150 01       		.byte	0x1
 369 0151 39       		.byte	0x39
 370 0152 81000000 		.4byte	0x81
 371 0156 02       		.uleb128 0x2
 372 0157 91       		.byte	0x91
 373 0158 5F       		.sleb128 -33
 374 0159 09       		.uleb128 0x9
 375 015a 54020000 		.4byte	.LASF24
 376 015e 01       		.byte	0x1
 377 015f 3A       		.byte	0x3a
 378 0160 81000000 		.4byte	0x81
 379 0164 02       		.uleb128 0x2
 380 0165 91       		.byte	0x91
 381 0166 5E       		.sleb128 -34
 382 0167 0B       		.uleb128 0xb
 383 0168 A2000000 		.4byte	.LBB2
 384 016c 2C000000 		.4byte	.LBE2-.LBB2
 385 0170 0C       		.uleb128 0xc
 386 0171 1E000000 		.4byte	.LASF29
 387 0175 01       		.byte	0x1
 388 0176 52       		.byte	0x52
 389 0177 68000000 		.4byte	0x68
 390 017b 0D       		.uleb128 0xd
 391 017c 00       		.byte	0
 392 017d 00       		.byte	0
 393 017e 00       		.byte	0
 394 017f 0E       		.uleb128 0xe
 395 0180 04       		.byte	0x4
 396 0181 81000000 		.4byte	0x81
 397 0185 0F       		.uleb128 0xf
 398 0186 9E000000 		.4byte	.LASF30
 399 018a 05       		.byte	0x5
 400 018b 9606     		.2byte	0x696
 401 018d 91010000 		.4byte	0x191
 402 0191 10       		.uleb128 0x10
 403 0192 76000000 		.4byte	0x76
 404 0196 00       		.byte	0
 405              		.section	.debug_abbrev,"",%progbits
 406              	.Ldebug_abbrev0:
 407 0000 01       		.uleb128 0x1
 408 0001 11       		.uleb128 0x11
 409 0002 01       		.byte	0x1
 410 0003 25       		.uleb128 0x25
 411 0004 0E       		.uleb128 0xe
 412 0005 13       		.uleb128 0x13
 413 0006 0B       		.uleb128 0xb
 414 0007 03       		.uleb128 0x3
 415 0008 0E       		.uleb128 0xe
 416 0009 1B       		.uleb128 0x1b
 417 000a 0E       		.uleb128 0xe
 418 000b 55       		.uleb128 0x55
 419 000c 17       		.uleb128 0x17
 420 000d 11       		.uleb128 0x11
ARM GAS  C:\Users\glenn\AppData\Local\Temp\cc7XA1QY.s 			page 10


 421 000e 01       		.uleb128 0x1
 422 000f 10       		.uleb128 0x10
 423 0010 17       		.uleb128 0x17
 424 0011 00       		.byte	0
 425 0012 00       		.byte	0
 426 0013 02       		.uleb128 0x2
 427 0014 24       		.uleb128 0x24
 428 0015 00       		.byte	0
 429 0016 0B       		.uleb128 0xb
 430 0017 0B       		.uleb128 0xb
 431 0018 3E       		.uleb128 0x3e
 432 0019 0B       		.uleb128 0xb
 433 001a 03       		.uleb128 0x3
 434 001b 0E       		.uleb128 0xe
 435 001c 00       		.byte	0
 436 001d 00       		.byte	0
 437 001e 03       		.uleb128 0x3
 438 001f 16       		.uleb128 0x16
 439 0020 00       		.byte	0
 440 0021 03       		.uleb128 0x3
 441 0022 0E       		.uleb128 0xe
 442 0023 3A       		.uleb128 0x3a
 443 0024 0B       		.uleb128 0xb
 444 0025 3B       		.uleb128 0x3b
 445 0026 0B       		.uleb128 0xb
 446 0027 49       		.uleb128 0x49
 447 0028 13       		.uleb128 0x13
 448 0029 00       		.byte	0
 449 002a 00       		.byte	0
 450 002b 04       		.uleb128 0x4
 451 002c 24       		.uleb128 0x24
 452 002d 00       		.byte	0
 453 002e 0B       		.uleb128 0xb
 454 002f 0B       		.uleb128 0xb
 455 0030 3E       		.uleb128 0x3e
 456 0031 0B       		.uleb128 0xb
 457 0032 03       		.uleb128 0x3
 458 0033 08       		.uleb128 0x8
 459 0034 00       		.byte	0
 460 0035 00       		.byte	0
 461 0036 05       		.uleb128 0x5
 462 0037 16       		.uleb128 0x16
 463 0038 00       		.byte	0
 464 0039 03       		.uleb128 0x3
 465 003a 0E       		.uleb128 0xe
 466 003b 3A       		.uleb128 0x3a
 467 003c 0B       		.uleb128 0xb
 468 003d 3B       		.uleb128 0x3b
 469 003e 05       		.uleb128 0x5
 470 003f 49       		.uleb128 0x49
 471 0040 13       		.uleb128 0x13
 472 0041 00       		.byte	0
 473 0042 00       		.byte	0
 474 0043 06       		.uleb128 0x6
 475 0044 2E       		.uleb128 0x2e
 476 0045 01       		.byte	0x1
 477 0046 3F       		.uleb128 0x3f
ARM GAS  C:\Users\glenn\AppData\Local\Temp\cc7XA1QY.s 			page 11


 478 0047 19       		.uleb128 0x19
 479 0048 03       		.uleb128 0x3
 480 0049 0E       		.uleb128 0xe
 481 004a 3A       		.uleb128 0x3a
 482 004b 0B       		.uleb128 0xb
 483 004c 3B       		.uleb128 0x3b
 484 004d 0B       		.uleb128 0xb
 485 004e 27       		.uleb128 0x27
 486 004f 19       		.uleb128 0x19
 487 0050 49       		.uleb128 0x49
 488 0051 13       		.uleb128 0x13
 489 0052 11       		.uleb128 0x11
 490 0053 01       		.uleb128 0x1
 491 0054 12       		.uleb128 0x12
 492 0055 06       		.uleb128 0x6
 493 0056 40       		.uleb128 0x40
 494 0057 18       		.uleb128 0x18
 495 0058 9642     		.uleb128 0x2116
 496 005a 19       		.uleb128 0x19
 497 005b 01       		.uleb128 0x1
 498 005c 13       		.uleb128 0x13
 499 005d 00       		.byte	0
 500 005e 00       		.byte	0
 501 005f 07       		.uleb128 0x7
 502 0060 05       		.uleb128 0x5
 503 0061 00       		.byte	0
 504 0062 03       		.uleb128 0x3
 505 0063 0E       		.uleb128 0xe
 506 0064 3A       		.uleb128 0x3a
 507 0065 0B       		.uleb128 0xb
 508 0066 3B       		.uleb128 0x3b
 509 0067 0B       		.uleb128 0xb
 510 0068 49       		.uleb128 0x49
 511 0069 13       		.uleb128 0x13
 512 006a 02       		.uleb128 0x2
 513 006b 18       		.uleb128 0x18
 514 006c 00       		.byte	0
 515 006d 00       		.byte	0
 516 006e 08       		.uleb128 0x8
 517 006f 05       		.uleb128 0x5
 518 0070 00       		.byte	0
 519 0071 03       		.uleb128 0x3
 520 0072 08       		.uleb128 0x8
 521 0073 3A       		.uleb128 0x3a
 522 0074 0B       		.uleb128 0xb
 523 0075 3B       		.uleb128 0x3b
 524 0076 0B       		.uleb128 0xb
 525 0077 49       		.uleb128 0x49
 526 0078 13       		.uleb128 0x13
 527 0079 02       		.uleb128 0x2
 528 007a 18       		.uleb128 0x18
 529 007b 00       		.byte	0
 530 007c 00       		.byte	0
 531 007d 09       		.uleb128 0x9
 532 007e 34       		.uleb128 0x34
 533 007f 00       		.byte	0
 534 0080 03       		.uleb128 0x3
ARM GAS  C:\Users\glenn\AppData\Local\Temp\cc7XA1QY.s 			page 12


 535 0081 0E       		.uleb128 0xe
 536 0082 3A       		.uleb128 0x3a
 537 0083 0B       		.uleb128 0xb
 538 0084 3B       		.uleb128 0x3b
 539 0085 0B       		.uleb128 0xb
 540 0086 49       		.uleb128 0x49
 541 0087 13       		.uleb128 0x13
 542 0088 02       		.uleb128 0x2
 543 0089 18       		.uleb128 0x18
 544 008a 00       		.byte	0
 545 008b 00       		.byte	0
 546 008c 0A       		.uleb128 0xa
 547 008d 34       		.uleb128 0x34
 548 008e 00       		.byte	0
 549 008f 03       		.uleb128 0x3
 550 0090 08       		.uleb128 0x8
 551 0091 3A       		.uleb128 0x3a
 552 0092 0B       		.uleb128 0xb
 553 0093 3B       		.uleb128 0x3b
 554 0094 0B       		.uleb128 0xb
 555 0095 49       		.uleb128 0x49
 556 0096 13       		.uleb128 0x13
 557 0097 02       		.uleb128 0x2
 558 0098 18       		.uleb128 0x18
 559 0099 00       		.byte	0
 560 009a 00       		.byte	0
 561 009b 0B       		.uleb128 0xb
 562 009c 0B       		.uleb128 0xb
 563 009d 01       		.byte	0x1
 564 009e 11       		.uleb128 0x11
 565 009f 01       		.uleb128 0x1
 566 00a0 12       		.uleb128 0x12
 567 00a1 06       		.uleb128 0x6
 568 00a2 00       		.byte	0
 569 00a3 00       		.byte	0
 570 00a4 0C       		.uleb128 0xc
 571 00a5 2E       		.uleb128 0x2e
 572 00a6 01       		.byte	0x1
 573 00a7 3F       		.uleb128 0x3f
 574 00a8 19       		.uleb128 0x19
 575 00a9 03       		.uleb128 0x3
 576 00aa 0E       		.uleb128 0xe
 577 00ab 3A       		.uleb128 0x3a
 578 00ac 0B       		.uleb128 0xb
 579 00ad 3B       		.uleb128 0x3b
 580 00ae 0B       		.uleb128 0xb
 581 00af 49       		.uleb128 0x49
 582 00b0 13       		.uleb128 0x13
 583 00b1 3C       		.uleb128 0x3c
 584 00b2 19       		.uleb128 0x19
 585 00b3 00       		.byte	0
 586 00b4 00       		.byte	0
 587 00b5 0D       		.uleb128 0xd
 588 00b6 18       		.uleb128 0x18
 589 00b7 00       		.byte	0
 590 00b8 00       		.byte	0
 591 00b9 00       		.byte	0
ARM GAS  C:\Users\glenn\AppData\Local\Temp\cc7XA1QY.s 			page 13


 592 00ba 0E       		.uleb128 0xe
 593 00bb 0F       		.uleb128 0xf
 594 00bc 00       		.byte	0
 595 00bd 0B       		.uleb128 0xb
 596 00be 0B       		.uleb128 0xb
 597 00bf 49       		.uleb128 0x49
 598 00c0 13       		.uleb128 0x13
 599 00c1 00       		.byte	0
 600 00c2 00       		.byte	0
 601 00c3 0F       		.uleb128 0xf
 602 00c4 34       		.uleb128 0x34
 603 00c5 00       		.byte	0
 604 00c6 03       		.uleb128 0x3
 605 00c7 0E       		.uleb128 0xe
 606 00c8 3A       		.uleb128 0x3a
 607 00c9 0B       		.uleb128 0xb
 608 00ca 3B       		.uleb128 0x3b
 609 00cb 05       		.uleb128 0x5
 610 00cc 49       		.uleb128 0x49
 611 00cd 13       		.uleb128 0x13
 612 00ce 3F       		.uleb128 0x3f
 613 00cf 19       		.uleb128 0x19
 614 00d0 3C       		.uleb128 0x3c
 615 00d1 19       		.uleb128 0x19
 616 00d2 00       		.byte	0
 617 00d3 00       		.byte	0
 618 00d4 10       		.uleb128 0x10
 619 00d5 35       		.uleb128 0x35
 620 00d6 00       		.byte	0
 621 00d7 49       		.uleb128 0x49
 622 00d8 13       		.uleb128 0x13
 623 00d9 00       		.byte	0
 624 00da 00       		.byte	0
 625 00db 00       		.byte	0
 626              		.section	.debug_aranges,"",%progbits
 627 0000 1C000000 		.4byte	0x1c
 628 0004 0200     		.2byte	0x2
 629 0006 00000000 		.4byte	.Ldebug_info0
 630 000a 04       		.byte	0x4
 631 000b 00       		.byte	0
 632 000c 0000     		.2byte	0
 633 000e 0000     		.2byte	0
 634 0010 00000000 		.4byte	.LFB65
 635 0014 EA000000 		.4byte	.LFE65-.LFB65
 636 0018 00000000 		.4byte	0
 637 001c 00000000 		.4byte	0
 638              		.section	.debug_ranges,"",%progbits
 639              	.Ldebug_ranges0:
 640 0000 00000000 		.4byte	.LFB65
 641 0004 EA000000 		.4byte	.LFE65
 642 0008 00000000 		.4byte	0
 643 000c 00000000 		.4byte	0
 644              		.section	.debug_line,"",%progbits
 645              	.Ldebug_line0:
 646 0000 B2010000 		.section	.debug_str,"MS",%progbits,1
 646      02006801 
 646      00000201 
ARM GAS  C:\Users\glenn\AppData\Local\Temp\cc7XA1QY.s 			page 14


 646      FB0E0D00 
 646      01010101 
 647              	.LASF19:
 648 0000 6E756D62 		.ascii	"number_of_registers\000"
 648      65725F6F 
 648      665F7265 
 648      67697374 
 648      65727300 
 649              	.LASF9:
 650 0014 5F5F696E 		.ascii	"__int32_t\000"
 650      7433325F 
 650      7400
 651              	.LASF29:
 652 001e 45455052 		.ascii	"EEPROM_1_WriteByte\000"
 652      4F4D5F31 
 652      5F577269 
 652      74654279 
 652      746500
 653              	.LASF18:
 654 0031 776F726B 		.ascii	"working_offset\000"
 654      696E675F 
 654      6F666673 
 654      657400
 655              	.LASF28:
 656 0040 70726F63 		.ascii	"process_type_35_message\000"
 656      6573735F 
 656      74797065 
 656      5F33355F 
 656      6D657373 
 657              	.LASF12:
 658 0058 666C6F61 		.ascii	"float\000"
 658      7400
 659              	.LASF1:
 660 005e 756E7369 		.ascii	"unsigned char\000"
 660      676E6564 
 660      20636861 
 660      7200
 661              	.LASF21:
 662 006c 65657072 		.ascii	"eeprom_count\000"
 662      6F6D5F63 
 662      6F756E74 
 662      00
 663              	.LASF5:
 664 0079 6C6F6E67 		.ascii	"long unsigned int\000"
 664      20756E73 
 664      69676E65 
 664      6420696E 
 664      7400
 665              	.LASF3:
 666 008b 73686F72 		.ascii	"short unsigned int\000"
 666      7420756E 
 666      7369676E 
 666      65642069 
 666      6E7400
 667              	.LASF30:
 668 009e 49544D5F 		.ascii	"ITM_RxBuffer\000"
 668      52784275 
ARM GAS  C:\Users\glenn\AppData\Local\Temp\cc7XA1QY.s 			page 15


 668      66666572 
 668      00
 669              	.LASF25:
 670 00ab 474E5520 		.ascii	"GNU C 4.9.3 20150303 (release) [ARM/embedded-4_9-br"
 670      4320342E 
 670      392E3320 
 670      32303135 
 670      30333033 
 671 00de 616E6368 		.ascii	"anch revision 221220] -mcpu=cortex-m3 -mthumb -g -O"
 671      20726576 
 671      6973696F 
 671      6E203232 
 671      31323230 
 672 0111 30202D66 		.ascii	"0 -ffunction-sections -ffat-lto-objects\000"
 672      66756E63 
 672      74696F6E 
 672      2D736563 
 672      74696F6E 
 673              	.LASF13:
 674 0139 646F7562 		.ascii	"double\000"
 674      6C6500
 675              	.LASF8:
 676 0140 756E7369 		.ascii	"unsigned int\000"
 676      676E6564 
 676      20696E74 
 676      00
 677              	.LASF7:
 678 014d 6C6F6E67 		.ascii	"long long unsigned int\000"
 678      206C6F6E 
 678      6720756E 
 678      7369676E 
 678      65642069 
 679              	.LASF10:
 680 0164 696E7433 		.ascii	"int32_t\000"
 680      325F7400 
 681              	.LASF15:
 682 016c 73697A65 		.ascii	"sizetype\000"
 682      74797065 
 682      00
 683              	.LASF17:
 684 0175 6F75745F 		.ascii	"out_length\000"
 684      6C656E67 
 684      746800
 685              	.LASF6:
 686 0180 6C6F6E67 		.ascii	"long long int\000"
 686      206C6F6E 
 686      6720696E 
 686      7400
 687              	.LASF14:
 688 018e 63686172 		.ascii	"char\000"
 688      00
 689              	.LASF27:
 690 0193 433A5C55 		.ascii	"C:\\Users\\glenn\\OneDrive\\PSOC\\psoc-5lp\\5lp-rtu"
 690      73657273 
 690      5C676C65 
 690      6E6E5C4F 
 690      6E654472 
ARM GAS  C:\Users\glenn\AppData\Local\Temp\cc7XA1QY.s 			page 16


 691 01c0 5C637572 		.ascii	"\\current_monitor\\USB_UART01.cydsn\000"
 691      72656E74 
 691      5F6D6F6E 
 691      69746F72 
 691      5C555342 
 692              	.LASF20:
 693 01e2 636F756E 		.ascii	"count\000"
 693      7400
 694              	.LASF2:
 695 01e8 73686F72 		.ascii	"short int\000"
 695      7420696E 
 695      7400
 696              	.LASF11:
 697 01f2 75696E74 		.ascii	"uint8\000"
 697      3800
 698              	.LASF16:
 699 01f8 696E5F6C 		.ascii	"in_length\000"
 699      656E6774 
 699      6800
 700              	.LASF26:
 701 0202 2E5C7274 		.ascii	".\\rtu_modbus\\process_type_35_messages.c\000"
 701      755F6D6F 
 701      64627573 
 701      5C70726F 
 701      63657373 
 702              	.LASF4:
 703 022a 6C6F6E67 		.ascii	"long int\000"
 703      20696E74 
 703      00
 704              	.LASF0:
 705 0233 7369676E 		.ascii	"signed char\000"
 705      65642063 
 705      68617200 
 706              	.LASF22:
 707 023f 65657072 		.ascii	"eeprom_offset\000"
 707      6F6D5F6F 
 707      66667365 
 707      7400
 708              	.LASF23:
 709 024d 74656D70 		.ascii	"temp_1\000"
 709      5F3100
 710              	.LASF24:
 711 0254 74656D70 		.ascii	"temp_2\000"
 711      5F3200
 712              		.ident	"GCC: (GNU Tools for ARM Embedded Processors) 4.9.3 20150303 (release) [ARM/embedded-4_9-br
