ARM GAS  C:\Users\glenn\AppData\Local\Temp\ccU4mvbL.s 			page 1


   1              		.syntax unified
   2              		.cpu cortex-m3
   3              		.fpu softvfp
   4              		.eabi_attribute 20, 1
   5              		.eabi_attribute 21, 1
   6              		.eabi_attribute 23, 3
   7              		.eabi_attribute 24, 1
   8              		.eabi_attribute 25, 1
   9              		.eabi_attribute 26, 1
  10              		.eabi_attribute 30, 6
  11              		.eabi_attribute 34, 1
  12              		.eabi_attribute 18, 4
  13              		.thumb
  14              		.file	"process_type_24_message.c"
  15              		.text
  16              	.Ltext0:
  17              		.cfi_sections	.debug_frame
  18              		.section	.text.swap_16,"ax",%progbits
  19              		.align	2
  20              		.thumb
  21              		.thumb_func
  22              		.type	swap_16, %function
  23              	swap_16:
  24              	.LFB63:
  25              		.file 1 ".\\rtu_modbus\\modbus_utilities.h"
   1:.\rtu_modbus/modbus_utilities.h **** /*
   2:.\rtu_modbus/modbus_utilities.h **** **
   3:.\rtu_modbus/modbus_utilities.h **** ** File: modbus_utilities.h
   4:.\rtu_modbus/modbus_utilities.h **** ** File for shuffling bytes for network ordering
   5:.\rtu_modbus/modbus_utilities.h **** **
   6:.\rtu_modbus/modbus_utilities.h **** **
   7:.\rtu_modbus/modbus_utilities.h **** **
   8:.\rtu_modbus/modbus_utilities.h **** */
   9:.\rtu_modbus/modbus_utilities.h **** 
  10:.\rtu_modbus/modbus_utilities.h **** #ifndef _MODBUS_UTILITES_H_
  11:.\rtu_modbus/modbus_utilities.h **** #define _MODBUS_UTILITES_H_
  12:.\rtu_modbus/modbus_utilities.h **** 
  13:.\rtu_modbus/modbus_utilities.h **** #include <device.h>
  14:.\rtu_modbus/modbus_utilities.h ****   
  15:.\rtu_modbus/modbus_utilities.h **** 
  16:.\rtu_modbus/modbus_utilities.h **** 
  17:.\rtu_modbus/modbus_utilities.h ****     
  18:.\rtu_modbus/modbus_utilities.h **** static inline void swap_16( uint8 *input )
  19:.\rtu_modbus/modbus_utilities.h **** {
  26              		.loc 1 19 0
  27              		.cfi_startproc
  28              		@ args = 0, pretend = 0, frame = 16
  29              		@ frame_needed = 1, uses_anonymous_args = 0
  30              		@ link register save eliminated.
  31 0000 80B4     		push	{r7}
  32              		.cfi_def_cfa_offset 4
  33              		.cfi_offset 7, -4
  34 0002 85B0     		sub	sp, sp, #20
  35              		.cfi_def_cfa_offset 24
  36 0004 00AF     		add	r7, sp, #0
  37              		.cfi_def_cfa_register 7
  38 0006 7860     		str	r0, [r7, #4]
ARM GAS  C:\Users\glenn\AppData\Local\Temp\ccU4mvbL.s 			page 2


  20:.\rtu_modbus/modbus_utilities.h ****     
  21:.\rtu_modbus/modbus_utilities.h ****     uint16 *temp_ptr;
  22:.\rtu_modbus/modbus_utilities.h ****     uint16 temp;
  23:.\rtu_modbus/modbus_utilities.h ****     
  24:.\rtu_modbus/modbus_utilities.h ****     temp_ptr = (uint16*)input;
  39              		.loc 1 24 0
  40 0008 7B68     		ldr	r3, [r7, #4]
  41 000a FB60     		str	r3, [r7, #12]
  25:.\rtu_modbus/modbus_utilities.h ****     temp = *temp_ptr;   
  42              		.loc 1 25 0
  43 000c FB68     		ldr	r3, [r7, #12]
  44 000e 1B88     		ldrh	r3, [r3]	@ movhi
  45 0010 7B81     		strh	r3, [r7, #10]	@ movhi
  26:.\rtu_modbus/modbus_utilities.h ****     temp =  ((temp&0xff)<<8)|((temp>>8)&0xff);
  46              		.loc 1 26 0
  47 0012 7B89     		ldrh	r3, [r7, #10]
  48 0014 1B02     		lsls	r3, r3, #8
  49 0016 9AB2     		uxth	r2, r3
  50 0018 7B89     		ldrh	r3, [r7, #10]
  51 001a 1B0A     		lsrs	r3, r3, #8
  52 001c 9BB2     		uxth	r3, r3
  53 001e 9BB2     		uxth	r3, r3
  54 0020 1343     		orrs	r3, r3, r2
  55 0022 9BB2     		uxth	r3, r3
  56 0024 7B81     		strh	r3, [r7, #10]	@ movhi
  27:.\rtu_modbus/modbus_utilities.h ****     *temp_ptr = temp;
  57              		.loc 1 27 0
  58 0026 FB68     		ldr	r3, [r7, #12]
  59 0028 7A89     		ldrh	r2, [r7, #10]	@ movhi
  60 002a 1A80     		strh	r2, [r3]	@ movhi
  28:.\rtu_modbus/modbus_utilities.h ****       
  29:.\rtu_modbus/modbus_utilities.h ****    
  30:.\rtu_modbus/modbus_utilities.h **** }
  61              		.loc 1 30 0
  62 002c 1437     		adds	r7, r7, #20
  63              		.cfi_def_cfa_offset 4
  64 002e BD46     		mov	sp, r7
  65              		.cfi_def_cfa_register 13
  66              		@ sp needed
  67 0030 5DF8047B 		ldr	r7, [sp], #4
  68              		.cfi_restore 7
  69              		.cfi_def_cfa_offset 0
  70 0034 7047     		bx	lr
  71              		.cfi_endproc
  72              	.LFE63:
  73              		.size	swap_16, .-swap_16
  74 0036 00BF     		.section	.text.process_type_24_message,"ax",%progbits
  75              		.align	2
  76              		.global	process_type_24_message
  77              		.thumb
  78              		.thumb_func
  79              		.type	process_type_24_message, %function
  80              	process_type_24_message:
  81              	.LFB65:
  82              		.file 2 ".\\rtu_modbus\\process_type_24_message.c"
   1:.\rtu_modbus/process_type_24_message.c **** 
   2:.\rtu_modbus/process_type_24_message.c **** /*
ARM GAS  C:\Users\glenn\AppData\Local\Temp\ccU4mvbL.s 			page 3


   3:.\rtu_modbus/process_type_24_message.c **** **   File: "process_type_24_message.h"
   4:.\rtu_modbus/process_type_24_message.c **** **
   5:.\rtu_modbus/process_type_24_message.c **** **
   6:.\rtu_modbus/process_type_24_message.c **** Type 24 Query FIFO
   7:.\rtu_modbus/process_type_24_message.c ****     
   8:.\rtu_modbus/process_type_24_message.c **** Query
   9:.\rtu_modbus/process_type_24_message.c **** Slave Address 11
  10:.\rtu_modbus/process_type_24_message.c **** Function 18
  11:.\rtu_modbus/process_type_24_message.c **** FIFO Pointer Address Hi 04
  12:.\rtu_modbus/process_type_24_message.c **** FIFO Pointer Address Lo DE
  13:.\rtu_modbus/process_type_24_message.c **** Error Check (LRC or CRC) ––
  14:.\rtu_modbus/process_type_24_message.c **** 
  15:.\rtu_modbus/process_type_24_message.c **** Response
  16:.\rtu_modbus/process_type_24_message.c **** Slave Address 11
  17:.\rtu_modbus/process_type_24_message.c **** Function 18
  18:.\rtu_modbus/process_type_24_message.c **** Byte Count Hi 00
  19:.\rtu_modbus/process_type_24_message.c **** Byte Count Lo 08
  20:.\rtu_modbus/process_type_24_message.c **** FIFO Count Hi 00
  21:.\rtu_modbus/process_type_24_message.c **** FIFO Count Lo 03
  22:.\rtu_modbus/process_type_24_message.c **** FIFO Data Reg 1 Hi 01
  23:.\rtu_modbus/process_type_24_message.c **** FIFO Data Reg 1 Lo B8
  24:.\rtu_modbus/process_type_24_message.c **** FIFO Data Reg 2 Hi 12
  25:.\rtu_modbus/process_type_24_message.c **** FIFO Data Reg 2 Lo 84
  26:.\rtu_modbus/process_type_24_message.c **** FIFO Data Reg 3 Hi 13
  27:.\rtu_modbus/process_type_24_message.c **** FIFO Data Reg 3 Lo 22
  28:.\rtu_modbus/process_type_24_message.c **** Error Check (LRC or CRC) ––
  29:.\rtu_modbus/process_type_24_message.c **** */
  30:.\rtu_modbus/process_type_24_message.c **** 
  31:.\rtu_modbus/process_type_24_message.c **** 
  32:.\rtu_modbus/process_type_24_message.c **** 
  33:.\rtu_modbus/process_type_24_message.c **** 
  34:.\rtu_modbus/process_type_24_message.c **** #include <device.h>
  35:.\rtu_modbus/process_type_24_message.c **** #include "process_type_24_message.h" 
  36:.\rtu_modbus/process_type_24_message.c **** #include "modbus_utilities.h"
  37:.\rtu_modbus/process_type_24_message.c **** #include "event_fifo.h"
  38:.\rtu_modbus/process_type_24_message.c **** 
  39:.\rtu_modbus/process_type_24_message.c **** #define MAX_FIFO_NUMBER 10
  40:.\rtu_modbus/process_type_24_message.c **** 
  41:.\rtu_modbus/process_type_24_message.c **** int process_type_24_message( int in_length, uint8 *in, int out_length, uint8 *out )
  42:.\rtu_modbus/process_type_24_message.c **** {
  83              		.loc 2 42 0
  84              		.cfi_startproc
  85              		@ args = 0, pretend = 0, frame = 40
  86              		@ frame_needed = 1, uses_anonymous_args = 0
  87 0000 80B5     		push	{r7, lr}
  88              		.cfi_def_cfa_offset 8
  89              		.cfi_offset 7, -8
  90              		.cfi_offset 14, -4
  91 0002 8AB0     		sub	sp, sp, #40
  92              		.cfi_def_cfa_offset 48
  93 0004 00AF     		add	r7, sp, #0
  94              		.cfi_def_cfa_register 7
  95 0006 F860     		str	r0, [r7, #12]
  96 0008 B960     		str	r1, [r7, #8]
  97 000a 7A60     		str	r2, [r7, #4]
  98 000c 3B60     		str	r3, [r7]
  43:.\rtu_modbus/process_type_24_message.c ****     unsigned fifo_number;
ARM GAS  C:\Users\glenn\AppData\Local\Temp\ccU4mvbL.s 			page 4


  44:.\rtu_modbus/process_type_24_message.c ****     uint16 event_data;
  45:.\rtu_modbus/process_type_24_message.c ****     unsigned i;
  46:.\rtu_modbus/process_type_24_message.c ****     uint16 event_id;
  47:.\rtu_modbus/process_type_24_message.c ****     unsigned queue_index;
  48:.\rtu_modbus/process_type_24_message.c ****     uint16   *temp_ptr;
  49:.\rtu_modbus/process_type_24_message.c ****     
  50:.\rtu_modbus/process_type_24_message.c ****     temp_ptr = (uint16 *)out;
  99              		.loc 2 50 0
 100 000e 3B68     		ldr	r3, [r7]
 101 0010 FB61     		str	r3, [r7, #28]
  51:.\rtu_modbus/process_type_24_message.c ****     queue_index  = (*in++)*256;
 102              		.loc 2 51 0
 103 0012 BB68     		ldr	r3, [r7, #8]
 104 0014 5A1C     		adds	r2, r3, #1
 105 0016 BA60     		str	r2, [r7, #8]
 106 0018 1B78     		ldrb	r3, [r3]	@ zero_extendqisi2
 107 001a 1B02     		lsls	r3, r3, #8
 108 001c BB61     		str	r3, [r7, #24]
  52:.\rtu_modbus/process_type_24_message.c ****     queue_index  += (*in);
 109              		.loc 2 52 0
 110 001e BB68     		ldr	r3, [r7, #8]
 111 0020 1B78     		ldrb	r3, [r3]	@ zero_extendqisi2
 112 0022 1A46     		mov	r2, r3
 113 0024 BB69     		ldr	r3, [r7, #24]
 114 0026 1344     		add	r3, r3, r2
 115 0028 BB61     		str	r3, [r7, #24]
  53:.\rtu_modbus/process_type_24_message.c ****     if( queue_index >= EF_number_of_queues() )
 116              		.loc 2 53 0
 117 002a FFF7FEFF 		bl	EF_number_of_queues
 118 002e 0246     		mov	r2, r0
 119 0030 BB69     		ldr	r3, [r7, #24]
 120 0032 9A42     		cmp	r2, r3
 121 0034 01D8     		bhi	.L3
  54:.\rtu_modbus/process_type_24_message.c ****     {
  55:.\rtu_modbus/process_type_24_message.c ****         return 0;
 122              		.loc 2 55 0
 123 0036 0023     		movs	r3, #0
 124 0038 49E0     		b	.L8
 125              	.L3:
  56:.\rtu_modbus/process_type_24_message.c ****     }
  57:.\rtu_modbus/process_type_24_message.c ****     
  58:.\rtu_modbus/process_type_24_message.c ****     fifo_number = EF_elements_in_queue( queue_index );
 126              		.loc 2 58 0
 127 003a B869     		ldr	r0, [r7, #24]
 128 003c FFF7FEFF 		bl	EF_elements_in_queue
 129 0040 0346     		mov	r3, r0
 130 0042 7B62     		str	r3, [r7, #36]
  59:.\rtu_modbus/process_type_24_message.c ****     if( fifo_number > MAX_FIFO_NUMBER )
 131              		.loc 2 59 0
 132 0044 7B6A     		ldr	r3, [r7, #36]
 133 0046 0A2B     		cmp	r3, #10
 134 0048 01D9     		bls	.L5
  60:.\rtu_modbus/process_type_24_message.c ****     {
  61:.\rtu_modbus/process_type_24_message.c ****         fifo_number = MAX_FIFO_NUMBER;
 135              		.loc 2 61 0
 136 004a 0A23     		movs	r3, #10
 137 004c 7B62     		str	r3, [r7, #36]
ARM GAS  C:\Users\glenn\AppData\Local\Temp\ccU4mvbL.s 			page 5


 138              	.L5:
  62:.\rtu_modbus/process_type_24_message.c ****     }
  63:.\rtu_modbus/process_type_24_message.c ****     /*
  64:.\rtu_modbus/process_type_24_message.c ****     ** Write out byte count
  65:.\rtu_modbus/process_type_24_message.c ****     **
  66:.\rtu_modbus/process_type_24_message.c ****     */
  67:.\rtu_modbus/process_type_24_message.c ****     *temp_ptr = fifo_number *4;
 139              		.loc 2 67 0
 140 004e 7B6A     		ldr	r3, [r7, #36]
 141 0050 9BB2     		uxth	r3, r3
 142 0052 9B00     		lsls	r3, r3, #2
 143 0054 9AB2     		uxth	r2, r3
 144 0056 FB69     		ldr	r3, [r7, #28]
 145 0058 1A80     		strh	r2, [r3]	@ movhi
  68:.\rtu_modbus/process_type_24_message.c ****     swap_16( (uint8 *)temp_ptr++ );
 146              		.loc 2 68 0
 147 005a FB69     		ldr	r3, [r7, #28]
 148 005c 9A1C     		adds	r2, r3, #2
 149 005e FA61     		str	r2, [r7, #28]
 150 0060 1846     		mov	r0, r3
 151 0062 FFF7FEFF 		bl	swap_16
  69:.\rtu_modbus/process_type_24_message.c ****     /*
  70:.\rtu_modbus/process_type_24_message.c ****     ** Write out fifo number 
  71:.\rtu_modbus/process_type_24_message.c ****     */
  72:.\rtu_modbus/process_type_24_message.c ****     *temp_ptr = fifo_number *2;
 152              		.loc 2 72 0
 153 0066 7B6A     		ldr	r3, [r7, #36]
 154 0068 9BB2     		uxth	r3, r3
 155 006a 5B00     		lsls	r3, r3, #1
 156 006c 9AB2     		uxth	r2, r3
 157 006e FB69     		ldr	r3, [r7, #28]
 158 0070 1A80     		strh	r2, [r3]	@ movhi
  73:.\rtu_modbus/process_type_24_message.c ****     swap_16( (uint8 *)temp_ptr++ );
 159              		.loc 2 73 0
 160 0072 FB69     		ldr	r3, [r7, #28]
 161 0074 9A1C     		adds	r2, r3, #2
 162 0076 FA61     		str	r2, [r7, #28]
 163 0078 1846     		mov	r0, r3
 164 007a FFF7FEFF 		bl	swap_16
  74:.\rtu_modbus/process_type_24_message.c ****     
  75:.\rtu_modbus/process_type_24_message.c **** 
  76:.\rtu_modbus/process_type_24_message.c ****  
  77:.\rtu_modbus/process_type_24_message.c ****     for( i= 0; i < fifo_number; i ++)
 165              		.loc 2 77 0
 166 007e 0023     		movs	r3, #0
 167 0080 3B62     		str	r3, [r7, #32]
 168 0082 1DE0     		b	.L6
 169              	.L7:
  78:.\rtu_modbus/process_type_24_message.c ****     {
  79:.\rtu_modbus/process_type_24_message.c ****         EF_dequeue_element( queue_index, &event_id, &event_data );
 170              		.loc 2 79 0 discriminator 3
 171 0084 07F11402 		add	r2, r7, #20
 172 0088 07F11603 		add	r3, r7, #22
 173 008c B869     		ldr	r0, [r7, #24]
 174 008e 1146     		mov	r1, r2
 175 0090 1A46     		mov	r2, r3
 176 0092 FFF7FEFF 		bl	EF_dequeue_element
ARM GAS  C:\Users\glenn\AppData\Local\Temp\ccU4mvbL.s 			page 6


  80:.\rtu_modbus/process_type_24_message.c ****         *temp_ptr = event_id ;
 177              		.loc 2 80 0 discriminator 3
 178 0096 BA8A     		ldrh	r2, [r7, #20]
 179 0098 FB69     		ldr	r3, [r7, #28]
 180 009a 1A80     		strh	r2, [r3]	@ movhi
  81:.\rtu_modbus/process_type_24_message.c ****         swap_16( (uint8 *)temp_ptr++ );
 181              		.loc 2 81 0 discriminator 3
 182 009c FB69     		ldr	r3, [r7, #28]
 183 009e 9A1C     		adds	r2, r3, #2
 184 00a0 FA61     		str	r2, [r7, #28]
 185 00a2 1846     		mov	r0, r3
 186 00a4 FFF7FEFF 		bl	swap_16
  82:.\rtu_modbus/process_type_24_message.c ****         *temp_ptr = event_data;
 187              		.loc 2 82 0 discriminator 3
 188 00a8 FA8A     		ldrh	r2, [r7, #22]
 189 00aa FB69     		ldr	r3, [r7, #28]
 190 00ac 1A80     		strh	r2, [r3]	@ movhi
  83:.\rtu_modbus/process_type_24_message.c ****          swap_16( (uint8 *)temp_ptr++ );
 191              		.loc 2 83 0 discriminator 3
 192 00ae FB69     		ldr	r3, [r7, #28]
 193 00b0 9A1C     		adds	r2, r3, #2
 194 00b2 FA61     		str	r2, [r7, #28]
 195 00b4 1846     		mov	r0, r3
 196 00b6 FFF7FEFF 		bl	swap_16
  77:.\rtu_modbus/process_type_24_message.c ****     {
 197              		.loc 2 77 0 discriminator 3
 198 00ba 3B6A     		ldr	r3, [r7, #32]
 199 00bc 0133     		adds	r3, r3, #1
 200 00be 3B62     		str	r3, [r7, #32]
 201              	.L6:
  77:.\rtu_modbus/process_type_24_message.c ****     {
 202              		.loc 2 77 0 is_stmt 0 discriminator 1
 203 00c0 3A6A     		ldr	r2, [r7, #32]
 204 00c2 7B6A     		ldr	r3, [r7, #36]
 205 00c4 9A42     		cmp	r2, r3
 206 00c6 DDD3     		bcc	.L7
  84:.\rtu_modbus/process_type_24_message.c **** 
  85:.\rtu_modbus/process_type_24_message.c ****     }
  86:.\rtu_modbus/process_type_24_message.c ****     return fifo_number*4+4;
 207              		.loc 2 86 0 is_stmt 1
 208 00c8 7B6A     		ldr	r3, [r7, #36]
 209 00ca 0133     		adds	r3, r3, #1
 210 00cc 9B00     		lsls	r3, r3, #2
 211              	.L8:
  87:.\rtu_modbus/process_type_24_message.c **** }    
 212              		.loc 2 87 0 discriminator 1
 213 00ce 1846     		mov	r0, r3
 214 00d0 2837     		adds	r7, r7, #40
 215              		.cfi_def_cfa_offset 8
 216 00d2 BD46     		mov	sp, r7
 217              		.cfi_def_cfa_register 13
 218              		@ sp needed
 219 00d4 80BD     		pop	{r7, pc}
 220              		.cfi_endproc
 221              	.LFE65:
 222              		.size	process_type_24_message, .-process_type_24_message
 223 00d6 00BF     		.text
ARM GAS  C:\Users\glenn\AppData\Local\Temp\ccU4mvbL.s 			page 7


 224              	.Letext0:
 225              		.file 3 "c:\\program files (x86)\\cypress\\psoc creator\\3.3\\psoc creator\\import\\gnu\\arm\\4.9.
 226              		.file 4 "c:\\program files (x86)\\cypress\\psoc creator\\3.3\\psoc creator\\import\\gnu\\arm\\4.9.
 227              		.file 5 "Generated_Source\\PSoC5/cytypes.h"
 228              		.file 6 "Generated_Source\\PSoC5/core_cm3.h"
 229              		.section	.debug_info,"",%progbits
 230              	.Ldebug_info0:
 231 0000 B2010000 		.4byte	0x1b2
 232 0004 0400     		.2byte	0x4
 233 0006 00000000 		.4byte	.Ldebug_abbrev0
 234 000a 04       		.byte	0x4
 235 000b 01       		.uleb128 0x1
 236 000c 16000000 		.4byte	.LASF26
 237 0010 01       		.byte	0x1
 238 0011 7A010000 		.4byte	.LASF27
 239 0015 DD000000 		.4byte	.LASF28
 240 0019 00000000 		.4byte	.Ldebug_ranges0+0
 241 001d 00000000 		.4byte	0
 242 0021 00000000 		.4byte	.Ldebug_line0
 243 0025 02       		.uleb128 0x2
 244 0026 01       		.byte	0x1
 245 0027 06       		.byte	0x6
 246 0028 1D020000 		.4byte	.LASF0
 247 002c 02       		.uleb128 0x2
 248 002d 01       		.byte	0x1
 249 002e 08       		.byte	0x8
 250 002f 5A010000 		.4byte	.LASF1
 251 0033 02       		.uleb128 0x2
 252 0034 02       		.byte	0x2
 253 0035 05       		.byte	0x5
 254 0036 04020000 		.4byte	.LASF2
 255 003a 02       		.uleb128 0x2
 256 003b 02       		.byte	0x2
 257 003c 07       		.byte	0x7
 258 003d 3A010000 		.4byte	.LASF3
 259 0041 03       		.uleb128 0x3
 260 0042 0C000000 		.4byte	.LASF9
 261 0046 03       		.byte	0x3
 262 0047 3F       		.byte	0x3f
 263 0048 4C000000 		.4byte	0x4c
 264 004c 02       		.uleb128 0x2
 265 004d 04       		.byte	0x4
 266 004e 05       		.byte	0x5
 267 004f 14020000 		.4byte	.LASF4
 268 0053 02       		.uleb128 0x2
 269 0054 04       		.byte	0x4
 270 0055 07       		.byte	0x7
 271 0056 68010000 		.4byte	.LASF5
 272 005a 02       		.uleb128 0x2
 273 005b 08       		.byte	0x8
 274 005c 05       		.byte	0x5
 275 005d F1010000 		.4byte	.LASF6
 276 0061 02       		.uleb128 0x2
 277 0062 08       		.byte	0x8
 278 0063 07       		.byte	0x7
 279 0064 C6000000 		.4byte	.LASF7
 280 0068 04       		.uleb128 0x4
ARM GAS  C:\Users\glenn\AppData\Local\Temp\ccU4mvbL.s 			page 8


 281 0069 04       		.byte	0x4
 282 006a 05       		.byte	0x5
 283 006b 696E7400 		.ascii	"int\000"
 284 006f 02       		.uleb128 0x2
 285 0070 04       		.byte	0x4
 286 0071 07       		.byte	0x7
 287 0072 A8010000 		.4byte	.LASF8
 288 0076 03       		.uleb128 0x3
 289 0077 D5010000 		.4byte	.LASF10
 290 007b 04       		.byte	0x4
 291 007c 2C       		.byte	0x2c
 292 007d 41000000 		.4byte	0x41
 293 0081 05       		.uleb128 0x5
 294 0082 0E020000 		.4byte	.LASF11
 295 0086 05       		.byte	0x5
 296 0087 9201     		.2byte	0x192
 297 0089 2C000000 		.4byte	0x2c
 298 008d 05       		.uleb128 0x5
 299 008e A1010000 		.4byte	.LASF12
 300 0092 05       		.byte	0x5
 301 0093 9301     		.2byte	0x193
 302 0095 3A000000 		.4byte	0x3a
 303 0099 02       		.uleb128 0x2
 304 009a 04       		.byte	0x4
 305 009b 04       		.byte	0x4
 306 009c B7000000 		.4byte	.LASF13
 307 00a0 02       		.uleb128 0x2
 308 00a1 08       		.byte	0x8
 309 00a2 04       		.byte	0x4
 310 00a3 B0000000 		.4byte	.LASF14
 311 00a7 02       		.uleb128 0x2
 312 00a8 01       		.byte	0x1
 313 00a9 08       		.byte	0x8
 314 00aa FF010000 		.4byte	.LASF15
 315 00ae 02       		.uleb128 0x2
 316 00af 04       		.byte	0x4
 317 00b0 07       		.byte	0x7
 318 00b1 DD010000 		.4byte	.LASF16
 319 00b5 06       		.uleb128 0x6
 320 00b6 CD010000 		.4byte	.LASF29
 321 00ba 01       		.byte	0x1
 322 00bb 12       		.byte	0x12
 323 00bc 00000000 		.4byte	.LFB63
 324 00c0 36000000 		.4byte	.LFE63-.LFB63
 325 00c4 01       		.uleb128 0x1
 326 00c5 9C       		.byte	0x9c
 327 00c6 F5000000 		.4byte	0xf5
 328 00ca 07       		.uleb128 0x7
 329 00cb 1B010000 		.4byte	.LASF19
 330 00cf 01       		.byte	0x1
 331 00d0 12       		.byte	0x12
 332 00d1 F5000000 		.4byte	0xf5
 333 00d5 02       		.uleb128 0x2
 334 00d6 91       		.byte	0x91
 335 00d7 6C       		.sleb128 -20
 336 00d8 08       		.uleb128 0x8
 337 00d9 2C010000 		.4byte	.LASF17
ARM GAS  C:\Users\glenn\AppData\Local\Temp\ccU4mvbL.s 			page 9


 338 00dd 01       		.byte	0x1
 339 00de 15       		.byte	0x15
 340 00df FB000000 		.4byte	0xfb
 341 00e3 02       		.uleb128 0x2
 342 00e4 91       		.byte	0x91
 343 00e5 74       		.sleb128 -12
 344 00e6 08       		.uleb128 0x8
 345 00e7 35010000 		.4byte	.LASF18
 346 00eb 01       		.byte	0x1
 347 00ec 16       		.byte	0x16
 348 00ed 8D000000 		.4byte	0x8d
 349 00f1 02       		.uleb128 0x2
 350 00f2 91       		.byte	0x91
 351 00f3 72       		.sleb128 -14
 352 00f4 00       		.byte	0
 353 00f5 09       		.uleb128 0x9
 354 00f6 04       		.byte	0x4
 355 00f7 81000000 		.4byte	0x81
 356 00fb 09       		.uleb128 0x9
 357 00fc 04       		.byte	0x4
 358 00fd 8D000000 		.4byte	0x8d
 359 0101 0A       		.uleb128 0xa
 360 0102 B5010000 		.4byte	.LASF30
 361 0106 02       		.byte	0x2
 362 0107 29       		.byte	0x29
 363 0108 68000000 		.4byte	0x68
 364 010c 00000000 		.4byte	.LFB65
 365 0110 D6000000 		.4byte	.LFE65-.LFB65
 366 0114 01       		.uleb128 0x1
 367 0115 9C       		.byte	0x9c
 368 0116 A4010000 		.4byte	0x1a4
 369 011a 07       		.uleb128 0x7
 370 011b 29020000 		.4byte	.LASF20
 371 011f 02       		.byte	0x2
 372 0120 29       		.byte	0x29
 373 0121 68000000 		.4byte	0x68
 374 0125 02       		.uleb128 0x2
 375 0126 91       		.byte	0x91
 376 0127 5C       		.sleb128 -36
 377 0128 0B       		.uleb128 0xb
 378 0129 696E00   		.ascii	"in\000"
 379 012c 02       		.byte	0x2
 380 012d 29       		.byte	0x29
 381 012e F5000000 		.4byte	0xf5
 382 0132 02       		.uleb128 0x2
 383 0133 91       		.byte	0x91
 384 0134 58       		.sleb128 -40
 385 0135 07       		.uleb128 0x7
 386 0136 E6010000 		.4byte	.LASF21
 387 013a 02       		.byte	0x2
 388 013b 29       		.byte	0x29
 389 013c 68000000 		.4byte	0x68
 390 0140 02       		.uleb128 0x2
 391 0141 91       		.byte	0x91
 392 0142 54       		.sleb128 -44
 393 0143 0B       		.uleb128 0xb
 394 0144 6F757400 		.ascii	"out\000"
ARM GAS  C:\Users\glenn\AppData\Local\Temp\ccU4mvbL.s 			page 10


 395 0148 02       		.byte	0x2
 396 0149 29       		.byte	0x29
 397 014a F5000000 		.4byte	0xf5
 398 014e 02       		.uleb128 0x2
 399 014f 91       		.byte	0x91
 400 0150 50       		.sleb128 -48
 401 0151 08       		.uleb128 0x8
 402 0152 A4000000 		.4byte	.LASF22
 403 0156 02       		.byte	0x2
 404 0157 2B       		.byte	0x2b
 405 0158 6F000000 		.4byte	0x6f
 406 015c 02       		.uleb128 0x2
 407 015d 91       		.byte	0x91
 408 015e 74       		.sleb128 -12
 409 015f 08       		.uleb128 0x8
 410 0160 21010000 		.4byte	.LASF23
 411 0164 02       		.byte	0x2
 412 0165 2C       		.byte	0x2c
 413 0166 8D000000 		.4byte	0x8d
 414 016a 02       		.uleb128 0x2
 415 016b 91       		.byte	0x91
 416 016c 66       		.sleb128 -26
 417 016d 0C       		.uleb128 0xc
 418 016e 6900     		.ascii	"i\000"
 419 0170 02       		.byte	0x2
 420 0171 2D       		.byte	0x2d
 421 0172 6F000000 		.4byte	0x6f
 422 0176 02       		.uleb128 0x2
 423 0177 91       		.byte	0x91
 424 0178 70       		.sleb128 -16
 425 0179 08       		.uleb128 0x8
 426 017a BD000000 		.4byte	.LASF24
 427 017e 02       		.byte	0x2
 428 017f 2E       		.byte	0x2e
 429 0180 8D000000 		.4byte	0x8d
 430 0184 02       		.uleb128 0x2
 431 0185 91       		.byte	0x91
 432 0186 64       		.sleb128 -28
 433 0187 08       		.uleb128 0x8
 434 0188 00000000 		.4byte	.LASF25
 435 018c 02       		.byte	0x2
 436 018d 2F       		.byte	0x2f
 437 018e 6F000000 		.4byte	0x6f
 438 0192 02       		.uleb128 0x2
 439 0193 91       		.byte	0x91
 440 0194 68       		.sleb128 -24
 441 0195 08       		.uleb128 0x8
 442 0196 2C010000 		.4byte	.LASF17
 443 019a 02       		.byte	0x2
 444 019b 30       		.byte	0x30
 445 019c FB000000 		.4byte	0xfb
 446 01a0 02       		.uleb128 0x2
 447 01a1 91       		.byte	0x91
 448 01a2 6C       		.sleb128 -20
 449 01a3 00       		.byte	0
 450 01a4 0D       		.uleb128 0xd
 451 01a5 4D010000 		.4byte	.LASF31
ARM GAS  C:\Users\glenn\AppData\Local\Temp\ccU4mvbL.s 			page 11


 452 01a9 06       		.byte	0x6
 453 01aa 9606     		.2byte	0x696
 454 01ac B0010000 		.4byte	0x1b0
 455 01b0 0E       		.uleb128 0xe
 456 01b1 76000000 		.4byte	0x76
 457 01b5 00       		.byte	0
 458              		.section	.debug_abbrev,"",%progbits
 459              	.Ldebug_abbrev0:
 460 0000 01       		.uleb128 0x1
 461 0001 11       		.uleb128 0x11
 462 0002 01       		.byte	0x1
 463 0003 25       		.uleb128 0x25
 464 0004 0E       		.uleb128 0xe
 465 0005 13       		.uleb128 0x13
 466 0006 0B       		.uleb128 0xb
 467 0007 03       		.uleb128 0x3
 468 0008 0E       		.uleb128 0xe
 469 0009 1B       		.uleb128 0x1b
 470 000a 0E       		.uleb128 0xe
 471 000b 55       		.uleb128 0x55
 472 000c 17       		.uleb128 0x17
 473 000d 11       		.uleb128 0x11
 474 000e 01       		.uleb128 0x1
 475 000f 10       		.uleb128 0x10
 476 0010 17       		.uleb128 0x17
 477 0011 00       		.byte	0
 478 0012 00       		.byte	0
 479 0013 02       		.uleb128 0x2
 480 0014 24       		.uleb128 0x24
 481 0015 00       		.byte	0
 482 0016 0B       		.uleb128 0xb
 483 0017 0B       		.uleb128 0xb
 484 0018 3E       		.uleb128 0x3e
 485 0019 0B       		.uleb128 0xb
 486 001a 03       		.uleb128 0x3
 487 001b 0E       		.uleb128 0xe
 488 001c 00       		.byte	0
 489 001d 00       		.byte	0
 490 001e 03       		.uleb128 0x3
 491 001f 16       		.uleb128 0x16
 492 0020 00       		.byte	0
 493 0021 03       		.uleb128 0x3
 494 0022 0E       		.uleb128 0xe
 495 0023 3A       		.uleb128 0x3a
 496 0024 0B       		.uleb128 0xb
 497 0025 3B       		.uleb128 0x3b
 498 0026 0B       		.uleb128 0xb
 499 0027 49       		.uleb128 0x49
 500 0028 13       		.uleb128 0x13
 501 0029 00       		.byte	0
 502 002a 00       		.byte	0
 503 002b 04       		.uleb128 0x4
 504 002c 24       		.uleb128 0x24
 505 002d 00       		.byte	0
 506 002e 0B       		.uleb128 0xb
 507 002f 0B       		.uleb128 0xb
 508 0030 3E       		.uleb128 0x3e
ARM GAS  C:\Users\glenn\AppData\Local\Temp\ccU4mvbL.s 			page 12


 509 0031 0B       		.uleb128 0xb
 510 0032 03       		.uleb128 0x3
 511 0033 08       		.uleb128 0x8
 512 0034 00       		.byte	0
 513 0035 00       		.byte	0
 514 0036 05       		.uleb128 0x5
 515 0037 16       		.uleb128 0x16
 516 0038 00       		.byte	0
 517 0039 03       		.uleb128 0x3
 518 003a 0E       		.uleb128 0xe
 519 003b 3A       		.uleb128 0x3a
 520 003c 0B       		.uleb128 0xb
 521 003d 3B       		.uleb128 0x3b
 522 003e 05       		.uleb128 0x5
 523 003f 49       		.uleb128 0x49
 524 0040 13       		.uleb128 0x13
 525 0041 00       		.byte	0
 526 0042 00       		.byte	0
 527 0043 06       		.uleb128 0x6
 528 0044 2E       		.uleb128 0x2e
 529 0045 01       		.byte	0x1
 530 0046 03       		.uleb128 0x3
 531 0047 0E       		.uleb128 0xe
 532 0048 3A       		.uleb128 0x3a
 533 0049 0B       		.uleb128 0xb
 534 004a 3B       		.uleb128 0x3b
 535 004b 0B       		.uleb128 0xb
 536 004c 27       		.uleb128 0x27
 537 004d 19       		.uleb128 0x19
 538 004e 11       		.uleb128 0x11
 539 004f 01       		.uleb128 0x1
 540 0050 12       		.uleb128 0x12
 541 0051 06       		.uleb128 0x6
 542 0052 40       		.uleb128 0x40
 543 0053 18       		.uleb128 0x18
 544 0054 9742     		.uleb128 0x2117
 545 0056 19       		.uleb128 0x19
 546 0057 01       		.uleb128 0x1
 547 0058 13       		.uleb128 0x13
 548 0059 00       		.byte	0
 549 005a 00       		.byte	0
 550 005b 07       		.uleb128 0x7
 551 005c 05       		.uleb128 0x5
 552 005d 00       		.byte	0
 553 005e 03       		.uleb128 0x3
 554 005f 0E       		.uleb128 0xe
 555 0060 3A       		.uleb128 0x3a
 556 0061 0B       		.uleb128 0xb
 557 0062 3B       		.uleb128 0x3b
 558 0063 0B       		.uleb128 0xb
 559 0064 49       		.uleb128 0x49
 560 0065 13       		.uleb128 0x13
 561 0066 02       		.uleb128 0x2
 562 0067 18       		.uleb128 0x18
 563 0068 00       		.byte	0
 564 0069 00       		.byte	0
 565 006a 08       		.uleb128 0x8
ARM GAS  C:\Users\glenn\AppData\Local\Temp\ccU4mvbL.s 			page 13


 566 006b 34       		.uleb128 0x34
 567 006c 00       		.byte	0
 568 006d 03       		.uleb128 0x3
 569 006e 0E       		.uleb128 0xe
 570 006f 3A       		.uleb128 0x3a
 571 0070 0B       		.uleb128 0xb
 572 0071 3B       		.uleb128 0x3b
 573 0072 0B       		.uleb128 0xb
 574 0073 49       		.uleb128 0x49
 575 0074 13       		.uleb128 0x13
 576 0075 02       		.uleb128 0x2
 577 0076 18       		.uleb128 0x18
 578 0077 00       		.byte	0
 579 0078 00       		.byte	0
 580 0079 09       		.uleb128 0x9
 581 007a 0F       		.uleb128 0xf
 582 007b 00       		.byte	0
 583 007c 0B       		.uleb128 0xb
 584 007d 0B       		.uleb128 0xb
 585 007e 49       		.uleb128 0x49
 586 007f 13       		.uleb128 0x13
 587 0080 00       		.byte	0
 588 0081 00       		.byte	0
 589 0082 0A       		.uleb128 0xa
 590 0083 2E       		.uleb128 0x2e
 591 0084 01       		.byte	0x1
 592 0085 3F       		.uleb128 0x3f
 593 0086 19       		.uleb128 0x19
 594 0087 03       		.uleb128 0x3
 595 0088 0E       		.uleb128 0xe
 596 0089 3A       		.uleb128 0x3a
 597 008a 0B       		.uleb128 0xb
 598 008b 3B       		.uleb128 0x3b
 599 008c 0B       		.uleb128 0xb
 600 008d 27       		.uleb128 0x27
 601 008e 19       		.uleb128 0x19
 602 008f 49       		.uleb128 0x49
 603 0090 13       		.uleb128 0x13
 604 0091 11       		.uleb128 0x11
 605 0092 01       		.uleb128 0x1
 606 0093 12       		.uleb128 0x12
 607 0094 06       		.uleb128 0x6
 608 0095 40       		.uleb128 0x40
 609 0096 18       		.uleb128 0x18
 610 0097 9642     		.uleb128 0x2116
 611 0099 19       		.uleb128 0x19
 612 009a 01       		.uleb128 0x1
 613 009b 13       		.uleb128 0x13
 614 009c 00       		.byte	0
 615 009d 00       		.byte	0
 616 009e 0B       		.uleb128 0xb
 617 009f 05       		.uleb128 0x5
 618 00a0 00       		.byte	0
 619 00a1 03       		.uleb128 0x3
 620 00a2 08       		.uleb128 0x8
 621 00a3 3A       		.uleb128 0x3a
 622 00a4 0B       		.uleb128 0xb
ARM GAS  C:\Users\glenn\AppData\Local\Temp\ccU4mvbL.s 			page 14


 623 00a5 3B       		.uleb128 0x3b
 624 00a6 0B       		.uleb128 0xb
 625 00a7 49       		.uleb128 0x49
 626 00a8 13       		.uleb128 0x13
 627 00a9 02       		.uleb128 0x2
 628 00aa 18       		.uleb128 0x18
 629 00ab 00       		.byte	0
 630 00ac 00       		.byte	0
 631 00ad 0C       		.uleb128 0xc
 632 00ae 34       		.uleb128 0x34
 633 00af 00       		.byte	0
 634 00b0 03       		.uleb128 0x3
 635 00b1 08       		.uleb128 0x8
 636 00b2 3A       		.uleb128 0x3a
 637 00b3 0B       		.uleb128 0xb
 638 00b4 3B       		.uleb128 0x3b
 639 00b5 0B       		.uleb128 0xb
 640 00b6 49       		.uleb128 0x49
 641 00b7 13       		.uleb128 0x13
 642 00b8 02       		.uleb128 0x2
 643 00b9 18       		.uleb128 0x18
 644 00ba 00       		.byte	0
 645 00bb 00       		.byte	0
 646 00bc 0D       		.uleb128 0xd
 647 00bd 34       		.uleb128 0x34
 648 00be 00       		.byte	0
 649 00bf 03       		.uleb128 0x3
 650 00c0 0E       		.uleb128 0xe
 651 00c1 3A       		.uleb128 0x3a
 652 00c2 0B       		.uleb128 0xb
 653 00c3 3B       		.uleb128 0x3b
 654 00c4 05       		.uleb128 0x5
 655 00c5 49       		.uleb128 0x49
 656 00c6 13       		.uleb128 0x13
 657 00c7 3F       		.uleb128 0x3f
 658 00c8 19       		.uleb128 0x19
 659 00c9 3C       		.uleb128 0x3c
 660 00ca 19       		.uleb128 0x19
 661 00cb 00       		.byte	0
 662 00cc 00       		.byte	0
 663 00cd 0E       		.uleb128 0xe
 664 00ce 35       		.uleb128 0x35
 665 00cf 00       		.byte	0
 666 00d0 49       		.uleb128 0x49
 667 00d1 13       		.uleb128 0x13
 668 00d2 00       		.byte	0
 669 00d3 00       		.byte	0
 670 00d4 00       		.byte	0
 671              		.section	.debug_aranges,"",%progbits
 672 0000 24000000 		.4byte	0x24
 673 0004 0200     		.2byte	0x2
 674 0006 00000000 		.4byte	.Ldebug_info0
 675 000a 04       		.byte	0x4
 676 000b 00       		.byte	0
 677 000c 0000     		.2byte	0
 678 000e 0000     		.2byte	0
 679 0010 00000000 		.4byte	.LFB63
ARM GAS  C:\Users\glenn\AppData\Local\Temp\ccU4mvbL.s 			page 15


 680 0014 36000000 		.4byte	.LFE63-.LFB63
 681 0018 00000000 		.4byte	.LFB65
 682 001c D6000000 		.4byte	.LFE65-.LFB65
 683 0020 00000000 		.4byte	0
 684 0024 00000000 		.4byte	0
 685              		.section	.debug_ranges,"",%progbits
 686              	.Ldebug_ranges0:
 687 0000 00000000 		.4byte	.LFB63
 688 0004 36000000 		.4byte	.LFE63
 689 0008 00000000 		.4byte	.LFB65
 690 000c D6000000 		.4byte	.LFE65
 691 0010 00000000 		.4byte	0
 692 0014 00000000 		.4byte	0
 693              		.section	.debug_line,"",%progbits
 694              	.Ldebug_line0:
 695 0000 E4010000 		.section	.debug_str,"MS",%progbits,1
 695      02007D01 
 695      00000201 
 695      FB0E0D00 
 695      01010101 
 696              	.LASF25:
 697 0000 71756575 		.ascii	"queue_index\000"
 697      655F696E 
 697      64657800 
 698              	.LASF9:
 699 000c 5F5F696E 		.ascii	"__int32_t\000"
 699      7433325F 
 699      7400
 700              	.LASF26:
 701 0016 474E5520 		.ascii	"GNU C 4.9.3 20150303 (release) [ARM/embedded-4_9-br"
 701      4320342E 
 701      392E3320 
 701      32303135 
 701      30333033 
 702 0049 616E6368 		.ascii	"anch revision 221220] -mcpu=cortex-m3 -mthumb -g -O"
 702      20726576 
 702      6973696F 
 702      6E203232 
 702      31323230 
 703 007c 30202D66 		.ascii	"0 -ffunction-sections -ffat-lto-objects\000"
 703      66756E63 
 703      74696F6E 
 703      2D736563 
 703      74696F6E 
 704              	.LASF22:
 705 00a4 6669666F 		.ascii	"fifo_number\000"
 705      5F6E756D 
 705      62657200 
 706              	.LASF14:
 707 00b0 646F7562 		.ascii	"double\000"
 707      6C6500
 708              	.LASF13:
 709 00b7 666C6F61 		.ascii	"float\000"
 709      7400
 710              	.LASF24:
 711 00bd 6576656E 		.ascii	"event_id\000"
 711      745F6964 
ARM GAS  C:\Users\glenn\AppData\Local\Temp\ccU4mvbL.s 			page 16


 711      00
 712              	.LASF7:
 713 00c6 6C6F6E67 		.ascii	"long long unsigned int\000"
 713      206C6F6E 
 713      6720756E 
 713      7369676E 
 713      65642069 
 714              	.LASF28:
 715 00dd 433A5C55 		.ascii	"C:\\Users\\glenn\\OneDrive\\PSOC\\moisture_sensor\\"
 715      73657273 
 715      5C676C65 
 715      6E6E5C4F 
 715      6E654472 
 716 010a 5553425F 		.ascii	"USB_UART01.cydsn\000"
 716      55415254 
 716      30312E63 
 716      7964736E 
 716      00
 717              	.LASF19:
 718 011b 696E7075 		.ascii	"input\000"
 718      7400
 719              	.LASF23:
 720 0121 6576656E 		.ascii	"event_data\000"
 720      745F6461 
 720      746100
 721              	.LASF17:
 722 012c 74656D70 		.ascii	"temp_ptr\000"
 722      5F707472 
 722      00
 723              	.LASF18:
 724 0135 74656D70 		.ascii	"temp\000"
 724      00
 725              	.LASF3:
 726 013a 73686F72 		.ascii	"short unsigned int\000"
 726      7420756E 
 726      7369676E 
 726      65642069 
 726      6E7400
 727              	.LASF31:
 728 014d 49544D5F 		.ascii	"ITM_RxBuffer\000"
 728      52784275 
 728      66666572 
 728      00
 729              	.LASF1:
 730 015a 756E7369 		.ascii	"unsigned char\000"
 730      676E6564 
 730      20636861 
 730      7200
 731              	.LASF5:
 732 0168 6C6F6E67 		.ascii	"long unsigned int\000"
 732      20756E73 
 732      69676E65 
 732      6420696E 
 732      7400
 733              	.LASF27:
 734 017a 2E5C7274 		.ascii	".\\rtu_modbus\\process_type_24_message.c\000"
 734      755F6D6F 
ARM GAS  C:\Users\glenn\AppData\Local\Temp\ccU4mvbL.s 			page 17


 734      64627573 
 734      5C70726F 
 734      63657373 
 735              	.LASF12:
 736 01a1 75696E74 		.ascii	"uint16\000"
 736      313600
 737              	.LASF8:
 738 01a8 756E7369 		.ascii	"unsigned int\000"
 738      676E6564 
 738      20696E74 
 738      00
 739              	.LASF30:
 740 01b5 70726F63 		.ascii	"process_type_24_message\000"
 740      6573735F 
 740      74797065 
 740      5F32345F 
 740      6D657373 
 741              	.LASF29:
 742 01cd 73776170 		.ascii	"swap_16\000"
 742      5F313600 
 743              	.LASF10:
 744 01d5 696E7433 		.ascii	"int32_t\000"
 744      325F7400 
 745              	.LASF16:
 746 01dd 73697A65 		.ascii	"sizetype\000"
 746      74797065 
 746      00
 747              	.LASF21:
 748 01e6 6F75745F 		.ascii	"out_length\000"
 748      6C656E67 
 748      746800
 749              	.LASF6:
 750 01f1 6C6F6E67 		.ascii	"long long int\000"
 750      206C6F6E 
 750      6720696E 
 750      7400
 751              	.LASF15:
 752 01ff 63686172 		.ascii	"char\000"
 752      00
 753              	.LASF2:
 754 0204 73686F72 		.ascii	"short int\000"
 754      7420696E 
 754      7400
 755              	.LASF11:
 756 020e 75696E74 		.ascii	"uint8\000"
 756      3800
 757              	.LASF4:
 758 0214 6C6F6E67 		.ascii	"long int\000"
 758      20696E74 
 758      00
 759              	.LASF0:
 760 021d 7369676E 		.ascii	"signed char\000"
 760      65642063 
 760      68617200 
 761              	.LASF20:
 762 0229 696E5F6C 		.ascii	"in_length\000"
 762      656E6774 
ARM GAS  C:\Users\glenn\AppData\Local\Temp\ccU4mvbL.s 			page 18


 762      6800
 763              		.ident	"GCC: (GNU Tools for ARM Embedded Processors) 4.9.3 20150303 (release) [ARM/embedded-4_9-br
