--------------- Rebuild Started: 10/14/2016 11:44:06 Project: USB_UART01, Configuration: ARM GCC 4.9-2015-q1-update Debug ---------------
Deleting file ".\ARM_GCC_493\Debug\cf_events.o"
Deleting file ".\ARM_GCC_493\Debug\cf_runtime_functions.o"
Deleting file ".\ARM_GCC_493\Debug\cf_external_functions.o"
Deleting file ".\ARM_GCC_493\Debug\chain_flow_support.o"
Deleting file ".\ARM_GCC_493\Debug\cf_status_bit.o"
Deleting file ".\ARM_GCC_493\Debug\moving_average.o"
Deleting file ".\ARM_GCC_493\Debug\digitial_io.o"
Deleting file ".\ARM_GCC_493\Debug\a_to_d_functions.o"
Deleting file ".\ARM_GCC_493\Debug\modbus_serial_ctrl.o"
Deleting file ".\ARM_GCC_493\Debug\process_modbus_message.o"
Deleting file ".\ARM_GCC_493\Debug\process_type_3_message.o"
Deleting file ".\ARM_GCC_493\Debug\process_type_16_message.o"
Deleting file ".\ARM_GCC_493\Debug\process_type_24_message.o"
Deleting file ".\ARM_GCC_493\Debug\process_crc.o"
Deleting file ".\ARM_GCC_493\Debug\modbus_interface_functions.o"
Deleting file ".\ARM_GCC_493\Debug\rtc_functions.o"
Deleting file ".\ARM_GCC_493\Debug\event_fifo.o"
Deleting file ".\ARM_GCC_493\Debug\die_temp.o"
Deleting file ".\ARM_GCC_493\Debug\moisture_measurements.o"
Deleting file ".\ARM_GCC_493\Debug\cb_logging.o"
Deleting file ".\ARM_GCC_493\Debug\main.o"
Deleting file ".\ARM_GCC_493\Debug\cyfitter_cfg.o"
Deleting file ".\ARM_GCC_493\Debug\cymetadata.o"
Deleting file ".\ARM_GCC_493\Debug\Cm3Start.o"
Deleting file ".\ARM_GCC_493\Debug\CyBootAsmGnu.o"
Deleting file ".\ARM_GCC_493\Debug\CyDmac.o"
Deleting file ".\ARM_GCC_493\Debug\CyFlash.o"
Deleting file ".\ARM_GCC_493\Debug\CyLib.o"
Deleting file ".\ARM_GCC_493\Debug\cyPm.o"
Deleting file ".\ARM_GCC_493\Debug\CySpc.o"
Deleting file ".\ARM_GCC_493\Debug\cyutils.o"
Deleting file ".\ARM_GCC_493\Debug\isr_1.o"
Deleting file ".\ARM_GCC_493\Debug\SleepTimer_1.o"
Deleting file ".\ARM_GCC_493\Debug\EEPROM_1.o"
Deleting file ".\ARM_GCC_493\Debug\heart_beat_pin.o"
Deleting file ".\ARM_GCC_493\Debug\RTC_1.o"
Deleting file ".\ARM_GCC_493\Debug\RTC_1_INT.o"
Deleting file ".\ARM_GCC_493\Debug\RS_485_OUTPUT.o"
Deleting file ".\ARM_GCC_493\Debug\RS_485_TX_ENBABLE.o"
Deleting file ".\ARM_GCC_493\Debug\UART_1.o"
Deleting file ".\ARM_GCC_493\Debug\UART_1_PM.o"
Deleting file ".\ARM_GCC_493\Debug\UART_1_INT.o"
Deleting file ".\ARM_GCC_493\Debug\UART_1_BOOT.o"
Deleting file ".\ARM_GCC_493\Debug\RS_485_Input.o"
Deleting file ".\ARM_GCC_493\Debug\DieTemp_1.o"
Deleting file ".\ARM_GCC_493\Debug\UART_1_IntClock.o"
Deleting file ".\ARM_GCC_493\Debug\ADC_SAR_Seq_1.o"
Deleting file ".\ARM_GCC_493\Debug\ADC_SAR_Seq_1_PM.o"
Deleting file ".\ARM_GCC_493\Debug\ADC_SAR_Seq_1_INT.o"
Deleting file ".\ARM_GCC_493\Debug\ADC_SAR_Seq_1_SAR.o"
Deleting file ".\ARM_GCC_493\Debug\ADC_SAR_Seq_1_SAR_INT.o"
Deleting file ".\ARM_GCC_493\Debug\ADC_SAR_Seq_1_SAR_PM.o"
Deleting file ".\ARM_GCC_493\Debug\ADC_SAR_Seq_1_IntClock.o"
Deleting file ".\ARM_GCC_493\Debug\ADC_SAR_Seq_1_TempBuf_dma.o"
Deleting file ".\ARM_GCC_493\Debug\ADC_SAR_Seq_1_FinalBuf_dma.o"
Deleting file ".\ARM_GCC_493\Debug\ADC_SAR_Seq_1_IRQ.o"
Deleting file ".\ARM_GCC_493\Debug\SIGMA_A_D.o"
Deleting file ".\ARM_GCC_493\Debug\SIGMA_A_D_PM.o"
Deleting file ".\ARM_GCC_493\Debug\SIGMA_A_D_INT.o"
Deleting file ".\ARM_GCC_493\Debug\SIGMA_A_D_Ext_CP_Clk.o"
Deleting file ".\ARM_GCC_493\Debug\SIGMA_A_D_IRQ.o"
Deleting file ".\ARM_GCC_493\Debug\SIGMA_A_D_theACLK.o"
Deleting file ".\ARM_GCC_493\Debug\switch_pin.o"
Deleting file ".\ARM_GCC_493\Debug\UART_TX_INTERRUPT.o"
Deleting file ".\ARM_GCC_493\Debug\UART_RX_INTERRUPT.o"
Deleting file ".\ARM_GCC_493\Debug\modbus_symbol_clock.o"
Deleting file ".\ARM_GCC_493\Debug\modbus_symbol_timer.o"
Deleting file ".\ARM_GCC_493\Debug\Status_Reg_1.o"
Deleting file ".\ARM_GCC_493\Debug\Em_EEPROM_1.o"
Deleting file ".\ARM_GCC_493\Debug\Temp_Sensor.o"
Deleting file ".\ARM_GCC_493\Debug\Log_Pin.o"
Deleting file ".\ARM_GCC_493\Debug\SIGMA_A_D_AMux.o"
Deleting file ".\ARM_GCC_493\Debug\Active_Pin.o"
Deleting file ".\ARM_GCC_493\Debug\ad_interrupt_1.o"
Deleting file ".\ARM_GCC_493\Debug\moisture_interval_clock.o"
Deleting file ".\ARM_GCC_493\Debug\moisture_interval_interrupt.o"
Deleting file ".\ARM_GCC_493\Debug\SWITCH_CLOCK.o"
Deleting file ".\ARM_GCC_493\Debug\AD_CLOCK.o"
Deleting file ".\ARM_GCC_493\Debug\Sink_Source_Setup.o"
Deleting file ".\ARM_GCC_493\Debug\Sink_Pin.o"
Deleting file ".\ARM_GCC_493\Debug\Sink_Reg.o"
Deleting file ".\ARM_GCC_493\Debug\Sink_Reg_PM.o"
Deleting file ".\ARM_GCC_493\Debug\Source_Pin.o"
Deleting file ".\ARM_GCC_493\Debug\Source_Reg.o"
Deleting file ".\ARM_GCC_493\Debug\Source_Reg_PM.o"
Deleting file ".\ARM_GCC_493\Debug\Analog_Drive_High.o"
Deleting file ".\ARM_GCC_493\Debug\Analog_Drive_Low.o"
Deleting file ".\ARM_GCC_493\Debug\USB_UART01.hex"
Deleting file ".\ARM_GCC_493\Debug\USB_UART01.elf"
Deleting file ".\ARM_GCC_493\Debug\USB_UART01.map"
Deleting file ".\USB_UART01.cycdx"
Deleting file ".\USB_UART01.svd"
Deleting file ".\USB_UART01.rpt"
Deleting file ".\USB_UART01_timing.html"
Deleting file ".\ARM_GCC_493\Debug\.deps\C_FILE.P"
Deleting file ".\ARM_GCC_493\Debug\.deps\ARM_C_FILE.P"
Deleting file ".\ARM_GCC_493\Debug\.deps\GNU_ARM_ASM_FILE.P"
cydsfit.exe -.appdatapath "C:\Users\glenn\AppData\Local\Cypress Semiconductor\PSoC Creator\3.3" -.fdsnotice -.fdswarpdepfile=warp_dependencies.txt -.fdselabdepfile=elab_dependencies.txt -.fdsbldfile=generated_files.txt -p C:\Users\glenn\OneDrive\PSOC\moisture_sensor\USB_UART01.cydsn\USB_UART01.cyprj -d CY8C5888LTI-LP097 -s C:\Users\glenn\OneDrive\PSOC\moisture_sensor\USB_UART01.cydsn\Generated_Source\PSoC5 -- -yv2 -q10 -ygs -o2 -v3 -.fftcfgtype=LE
Elaborating Design...
ADD: sdb.M0065: information: Analog terminal "vdac_ref" on ADC_SAR_SEQ_v2_0 is unconnected.
 * C:\Program Files (x86)\Cypress\PSoC Creator\3.3\PSoC Creator\psoc\content\cycomponentlibrary\CyComponentLibrary.cylib\ADC_SAR_SEQ_v2_0\PSoC5\ADC_SAR_SEQ_v2_0.cysch (Signal: vdac_ref)
 * C:\Program Files (x86)\Cypress\PSoC Creator\3.3\PSoC Creator\psoc\content\cycomponentlibrary\CyComponentLibrary.cylib\ADC_SAR_SEQ_v2_0\PSoC5\ADC_SAR_SEQ_v2_0.cysch (Shape_798)
 * C:\Program Files (x86)\Cypress\PSoC Creator\3.3\PSoC Creator\psoc\content\cycomponentlibrary\CyComponentLibrary.cylib\ADC_SAR_SEQ_v2_0\PSoC5\ADC_SAR_SEQ_v2_0.cysch (Shape_885)
HDL Generation ...
Synthesis ...
Place and Route ...
Tech mapping ...
Analog Placement ...
Info: apr.M0002: Analog signal "Net_5988" is connected to one terminal only. (App=cydsfit)
Info: apr.M0002: Analog signal "Net_6101" is connected to one terminal only. (App=cydsfit)
Info: apr.M0002: Analog signal "Net_6102" is connected to one terminal only. (App=cydsfit)
Info: apr.M0002: Analog signal "Net_6104" is connected to one terminal only. (App=cydsfit)
Info: apr.M0002: Analog signal "Net_6106" is connected to one terminal only. (App=cydsfit)
Info: apr.M0002: Analog signal "Net_6107" is connected to one terminal only. (App=cydsfit)
Info: apr.M0002: Analog signal "Net_6109" is connected to one terminal only. (App=cydsfit)
Info: apr.M0002: Analog signal "Net_6111" is connected to one terminal only. (App=cydsfit)
Info: apr.M0002: Analog signal "Net_6112" is connected to one terminal only. (App=cydsfit)
Info: apr.M0002: Analog signal "Net_6114" is connected to one terminal only. (App=cydsfit)
Info: apr.M0002: Analog signal "Net_6116" is connected to one terminal only. (App=cydsfit)
Info: apr.M0002: Analog signal "Net_6117" is connected to one terminal only. (App=cydsfit)
Info: apr.M0002: Analog signal "Net_6119" is connected to one terminal only. (App=cydsfit)
Info: apr.M0002: Analog signal "Net_6121" is connected to one terminal only. (App=cydsfit)
Info: apr.M0002: Analog signal "Net_6122" is connected to one terminal only. (App=cydsfit)
Info: apr.M0002: Analog signal "Net_6124" is connected to one terminal only. (App=cydsfit)
Info: apr.M0002: Analog signal "Net_6126" is connected to one terminal only. (App=cydsfit)
Info: apr.M0002: Analog signal "Net_6127" is connected to one terminal only. (App=cydsfit)
Info: apr.M0002: Analog signal "Net_6129" is connected to one terminal only. (App=cydsfit)
Info: apr.M0002: Analog signal "Net_6131" is connected to one terminal only. (App=cydsfit)
Info: apr.M0002: Analog signal "Net_6132" is connected to one terminal only. (App=cydsfit)
Info: apr.M0002: Analog signal "Net_6134" is connected to one terminal only. (App=cydsfit)
Info: apr.M0002: Analog signal "Net_6136" is connected to one terminal only. (App=cydsfit)
Info: apr.M0002: Analog signal "Net_6137" is connected to one terminal only. (App=cydsfit)
Info: apr.M0002: Analog signal "Net_6139" is connected to one terminal only. (App=cydsfit)
Info: apr.M0002: Analog signal "Net_6141" is connected to one terminal only. (App=cydsfit)
Info: apr.M0002: Analog signal "Net_6142" is connected to one terminal only. (App=cydsfit)
Info: apr.M0002: Analog signal "Net_6144" is connected to one terminal only. (App=cydsfit)
Info: apr.M0002: Analog signal "Net_6146" is connected to one terminal only. (App=cydsfit)
Info: apr.M0002: Analog signal "Net_6147" is connected to one terminal only. (App=cydsfit)
Info: apr.M0002: Analog signal "Net_6149" is connected to one terminal only. (App=cydsfit)
Info: apr.M0002: Analog signal "Net_6151" is connected to one terminal only. (App=cydsfit)
Info: apr.M0002: Analog signal "Net_6152" is connected to one terminal only. (App=cydsfit)
Info: apr.M0002: Analog signal "Net_6154" is connected to one terminal only. (App=cydsfit)
Info: apr.M0002: Analog signal "Net_6156" is connected to one terminal only. (App=cydsfit)
Info: apr.M0002: Analog signal "Net_6157" is connected to one terminal only. (App=cydsfit)
Info: apr.M0002: Analog signal "Net_6159" is connected to one terminal only. (App=cydsfit)
Info: apr.M0002: Analog signal "Net_6161" is connected to one terminal only. (App=cydsfit)
Info: apr.M0002: Analog signal "Net_6162" is connected to one terminal only. (App=cydsfit)
Info: apr.M0002: Analog signal "Net_6164" is connected to one terminal only. (App=cydsfit)
Info: apr.M0002: Analog signal "Net_6166" is connected to one terminal only. (App=cydsfit)
Info: apr.M0002: Analog signal "Net_6167" is connected to one terminal only. (App=cydsfit)
Info: apr.M0002: Analog signal "Net_6169" is connected to one terminal only. (App=cydsfit)
Info: apr.M0002: Analog signal "Net_6171" is connected to one terminal only. (App=cydsfit)
Info: apr.M0002: Analog signal "Net_6172" is connected to one terminal only. (App=cydsfit)
Info: apr.M0002: Analog signal "Net_6174" is connected to one terminal only. (App=cydsfit)
Info: apr.M0002: Analog signal "Net_6176" is connected to one terminal only. (App=cydsfit)
Info: apr.M0002: Analog signal "Net_6177" is connected to one terminal only. (App=cydsfit)
Info: apr.M0002: Analog signal "Net_6178" is connected to one terminal only. (App=cydsfit)
Info: apr.M0002: Analog signal "Net_6179" is connected to one terminal only. (App=cydsfit)
Info: apr.M0002: Analog signal "Net_6180" is connected to one terminal only. (App=cydsfit)
Info: apr.M0002: Analog signal "Net_6181" is connected to one terminal only. (App=cydsfit)
Info: apr.M0002: Analog signal "Net_6182" is connected to one terminal only. (App=cydsfit)
Info: apr.M0002: Analog signal "Net_6183" is connected to one terminal only. (App=cydsfit)
Info: apr.M0002: Analog signal "Net_6184" is connected to one terminal only. (App=cydsfit)
Info: apr.M0002: Analog signal "Net_6185" is connected to one terminal only. (App=cydsfit)
Info: apr.M0002: Analog signal "Net_6186" is connected to one terminal only. (App=cydsfit)
Info: apr.M0002: Analog signal "Net_6187" is connected to one terminal only. (App=cydsfit)
Info: apr.M0002: Analog signal "Net_6188" is connected to one terminal only. (App=cydsfit)
Info: apr.M0002: Analog signal "Net_6189" is connected to one terminal only. (App=cydsfit)
Info: apr.M0002: Analog signal "Net_6190" is connected to one terminal only. (App=cydsfit)
Info: apr.M0002: Analog signal "Net_6191" is connected to one terminal only. (App=cydsfit)
Info: apr.M0002: Analog signal "Net_6192" is connected to one terminal only. (App=cydsfit)
Info: apr.M0002: Analog signal "\SIGMA_A_D:Net_35\" is connected to one terminal only. (App=cydsfit)
Log: apr.M0058: The analog placement iterative improvement is 46% done. (App=cydsfit)
Analog Routing ...
Analog Code Generation ...
Digital Placement ...
Digital Routing ...
Bitstream Generation ...
Static timing analysis ...
API Generation ...
Dependency Generation ...
Clean Temporary Files ...
arm-none-eabi-gcc.exe -mcpu=cortex-m3 -mthumb -Wno-main -I.\chain_flow -I.\chain_flow\chain_flow_assembler -I.\utilities -I.\a_to_d_functions -I.\rtu_modbus -I.\usb_serial -I.\cap_sense -I.\rtc_functions -I.\i2c_master -I.\event_fifo -I.\Die_Temp -I.\moisture_measurement -I. -IGenerated_Source\PSoC5 -Wa,-alh=.\ARM_GCC_493\Debug/cf_events.lst -g -Wall -ffunction-sections -O0 -ffat-lto-objects -c .\chain_flow\cf_events.c -o .\ARM_GCC_493\Debug\cf_events.o
arm-none-eabi-gcc.exe -mcpu=cortex-m3 -mthumb -Wno-main -I.\chain_flow -I.\chain_flow\chain_flow_assembler -I.\utilities -I.\a_to_d_functions -I.\rtu_modbus -I.\usb_serial -I.\cap_sense -I.\rtc_functions -I.\i2c_master -I.\event_fifo -I.\Die_Temp -I.\moisture_measurement -I. -IGenerated_Source\PSoC5 -Wa,-alh=.\ARM_GCC_493\Debug/cf_runtime_functions.lst -g -Wall -ffunction-sections -O0 -ffat-lto-objects -c .\chain_flow\cf_runtime_functions.c -o .\ARM_GCC_493\Debug\cf_runtime_functions.o
arm-none-eabi-gcc.exe -mcpu=cortex-m3 -mthumb -Wno-main -I.\chain_flow -I.\chain_flow\chain_flow_assembler -I.\utilities -I.\a_to_d_functions -I.\rtu_modbus -I.\usb_serial -I.\cap_sense -I.\rtc_functions -I.\i2c_master -I.\event_fifo -I.\Die_Temp -I.\moisture_measurement -I. -IGenerated_Source\PSoC5 -Wa,-alh=.\ARM_GCC_493\Debug/cf_external_functions.lst -g -Wall -ffunction-sections -O0 -ffat-lto-objects -c .\chain_flow\cf_external_functions.c -o .\ARM_GCC_493\Debug\cf_external_functions.o
arm-none-eabi-gcc.exe -mcpu=cortex-m3 -mthumb -Wno-main -I.\chain_flow -I.\chain_flow\chain_flow_assembler -I.\utilities -I.\a_to_d_functions -I.\rtu_modbus -I.\usb_serial -I.\cap_sense -I.\rtc_functions -I.\i2c_master -I.\event_fifo -I.\Die_Temp -I.\moisture_measurement -I. -IGenerated_Source\PSoC5 -Wa,-alh=.\ARM_GCC_493\Debug/chain_flow_support.lst -g -Wall -ffunction-sections -O0 -ffat-lto-objects -c .\chain_flow\chain_flow_support.c -o .\ARM_GCC_493\Debug\chain_flow_support.o
arm-none-eabi-gcc.exe -mcpu=cortex-m3 -mthumb -Wno-main -I.\chain_flow -I.\chain_flow\chain_flow_assembler -I.\utilities -I.\a_to_d_functions -I.\rtu_modbus -I.\usb_serial -I.\cap_sense -I.\rtc_functions -I.\i2c_master -I.\event_fifo -I.\Die_Temp -I.\moisture_measurement -I. -IGenerated_Source\PSoC5 -Wa,-alh=.\ARM_GCC_493\Debug/cf_status_bit.lst -g -Wall -ffunction-sections -O0 -ffat-lto-objects -c .\chain_flow\cf_status_bit.c -o .\ARM_GCC_493\Debug\cf_status_bit.o
arm-none-eabi-gcc.exe -mcpu=cortex-m3 -mthumb -Wno-main -I.\chain_flow -I.\chain_flow\chain_flow_assembler -I.\utilities -I.\a_to_d_functions -I.\rtu_modbus -I.\usb_serial -I.\cap_sense -I.\rtc_functions -I.\i2c_master -I.\event_fifo -I.\Die_Temp -I.\moisture_measurement -I. -IGenerated_Source\PSoC5 -Wa,-alh=.\ARM_GCC_493\Debug/moving_average.lst -g -Wall -ffunction-sections -O0 -ffat-lto-objects -c .\utilities\moving_average.c -o .\ARM_GCC_493\Debug\moving_average.o
arm-none-eabi-gcc.exe -mcpu=cortex-m3 -mthumb -Wno-main -I.\chain_flow -I.\chain_flow\chain_flow_assembler -I.\utilities -I.\a_to_d_functions -I.\rtu_modbus -I.\usb_serial -I.\cap_sense -I.\rtc_functions -I.\i2c_master -I.\event_fifo -I.\Die_Temp -I.\moisture_measurement -I. -IGenerated_Source\PSoC5 -Wa,-alh=.\ARM_GCC_493\Debug/digitial_io.lst -g -Wall -ffunction-sections -O0 -ffat-lto-objects -c .\utilities\digitial_io.c -o .\ARM_GCC_493\Debug\digitial_io.o
arm-none-eabi-gcc.exe -mcpu=cortex-m3 -mthumb -Wno-main -I.\chain_flow -I.\chain_flow\chain_flow_assembler -I.\utilities -I.\a_to_d_functions -I.\rtu_modbus -I.\usb_serial -I.\cap_sense -I.\rtc_functions -I.\i2c_master -I.\event_fifo -I.\Die_Temp -I.\moisture_measurement -I. -IGenerated_Source\PSoC5 -Wa,-alh=.\ARM_GCC_493\Debug/a_to_d_functions.lst -g -Wall -ffunction-sections -O0 -ffat-lto-objects -c .\a_to_d_functions\a_to_d_functions.c -o .\ARM_GCC_493\Debug\a_to_d_functions.o
arm-none-eabi-gcc.exe -mcpu=cortex-m3 -mthumb -Wno-main -I.\chain_flow -I.\chain_flow\chain_flow_assembler -I.\utilities -I.\a_to_d_functions -I.\rtu_modbus -I.\usb_serial -I.\cap_sense -I.\rtc_functions -I.\i2c_master -I.\event_fifo -I.\Die_Temp -I.\moisture_measurement -I. -IGenerated_Source\PSoC5 -Wa,-alh=.\ARM_GCC_493\Debug/modbus_serial_ctrl.lst -g -Wall -ffunction-sections -O0 -ffat-lto-objects -c .\rtu_modbus\modbus_serial_ctrl.c -o .\ARM_GCC_493\Debug\modbus_serial_ctrl.o
arm-none-eabi-gcc.exe -mcpu=cortex-m3 -mthumb -Wno-main -I.\chain_flow -I.\chain_flow\chain_flow_assembler -I.\utilities -I.\a_to_d_functions -I.\rtu_modbus -I.\usb_serial -I.\cap_sense -I.\rtc_functions -I.\i2c_master -I.\event_fifo -I.\Die_Temp -I.\moisture_measurement -I. -IGenerated_Source\PSoC5 -Wa,-alh=.\ARM_GCC_493\Debug/process_modbus_message.lst -g -Wall -ffunction-sections -O0 -ffat-lto-objects -c .\rtu_modbus\process_modbus_message.c -o .\ARM_GCC_493\Debug\process_modbus_message.o
arm-none-eabi-gcc.exe -mcpu=cortex-m3 -mthumb -Wno-main -I.\chain_flow -I.\chain_flow\chain_flow_assembler -I.\utilities -I.\a_to_d_functions -I.\rtu_modbus -I.\usb_serial -I.\cap_sense -I.\rtc_functions -I.\i2c_master -I.\event_fifo -I.\Die_Temp -I.\moisture_measurement -I. -IGenerated_Source\PSoC5 -Wa,-alh=.\ARM_GCC_493\Debug/process_type_3_message.lst -g -Wall -ffunction-sections -O0 -ffat-lto-objects -c .\rtu_modbus\process_type_3_message.c -o .\ARM_GCC_493\Debug\process_type_3_message.o
arm-none-eabi-gcc.exe -mcpu=cortex-m3 -mthumb -Wno-main -I.\chain_flow -I.\chain_flow\chain_flow_assembler -I.\utilities -I.\a_to_d_functions -I.\rtu_modbus -I.\usb_serial -I.\cap_sense -I.\rtc_functions -I.\i2c_master -I.\event_fifo -I.\Die_Temp -I.\moisture_measurement -I. -IGenerated_Source\PSoC5 -Wa,-alh=.\ARM_GCC_493\Debug/process_type_16_message.lst -g -Wall -ffunction-sections -O0 -ffat-lto-objects -c .\rtu_modbus\process_type_16_message.c -o .\ARM_GCC_493\Debug\process_type_16_message.o
arm-none-eabi-gcc.exe -mcpu=cortex-m3 -mthumb -Wno-main -I.\chain_flow -I.\chain_flow\chain_flow_assembler -I.\utilities -I.\a_to_d_functions -I.\rtu_modbus -I.\usb_serial -I.\cap_sense -I.\rtc_functions -I.\i2c_master -I.\event_fifo -I.\Die_Temp -I.\moisture_measurement -I. -IGenerated_Source\PSoC5 -Wa,-alh=.\ARM_GCC_493\Debug/process_type_24_message.lst -g -Wall -ffunction-sections -O0 -ffat-lto-objects -c .\rtu_modbus\process_type_24_message.c -o .\ARM_GCC_493\Debug\process_type_24_message.o
arm-none-eabi-gcc.exe -mcpu=cortex-m3 -mthumb -Wno-main -I.\chain_flow -I.\chain_flow\chain_flow_assembler -I.\utilities -I.\a_to_d_functions -I.\rtu_modbus -I.\usb_serial -I.\cap_sense -I.\rtc_functions -I.\i2c_master -I.\event_fifo -I.\Die_Temp -I.\moisture_measurement -I. -IGenerated_Source\PSoC5 -Wa,-alh=.\ARM_GCC_493\Debug/process_crc.lst -g -Wall -ffunction-sections -O0 -ffat-lto-objects -c .\rtu_modbus\process_crc.c -o .\ARM_GCC_493\Debug\process_crc.o
arm-none-eabi-gcc.exe -mcpu=cortex-m3 -mthumb -Wno-main -I.\chain_flow -I.\chain_flow\chain_flow_assembler -I.\utilities -I.\a_to_d_functions -I.\rtu_modbus -I.\usb_serial -I.\cap_sense -I.\rtc_functions -I.\i2c_master -I.\event_fifo -I.\Die_Temp -I.\moisture_measurement -I. -IGenerated_Source\PSoC5 -Wa,-alh=.\ARM_GCC_493\Debug/modbus_interface_functions.lst -g -Wall -ffunction-sections -O0 -ffat-lto-objects -c .\rtu_modbus\modbus_interface_functions.c -o .\ARM_GCC_493\Debug\modbus_interface_functions.o
arm-none-eabi-gcc.exe -mcpu=cortex-m3 -mthumb -Wno-main -I.\chain_flow -I.\chain_flow\chain_flow_assembler -I.\utilities -I.\a_to_d_functions -I.\rtu_modbus -I.\usb_serial -I.\cap_sense -I.\rtc_functions -I.\i2c_master -I.\event_fifo -I.\Die_Temp -I.\moisture_measurement -I. -IGenerated_Source\PSoC5 -Wa,-alh=.\ARM_GCC_493\Debug/rtc_functions.lst -g -Wall -ffunction-sections -O0 -ffat-lto-objects -c .\rtc_functions\rtc_functions.c -o .\ARM_GCC_493\Debug\rtc_functions.o
arm-none-eabi-gcc.exe -mcpu=cortex-m3 -mthumb -Wno-main -I.\chain_flow -I.\chain_flow\chain_flow_assembler -I.\utilities -I.\a_to_d_functions -I.\rtu_modbus -I.\usb_serial -I.\cap_sense -I.\rtc_functions -I.\i2c_master -I.\event_fifo -I.\Die_Temp -I.\moisture_measurement -I. -IGenerated_Source\PSoC5 -Wa,-alh=.\ARM_GCC_493\Debug/event_fifo.lst -g -Wall -ffunction-sections -O0 -ffat-lto-objects -c .\event_fifo\event_fifo.c -o .\ARM_GCC_493\Debug\event_fifo.o
arm-none-eabi-gcc.exe -mcpu=cortex-m3 -mthumb -Wno-main -I.\chain_flow -I.\chain_flow\chain_flow_assembler -I.\utilities -I.\a_to_d_functions -I.\rtu_modbus -I.\usb_serial -I.\cap_sense -I.\rtc_functions -I.\i2c_master -I.\event_fifo -I.\Die_Temp -I.\moisture_measurement -I. -IGenerated_Source\PSoC5 -Wa,-alh=.\ARM_GCC_493\Debug/die_temp.lst -g -Wall -ffunction-sections -O0 -ffat-lto-objects -c .\Die_Temp\die_temp.c -o .\ARM_GCC_493\Debug\die_temp.o
arm-none-eabi-gcc.exe -mcpu=cortex-m3 -mthumb -Wno-main -I.\chain_flow -I.\chain_flow\chain_flow_assembler -I.\utilities -I.\a_to_d_functions -I.\rtu_modbus -I.\usb_serial -I.\cap_sense -I.\rtc_functions -I.\i2c_master -I.\event_fifo -I.\Die_Temp -I.\moisture_measurement -I. -IGenerated_Source\PSoC5 -Wa,-alh=.\ARM_GCC_493\Debug/moisture_measurements.lst -g -Wall -ffunction-sections -O0 -ffat-lto-objects -c .\moisture_measurement\moisture_measurements.c -o .\ARM_GCC_493\Debug\moisture_measurements.o
arm-none-eabi-gcc.exe -mcpu=cortex-m3 -mthumb -Wno-main -I.\chain_flow -I.\chain_flow\chain_flow_assembler -I.\utilities -I.\a_to_d_functions -I.\rtu_modbus -I.\usb_serial -I.\cap_sense -I.\rtc_functions -I.\i2c_master -I.\event_fifo -I.\Die_Temp -I.\moisture_measurement -I. -IGenerated_Source\PSoC5 -Wa,-alh=.\ARM_GCC_493\Debug/cb_logging.lst -g -Wall -ffunction-sections -O0 -ffat-lto-objects -c .\moisture_measurement\cb_logging.c -o .\ARM_GCC_493\Debug\cb_logging.o
arm-none-eabi-gcc.exe -mcpu=cortex-m3 -mthumb -Wno-main -I.\chain_flow -I.\chain_flow\chain_flow_assembler -I.\utilities -I.\a_to_d_functions -I.\rtu_modbus -I.\usb_serial -I.\cap_sense -I.\rtc_functions -I.\i2c_master -I.\event_fifo -I.\Die_Temp -I.\moisture_measurement -I. -IGenerated_Source\PSoC5 -Wa,-alh=.\ARM_GCC_493\Debug/main.lst -g -Wall -ffunction-sections -O0 -ffat-lto-objects -c .\main.c -o .\ARM_GCC_493\Debug\main.o
arm-none-eabi-gcc.exe -mcpu=cortex-m3 -mthumb -Wno-main -I.\chain_flow -I.\chain_flow\chain_flow_assembler -I.\utilities -I.\a_to_d_functions -I.\rtu_modbus -I.\usb_serial -I.\cap_sense -I.\rtc_functions -I.\i2c_master -I.\event_fifo -I.\Die_Temp -I.\moisture_measurement -I. -IGenerated_Source\PSoC5 -Wa,-alh=.\ARM_GCC_493\Debug/cyfitter_cfg.lst -g -Wall -ffunction-sections -O0 -ffat-lto-objects -c .\Generated_Source\PSoC5\cyfitter_cfg.c -o .\ARM_GCC_493\Debug\cyfitter_cfg.o
arm-none-eabi-gcc.exe -mcpu=cortex-m3 -mthumb -Wno-main -I.\chain_flow -I.\chain_flow\chain_flow_assembler -I.\utilities -I.\a_to_d_functions -I.\rtu_modbus -I.\usb_serial -I.\cap_sense -I.\rtc_functions -I.\i2c_master -I.\event_fifo -I.\Die_Temp -I.\moisture_measurement -I. -IGenerated_Source\PSoC5 -Wa,-alh=.\ARM_GCC_493\Debug/cymetadata.lst -g -Wall -ffunction-sections -O0 -ffat-lto-objects -c .\Generated_Source\PSoC5\cymetadata.c -o .\ARM_GCC_493\Debug\cymetadata.o
arm-none-eabi-gcc.exe -mcpu=cortex-m3 -mthumb -Wno-main -I.\chain_flow -I.\chain_flow\chain_flow_assembler -I.\utilities -I.\a_to_d_functions -I.\rtu_modbus -I.\usb_serial -I.\cap_sense -I.\rtc_functions -I.\i2c_master -I.\event_fifo -I.\Die_Temp -I.\moisture_measurement -I. -IGenerated_Source\PSoC5 -Wa,-alh=.\ARM_GCC_493\Debug/Cm3Start.lst -g -Wall -ffunction-sections -O0 -ffat-lto-objects -c .\Generated_Source\PSoC5\Cm3Start.c -o .\ARM_GCC_493\Debug\Cm3Start.o
arm-none-eabi-as.exe -mcpu=cortex-m3 -mthumb -I. -IGenerated_Source\PSoC5 -alh=.\ARM_GCC_493\Debug/CyBootAsmGnu.lst -g -o .\ARM_GCC_493\Debug\CyBootAsmGnu.o .\Generated_Source\PSoC5\CyBootAsmGnu.s
arm-none-eabi-gcc.exe -mcpu=cortex-m3 -mthumb -Wno-main -I.\chain_flow -I.\chain_flow\chain_flow_assembler -I.\utilities -I.\a_to_d_functions -I.\rtu_modbus -I.\usb_serial -I.\cap_sense -I.\rtc_functions -I.\i2c_master -I.\event_fifo -I.\Die_Temp -I.\moisture_measurement -I. -IGenerated_Source\PSoC5 -Wa,-alh=.\ARM_GCC_493\Debug/CyDmac.lst -g -Wall -ffunction-sections -O0 -ffat-lto-objects -c .\Generated_Source\PSoC5\CyDmac.c -o .\ARM_GCC_493\Debug\CyDmac.o
arm-none-eabi-gcc.exe -mcpu=cortex-m3 -mthumb -Wno-main -I.\chain_flow -I.\chain_flow\chain_flow_assembler -I.\utilities -I.\a_to_d_functions -I.\rtu_modbus -I.\usb_serial -I.\cap_sense -I.\rtc_functions -I.\i2c_master -I.\event_fifo -I.\Die_Temp -I.\moisture_measurement -I. -IGenerated_Source\PSoC5 -Wa,-alh=.\ARM_GCC_493\Debug/CyFlash.lst -g -Wall -ffunction-sections -O0 -ffat-lto-objects -c .\Generated_Source\PSoC5\CyFlash.c -o .\ARM_GCC_493\Debug\CyFlash.o
arm-none-eabi-gcc.exe -mcpu=cortex-m3 -mthumb -Wno-main -I.\chain_flow -I.\chain_flow\chain_flow_assembler -I.\utilities -I.\a_to_d_functions -I.\rtu_modbus -I.\usb_serial -I.\cap_sense -I.\rtc_functions -I.\i2c_master -I.\event_fifo -I.\Die_Temp -I.\moisture_measurement -I. -IGenerated_Source\PSoC5 -Wa,-alh=.\ARM_GCC_493\Debug/CyLib.lst -g -Wall -ffunction-sections -O0 -ffat-lto-objects -c .\Generated_Source\PSoC5\CyLib.c -o .\ARM_GCC_493\Debug\CyLib.o
arm-none-eabi-gcc.exe -mcpu=cortex-m3 -mthumb -Wno-main -I.\chain_flow -I.\chain_flow\chain_flow_assembler -I.\utilities -I.\a_to_d_functions -I.\rtu_modbus -I.\usb_serial -I.\cap_sense -I.\rtc_functions -I.\i2c_master -I.\event_fifo -I.\Die_Temp -I.\moisture_measurement -I. -IGenerated_Source\PSoC5 -Wa,-alh=.\ARM_GCC_493\Debug/cyPm.lst -g -Wall -ffunction-sections -O0 -ffat-lto-objects -c .\Generated_Source\PSoC5\cyPm.c -o .\ARM_GCC_493\Debug\cyPm.o
arm-none-eabi-gcc.exe -mcpu=cortex-m3 -mthumb -Wno-main -I.\chain_flow -I.\chain_flow\chain_flow_assembler -I.\utilities -I.\a_to_d_functions -I.\rtu_modbus -I.\usb_serial -I.\cap_sense -I.\rtc_functions -I.\i2c_master -I.\event_fifo -I.\Die_Temp -I.\moisture_measurement -I. -IGenerated_Source\PSoC5 -Wa,-alh=.\ARM_GCC_493\Debug/CySpc.lst -g -Wall -ffunction-sections -O0 -ffat-lto-objects -c .\Generated_Source\PSoC5\CySpc.c -o .\ARM_GCC_493\Debug\CySpc.o
arm-none-eabi-gcc.exe -mcpu=cortex-m3 -mthumb -Wno-main -I.\chain_flow -I.\chain_flow\chain_flow_assembler -I.\utilities -I.\a_to_d_functions -I.\rtu_modbus -I.\usb_serial -I.\cap_sense -I.\rtc_functions -I.\i2c_master -I.\event_fifo -I.\Die_Temp -I.\moisture_measurement -I. -IGenerated_Source\PSoC5 -Wa,-alh=.\ARM_GCC_493\Debug/cyutils.lst -g -Wall -ffunction-sections -O0 -ffat-lto-objects -c .\Generated_Source\PSoC5\cyutils.c -o .\ARM_GCC_493\Debug\cyutils.o
arm-none-eabi-gcc.exe -mcpu=cortex-m3 -mthumb -Wno-main -I.\chain_flow -I.\chain_flow\chain_flow_assembler -I.\utilities -I.\a_to_d_functions -I.\rtu_modbus -I.\usb_serial -I.\cap_sense -I.\rtc_functions -I.\i2c_master -I.\event_fifo -I.\Die_Temp -I.\moisture_measurement -I. -IGenerated_Source\PSoC5 -Wa,-alh=.\ARM_GCC_493\Debug/isr_1.lst -g -Wall -ffunction-sections -O0 -ffat-lto-objects -c .\Generated_Source\PSoC5\isr_1.c -o .\ARM_GCC_493\Debug\isr_1.o
arm-none-eabi-gcc.exe -mcpu=cortex-m3 -mthumb -Wno-main -I.\chain_flow -I.\chain_flow\chain_flow_assembler -I.\utilities -I.\a_to_d_functions -I.\rtu_modbus -I.\usb_serial -I.\cap_sense -I.\rtc_functions -I.\i2c_master -I.\event_fifo -I.\Die_Temp -I.\moisture_measurement -I. -IGenerated_Source\PSoC5 -Wa,-alh=.\ARM_GCC_493\Debug/SleepTimer_1.lst -g -Wall -ffunction-sections -O0 -ffat-lto-objects -c .\Generated_Source\PSoC5\SleepTimer_1.c -o .\ARM_GCC_493\Debug\SleepTimer_1.o
arm-none-eabi-gcc.exe -mcpu=cortex-m3 -mthumb -Wno-main -I.\chain_flow -I.\chain_flow\chain_flow_assembler -I.\utilities -I.\a_to_d_functions -I.\rtu_modbus -I.\usb_serial -I.\cap_sense -I.\rtc_functions -I.\i2c_master -I.\event_fifo -I.\Die_Temp -I.\moisture_measurement -I. -IGenerated_Source\PSoC5 -Wa,-alh=.\ARM_GCC_493\Debug/EEPROM_1.lst -g -Wall -ffunction-sections -O0 -ffat-lto-objects -c .\Generated_Source\PSoC5\EEPROM_1.c -o .\ARM_GCC_493\Debug\EEPROM_1.o
arm-none-eabi-gcc.exe -mcpu=cortex-m3 -mthumb -Wno-main -I.\chain_flow -I.\chain_flow\chain_flow_assembler -I.\utilities -I.\a_to_d_functions -I.\rtu_modbus -I.\usb_serial -I.\cap_sense -I.\rtc_functions -I.\i2c_master -I.\event_fifo -I.\Die_Temp -I.\moisture_measurement -I. -IGenerated_Source\PSoC5 -Wa,-alh=.\ARM_GCC_493\Debug/heart_beat_pin.lst -g -Wall -ffunction-sections -O0 -ffat-lto-objects -c .\Generated_Source\PSoC5\heart_beat_pin.c -o .\ARM_GCC_493\Debug\heart_beat_pin.o
arm-none-eabi-gcc.exe -mcpu=cortex-m3 -mthumb -Wno-main -I.\chain_flow -I.\chain_flow\chain_flow_assembler -I.\utilities -I.\a_to_d_functions -I.\rtu_modbus -I.\usb_serial -I.\cap_sense -I.\rtc_functions -I.\i2c_master -I.\event_fifo -I.\Die_Temp -I.\moisture_measurement -I. -IGenerated_Source\PSoC5 -Wa,-alh=.\ARM_GCC_493\Debug/RTC_1.lst -g -Wall -ffunction-sections -O0 -ffat-lto-objects -c .\Generated_Source\PSoC5\RTC_1.c -o .\ARM_GCC_493\Debug\RTC_1.o
arm-none-eabi-gcc.exe -mcpu=cortex-m3 -mthumb -Wno-main -I.\chain_flow -I.\chain_flow\chain_flow_assembler -I.\utilities -I.\a_to_d_functions -I.\rtu_modbus -I.\usb_serial -I.\cap_sense -I.\rtc_functions -I.\i2c_master -I.\event_fifo -I.\Die_Temp -I.\moisture_measurement -I. -IGenerated_Source\PSoC5 -Wa,-alh=.\ARM_GCC_493\Debug/RTC_1_INT.lst -g -Wall -ffunction-sections -O0 -ffat-lto-objects -c .\Generated_Source\PSoC5\RTC_1_INT.c -o .\ARM_GCC_493\Debug\RTC_1_INT.o
arm-none-eabi-gcc.exe -mcpu=cortex-m3 -mthumb -Wno-main -I.\chain_flow -I.\chain_flow\chain_flow_assembler -I.\utilities -I.\a_to_d_functions -I.\rtu_modbus -I.\usb_serial -I.\cap_sense -I.\rtc_functions -I.\i2c_master -I.\event_fifo -I.\Die_Temp -I.\moisture_measurement -I. -IGenerated_Source\PSoC5 -Wa,-alh=.\ARM_GCC_493\Debug/RS_485_OUTPUT.lst -g -Wall -ffunction-sections -O0 -ffat-lto-objects -c .\Generated_Source\PSoC5\RS_485_OUTPUT.c -o .\ARM_GCC_493\Debug\RS_485_OUTPUT.o
arm-none-eabi-gcc.exe -mcpu=cortex-m3 -mthumb -Wno-main -I.\chain_flow -I.\chain_flow\chain_flow_assembler -I.\utilities -I.\a_to_d_functions -I.\rtu_modbus -I.\usb_serial -I.\cap_sense -I.\rtc_functions -I.\i2c_master -I.\event_fifo -I.\Die_Temp -I.\moisture_measurement -I. -IGenerated_Source\PSoC5 -Wa,-alh=.\ARM_GCC_493\Debug/RS_485_TX_ENBABLE.lst -g -Wall -ffunction-sections -O0 -ffat-lto-objects -c .\Generated_Source\PSoC5\RS_485_TX_ENBABLE.c -o .\ARM_GCC_493\Debug\RS_485_TX_ENBABLE.o
arm-none-eabi-gcc.exe -mcpu=cortex-m3 -mthumb -Wno-main -I.\chain_flow -I.\chain_flow\chain_flow_assembler -I.\utilities -I.\a_to_d_functions -I.\rtu_modbus -I.\usb_serial -I.\cap_sense -I.\rtc_functions -I.\i2c_master -I.\event_fifo -I.\Die_Temp -I.\moisture_measurement -I. -IGenerated_Source\PSoC5 -Wa,-alh=.\ARM_GCC_493\Debug/UART_1.lst -g -Wall -ffunction-sections -O0 -ffat-lto-objects -c .\Generated_Source\PSoC5\UART_1.c -o .\ARM_GCC_493\Debug\UART_1.o
arm-none-eabi-gcc.exe -mcpu=cortex-m3 -mthumb -Wno-main -I.\chain_flow -I.\chain_flow\chain_flow_assembler -I.\utilities -I.\a_to_d_functions -I.\rtu_modbus -I.\usb_serial -I.\cap_sense -I.\rtc_functions -I.\i2c_master -I.\event_fifo -I.\Die_Temp -I.\moisture_measurement -I. -IGenerated_Source\PSoC5 -Wa,-alh=.\ARM_GCC_493\Debug/UART_1_PM.lst -g -Wall -ffunction-sections -O0 -ffat-lto-objects -c .\Generated_Source\PSoC5\UART_1_PM.c -o .\ARM_GCC_493\Debug\UART_1_PM.o
arm-none-eabi-gcc.exe -mcpu=cortex-m3 -mthumb -Wno-main -I.\chain_flow -I.\chain_flow\chain_flow_assembler -I.\utilities -I.\a_to_d_functions -I.\rtu_modbus -I.\usb_serial -I.\cap_sense -I.\rtc_functions -I.\i2c_master -I.\event_fifo -I.\Die_Temp -I.\moisture_measurement -I. -IGenerated_Source\PSoC5 -Wa,-alh=.\ARM_GCC_493\Debug/UART_1_INT.lst -g -Wall -ffunction-sections -O0 -ffat-lto-objects -c .\Generated_Source\PSoC5\UART_1_INT.c -o .\ARM_GCC_493\Debug\UART_1_INT.o
arm-none-eabi-gcc.exe -mcpu=cortex-m3 -mthumb -Wno-main -I.\chain_flow -I.\chain_flow\chain_flow_assembler -I.\utilities -I.\a_to_d_functions -I.\rtu_modbus -I.\usb_serial -I.\cap_sense -I.\rtc_functions -I.\i2c_master -I.\event_fifo -I.\Die_Temp -I.\moisture_measurement -I. -IGenerated_Source\PSoC5 -Wa,-alh=.\ARM_GCC_493\Debug/UART_1_BOOT.lst -g -Wall -ffunction-sections -O0 -ffat-lto-objects -c .\Generated_Source\PSoC5\UART_1_BOOT.c -o .\ARM_GCC_493\Debug\UART_1_BOOT.o
arm-none-eabi-gcc.exe -mcpu=cortex-m3 -mthumb -Wno-main -I.\chain_flow -I.\chain_flow\chain_flow_assembler -I.\utilities -I.\a_to_d_functions -I.\rtu_modbus -I.\usb_serial -I.\cap_sense -I.\rtc_functions -I.\i2c_master -I.\event_fifo -I.\Die_Temp -I.\moisture_measurement -I. -IGenerated_Source\PSoC5 -Wa,-alh=.\ARM_GCC_493\Debug/RS_485_Input.lst -g -Wall -ffunction-sections -O0 -ffat-lto-objects -c .\Generated_Source\PSoC5\RS_485_Input.c -o .\ARM_GCC_493\Debug\RS_485_Input.o
arm-none-eabi-gcc.exe -mcpu=cortex-m3 -mthumb -Wno-main -I.\chain_flow -I.\chain_flow\chain_flow_assembler -I.\utilities -I.\a_to_d_functions -I.\rtu_modbus -I.\usb_serial -I.\cap_sense -I.\rtc_functions -I.\i2c_master -I.\event_fifo -I.\Die_Temp -I.\moisture_measurement -I. -IGenerated_Source\PSoC5 -Wa,-alh=.\ARM_GCC_493\Debug/DieTemp_1.lst -g -Wall -ffunction-sections -O0 -ffat-lto-objects -c .\Generated_Source\PSoC5\DieTemp_1.c -o .\ARM_GCC_493\Debug\DieTemp_1.o
arm-none-eabi-gcc.exe -mcpu=cortex-m3 -mthumb -Wno-main -I.\chain_flow -I.\chain_flow\chain_flow_assembler -I.\utilities -I.\a_to_d_functions -I.\rtu_modbus -I.\usb_serial -I.\cap_sense -I.\rtc_functions -I.\i2c_master -I.\event_fifo -I.\Die_Temp -I.\moisture_measurement -I. -IGenerated_Source\PSoC5 -Wa,-alh=.\ARM_GCC_493\Debug/UART_1_IntClock.lst -g -Wall -ffunction-sections -O0 -ffat-lto-objects -c .\Generated_Source\PSoC5\UART_1_IntClock.c -o .\ARM_GCC_493\Debug\UART_1_IntClock.o
arm-none-eabi-gcc.exe -mcpu=cortex-m3 -mthumb -Wno-main -I.\chain_flow -I.\chain_flow\chain_flow_assembler -I.\utilities -I.\a_to_d_functions -I.\rtu_modbus -I.\usb_serial -I.\cap_sense -I.\rtc_functions -I.\i2c_master -I.\event_fifo -I.\Die_Temp -I.\moisture_measurement -I. -IGenerated_Source\PSoC5 -Wa,-alh=.\ARM_GCC_493\Debug/ADC_SAR_Seq_1.lst -g -Wall -ffunction-sections -O0 -ffat-lto-objects -c .\Generated_Source\PSoC5\ADC_SAR_Seq_1.c -o .\ARM_GCC_493\Debug\ADC_SAR_Seq_1.o
arm-none-eabi-gcc.exe -mcpu=cortex-m3 -mthumb -Wno-main -I.\chain_flow -I.\chain_flow\chain_flow_assembler -I.\utilities -I.\a_to_d_functions -I.\rtu_modbus -I.\usb_serial -I.\cap_sense -I.\rtc_functions -I.\i2c_master -I.\event_fifo -I.\Die_Temp -I.\moisture_measurement -I. -IGenerated_Source\PSoC5 -Wa,-alh=.\ARM_GCC_493\Debug/ADC_SAR_Seq_1_PM.lst -g -Wall -ffunction-sections -O0 -ffat-lto-objects -c .\Generated_Source\PSoC5\ADC_SAR_Seq_1_PM.c -o .\ARM_GCC_493\Debug\ADC_SAR_Seq_1_PM.o
arm-none-eabi-gcc.exe -mcpu=cortex-m3 -mthumb -Wno-main -I.\chain_flow -I.\chain_flow\chain_flow_assembler -I.\utilities -I.\a_to_d_functions -I.\rtu_modbus -I.\usb_serial -I.\cap_sense -I.\rtc_functions -I.\i2c_master -I.\event_fifo -I.\Die_Temp -I.\moisture_measurement -I. -IGenerated_Source\PSoC5 -Wa,-alh=.\ARM_GCC_493\Debug/ADC_SAR_Seq_1_INT.lst -g -Wall -ffunction-sections -O0 -ffat-lto-objects -c .\Generated_Source\PSoC5\ADC_SAR_Seq_1_INT.c -o .\ARM_GCC_493\Debug\ADC_SAR_Seq_1_INT.o
arm-none-eabi-gcc.exe -mcpu=cortex-m3 -mthumb -Wno-main -I.\chain_flow -I.\chain_flow\chain_flow_assembler -I.\utilities -I.\a_to_d_functions -I.\rtu_modbus -I.\usb_serial -I.\cap_sense -I.\rtc_functions -I.\i2c_master -I.\event_fifo -I.\Die_Temp -I.\moisture_measurement -I. -IGenerated_Source\PSoC5 -Wa,-alh=.\ARM_GCC_493\Debug/ADC_SAR_Seq_1_SAR.lst -g -Wall -ffunction-sections -O0 -ffat-lto-objects -c .\Generated_Source\PSoC5\ADC_SAR_Seq_1_SAR.c -o .\ARM_GCC_493\Debug\ADC_SAR_Seq_1_SAR.o
arm-none-eabi-gcc.exe -mcpu=cortex-m3 -mthumb -Wno-main -I.\chain_flow -I.\chain_flow\chain_flow_assembler -I.\utilities -I.\a_to_d_functions -I.\rtu_modbus -I.\usb_serial -I.\cap_sense -I.\rtc_functions -I.\i2c_master -I.\event_fifo -I.\Die_Temp -I.\moisture_measurement -I. -IGenerated_Source\PSoC5 -Wa,-alh=.\ARM_GCC_493\Debug/ADC_SAR_Seq_1_SAR_INT.lst -g -Wall -ffunction-sections -O0 -ffat-lto-objects -c .\Generated_Source\PSoC5\ADC_SAR_Seq_1_SAR_INT.c -o .\ARM_GCC_493\Debug\ADC_SAR_Seq_1_SAR_INT.o
arm-none-eabi-gcc.exe -mcpu=cortex-m3 -mthumb -Wno-main -I.\chain_flow -I.\chain_flow\chain_flow_assembler -I.\utilities -I.\a_to_d_functions -I.\rtu_modbus -I.\usb_serial -I.\cap_sense -I.\rtc_functions -I.\i2c_master -I.\event_fifo -I.\Die_Temp -I.\moisture_measurement -I. -IGenerated_Source\PSoC5 -Wa,-alh=.\ARM_GCC_493\Debug/ADC_SAR_Seq_1_SAR_PM.lst -g -Wall -ffunction-sections -O0 -ffat-lto-objects -c .\Generated_Source\PSoC5\ADC_SAR_Seq_1_SAR_PM.c -o .\ARM_GCC_493\Debug\ADC_SAR_Seq_1_SAR_PM.o
arm-none-eabi-gcc.exe -mcpu=cortex-m3 -mthumb -Wno-main -I.\chain_flow -I.\chain_flow\chain_flow_assembler -I.\utilities -I.\a_to_d_functions -I.\rtu_modbus -I.\usb_serial -I.\cap_sense -I.\rtc_functions -I.\i2c_master -I.\event_fifo -I.\Die_Temp -I.\moisture_measurement -I. -IGenerated_Source\PSoC5 -Wa,-alh=.\ARM_GCC_493\Debug/ADC_SAR_Seq_1_IntClock.lst -g -Wall -ffunction-sections -O0 -ffat-lto-objects -c .\Generated_Source\PSoC5\ADC_SAR_Seq_1_IntClock.c -o .\ARM_GCC_493\Debug\ADC_SAR_Seq_1_IntClock.o
arm-none-eabi-gcc.exe -mcpu=cortex-m3 -mthumb -Wno-main -I.\chain_flow -I.\chain_flow\chain_flow_assembler -I.\utilities -I.\a_to_d_functions -I.\rtu_modbus -I.\usb_serial -I.\cap_sense -I.\rtc_functions -I.\i2c_master -I.\event_fifo -I.\Die_Temp -I.\moisture_measurement -I. -IGenerated_Source\PSoC5 -Wa,-alh=.\ARM_GCC_493\Debug/ADC_SAR_Seq_1_TempBuf_dma.lst -g -Wall -ffunction-sections -O0 -ffat-lto-objects -c .\Generated_Source\PSoC5\ADC_SAR_Seq_1_TempBuf_dma.c -o .\ARM_GCC_493\Debug\ADC_SAR_Seq_1_TempBuf_dma.o
arm-none-eabi-gcc.exe -mcpu=cortex-m3 -mthumb -Wno-main -I.\chain_flow -I.\chain_flow\chain_flow_assembler -I.\utilities -I.\a_to_d_functions -I.\rtu_modbus -I.\usb_serial -I.\cap_sense -I.\rtc_functions -I.\i2c_master -I.\event_fifo -I.\Die_Temp -I.\moisture_measurement -I. -IGenerated_Source\PSoC5 -Wa,-alh=.\ARM_GCC_493\Debug/ADC_SAR_Seq_1_FinalBuf_dma.lst -g -Wall -ffunction-sections -O0 -ffat-lto-objects -c .\Generated_Source\PSoC5\ADC_SAR_Seq_1_FinalBuf_dma.c -o .\ARM_GCC_493\Debug\ADC_SAR_Seq_1_FinalBuf_dma.o
arm-none-eabi-gcc.exe -mcpu=cortex-m3 -mthumb -Wno-main -I.\chain_flow -I.\chain_flow\chain_flow_assembler -I.\utilities -I.\a_to_d_functions -I.\rtu_modbus -I.\usb_serial -I.\cap_sense -I.\rtc_functions -I.\i2c_master -I.\event_fifo -I.\Die_Temp -I.\moisture_measurement -I. -IGenerated_Source\PSoC5 -Wa,-alh=.\ARM_GCC_493\Debug/ADC_SAR_Seq_1_IRQ.lst -g -Wall -ffunction-sections -O0 -ffat-lto-objects -c .\Generated_Source\PSoC5\ADC_SAR_Seq_1_IRQ.c -o .\ARM_GCC_493\Debug\ADC_SAR_Seq_1_IRQ.o
arm-none-eabi-gcc.exe -mcpu=cortex-m3 -mthumb -Wno-main -I.\chain_flow -I.\chain_flow\chain_flow_assembler -I.\utilities -I.\a_to_d_functions -I.\rtu_modbus -I.\usb_serial -I.\cap_sense -I.\rtc_functions -I.\i2c_master -I.\event_fifo -I.\Die_Temp -I.\moisture_measurement -I. -IGenerated_Source\PSoC5 -Wa,-alh=.\ARM_GCC_493\Debug/SIGMA_A_D.lst -g -Wall -ffunction-sections -O0 -ffat-lto-objects -c .\Generated_Source\PSoC5\SIGMA_A_D.c -o .\ARM_GCC_493\Debug\SIGMA_A_D.o
arm-none-eabi-gcc.exe -mcpu=cortex-m3 -mthumb -Wno-main -I.\chain_flow -I.\chain_flow\chain_flow_assembler -I.\utilities -I.\a_to_d_functions -I.\rtu_modbus -I.\usb_serial -I.\cap_sense -I.\rtc_functions -I.\i2c_master -I.\event_fifo -I.\Die_Temp -I.\moisture_measurement -I. -IGenerated_Source\PSoC5 -Wa,-alh=.\ARM_GCC_493\Debug/SIGMA_A_D_PM.lst -g -Wall -ffunction-sections -O0 -ffat-lto-objects -c .\Generated_Source\PSoC5\SIGMA_A_D_PM.c -o .\ARM_GCC_493\Debug\SIGMA_A_D_PM.o
arm-none-eabi-gcc.exe -mcpu=cortex-m3 -mthumb -Wno-main -I.\chain_flow -I.\chain_flow\chain_flow_assembler -I.\utilities -I.\a_to_d_functions -I.\rtu_modbus -I.\usb_serial -I.\cap_sense -I.\rtc_functions -I.\i2c_master -I.\event_fifo -I.\Die_Temp -I.\moisture_measurement -I. -IGenerated_Source\PSoC5 -Wa,-alh=.\ARM_GCC_493\Debug/SIGMA_A_D_INT.lst -g -Wall -ffunction-sections -O0 -ffat-lto-objects -c .\Generated_Source\PSoC5\SIGMA_A_D_INT.c -o .\ARM_GCC_493\Debug\SIGMA_A_D_INT.o
arm-none-eabi-gcc.exe -mcpu=cortex-m3 -mthumb -Wno-main -I.\chain_flow -I.\chain_flow\chain_flow_assembler -I.\utilities -I.\a_to_d_functions -I.\rtu_modbus -I.\usb_serial -I.\cap_sense -I.\rtc_functions -I.\i2c_master -I.\event_fifo -I.\Die_Temp -I.\moisture_measurement -I. -IGenerated_Source\PSoC5 -Wa,-alh=.\ARM_GCC_493\Debug/SIGMA_A_D_Ext_CP_Clk.lst -g -Wall -ffunction-sections -O0 -ffat-lto-objects -c .\Generated_Source\PSoC5\SIGMA_A_D_Ext_CP_Clk.c -o .\ARM_GCC_493\Debug\SIGMA_A_D_Ext_CP_Clk.o
arm-none-eabi-gcc.exe -mcpu=cortex-m3 -mthumb -Wno-main -I.\chain_flow -I.\chain_flow\chain_flow_assembler -I.\utilities -I.\a_to_d_functions -I.\rtu_modbus -I.\usb_serial -I.\cap_sense -I.\rtc_functions -I.\i2c_master -I.\event_fifo -I.\Die_Temp -I.\moisture_measurement -I. -IGenerated_Source\PSoC5 -Wa,-alh=.\ARM_GCC_493\Debug/SIGMA_A_D_IRQ.lst -g -Wall -ffunction-sections -O0 -ffat-lto-objects -c .\Generated_Source\PSoC5\SIGMA_A_D_IRQ.c -o .\ARM_GCC_493\Debug\SIGMA_A_D_IRQ.o
arm-none-eabi-gcc.exe -mcpu=cortex-m3 -mthumb -Wno-main -I.\chain_flow -I.\chain_flow\chain_flow_assembler -I.\utilities -I.\a_to_d_functions -I.\rtu_modbus -I.\usb_serial -I.\cap_sense -I.\rtc_functions -I.\i2c_master -I.\event_fifo -I.\Die_Temp -I.\moisture_measurement -I. -IGenerated_Source\PSoC5 -Wa,-alh=.\ARM_GCC_493\Debug/SIGMA_A_D_theACLK.lst -g -Wall -ffunction-sections -O0 -ffat-lto-objects -c .\Generated_Source\PSoC5\SIGMA_A_D_theACLK.c -o .\ARM_GCC_493\Debug\SIGMA_A_D_theACLK.o
arm-none-eabi-gcc.exe -mcpu=cortex-m3 -mthumb -Wno-main -I.\chain_flow -I.\chain_flow\chain_flow_assembler -I.\utilities -I.\a_to_d_functions -I.\rtu_modbus -I.\usb_serial -I.\cap_sense -I.\rtc_functions -I.\i2c_master -I.\event_fifo -I.\Die_Temp -I.\moisture_measurement -I. -IGenerated_Source\PSoC5 -Wa,-alh=.\ARM_GCC_493\Debug/switch_pin.lst -g -Wall -ffunction-sections -O0 -ffat-lto-objects -c .\Generated_Source\PSoC5\switch_pin.c -o .\ARM_GCC_493\Debug\switch_pin.o
arm-none-eabi-gcc.exe -mcpu=cortex-m3 -mthumb -Wno-main -I.\chain_flow -I.\chain_flow\chain_flow_assembler -I.\utilities -I.\a_to_d_functions -I.\rtu_modbus -I.\usb_serial -I.\cap_sense -I.\rtc_functions -I.\i2c_master -I.\event_fifo -I.\Die_Temp -I.\moisture_measurement -I. -IGenerated_Source\PSoC5 -Wa,-alh=.\ARM_GCC_493\Debug/UART_TX_INTERRUPT.lst -g -Wall -ffunction-sections -O0 -ffat-lto-objects -c .\Generated_Source\PSoC5\UART_TX_INTERRUPT.c -o .\ARM_GCC_493\Debug\UART_TX_INTERRUPT.o
arm-none-eabi-gcc.exe -mcpu=cortex-m3 -mthumb -Wno-main -I.\chain_flow -I.\chain_flow\chain_flow_assembler -I.\utilities -I.\a_to_d_functions -I.\rtu_modbus -I.\usb_serial -I.\cap_sense -I.\rtc_functions -I.\i2c_master -I.\event_fifo -I.\Die_Temp -I.\moisture_measurement -I. -IGenerated_Source\PSoC5 -Wa,-alh=.\ARM_GCC_493\Debug/UART_RX_INTERRUPT.lst -g -Wall -ffunction-sections -O0 -ffat-lto-objects -c .\Generated_Source\PSoC5\UART_RX_INTERRUPT.c -o .\ARM_GCC_493\Debug\UART_RX_INTERRUPT.o
arm-none-eabi-gcc.exe -mcpu=cortex-m3 -mthumb -Wno-main -I.\chain_flow -I.\chain_flow\chain_flow_assembler -I.\utilities -I.\a_to_d_functions -I.\rtu_modbus -I.\usb_serial -I.\cap_sense -I.\rtc_functions -I.\i2c_master -I.\event_fifo -I.\Die_Temp -I.\moisture_measurement -I. -IGenerated_Source\PSoC5 -Wa,-alh=.\ARM_GCC_493\Debug/modbus_symbol_clock.lst -g -Wall -ffunction-sections -O0 -ffat-lto-objects -c .\Generated_Source\PSoC5\modbus_symbol_clock.c -o .\ARM_GCC_493\Debug\modbus_symbol_clock.o
arm-none-eabi-gcc.exe -mcpu=cortex-m3 -mthumb -Wno-main -I.\chain_flow -I.\chain_flow\chain_flow_assembler -I.\utilities -I.\a_to_d_functions -I.\rtu_modbus -I.\usb_serial -I.\cap_sense -I.\rtc_functions -I.\i2c_master -I.\event_fifo -I.\Die_Temp -I.\moisture_measurement -I. -IGenerated_Source\PSoC5 -Wa,-alh=.\ARM_GCC_493\Debug/modbus_symbol_timer.lst -g -Wall -ffunction-sections -O0 -ffat-lto-objects -c .\Generated_Source\PSoC5\modbus_symbol_timer.c -o .\ARM_GCC_493\Debug\modbus_symbol_timer.o
arm-none-eabi-gcc.exe -mcpu=cortex-m3 -mthumb -Wno-main -I.\chain_flow -I.\chain_flow\chain_flow_assembler -I.\utilities -I.\a_to_d_functions -I.\rtu_modbus -I.\usb_serial -I.\cap_sense -I.\rtc_functions -I.\i2c_master -I.\event_fifo -I.\Die_Temp -I.\moisture_measurement -I. -IGenerated_Source\PSoC5 -Wa,-alh=.\ARM_GCC_493\Debug/Status_Reg_1.lst -g -Wall -ffunction-sections -O0 -ffat-lto-objects -c .\Generated_Source\PSoC5\Status_Reg_1.c -o .\ARM_GCC_493\Debug\Status_Reg_1.o
arm-none-eabi-gcc.exe -mcpu=cortex-m3 -mthumb -Wno-main -I.\chain_flow -I.\chain_flow\chain_flow_assembler -I.\utilities -I.\a_to_d_functions -I.\rtu_modbus -I.\usb_serial -I.\cap_sense -I.\rtc_functions -I.\i2c_master -I.\event_fifo -I.\Die_Temp -I.\moisture_measurement -I. -IGenerated_Source\PSoC5 -Wa,-alh=.\ARM_GCC_493\Debug/Em_EEPROM_1.lst -g -Wall -ffunction-sections -O0 -ffat-lto-objects -c .\Generated_Source\PSoC5\Em_EEPROM_1.c -o .\ARM_GCC_493\Debug\Em_EEPROM_1.o
arm-none-eabi-gcc.exe -mcpu=cortex-m3 -mthumb -Wno-main -I.\chain_flow -I.\chain_flow\chain_flow_assembler -I.\utilities -I.\a_to_d_functions -I.\rtu_modbus -I.\usb_serial -I.\cap_sense -I.\rtc_functions -I.\i2c_master -I.\event_fifo -I.\Die_Temp -I.\moisture_measurement -I. -IGenerated_Source\PSoC5 -Wa,-alh=.\ARM_GCC_493\Debug/Temp_Sensor.lst -g -Wall -ffunction-sections -O0 -ffat-lto-objects -c .\Generated_Source\PSoC5\Temp_Sensor.c -o .\ARM_GCC_493\Debug\Temp_Sensor.o
arm-none-eabi-gcc.exe -mcpu=cortex-m3 -mthumb -Wno-main -I.\chain_flow -I.\chain_flow\chain_flow_assembler -I.\utilities -I.\a_to_d_functions -I.\rtu_modbus -I.\usb_serial -I.\cap_sense -I.\rtc_functions -I.\i2c_master -I.\event_fifo -I.\Die_Temp -I.\moisture_measurement -I. -IGenerated_Source\PSoC5 -Wa,-alh=.\ARM_GCC_493\Debug/Log_Pin.lst -g -Wall -ffunction-sections -O0 -ffat-lto-objects -c .\Generated_Source\PSoC5\Log_Pin.c -o .\ARM_GCC_493\Debug\Log_Pin.o
arm-none-eabi-gcc.exe -mcpu=cortex-m3 -mthumb -Wno-main -I.\chain_flow -I.\chain_flow\chain_flow_assembler -I.\utilities -I.\a_to_d_functions -I.\rtu_modbus -I.\usb_serial -I.\cap_sense -I.\rtc_functions -I.\i2c_master -I.\event_fifo -I.\Die_Temp -I.\moisture_measurement -I. -IGenerated_Source\PSoC5 -Wa,-alh=.\ARM_GCC_493\Debug/SIGMA_A_D_AMux.lst -g -Wall -ffunction-sections -O0 -ffat-lto-objects -c .\Generated_Source\PSoC5\SIGMA_A_D_AMux.c -o .\ARM_GCC_493\Debug\SIGMA_A_D_AMux.o
arm-none-eabi-gcc.exe -mcpu=cortex-m3 -mthumb -Wno-main -I.\chain_flow -I.\chain_flow\chain_flow_assembler -I.\utilities -I.\a_to_d_functions -I.\rtu_modbus -I.\usb_serial -I.\cap_sense -I.\rtc_functions -I.\i2c_master -I.\event_fifo -I.\Die_Temp -I.\moisture_measurement -I. -IGenerated_Source\PSoC5 -Wa,-alh=.\ARM_GCC_493\Debug/Active_Pin.lst -g -Wall -ffunction-sections -O0 -ffat-lto-objects -c .\Generated_Source\PSoC5\Active_Pin.c -o .\ARM_GCC_493\Debug\Active_Pin.o
arm-none-eabi-gcc.exe -mcpu=cortex-m3 -mthumb -Wno-main -I.\chain_flow -I.\chain_flow\chain_flow_assembler -I.\utilities -I.\a_to_d_functions -I.\rtu_modbus -I.\usb_serial -I.\cap_sense -I.\rtc_functions -I.\i2c_master -I.\event_fifo -I.\Die_Temp -I.\moisture_measurement -I. -IGenerated_Source\PSoC5 -Wa,-alh=.\ARM_GCC_493\Debug/ad_interrupt_1.lst -g -Wall -ffunction-sections -O0 -ffat-lto-objects -c .\Generated_Source\PSoC5\ad_interrupt_1.c -o .\ARM_GCC_493\Debug\ad_interrupt_1.o
arm-none-eabi-gcc.exe -mcpu=cortex-m3 -mthumb -Wno-main -I.\chain_flow -I.\chain_flow\chain_flow_assembler -I.\utilities -I.\a_to_d_functions -I.\rtu_modbus -I.\usb_serial -I.\cap_sense -I.\rtc_functions -I.\i2c_master -I.\event_fifo -I.\Die_Temp -I.\moisture_measurement -I. -IGenerated_Source\PSoC5 -Wa,-alh=.\ARM_GCC_493\Debug/moisture_interval_clock.lst -g -Wall -ffunction-sections -O0 -ffat-lto-objects -c .\Generated_Source\PSoC5\moisture_interval_clock.c -o .\ARM_GCC_493\Debug\moisture_interval_clock.o
arm-none-eabi-gcc.exe -mcpu=cortex-m3 -mthumb -Wno-main -I.\chain_flow -I.\chain_flow\chain_flow_assembler -I.\utilities -I.\a_to_d_functions -I.\rtu_modbus -I.\usb_serial -I.\cap_sense -I.\rtc_functions -I.\i2c_master -I.\event_fifo -I.\Die_Temp -I.\moisture_measurement -I. -IGenerated_Source\PSoC5 -Wa,-alh=.\ARM_GCC_493\Debug/moisture_interval_interrupt.lst -g -Wall -ffunction-sections -O0 -ffat-lto-objects -c .\Generated_Source\PSoC5\moisture_interval_interrupt.c -o .\ARM_GCC_493\Debug\moisture_interval_interrupt.o
arm-none-eabi-gcc.exe -mcpu=cortex-m3 -mthumb -Wno-main -I.\chain_flow -I.\chain_flow\chain_flow_assembler -I.\utilities -I.\a_to_d_functions -I.\rtu_modbus -I.\usb_serial -I.\cap_sense -I.\rtc_functions -I.\i2c_master -I.\event_fifo -I.\Die_Temp -I.\moisture_measurement -I. -IGenerated_Source\PSoC5 -Wa,-alh=.\ARM_GCC_493\Debug/SWITCH_CLOCK.lst -g -Wall -ffunction-sections -O0 -ffat-lto-objects -c .\Generated_Source\PSoC5\SWITCH_CLOCK.c -o .\ARM_GCC_493\Debug\SWITCH_CLOCK.o
arm-none-eabi-gcc.exe -mcpu=cortex-m3 -mthumb -Wno-main -I.\chain_flow -I.\chain_flow\chain_flow_assembler -I.\utilities -I.\a_to_d_functions -I.\rtu_modbus -I.\usb_serial -I.\cap_sense -I.\rtc_functions -I.\i2c_master -I.\event_fifo -I.\Die_Temp -I.\moisture_measurement -I. -IGenerated_Source\PSoC5 -Wa,-alh=.\ARM_GCC_493\Debug/AD_CLOCK.lst -g -Wall -ffunction-sections -O0 -ffat-lto-objects -c .\Generated_Source\PSoC5\AD_CLOCK.c -o .\ARM_GCC_493\Debug\AD_CLOCK.o
arm-none-eabi-gcc.exe -mcpu=cortex-m3 -mthumb -Wno-main -I.\chain_flow -I.\chain_flow\chain_flow_assembler -I.\utilities -I.\a_to_d_functions -I.\rtu_modbus -I.\usb_serial -I.\cap_sense -I.\rtc_functions -I.\i2c_master -I.\event_fifo -I.\Die_Temp -I.\moisture_measurement -I. -IGenerated_Source\PSoC5 -Wa,-alh=.\ARM_GCC_493\Debug/Sink_Source_Setup.lst -g -Wall -ffunction-sections -O0 -ffat-lto-objects -c .\Generated_Source\PSoC5\Sink_Source_Setup.c -o .\ARM_GCC_493\Debug\Sink_Source_Setup.o
arm-none-eabi-gcc.exe -mcpu=cortex-m3 -mthumb -Wno-main -I.\chain_flow -I.\chain_flow\chain_flow_assembler -I.\utilities -I.\a_to_d_functions -I.\rtu_modbus -I.\usb_serial -I.\cap_sense -I.\rtc_functions -I.\i2c_master -I.\event_fifo -I.\Die_Temp -I.\moisture_measurement -I. -IGenerated_Source\PSoC5 -Wa,-alh=.\ARM_GCC_493\Debug/Sink_Pin.lst -g -Wall -ffunction-sections -O0 -ffat-lto-objects -c .\Generated_Source\PSoC5\Sink_Pin.c -o .\ARM_GCC_493\Debug\Sink_Pin.o
arm-none-eabi-gcc.exe -mcpu=cortex-m3 -mthumb -Wno-main -I.\chain_flow -I.\chain_flow\chain_flow_assembler -I.\utilities -I.\a_to_d_functions -I.\rtu_modbus -I.\usb_serial -I.\cap_sense -I.\rtc_functions -I.\i2c_master -I.\event_fifo -I.\Die_Temp -I.\moisture_measurement -I. -IGenerated_Source\PSoC5 -Wa,-alh=.\ARM_GCC_493\Debug/Sink_Reg.lst -g -Wall -ffunction-sections -O0 -ffat-lto-objects -c .\Generated_Source\PSoC5\Sink_Reg.c -o .\ARM_GCC_493\Debug\Sink_Reg.o
arm-none-eabi-gcc.exe -mcpu=cortex-m3 -mthumb -Wno-main -I.\chain_flow -I.\chain_flow\chain_flow_assembler -I.\utilities -I.\a_to_d_functions -I.\rtu_modbus -I.\usb_serial -I.\cap_sense -I.\rtc_functions -I.\i2c_master -I.\event_fifo -I.\Die_Temp -I.\moisture_measurement -I. -IGenerated_Source\PSoC5 -Wa,-alh=.\ARM_GCC_493\Debug/Sink_Reg_PM.lst -g -Wall -ffunction-sections -O0 -ffat-lto-objects -c .\Generated_Source\PSoC5\Sink_Reg_PM.c -o .\ARM_GCC_493\Debug\Sink_Reg_PM.o
arm-none-eabi-gcc.exe -mcpu=cortex-m3 -mthumb -Wno-main -I.\chain_flow -I.\chain_flow\chain_flow_assembler -I.\utilities -I.\a_to_d_functions -I.\rtu_modbus -I.\usb_serial -I.\cap_sense -I.\rtc_functions -I.\i2c_master -I.\event_fifo -I.\Die_Temp -I.\moisture_measurement -I. -IGenerated_Source\PSoC5 -Wa,-alh=.\ARM_GCC_493\Debug/Source_Pin.lst -g -Wall -ffunction-sections -O0 -ffat-lto-objects -c .\Generated_Source\PSoC5\Source_Pin.c -o .\ARM_GCC_493\Debug\Source_Pin.o
arm-none-eabi-gcc.exe -mcpu=cortex-m3 -mthumb -Wno-main -I.\chain_flow -I.\chain_flow\chain_flow_assembler -I.\utilities -I.\a_to_d_functions -I.\rtu_modbus -I.\usb_serial -I.\cap_sense -I.\rtc_functions -I.\i2c_master -I.\event_fifo -I.\Die_Temp -I.\moisture_measurement -I. -IGenerated_Source\PSoC5 -Wa,-alh=.\ARM_GCC_493\Debug/Source_Reg.lst -g -Wall -ffunction-sections -O0 -ffat-lto-objects -c .\Generated_Source\PSoC5\Source_Reg.c -o .\ARM_GCC_493\Debug\Source_Reg.o
arm-none-eabi-gcc.exe -mcpu=cortex-m3 -mthumb -Wno-main -I.\chain_flow -I.\chain_flow\chain_flow_assembler -I.\utilities -I.\a_to_d_functions -I.\rtu_modbus -I.\usb_serial -I.\cap_sense -I.\rtc_functions -I.\i2c_master -I.\event_fifo -I.\Die_Temp -I.\moisture_measurement -I. -IGenerated_Source\PSoC5 -Wa,-alh=.\ARM_GCC_493\Debug/Source_Reg_PM.lst -g -Wall -ffunction-sections -O0 -ffat-lto-objects -c .\Generated_Source\PSoC5\Source_Reg_PM.c -o .\ARM_GCC_493\Debug\Source_Reg_PM.o
arm-none-eabi-gcc.exe -mcpu=cortex-m3 -mthumb -Wno-main -I.\chain_flow -I.\chain_flow\chain_flow_assembler -I.\utilities -I.\a_to_d_functions -I.\rtu_modbus -I.\usb_serial -I.\cap_sense -I.\rtc_functions -I.\i2c_master -I.\event_fifo -I.\Die_Temp -I.\moisture_measurement -I. -IGenerated_Source\PSoC5 -Wa,-alh=.\ARM_GCC_493\Debug/Analog_Drive_High.lst -g -Wall -ffunction-sections -O0 -ffat-lto-objects -c .\Generated_Source\PSoC5\Analog_Drive_High.c -o .\ARM_GCC_493\Debug\Analog_Drive_High.o
arm-none-eabi-gcc.exe -mcpu=cortex-m3 -mthumb -Wno-main -I.\chain_flow -I.\chain_flow\chain_flow_assembler -I.\utilities -I.\a_to_d_functions -I.\rtu_modbus -I.\usb_serial -I.\cap_sense -I.\rtc_functions -I.\i2c_master -I.\event_fifo -I.\Die_Temp -I.\moisture_measurement -I. -IGenerated_Source\PSoC5 -Wa,-alh=.\ARM_GCC_493\Debug/Analog_Drive_Low.lst -g -Wall -ffunction-sections -O0 -ffat-lto-objects -c .\Generated_Source\PSoC5\Analog_Drive_Low.c -o .\ARM_GCC_493\Debug\Analog_Drive_Low.o
arm-none-eabi-ar.exe -rs .\ARM_GCC_493\Debug\USB_UART01.a .\ARM_GCC_493\Debug\cyfitter_cfg.o .\ARM_GCC_493\Debug\CyBootAsmGnu.o .\ARM_GCC_493\Debug\CyDmac.o .\ARM_GCC_493\Debug\CyFlash.o .\ARM_GCC_493\Debug\CyLib.o .\ARM_GCC_493\Debug\cyPm.o .\ARM_GCC_493\Debug\CySpc.o .\ARM_GCC_493\Debug\cyutils.o .\ARM_GCC_493\Debug\isr_1.o .\ARM_GCC_493\Debug\SleepTimer_1.o .\ARM_GCC_493\Debug\EEPROM_1.o .\ARM_GCC_493\Debug\heart_beat_pin.o .\ARM_GCC_493\Debug\RTC_1.o .\ARM_GCC_493\Debug\RTC_1_INT.o .\ARM_GCC_493\Debug\RS_485_OUTPUT.o .\ARM_GCC_493\Debug\RS_485_TX_ENBABLE.o .\ARM_GCC_493\Debug\UART_1.o .\ARM_GCC_493\Debug\UART_1_PM.o .\ARM_GCC_493\Debug\UART_1_INT.o .\ARM_GCC_493\Debug\UART_1_BOOT.o .\ARM_GCC_493\Debug\RS_485_Input.o .\ARM_GCC_493\Debug\DieTemp_1.o .\ARM_GCC_493\Debug\UART_1_IntClock.o .\ARM_GCC_493\Debug\ADC_SAR_Seq_1.o .\ARM_GCC_493\Debug\ADC_SAR_Seq_1_PM.o .\ARM_GCC_493\Debug\ADC_SAR_Seq_1_INT.o .\ARM_GCC_493\Debug\ADC_SAR_Seq_1_SAR.o .\ARM_GCC_493\Debug\ADC_SAR_Seq_1_SAR_INT.o .\ARM_GCC_493\Debug\ADC_SAR_Seq_1_SAR_PM.o .\ARM_GCC_493\Debug\ADC_SAR_Seq_1_IntClock.o .\ARM_GCC_493\Debug\ADC_SAR_Seq_1_TempBuf_dma.o .\ARM_GCC_493\Debug\ADC_SAR_Seq_1_FinalBuf_dma.o .\ARM_GCC_493\Debug\ADC_SAR_Seq_1_IRQ.o .\ARM_GCC_493\Debug\SIGMA_A_D.o .\ARM_GCC_493\Debug\SIGMA_A_D_PM.o .\ARM_GCC_493\Debug\SIGMA_A_D_INT.o .\ARM_GCC_493\Debug\SIGMA_A_D_Ext_CP_Clk.o .\ARM_GCC_493\Debug\SIGMA_A_D_IRQ.o .\ARM_GCC_493\Debug\SIGMA_A_D_theACLK.o .\ARM_GCC_493\Debug\switch_pin.o .\ARM_GCC_493\Debug\UART_TX_INTERRUPT.o .\ARM_GCC_493\Debug\UART_RX_INTERRUPT.o .\ARM_GCC_493\Debug\modbus_symbol_clock.o .\ARM_GCC_493\Debug\modbus_symbol_timer.o .\ARM_GCC_493\Debug\Status_Reg_1.o .\ARM_GCC_493\Debug\Em_EEPROM_1.o .\ARM_GCC_493\Debug\Temp_Sensor.o .\ARM_GCC_493\Debug\Log_Pin.o .\ARM_GCC_493\Debug\SIGMA_A_D_AMux.o .\ARM_GCC_493\Debug\Active_Pin.o .\ARM_GCC_493\Debug\ad_interrupt_1.o .\ARM_GCC_493\Debug\moisture_interval_clock.o .\ARM_GCC_493\Debug\moisture_interval_interrupt.o .\ARM_GCC_493\Debug\SWITCH_CLOCK.o .\ARM_GCC_493\Debug\AD_CLOCK.o .\ARM_GCC_493\Debug\Sink_Source_Setup.o .\ARM_GCC_493\Debug\Sink_Pin.o .\ARM_GCC_493\Debug\Sink_Reg.o .\ARM_GCC_493\Debug\Sink_Reg_PM.o .\ARM_GCC_493\Debug\Source_Pin.o .\ARM_GCC_493\Debug\Source_Reg.o .\ARM_GCC_493\Debug\Source_Reg_PM.o .\ARM_GCC_493\Debug\Analog_Drive_High.o .\ARM_GCC_493\Debug\Analog_Drive_Low.o
arm-none-eabi-ar.exe: creating .\ARM_GCC_493\Debug\USB_UART01.a
arm-none-eabi-gcc.exe -Wl,--start-group -o .\ARM_GCC_493\Debug\USB_UART01.elf .\ARM_GCC_493\Debug\cf_events.o .\ARM_GCC_493\Debug\cf_runtime_functions.o .\ARM_GCC_493\Debug\cf_external_functions.o .\ARM_GCC_493\Debug\chain_flow_support.o .\ARM_GCC_493\Debug\cf_status_bit.o .\ARM_GCC_493\Debug\moving_average.o .\ARM_GCC_493\Debug\digitial_io.o .\ARM_GCC_493\Debug\a_to_d_functions.o .\ARM_GCC_493\Debug\modbus_serial_ctrl.o .\ARM_GCC_493\Debug\process_modbus_message.o .\ARM_GCC_493\Debug\process_type_3_message.o .\ARM_GCC_493\Debug\process_type_16_message.o .\ARM_GCC_493\Debug\process_type_24_message.o .\ARM_GCC_493\Debug\process_crc.o .\ARM_GCC_493\Debug\modbus_interface_functions.o .\ARM_GCC_493\Debug\rtc_functions.o .\ARM_GCC_493\Debug\event_fifo.o .\ARM_GCC_493\Debug\die_temp.o .\ARM_GCC_493\Debug\moisture_measurements.o .\ARM_GCC_493\Debug\cb_logging.o .\ARM_GCC_493\Debug\main.o .\ARM_GCC_493\Debug\cymetadata.o .\ARM_GCC_493\Debug\Cm3Start.o .\ARM_GCC_493\Debug\USB_UART01.a "C:\Program Files (x86)\Cypress\PSoC Creator\3.3\PSoC Creator\psoc\content\cycomponentlibrary\CyComponentLibrary.cylib\CortexM3\ARM_GCC_493\Debug\CyComponentLibrary.a" -mcpu=cortex-m3 -mthumb -g -ffunction-sections -O0 -ffat-lto-objects -L Generated_Source\PSoC5 -Wl,-Map,.\ARM_GCC_493\Debug/USB_UART01.map -T Generated_Source\PSoC5\cm3gcc.ld -specs=nano.specs -Wl,--gc-sections -Wl,--end-group
cyelftool.exe -C C:\Users\glenn\OneDrive\PSOC\moisture_sensor\USB_UART01.cydsn\ARM_GCC_493\Debug\USB_UART01.elf --flash_row_size 256 --flash_size 262144
cyelftool.exe -S C:\Users\glenn\OneDrive\PSOC\moisture_sensor\USB_UART01.cydsn\ARM_GCC_493\Debug\USB_UART01.elf
Flash used: 53248 of 262144 bytes (20.3 %).
SRAM used: 11261 of 65536 bytes (17.2 %). Stack: 4096 bytes. Heap: 128 bytes.
--------------- Rebuild Succeeded: 10/14/2016 11:44:45 ---------------
